   1              		.file	"your_printf.c"
   2              		.option nopic
   3              		.attribute arch, "rv32i2p0_m2p0_a2p0_c2p0"
   4              		.attribute unaligned_access, 0
   5              		.attribute stack_align, 16
   6              		.text
   7              	.Ltext0:
   8              		.cfi_sections	.debug_frame
   9              		.section	.text.__wrap_printf,"ax",@progbits
  10              		.align	1
  11              		.globl	__wrap_printf
  13              	__wrap_printf:
  14              	.LFB0:
  15              		.file 1 "../Firmware/RISCV/env_Eclipse/your_printf.c"
   1:../Firmware/RISCV/env_Eclipse/your_printf.c **** /*
   2:../Firmware/RISCV/env_Eclipse/your_printf.c ****  * Copyright (c) 2019 Nuclei Limited. All rights reserved.
   3:../Firmware/RISCV/env_Eclipse/your_printf.c ****  * Copyright (c) 2025, GigaDevice Semiconductor Inc.
   4:../Firmware/RISCV/env_Eclipse/your_printf.c ****  *
   5:../Firmware/RISCV/env_Eclipse/your_printf.c ****  * SPDX-License-Identifier: Apache-2.0
   6:../Firmware/RISCV/env_Eclipse/your_printf.c ****  *
   7:../Firmware/RISCV/env_Eclipse/your_printf.c ****  * Licensed under the Apache License, Version 2.0 (the License); you may
   8:../Firmware/RISCV/env_Eclipse/your_printf.c ****  * not use this file except in compliance with the License.
   9:../Firmware/RISCV/env_Eclipse/your_printf.c ****  * You may obtain a copy of the License at
  10:../Firmware/RISCV/env_Eclipse/your_printf.c ****  *
  11:../Firmware/RISCV/env_Eclipse/your_printf.c ****  * www.apache.org/licenses/LICENSE-2.0
  12:../Firmware/RISCV/env_Eclipse/your_printf.c ****  *
  13:../Firmware/RISCV/env_Eclipse/your_printf.c ****  * Unless required by applicable law or agreed to in writing, software
  14:../Firmware/RISCV/env_Eclipse/your_printf.c ****  * distributed under the License is distributed on an AS IS BASIS, WITHOUT
  15:../Firmware/RISCV/env_Eclipse/your_printf.c ****  * WARRANTIES OR CONDITIONS OF ANY KIND, either express or implied.
  16:../Firmware/RISCV/env_Eclipse/your_printf.c ****  * See the License for the specific language governing permissions and
  17:../Firmware/RISCV/env_Eclipse/your_printf.c ****  * limitations under the License.
  18:../Firmware/RISCV/env_Eclipse/your_printf.c ****  */
  19:../Firmware/RISCV/env_Eclipse/your_printf.c **** 
  20:../Firmware/RISCV/env_Eclipse/your_printf.c **** /* This file refers the RISC-V standard, some adjustments are made according to GigaDevice chips */
  21:../Firmware/RISCV/env_Eclipse/your_printf.c **** 
  22:../Firmware/RISCV/env_Eclipse/your_printf.c **** int __wrap_printf(const char* fmt, ...)
  23:../Firmware/RISCV/env_Eclipse/your_printf.c **** {
  16              		.loc 1 23 1
  17              		.cfi_startproc
  18 0000 3971     		addi	sp,sp,-64
  19              		.cfi_def_cfa_offset 64
  20 0002 22CE     		sw	s0,28(sp)
  21              		.cfi_offset 8, -36
  22 0004 0010     		addi	s0,sp,32
  23              		.cfi_def_cfa 8, 32
  24 0006 2326A4FE 		sw	a0,-20(s0)
  25 000a 4CC0     		sw	a1,4(s0)
  26 000c 10C4     		sw	a2,8(s0)
  27 000e 54C4     		sw	a3,12(s0)
  28 0010 18C8     		sw	a4,16(s0)
  29 0012 5CC8     		sw	a5,20(s0)
  30 0014 232C0401 		sw	a6,24(s0)
  31 0018 232E1401 		sw	a7,28(s0)
  24:../Firmware/RISCV/env_Eclipse/your_printf.c ****     // You can implement your own printf to reduce the code size, because the printf is really a bi
  25:../Firmware/RISCV/env_Eclipse/your_printf.c ****     return 0;
  32              		.loc 1 25 12
  33 001c 8147     		li	a5,0
  26:../Firmware/RISCV/env_Eclipse/your_printf.c **** }
  34              		.loc 1 26 1
  35 001e 3E85     		mv	a0,a5
  36 0020 7244     		lw	s0,28(sp)
  37              		.cfi_restore 8
  38              		.cfi_def_cfa 2, 64
  39 0022 2161     		addi	sp,sp,64
  40              		.cfi_def_cfa_offset 0
  41 0024 8280     		jr	ra
  42              		.cfi_endproc
  43              	.LFE0:
  45              		.text
  46              	.Letext0:
DEFINED SYMBOLS
                            *ABS*:0000000000000000 your_printf.c
C:\Users\CYMR90~1\AppData\Local\Temp\cc9UD0cg.s:13     .text.__wrap_printf:0000000000000000 __wrap_printf
C:\Users\CYMR90~1\AppData\Local\Temp\cc9UD0cg.s:17     .text.__wrap_printf:0000000000000000 .L0 
C:\Users\CYMR90~1\AppData\Local\Temp\cc9UD0cg.s:18     .text.__wrap_printf:0000000000000000 .L0 
C:\Users\CYMR90~1\AppData\Local\Temp\cc9UD0cg.s:19     .text.__wrap_printf:0000000000000002 .L0 
C:\Users\CYMR90~1\AppData\Local\Temp\cc9UD0cg.s:21     .text.__wrap_printf:0000000000000004 .L0 
C:\Users\CYMR90~1\AppData\Local\Temp\cc9UD0cg.s:23     .text.__wrap_printf:0000000000000006 .L0 
C:\Users\CYMR90~1\AppData\Local\Temp\cc9UD0cg.s:33     .text.__wrap_printf:000000000000001c .L0 
C:\Users\CYMR90~1\AppData\Local\Temp\cc9UD0cg.s:35     .text.__wrap_printf:000000000000001e .L0 
C:\Users\CYMR90~1\AppData\Local\Temp\cc9UD0cg.s:37     .text.__wrap_printf:0000000000000022 .L0 
C:\Users\CYMR90~1\AppData\Local\Temp\cc9UD0cg.s:38     .text.__wrap_printf:0000000000000022 .L0 
C:\Users\CYMR90~1\AppData\Local\Temp\cc9UD0cg.s:40     .text.__wrap_printf:0000000000000024 .L0 
C:\Users\CYMR90~1\AppData\Local\Temp\cc9UD0cg.s:42     .text.__wrap_printf:0000000000000026 .L0 
C:\Users\CYMR90~1\AppData\Local\Temp\cc9UD0cg.s:45     .text.__wrap_printf:0000000000000026 .L0 
                     .debug_frame:0000000000000000 .L0 
C:\Users\CYMR90~1\AppData\Local\Temp\cc9UD0cg.s:99     .debug_abbrev:0000000000000000 .Ldebug_abbrev0
C:\Users\CYMR90~1\AppData\Local\Temp\cc9UD0cg.s:1439   .debug_str:0000000000000f43 .LASF315
C:\Users\CYMR90~1\AppData\Local\Temp\cc9UD0cg.s:1609   .debug_str:0000000000001987 .LASF316
C:\Users\CYMR90~1\AppData\Local\Temp\cc9UD0cg.s:1469   .debug_str:00000000000011c8 .LASF317
C:\Users\CYMR90~1\AppData\Local\Temp\cc9UD0cg.s:224    .debug_ranges:0000000000000000 .Ldebug_ranges0
C:\Users\CYMR90~1\AppData\Local\Temp\cc9UD0cg.s:1189   .debug_line:0000000000000000 .Ldebug_line0
C:\Users\CYMR90~1\AppData\Local\Temp\cc9UD0cg.s:230    .debug_macro:0000000000000000 .Ldebug_macro0
C:\Users\CYMR90~1\AppData\Local\Temp\cc9UD0cg.s:1641   .debug_str:0000000000001b8a .LASF318
C:\Users\CYMR90~1\AppData\Local\Temp\cc9UD0cg.s:14     .text.__wrap_printf:0000000000000000 .LFB0
C:\Users\CYMR90~1\AppData\Local\Temp\cc9UD0cg.s:43     .text.__wrap_printf:0000000000000026 .LFE0
C:\Users\CYMR90~1\AppData\Local\Temp\cc9UD0cg.s:1673   .debug_str:0000000000001d81 .LASF314
C:\Users\CYMR90~1\AppData\Local\Temp\cc9UD0cg.s:48     .debug_info:0000000000000000 .Ldebug_info0
C:\Users\CYMR90~1\AppData\Local\Temp\cc9UD0cg.s:242    .debug_macro:0000000000000000 .Ldebug_macro2
C:\Users\CYMR90~1\AppData\Local\Temp\cc9UD0cg.s:1631   .debug_str:0000000000001aec .LASF0
C:\Users\CYMR90~1\AppData\Local\Temp\cc9UD0cg.s:1215   .debug_str:000000000000019d .LASF1
C:\Users\CYMR90~1\AppData\Local\Temp\cc9UD0cg.s:1701   .debug_str:0000000000001f17 .LASF2
C:\Users\CYMR90~1\AppData\Local\Temp\cc9UD0cg.s:1723   .debug_str:000000000000206b .LASF3
C:\Users\CYMR90~1\AppData\Local\Temp\cc9UD0cg.s:1275   .debug_str:0000000000000547 .LASF4
C:\Users\CYMR90~1\AppData\Local\Temp\cc9UD0cg.s:1431   .debug_str:0000000000000eef .LASF5
C:\Users\CYMR90~1\AppData\Local\Temp\cc9UD0cg.s:1421   .debug_str:0000000000000e49 .LASF6
C:\Users\CYMR90~1\AppData\Local\Temp\cc9UD0cg.s:1493   .debug_str:0000000000001332 .LASF7
C:\Users\CYMR90~1\AppData\Local\Temp\cc9UD0cg.s:1821   .debug_str:0000000000002640 .LASF8
C:\Users\CYMR90~1\AppData\Local\Temp\cc9UD0cg.s:1645   .debug_str:0000000000001bbb .LASF9
C:\Users\CYMR90~1\AppData\Local\Temp\cc9UD0cg.s:1237   .debug_str:00000000000002c3 .LASF10
C:\Users\CYMR90~1\AppData\Local\Temp\cc9UD0cg.s:1559   .debug_str:00000000000016da .LASF11
C:\Users\CYMR90~1\AppData\Local\Temp\cc9UD0cg.s:1407   .debug_str:0000000000000d9d .LASF12
C:\Users\CYMR90~1\AppData\Local\Temp\cc9UD0cg.s:1779   .debug_str:00000000000023dd .LASF13
C:\Users\CYMR90~1\AppData\Local\Temp\cc9UD0cg.s:1719   .debug_str:0000000000002040 .LASF14
C:\Users\CYMR90~1\AppData\Local\Temp\cc9UD0cg.s:1787   .debug_str:0000000000002457 .LASF15
C:\Users\CYMR90~1\AppData\Local\Temp\cc9UD0cg.s:1507   .debug_str:00000000000013da .LASF16
C:\Users\CYMR90~1\AppData\Local\Temp\cc9UD0cg.s:1697   .debug_str:0000000000001ee5 .LASF17
C:\Users\CYMR90~1\AppData\Local\Temp\cc9UD0cg.s:1401   .debug_str:0000000000000d2f .LASF18
C:\Users\CYMR90~1\AppData\Local\Temp\cc9UD0cg.s:1465   .debug_str:000000000000117e .LASF19
C:\Users\CYMR90~1\AppData\Local\Temp\cc9UD0cg.s:1625   .debug_str:0000000000001a7a .LASF20
C:\Users\CYMR90~1\AppData\Local\Temp\cc9UD0cg.s:1369   .debug_str:0000000000000b7e .LASF21
C:\Users\CYMR90~1\AppData\Local\Temp\cc9UD0cg.s:1415   .debug_str:0000000000000de6 .LASF22
C:\Users\CYMR90~1\AppData\Local\Temp\cc9UD0cg.s:1201   .debug_str:000000000000009f .LASF23
C:\Users\CYMR90~1\AppData\Local\Temp\cc9UD0cg.s:1259   .debug_str:000000000000043c .LASF24
C:\Users\CYMR90~1\AppData\Local\Temp\cc9UD0cg.s:1505   .debug_str:00000000000013c1 .LASF25
C:\Users\CYMR90~1\AppData\Local\Temp\cc9UD0cg.s:1637   .debug_str:0000000000001b52 .LASF26
C:\Users\CYMR90~1\AppData\Local\Temp\cc9UD0cg.s:1453   .debug_str:00000000000010cc .LASF27
C:\Users\CYMR90~1\AppData\Local\Temp\cc9UD0cg.s:1633   .debug_str:0000000000001af7 .LASF28
C:\Users\CYMR90~1\AppData\Local\Temp\cc9UD0cg.s:1347   .debug_str:00000000000009c3 .LASF29
C:\Users\CYMR90~1\AppData\Local\Temp\cc9UD0cg.s:1353   .debug_str:0000000000000a43 .LASF30
C:\Users\CYMR90~1\AppData\Local\Temp\cc9UD0cg.s:1211   .debug_str:0000000000000160 .LASF31
C:\Users\CYMR90~1\AppData\Local\Temp\cc9UD0cg.s:1291   .debug_str:0000000000000674 .LASF32
C:\Users\CYMR90~1\AppData\Local\Temp\cc9UD0cg.s:1707   .debug_str:0000000000001f86 .LASF33
C:\Users\CYMR90~1\AppData\Local\Temp\cc9UD0cg.s:1781   .debug_str:00000000000023f0 .LASF34
C:\Users\CYMR90~1\AppData\Local\Temp\cc9UD0cg.s:1639   .debug_str:0000000000001b6f .LASF35
C:\Users\CYMR90~1\AppData\Local\Temp\cc9UD0cg.s:1461   .debug_str:0000000000001146 .LASF36
C:\Users\CYMR90~1\AppData\Local\Temp\cc9UD0cg.s:1393   .debug_str:0000000000000cab .LASF37
C:\Users\CYMR90~1\AppData\Local\Temp\cc9UD0cg.s:1455   .debug_str:00000000000010e6 .LASF38
C:\Users\CYMR90~1\AppData\Local\Temp\cc9UD0cg.s:1251   .debug_str:00000000000003a9 .LASF39
C:\Users\CYMR90~1\AppData\Local\Temp\cc9UD0cg.s:1315   .debug_str:00000000000007db .LASF40
C:\Users\CYMR90~1\AppData\Local\Temp\cc9UD0cg.s:1345   .debug_str:00000000000009a9 .LASF41
C:\Users\CYMR90~1\AppData\Local\Temp\cc9UD0cg.s:1695   .debug_str:0000000000001ecc .LASF42
C:\Users\CYMR90~1\AppData\Local\Temp\cc9UD0cg.s:1357   .debug_str:0000000000000a8c .LASF43
C:\Users\CYMR90~1\AppData\Local\Temp\cc9UD0cg.s:1203   .debug_str:00000000000000b3 .LASF44
C:\Users\CYMR90~1\AppData\Local\Temp\cc9UD0cg.s:1313   .debug_str:00000000000007be .LASF45
C:\Users\CYMR90~1\AppData\Local\Temp\cc9UD0cg.s:1725   .debug_str:000000000000207d .LASF46
C:\Users\CYMR90~1\AppData\Local\Temp\cc9UD0cg.s:1581   .debug_str:0000000000001818 .LASF47
C:\Users\CYMR90~1\AppData\Local\Temp\cc9UD0cg.s:1227   .debug_str:000000000000021f .LASF48
C:\Users\CYMR90~1\AppData\Local\Temp\cc9UD0cg.s:1619   .debug_str:0000000000001a36 .LASF49
C:\Users\CYMR90~1\AppData\Local\Temp\cc9UD0cg.s:1359   .debug_str:0000000000000aa4 .LASF50
C:\Users\CYMR90~1\AppData\Local\Temp\cc9UD0cg.s:1655   .debug_str:0000000000001c2d .LASF51
C:\Users\CYMR90~1\AppData\Local\Temp\cc9UD0cg.s:1643   .debug_str:0000000000001b98 .LASF52
C:\Users\CYMR90~1\AppData\Local\Temp\cc9UD0cg.s:1805   .debug_str:0000000000002554 .LASF53
C:\Users\CYMR90~1\AppData\Local\Temp\cc9UD0cg.s:1547   .debug_str:0000000000001614 .LASF54
C:\Users\CYMR90~1\AppData\Local\Temp\cc9UD0cg.s:1213   .debug_str:0000000000000175 .LASF55
C:\Users\CYMR90~1\AppData\Local\Temp\cc9UD0cg.s:1301   .debug_str:00000000000006e6 .LASF56
C:\Users\CYMR90~1\AppData\Local\Temp\cc9UD0cg.s:1533   .debug_str:0000000000001554 .LASF57
C:\Users\CYMR90~1\AppData\Local\Temp\cc9UD0cg.s:1361   .debug_str:0000000000000ac3 .LASF58
C:\Users\CYMR90~1\AppData\Local\Temp\cc9UD0cg.s:1751   .debug_str:0000000000002225 .LASF59
C:\Users\CYMR90~1\AppData\Local\Temp\cc9UD0cg.s:1503   .debug_str:000000000000139f .LASF60
C:\Users\CYMR90~1\AppData\Local\Temp\cc9UD0cg.s:1705   .debug_str:0000000000001f65 .LASF61
C:\Users\CYMR90~1\AppData\Local\Temp\cc9UD0cg.s:1755   .debug_str:000000000000227f .LASF62
C:\Users\CYMR90~1\AppData\Local\Temp\cc9UD0cg.s:1575   .debug_str:00000000000017cc .LASF63
C:\Users\CYMR90~1\AppData\Local\Temp\cc9UD0cg.s:1799   .debug_str:0000000000002507 .LASF64
C:\Users\CYMR90~1\AppData\Local\Temp\cc9UD0cg.s:1305   .debug_str:0000000000000755 .LASF65
C:\Users\CYMR90~1\AppData\Local\Temp\cc9UD0cg.s:1679   .debug_str:0000000000001db8 .LASF66
C:\Users\CYMR90~1\AppData\Local\Temp\cc9UD0cg.s:1741   .debug_str:000000000000216c .LASF67
C:\Users\CYMR90~1\AppData\Local\Temp\cc9UD0cg.s:1491   .debug_str:000000000000131f .LASF68
C:\Users\CYMR90~1\AppData\Local\Temp\cc9UD0cg.s:1623   .debug_str:0000000000001a66 .LASF69
C:\Users\CYMR90~1\AppData\Local\Temp\cc9UD0cg.s:1487   .debug_str:00000000000012f0 .LASF70
C:\Users\CYMR90~1\AppData\Local\Temp\cc9UD0cg.s:1789   .debug_str:000000000000246e .LASF71
C:\Users\CYMR90~1\AppData\Local\Temp\cc9UD0cg.s:1429   .debug_str:0000000000000ec8 .LASF72
C:\Users\CYMR90~1\AppData\Local\Temp\cc9UD0cg.s:1627   .debug_str:0000000000001a8d .LASF73
C:\Users\CYMR90~1\AppData\Local\Temp\cc9UD0cg.s:1597   .debug_str:00000000000018e9 .LASF74
C:\Users\CYMR90~1\AppData\Local\Temp\cc9UD0cg.s:1289   .debug_str:000000000000065b .LASF75
C:\Users\CYMR90~1\AppData\Local\Temp\cc9UD0cg.s:1413   .debug_str:0000000000000dd6 .LASF76
C:\Users\CYMR90~1\AppData\Local\Temp\cc9UD0cg.s:1615   .debug_str:0000000000001a05 .LASF77
C:\Users\CYMR90~1\AppData\Local\Temp\cc9UD0cg.s:1375   .debug_str:0000000000000baf .LASF78
C:\Users\CYMR90~1\AppData\Local\Temp\cc9UD0cg.s:1297   .debug_str:00000000000006c0 .LASF79
C:\Users\CYMR90~1\AppData\Local\Temp\cc9UD0cg.s:1309   .debug_str:0000000000000792 .LASF80
C:\Users\CYMR90~1\AppData\Local\Temp\cc9UD0cg.s:1525   .debug_str:0000000000001503 .LASF81
C:\Users\CYMR90~1\AppData\Local\Temp\cc9UD0cg.s:1349   .debug_str:00000000000009ea .LASF82
C:\Users\CYMR90~1\AppData\Local\Temp\cc9UD0cg.s:1691   .debug_str:0000000000001e72 .LASF83
C:\Users\CYMR90~1\AppData\Local\Temp\cc9UD0cg.s:1219   .debug_str:00000000000001c7 .LASF84
C:\Users\CYMR90~1\AppData\Local\Temp\cc9UD0cg.s:1593   .debug_str:00000000000018bd .LASF85
C:\Users\CYMR90~1\AppData\Local\Temp\cc9UD0cg.s:1791   .debug_str:0000000000002487 .LASF86
C:\Users\CYMR90~1\AppData\Local\Temp\cc9UD0cg.s:1387   .debug_str:0000000000000c39 .LASF87
C:\Users\CYMR90~1\AppData\Local\Temp\cc9UD0cg.s:1363   .debug_str:0000000000000adb .LASF88
C:\Users\CYMR90~1\AppData\Local\Temp\cc9UD0cg.s:1611   .debug_str:00000000000019b3 .LASF89
C:\Users\CYMR90~1\AppData\Local\Temp\cc9UD0cg.s:1563   .debug_str:0000000000001705 .LASF90
C:\Users\CYMR90~1\AppData\Local\Temp\cc9UD0cg.s:1223   .debug_str:00000000000001ea .LASF91
C:\Users\CYMR90~1\AppData\Local\Temp\cc9UD0cg.s:1531   .debug_str:0000000000001540 .LASF92
C:\Users\CYMR90~1\AppData\Local\Temp\cc9UD0cg.s:1669   .debug_str:0000000000001d24 .LASF93
C:\Users\CYMR90~1\AppData\Local\Temp\cc9UD0cg.s:1745   .debug_str:00000000000021a1 .LASF94
C:\Users\CYMR90~1\AppData\Local\Temp\cc9UD0cg.s:1395   .debug_str:0000000000000cd3 .LASF95
C:\Users\CYMR90~1\AppData\Local\Temp\cc9UD0cg.s:1769   .debug_str:0000000000002349 .LASF96
C:\Users\CYMR90~1\AppData\Local\Temp\cc9UD0cg.s:1515   .debug_str:0000000000001433 .LASF97
C:\Users\CYMR90~1\AppData\Local\Temp\cc9UD0cg.s:1809   .debug_str:0000000000002590 .LASF98
C:\Users\CYMR90~1\AppData\Local\Temp\cc9UD0cg.s:1443   .debug_str:0000000000001028 .LASF99
C:\Users\CYMR90~1\AppData\Local\Temp\cc9UD0cg.s:1373   .debug_str:0000000000000b9c .LASF100
C:\Users\CYMR90~1\AppData\Local\Temp\cc9UD0cg.s:1341   .debug_str:0000000000000972 .LASF101
C:\Users\CYMR90~1\AppData\Local\Temp\cc9UD0cg.s:1539   .debug_str:00000000000015a2 .LASF102
C:\Users\CYMR90~1\AppData\Local\Temp\cc9UD0cg.s:1285   .debug_str:000000000000061c .LASF103
C:\Users\CYMR90~1\AppData\Local\Temp\cc9UD0cg.s:1813   .debug_str:00000000000025c5 .LASF104
C:\Users\CYMR90~1\AppData\Local\Temp\cc9UD0cg.s:1417   .debug_str:0000000000000e00 .LASF105
C:\Users\CYMR90~1\AppData\Local\Temp\cc9UD0cg.s:1545   .debug_str:00000000000015fd .LASF106
C:\Users\CYMR90~1\AppData\Local\Temp\cc9UD0cg.s:1589   .debug_str:0000000000001889 .LASF107
C:\Users\CYMR90~1\AppData\Local\Temp\cc9UD0cg.s:1475   .debug_str:000000000000123a .LASF108
C:\Users\CYMR90~1\AppData\Local\Temp\cc9UD0cg.s:1325   .debug_str:0000000000000878 .LASF109
C:\Users\CYMR90~1\AppData\Local\Temp\cc9UD0cg.s:1651   .debug_str:0000000000001bfd .LASF110
C:\Users\CYMR90~1\AppData\Local\Temp\cc9UD0cg.s:1381   .debug_str:0000000000000bfa .LASF111
C:\Users\CYMR90~1\AppData\Local\Temp\cc9UD0cg.s:1249   .debug_str:0000000000000390 .LASF112
C:\Users\CYMR90~1\AppData\Local\Temp\cc9UD0cg.s:1307   .debug_str:0000000000000769 .LASF113
C:\Users\CYMR90~1\AppData\Local\Temp\cc9UD0cg.s:1209   .debug_str:000000000000014b .LASF114
C:\Users\CYMR90~1\AppData\Local\Temp\cc9UD0cg.s:1807   .debug_str:0000000000002577 .LASF115
C:\Users\CYMR90~1\AppData\Local\Temp\cc9UD0cg.s:1509   .debug_str:00000000000013eb .LASF116
C:\Users\CYMR90~1\AppData\Local\Temp\cc9UD0cg.s:1801   .debug_str:0000000000002533 .LASF117
C:\Users\CYMR90~1\AppData\Local\Temp\cc9UD0cg.s:1355   .debug_str:0000000000000a70 .LASF118
C:\Users\CYMR90~1\AppData\Local\Temp\cc9UD0cg.s:1621   .debug_str:0000000000001a56 .LASF119
C:\Users\CYMR90~1\AppData\Local\Temp\cc9UD0cg.s:1587   .debug_str:0000000000001867 .LASF120
C:\Users\CYMR90~1\AppData\Local\Temp\cc9UD0cg.s:1583   .debug_str:000000000000183a .LASF121
C:\Users\CYMR90~1\AppData\Local\Temp\cc9UD0cg.s:1817   .debug_str:00000000000025fb .LASF122
C:\Users\CYMR90~1\AppData\Local\Temp\cc9UD0cg.s:1683   .debug_str:0000000000001e15 .LASF123
C:\Users\CYMR90~1\AppData\Local\Temp\cc9UD0cg.s:1225   .debug_str:0000000000000202 .LASF124
C:\Users\CYMR90~1\AppData\Local\Temp\cc9UD0cg.s:1775   .debug_str:000000000000238c .LASF125
C:\Users\CYMR90~1\AppData\Local\Temp\cc9UD0cg.s:1743   .debug_str:0000000000002183 .LASF126
C:\Users\CYMR90~1\AppData\Local\Temp\cc9UD0cg.s:1435   .debug_str:0000000000000f15 .LASF127
C:\Users\CYMR90~1\AppData\Local\Temp\cc9UD0cg.s:1715   .debug_str:000000000000200d .LASF128
C:\Users\CYMR90~1\AppData\Local\Temp\cc9UD0cg.s:1195   .debug_str:0000000000000036 .LASF129
C:\Users\CYMR90~1\AppData\Local\Temp\cc9UD0cg.s:1541   .debug_str:00000000000015be .LASF130
C:\Users\CYMR90~1\AppData\Local\Temp\cc9UD0cg.s:1747   .debug_str:00000000000021ce .LASF131
C:\Users\CYMR90~1\AppData\Local\Temp\cc9UD0cg.s:1191   .debug_str:0000000000000000 .LASF132
C:\Users\CYMR90~1\AppData\Local\Temp\cc9UD0cg.s:1337   .debug_str:0000000000000938 .LASF133
C:\Users\CYMR90~1\AppData\Local\Temp\cc9UD0cg.s:1699   .debug_str:0000000000001ef7 .LASF134
C:\Users\CYMR90~1\AppData\Local\Temp\cc9UD0cg.s:1397   .debug_str:0000000000000ceb .LASF135
C:\Users\CYMR90~1\AppData\Local\Temp\cc9UD0cg.s:1339   .debug_str:0000000000000958 .LASF136
C:\Users\CYMR90~1\AppData\Local\Temp\cc9UD0cg.s:1385   .debug_str:0000000000000c25 .LASF137
C:\Users\CYMR90~1\AppData\Local\Temp\cc9UD0cg.s:1551   .debug_str:0000000000001652 .LASF138
C:\Users\CYMR90~1\AppData\Local\Temp\cc9UD0cg.s:1653   .debug_str:0000000000001c1d .LASF139
C:\Users\CYMR90~1\AppData\Local\Temp\cc9UD0cg.s:1555   .debug_str:0000000000001684 .LASF140
C:\Users\CYMR90~1\AppData\Local\Temp\cc9UD0cg.s:1617   .debug_str:0000000000001a20 .LASF141
C:\Users\CYMR90~1\AppData\Local\Temp\cc9UD0cg.s:1277   .debug_str:0000000000000559 .LASF142
C:\Users\CYMR90~1\AppData\Local\Temp\cc9UD0cg.s:1427   .debug_str:0000000000000eb2 .LASF143
C:\Users\CYMR90~1\AppData\Local\Temp\cc9UD0cg.s:1221   .debug_str:00000000000001da .LASF144
C:\Users\CYMR90~1\AppData\Local\Temp\cc9UD0cg.s:1529   .debug_str:000000000000152c .LASF145
C:\Users\CYMR90~1\AppData\Local\Temp\cc9UD0cg.s:1403   .debug_str:0000000000000d46 .LASF146
C:\Users\CYMR90~1\AppData\Local\Temp\cc9UD0cg.s:1445   .debug_str:000000000000104b .LASF147
C:\Users\CYMR90~1\AppData\Local\Temp\cc9UD0cg.s:1773   .debug_str:0000000000002373 .LASF148
C:\Users\CYMR90~1\AppData\Local\Temp\cc9UD0cg.s:1479   .debug_str:0000000000001263 .LASF149
C:\Users\CYMR90~1\AppData\Local\Temp\cc9UD0cg.s:1409   .debug_str:0000000000000db0 .LASF150
C:\Users\CYMR90~1\AppData\Local\Temp\cc9UD0cg.s:1501   .debug_str:0000000000001389 .LASF151
C:\Users\CYMR90~1\AppData\Local\Temp\cc9UD0cg.s:1567   .debug_str:0000000000001748 .LASF152
C:\Users\CYMR90~1\AppData\Local\Temp\cc9UD0cg.s:1613   .debug_str:00000000000019c9 .LASF153
C:\Users\CYMR90~1\AppData\Local\Temp\cc9UD0cg.s:1467   .debug_str:0000000000001191 .LASF154
C:\Users\CYMR90~1\AppData\Local\Temp\cc9UD0cg.s:1207   .debug_str:0000000000000111 .LASF155
C:\Users\CYMR90~1\AppData\Local\Temp\cc9UD0cg.s:1365   .debug_str:0000000000000aff .LASF156
C:\Users\CYMR90~1\AppData\Local\Temp\cc9UD0cg.s:1333   .debug_str:0000000000000907 .LASF157
C:\Users\CYMR90~1\AppData\Local\Temp\cc9UD0cg.s:1687   .debug_str:0000000000001e42 .LASF158
C:\Users\CYMR90~1\AppData\Local\Temp\cc9UD0cg.s:1441   .debug_str:0000000000001010 .LASF159
C:\Users\CYMR90~1\AppData\Local\Temp\cc9UD0cg.s:1299   .debug_str:00000000000006d2 .LASF160
C:\Users\CYMR90~1\AppData\Local\Temp\cc9UD0cg.s:1499   .debug_str:000000000000137a .LASF161
C:\Users\CYMR90~1\AppData\Local\Temp\cc9UD0cg.s:1319   .debug_str:0000000000000833 .LASF162
C:\Users\CYMR90~1\AppData\Local\Temp\cc9UD0cg.s:1819   .debug_str:0000000000002626 .LASF163
C:\Users\CYMR90~1\AppData\Local\Temp\cc9UD0cg.s:1549   .debug_str:000000000000163d .LASF164
C:\Users\CYMR90~1\AppData\Local\Temp\cc9UD0cg.s:1243   .debug_str:0000000000000326 .LASF165
C:\Users\CYMR90~1\AppData\Local\Temp\cc9UD0cg.s:1497   .debug_str:0000000000001363 .LASF166
C:\Users\CYMR90~1\AppData\Local\Temp\cc9UD0cg.s:1765   .debug_str:00000000000022f5 .LASF167
C:\Users\CYMR90~1\AppData\Local\Temp\cc9UD0cg.s:1351   .debug_str:00000000000009fc .LASF168
C:\Users\CYMR90~1\AppData\Local\Temp\cc9UD0cg.s:1303   .debug_str:0000000000000713 .LASF169
C:\Users\CYMR90~1\AppData\Local\Temp\cc9UD0cg.s:1281   .debug_str:00000000000005b9 .LASF170
C:\Users\CYMR90~1\AppData\Local\Temp\cc9UD0cg.s:1405   .debug_str:0000000000000d54 .LASF171
C:\Users\CYMR90~1\AppData\Local\Temp\cc9UD0cg.s:1481   .debug_str:0000000000001277 .LASF172
C:\Users\CYMR90~1\AppData\Local\Temp\cc9UD0cg.s:1261   .debug_str:000000000000044b .LASF173
C:\Users\CYMR90~1\AppData\Local\Temp\cc9UD0cg.s:1771   .debug_str:000000000000235b .LASF174
C:\Users\CYMR90~1\AppData\Local\Temp\cc9UD0cg.s:1255   .debug_str:00000000000003e2 .LASF175
C:\Users\CYMR90~1\AppData\Local\Temp\cc9UD0cg.s:1729   .debug_str:00000000000020bb .LASF176
C:\Users\CYMR90~1\AppData\Local\Temp\cc9UD0cg.s:1399   .debug_str:0000000000000d15 .LASF177
C:\Users\CYMR90~1\AppData\Local\Temp\cc9UD0cg.s:1457   .debug_str:0000000000001109 .LASF178
C:\Users\CYMR90~1\AppData\Local\Temp\cc9UD0cg.s:1603   .debug_str:0000000000001946 .LASF179
C:\Users\CYMR90~1\AppData\Local\Temp\cc9UD0cg.s:1233   .debug_str:000000000000029a .LASF180
C:\Users\CYMR90~1\AppData\Local\Temp\cc9UD0cg.s:1449   .debug_str:00000000000010a0 .LASF181
C:\Users\CYMR90~1\AppData\Local\Temp\cc9UD0cg.s:1721   .debug_str:0000000000002053 .LASF182
C:\Users\CYMR90~1\AppData\Local\Temp\cc9UD0cg.s:1329   .debug_str:00000000000008b5 .LASF183
C:\Users\CYMR90~1\AppData\Local\Temp\cc9UD0cg.s:1681   .debug_str:0000000000001dd6 .LASF184
C:\Users\CYMR90~1\AppData\Local\Temp\cc9UD0cg.s:1247   .debug_str:0000000000000356 .LASF185
C:\Users\CYMR90~1\AppData\Local\Temp\cc9UD0cg.s:1703   .debug_str:0000000000001f29 .LASF186
C:\Users\CYMR90~1\AppData\Local\Temp\cc9UD0cg.s:1367   .debug_str:0000000000000b3d .LASF187
C:\Users\CYMR90~1\AppData\Local\Temp\cc9UD0cg.s:1709   .debug_str:0000000000001f9b .LASF188
C:\Users\CYMR90~1\AppData\Local\Temp\cc9UD0cg.s:1331   .debug_str:00000000000008ef .LASF189
C:\Users\CYMR90~1\AppData\Local\Temp\cc9UD0cg.s:1667   .debug_str:0000000000001d0b .LASF190
C:\Users\CYMR90~1\AppData\Local\Temp\cc9UD0cg.s:1553   .debug_str:000000000000166e .LASF191
C:\Users\CYMR90~1\AppData\Local\Temp\cc9UD0cg.s:1235   .debug_str:00000000000002b3 .LASF192
C:\Users\CYMR90~1\AppData\Local\Temp\cc9UD0cg.s:1649   .debug_str:0000000000001be5 .LASF193
C:\Users\CYMR90~1\AppData\Local\Temp\cc9UD0cg.s:1311   .debug_str:00000000000007a4 .LASF194
C:\Users\CYMR90~1\AppData\Local\Temp\cc9UD0cg.s:1735   .debug_str:0000000000002101 .LASF195
C:\Users\CYMR90~1\AppData\Local\Temp\cc9UD0cg.s:1647   .debug_str:0000000000001bce .LASF196
C:\Users\CYMR90~1\AppData\Local\Temp\cc9UD0cg.s:1527   .debug_str:0000000000001514 .LASF197
C:\Users\CYMR90~1\AppData\Local\Temp\cc9UD0cg.s:1777   .debug_str:00000000000023a3 .LASF198
C:\Users\CYMR90~1\AppData\Local\Temp\cc9UD0cg.s:1671   .debug_str:0000000000001d42 .LASF199
C:\Users\CYMR90~1\AppData\Local\Temp\cc9UD0cg.s:1663   .debug_str:0000000000001cb6 .LASF200
C:\Users\CYMR90~1\AppData\Local\Temp\cc9UD0cg.s:1519   .debug_str:000000000000146d .LASF201
C:\Users\CYMR90~1\AppData\Local\Temp\cc9UD0cg.s:1197   .debug_str:000000000000004e .LASF202
C:\Users\CYMR90~1\AppData\Local\Temp\cc9UD0cg.s:1585   .debug_str:0000000000001850 .LASF203
C:\Users\CYMR90~1\AppData\Local\Temp\cc9UD0cg.s:1245   .debug_str:000000000000033d .LASF204
C:\Users\CYMR90~1\AppData\Local\Temp\cc9UD0cg.s:1433   .debug_str:0000000000000efb .LASF205
C:\Users\CYMR90~1\AppData\Local\Temp\cc9UD0cg.s:1437   .debug_str:0000000000000f2d .LASF206
C:\Users\CYMR90~1\AppData\Local\Temp\cc9UD0cg.s:1199   .debug_str:000000000000008f .LASF207
C:\Users\CYMR90~1\AppData\Local\Temp\cc9UD0cg.s:1795   .debug_str:00000000000024b3 .LASF208
C:\Users\CYMR90~1\AppData\Local\Temp\cc9UD0cg.s:1495   .debug_str:0000000000001348 .LASF209
C:\Users\CYMR90~1\AppData\Local\Temp\cc9UD0cg.s:1379   .debug_str:0000000000000be4 .LASF210
C:\Users\CYMR90~1\AppData\Local\Temp\cc9UD0cg.s:1535   .debug_str:000000000000156b .LASF211
C:\Users\CYMR90~1\AppData\Local\Temp\cc9UD0cg.s:1561   .debug_str:00000000000016ed .LASF212
C:\Users\CYMR90~1\AppData\Local\Temp\cc9UD0cg.s:1797   .debug_str:00000000000024cc .LASF213
C:\Users\CYMR90~1\AppData\Local\Temp\cc9UD0cg.s:1317   .debug_str:00000000000007f3 .LASF214
C:\Users\CYMR90~1\AppData\Local\Temp\cc9UD0cg.s:1419   .debug_str:0000000000000e0e .LASF215
C:\Users\CYMR90~1\AppData\Local\Temp\cc9UD0cg.s:1389   .debug_str:0000000000000c4b .LASF216
C:\Users\CYMR90~1\AppData\Local\Temp\cc9UD0cg.s:1753   .debug_str:000000000000223d .LASF217
C:\Users\CYMR90~1\AppData\Local\Temp\cc9UD0cg.s:1295   .debug_str:00000000000006a9 .LASF218
C:\Users\CYMR90~1\AppData\Local\Temp\cc9UD0cg.s:1423   .debug_str:0000000000000e5a .LASF219
C:\Users\CYMR90~1\AppData\Local\Temp\cc9UD0cg.s:1733   .debug_str:00000000000020e7 .LASF220
C:\Users\CYMR90~1\AppData\Local\Temp\cc9UD0cg.s:1685   .debug_str:0000000000001e2c .LASF221
C:\Users\CYMR90~1\AppData\Local\Temp\cc9UD0cg.s:1757   .debug_str:00000000000022a1 .LASF222
C:\Users\CYMR90~1\AppData\Local\Temp\cc9UD0cg.s:1827   .debug_str:0000000000002685 .LASF223
C:\Users\CYMR90~1\AppData\Local\Temp\cc9UD0cg.s:1579   .debug_str:00000000000017fc .LASF224
C:\Users\CYMR90~1\AppData\Local\Temp\cc9UD0cg.s:1383   .debug_str:0000000000000c0e .LASF225
C:\Users\CYMR90~1\AppData\Local\Temp\cc9UD0cg.s:1825   .debug_str:000000000000266c .LASF226
C:\Users\CYMR90~1\AppData\Local\Temp\cc9UD0cg.s:1689   .debug_str:0000000000001e59 .LASF227
C:\Users\CYMR90~1\AppData\Local\Temp\cc9UD0cg.s:1239   .debug_str:00000000000002d6 .LASF228
C:\Users\CYMR90~1\AppData\Local\Temp\cc9UD0cg.s:1635   .debug_str:0000000000001b11 .LASF229
C:\Users\CYMR90~1\AppData\Local\Temp\cc9UD0cg.s:1229   .debug_str:0000000000000246 .LASF230
C:\Users\CYMR90~1\AppData\Local\Temp\cc9UD0cg.s:1279   .debug_str:000000000000057a .LASF231
C:\Users\CYMR90~1\AppData\Local\Temp\cc9UD0cg.s:1693   .debug_str:0000000000001e89 .LASF232
C:\Users\CYMR90~1\AppData\Local\Temp\cc9UD0cg.s:1193   .debug_str:000000000000001f .LASF233
C:\Users\CYMR90~1\AppData\Local\Temp\cc9UD0cg.s:1471   .debug_str:0000000000001202 .LASF234
C:\Users\CYMR90~1\AppData\Local\Temp\cc9UD0cg.s:1293   .debug_str:000000000000068f .LASF235
C:\Users\CYMR90~1\AppData\Local\Temp\cc9UD0cg.s:1677   .debug_str:0000000000001da0 .LASF236
C:\Users\CYMR90~1\AppData\Local\Temp\cc9UD0cg.s:1803   .debug_str:0000000000002542 .LASF237
C:\Users\CYMR90~1\AppData\Local\Temp\cc9UD0cg.s:1335   .debug_str:000000000000091c .LASF238
C:\Users\CYMR90~1\AppData\Local\Temp\cc9UD0cg.s:1485   .debug_str:00000000000012d2 .LASF239
C:\Users\CYMR90~1\AppData\Local\Temp\cc9UD0cg.s:1521   .debug_str:00000000000014ab .LASF240
C:\Users\CYMR90~1\AppData\Local\Temp\cc9UD0cg.s:1761   .debug_str:00000000000022bc .LASF241
C:\Users\CYMR90~1\AppData\Local\Temp\cc9UD0cg.s:1595   .debug_str:00000000000018cf .LASF242
C:\Users\CYMR90~1\AppData\Local\Temp\cc9UD0cg.s:1739   .debug_str:000000000000212d .LASF243
C:\Users\CYMR90~1\AppData\Local\Temp\cc9UD0cg.s:1783   .debug_str:0000000000002403 .LASF244
C:\Users\CYMR90~1\AppData\Local\Temp\cc9UD0cg.s:1749   .debug_str:00000000000021e6 .LASF245
C:\Users\CYMR90~1\AppData\Local\Temp\cc9UD0cg.s:1205   .debug_str:00000000000000d0 .LASF246
C:\Users\CYMR90~1\AppData\Local\Temp\cc9UD0cg.s:1629   .debug_str:0000000000001aa6 .LASF247
C:\Users\CYMR90~1\AppData\Local\Temp\cc9UD0cg.s:1489   .debug_str:0000000000001307 .LASF248
C:\Users\CYMR90~1\AppData\Local\Temp\cc9UD0cg.s:1463   .debug_str:0000000000001164 .LASF249
C:\Users\CYMR90~1\AppData\Local\Temp\cc9UD0cg.s:1263   .debug_str:0000000000000462 .LASF250
C:\Users\CYMR90~1\AppData\Local\Temp\cc9UD0cg.s:1543   .debug_str:00000000000015e6 .LASF251
C:\Users\CYMR90~1\AppData\Local\Temp\cc9UD0cg.s:1605   .debug_str:000000000000195d .LASF252
C:\Users\CYMR90~1\AppData\Local\Temp\cc9UD0cg.s:1811   .debug_str:00000000000025aa .LASF253
C:\Users\CYMR90~1\AppData\Local\Temp\cc9UD0cg.s:1267   .debug_str:00000000000004c0 .LASF254
C:\Users\CYMR90~1\AppData\Local\Temp\cc9UD0cg.s:1231   .debug_str:0000000000000282 .LASF255
C:\Users\CYMR90~1\AppData\Local\Temp\cc9UD0cg.s:1511   .debug_str:0000000000001404 .LASF256
C:\Users\CYMR90~1\AppData\Local\Temp\cc9UD0cg.s:1571   .debug_str:0000000000001794 .LASF257
C:\Users\CYMR90~1\AppData\Local\Temp\cc9UD0cg.s:1557   .debug_str:000000000000169c .LASF258
C:\Users\CYMR90~1\AppData\Local\Temp\cc9UD0cg.s:1265   .debug_str:000000000000047d .LASF259
C:\Users\CYMR90~1\AppData\Local\Temp\cc9UD0cg.s:1447   .debug_str:0000000000001062 .LASF260
C:\Users\CYMR90~1\AppData\Local\Temp\cc9UD0cg.s:1269   .debug_str:00000000000004dd .LASF261
C:\Users\CYMR90~1\AppData\Local\Temp\cc9UD0cg.s:1657   .debug_str:0000000000001c4b .LASF262
C:\Users\CYMR90~1\AppData\Local\Temp\cc9UD0cg.s:1607   .debug_str:000000000000196f .LASF263
C:\Users\CYMR90~1\AppData\Local\Temp\cc9UD0cg.s:1675   .debug_str:0000000000001d86 .LASF264
C:\Users\CYMR90~1\AppData\Local\Temp\cc9UD0cg.s:1711   .debug_str:0000000000001fb1 .LASF265
C:\Users\CYMR90~1\AppData\Local\Temp\cc9UD0cg.s:1659   .debug_str:0000000000001c90 .LASF266
C:\Users\CYMR90~1\AppData\Local\Temp\cc9UD0cg.s:1767   .debug_str:0000000000002337 .LASF267
C:\Users\CYMR90~1\AppData\Local\Temp\cc9UD0cg.s:1731   .debug_str:00000000000020cb .LASF268
C:\Users\CYMR90~1\AppData\Local\Temp\cc9UD0cg.s:1283   .debug_str:00000000000005fe .LASF269
C:\Users\CYMR90~1\AppData\Local\Temp\cc9UD0cg.s:1591   .debug_str:00000000000018a4 .LASF270
C:\Users\CYMR90~1\AppData\Local\Temp\cc9UD0cg.s:1727   .debug_str:00000000000020a0 .LASF271
C:\Users\CYMR90~1\AppData\Local\Temp\cc9UD0cg.s:1287   .debug_str:0000000000000641 .LASF272
C:\Users\CYMR90~1\AppData\Local\Temp\cc9UD0cg.s:1523   .debug_str:00000000000014c4 .LASF273
C:\Users\CYMR90~1\AppData\Local\Temp\cc9UD0cg.s:1257   .debug_str:00000000000003f8 .LASF274
C:\Users\CYMR90~1\AppData\Local\Temp\cc9UD0cg.s:1425   .debug_str:0000000000000e73 .LASF275
C:\Users\CYMR90~1\AppData\Local\Temp\cc9UD0cg.s:1713   .debug_str:0000000000001fcc .LASF276
C:\Users\CYMR90~1\AppData\Local\Temp\cc9UD0cg.s:1483   .debug_str:000000000000128c .LASF277
C:\Users\CYMR90~1\AppData\Local\Temp\cc9UD0cg.s:1271   .debug_str:000000000000051e .LASF278
C:\Users\CYMR90~1\AppData\Local\Temp\cc9UD0cg.s:1477   .debug_str:0000000000001249 .LASF279
C:\Users\CYMR90~1\AppData\Local\Temp\cc9UD0cg.s:1665   .debug_str:0000000000001cf0 .LASF280
C:\Users\CYMR90~1\AppData\Local\Temp\cc9UD0cg.s:1717   .debug_str:000000000000202b .LASF281
C:\Users\CYMR90~1\AppData\Local\Temp\cc9UD0cg.s:1793   .debug_str:000000000000249c .LASF282
C:\Users\CYMR90~1\AppData\Local\Temp\cc9UD0cg.s:1823   .debug_str:0000000000002655 .LASF283
C:\Users\CYMR90~1\AppData\Local\Temp\cc9UD0cg.s:1411   .debug_str:0000000000000dc6 .LASF284
C:\Users\CYMR90~1\AppData\Local\Temp\cc9UD0cg.s:1517   .debug_str:0000000000001448 .LASF285
C:\Users\CYMR90~1\AppData\Local\Temp\cc9UD0cg.s:1815   .debug_str:00000000000025dd .LASF286
C:\Users\CYMR90~1\AppData\Local\Temp\cc9UD0cg.s:1573   .debug_str:00000000000017ae .LASF287
C:\Users\CYMR90~1\AppData\Local\Temp\cc9UD0cg.s:1599   .debug_str:000000000000190c .LASF288
C:\Users\CYMR90~1\AppData\Local\Temp\cc9UD0cg.s:1391   .debug_str:0000000000000c89 .LASF289
C:\Users\CYMR90~1\AppData\Local\Temp\cc9UD0cg.s:1343   .debug_str:0000000000000988 .LASF290
C:\Users\CYMR90~1\AppData\Local\Temp\cc9UD0cg.s:1537   .debug_str:0000000000001583 .LASF291
C:\Users\CYMR90~1\AppData\Local\Temp\cc9UD0cg.s:1565   .debug_str:000000000000172b .LASF292
C:\Users\CYMR90~1\AppData\Local\Temp\cc9UD0cg.s:1763   .debug_str:00000000000022d7 .LASF293
C:\Users\CYMR90~1\AppData\Local\Temp\cc9UD0cg.s:1473   .debug_str:000000000000121b .LASF294
C:\Users\CYMR90~1\AppData\Local\Temp\cc9UD0cg.s:1327   .debug_str:0000000000000891 .LASF295
C:\Users\CYMR90~1\AppData\Local\Temp\cc9UD0cg.s:1459   .debug_str:0000000000001125 .LASF296
C:\Users\CYMR90~1\AppData\Local\Temp\cc9UD0cg.s:1377   .debug_str:0000000000000bc8 .LASF297
C:\Users\CYMR90~1\AppData\Local\Temp\cc9UD0cg.s:1323   .debug_str:000000000000085c .LASF298
C:\Users\CYMR90~1\AppData\Local\Temp\cc9UD0cg.s:1569   .debug_str:000000000000177f .LASF299
C:\Users\CYMR90~1\AppData\Local\Temp\cc9UD0cg.s:1241   .debug_str:0000000000000312 .LASF300
C:\Users\CYMR90~1\AppData\Local\Temp\cc9UD0cg.s:1737   .debug_str:0000000000002116 .LASF301
C:\Users\CYMR90~1\AppData\Local\Temp\cc9UD0cg.s:1759   .debug_str:00000000000022b2 .LASF302
C:\Users\CYMR90~1\AppData\Local\Temp\cc9UD0cg.s:1513   .debug_str:000000000000141e .LASF303
C:\Users\CYMR90~1\AppData\Local\Temp\cc9UD0cg.s:1273   .debug_str:0000000000000536 .LASF304
C:\Users\CYMR90~1\AppData\Local\Temp\cc9UD0cg.s:1661   .debug_str:0000000000001ca8 .LASF305
C:\Users\CYMR90~1\AppData\Local\Temp\cc9UD0cg.s:1577   .debug_str:00000000000017ee .LASF306
C:\Users\CYMR90~1\AppData\Local\Temp\cc9UD0cg.s:1217   .debug_str:00000000000001b6 .LASF307
C:\Users\CYMR90~1\AppData\Local\Temp\cc9UD0cg.s:1785   .debug_str:0000000000002447 .LASF308
C:\Users\CYMR90~1\AppData\Local\Temp\cc9UD0cg.s:1451   .debug_str:00000000000010b3 .LASF309
C:\Users\CYMR90~1\AppData\Local\Temp\cc9UD0cg.s:1601   .debug_str:000000000000192e .LASF310
C:\Users\CYMR90~1\AppData\Local\Temp\cc9UD0cg.s:1371   .debug_str:0000000000000b92 .LASF311
C:\Users\CYMR90~1\AppData\Local\Temp\cc9UD0cg.s:1321   .debug_str:000000000000084b .LASF312
C:\Users\CYMR90~1\AppData\Local\Temp\cc9UD0cg.s:1253   .debug_str:00000000000003cb .LASF313
                           .group:0000000000000000 wm4.0.10abbef32179bc1260444192115bdf5e

NO UNDEFINED SYMBOLS
