   1              		.file	"isatty.c"
   2              		.option nopic
   3              		.attribute arch, "rv32i2p0_m2p0_a2p0_c2p0"
   4              		.attribute unaligned_access, 0
   5              		.attribute stack_align, 16
   6              		.text
   7              	.Ltext0:
   8              		.cfi_sections	.debug_frame
   9              		.section	.text._isatty,"ax",@progbits
  10              		.align	1
  11              		.globl	_isatty
  13              	_isatty:
  14              	.LFB0:
  15              		.file 1 "../Firmware/RISCV/stubs/isatty.c"
   1:../Firmware/RISCV/stubs/isatty.c **** /* See LICENSE of license details. */
   2:../Firmware/RISCV/stubs/isatty.c **** 
   3:../Firmware/RISCV/stubs/isatty.c **** #include <unistd.h>
   4:../Firmware/RISCV/stubs/isatty.c **** 
   5:../Firmware/RISCV/stubs/isatty.c **** int _isatty(int fd)
   6:../Firmware/RISCV/stubs/isatty.c **** {
  16              		.loc 1 6 1
  17              		.cfi_startproc
  18 0000 0111     		addi	sp,sp,-32
  19              		.cfi_def_cfa_offset 32
  20 0002 22CE     		sw	s0,28(sp)
  21              		.cfi_offset 8, -4
  22 0004 0010     		addi	s0,sp,32
  23              		.cfi_def_cfa 8, 0
  24 0006 2326A4FE 		sw	a0,-20(s0)
   7:../Firmware/RISCV/stubs/isatty.c ****   if (fd == STDOUT_FILENO || fd == STDERR_FILENO)
  25              		.loc 1 7 6
  26 000a 0327C4FE 		lw	a4,-20(s0)
  27 000e 8547     		li	a5,1
  28 0010 6307F700 		beq	a4,a5,.L2
  29              		.loc 1 7 27 discriminator 1
  30 0014 0327C4FE 		lw	a4,-20(s0)
  31 0018 8947     		li	a5,2
  32 001a 6314F700 		bne	a4,a5,.L3
  33              	.L2:
   8:../Firmware/RISCV/stubs/isatty.c ****     return 1;
  34              		.loc 1 8 12
  35 001e 8547     		li	a5,1
  36 0020 11A0     		j	.L4
  37              	.L3:
   9:../Firmware/RISCV/stubs/isatty.c **** 
  10:../Firmware/RISCV/stubs/isatty.c ****   return 0;
  38              		.loc 1 10 10
  39 0022 8147     		li	a5,0
  40              	.L4:
  11:../Firmware/RISCV/stubs/isatty.c **** }
  41              		.loc 1 11 1
  42 0024 3E85     		mv	a0,a5
  43 0026 7244     		lw	s0,28(sp)
  44              		.cfi_restore 8
  45              		.cfi_def_cfa 2, 32
  46 0028 0561     		addi	sp,sp,32
  47              		.cfi_def_cfa_offset 0
  48 002a 8280     		jr	ra
  49              		.cfi_endproc
  50              	.LFE0:
  52              		.text
  53              	.Letext0:
DEFINED SYMBOLS
                            *ABS*:0000000000000000 isatty.c
C:\Users\CYMR90~1\AppData\Local\Temp\cc9MzFEW.s:13     .text._isatty:0000000000000000 _isatty
C:\Users\CYMR90~1\AppData\Local\Temp\cc9MzFEW.s:17     .text._isatty:0000000000000000 .L0 
C:\Users\CYMR90~1\AppData\Local\Temp\cc9MzFEW.s:18     .text._isatty:0000000000000000 .L0 
C:\Users\CYMR90~1\AppData\Local\Temp\cc9MzFEW.s:19     .text._isatty:0000000000000002 .L0 
C:\Users\CYMR90~1\AppData\Local\Temp\cc9MzFEW.s:21     .text._isatty:0000000000000004 .L0 
C:\Users\CYMR90~1\AppData\Local\Temp\cc9MzFEW.s:23     .text._isatty:0000000000000006 .L0 
C:\Users\CYMR90~1\AppData\Local\Temp\cc9MzFEW.s:26     .text._isatty:000000000000000a .L0 
C:\Users\CYMR90~1\AppData\Local\Temp\cc9MzFEW.s:30     .text._isatty:0000000000000014 .L0 
C:\Users\CYMR90~1\AppData\Local\Temp\cc9MzFEW.s:35     .text._isatty:000000000000001e .L0 
C:\Users\CYMR90~1\AppData\Local\Temp\cc9MzFEW.s:39     .text._isatty:0000000000000022 .L0 
C:\Users\CYMR90~1\AppData\Local\Temp\cc9MzFEW.s:42     .text._isatty:0000000000000024 .L0 
C:\Users\CYMR90~1\AppData\Local\Temp\cc9MzFEW.s:44     .text._isatty:0000000000000028 .L0 
C:\Users\CYMR90~1\AppData\Local\Temp\cc9MzFEW.s:45     .text._isatty:0000000000000028 .L0 
C:\Users\CYMR90~1\AppData\Local\Temp\cc9MzFEW.s:47     .text._isatty:000000000000002a .L0 
C:\Users\CYMR90~1\AppData\Local\Temp\cc9MzFEW.s:49     .text._isatty:000000000000002c .L0 
C:\Users\CYMR90~1\AppData\Local\Temp\cc9MzFEW.s:52     .text._isatty:000000000000002c .L0 
                     .debug_frame:0000000000000000 .L0 
C:\Users\CYMR90~1\AppData\Local\Temp\cc9MzFEW.s:33     .text._isatty:000000000000001e .L2
C:\Users\CYMR90~1\AppData\Local\Temp\cc9MzFEW.s:37     .text._isatty:0000000000000022 .L3
C:\Users\CYMR90~1\AppData\Local\Temp\cc9MzFEW.s:40     .text._isatty:0000000000000024 .L4
C:\Users\CYMR90~1\AppData\Local\Temp\cc9MzFEW.s:139    .debug_abbrev:0000000000000000 .Ldebug_abbrev0
C:\Users\CYMR90~1\AppData\Local\Temp\cc9MzFEW.s:4945   .debug_str:0000000000005c82 .LASF884
C:\Users\CYMR90~1\AppData\Local\Temp\cc9MzFEW.s:4433   .debug_str:0000000000003fe6 .LASF885
C:\Users\CYMR90~1\AppData\Local\Temp\cc9MzFEW.s:3523   .debug_str:0000000000001022 .LASF886
C:\Users\CYMR90~1\AppData\Local\Temp\cc9MzFEW.s:241    .debug_ranges:0000000000000000 .Ldebug_ranges0
C:\Users\CYMR90~1\AppData\Local\Temp\cc9MzFEW.s:3209   .debug_line:0000000000000000 .Ldebug_line0
C:\Users\CYMR90~1\AppData\Local\Temp\cc9MzFEW.s:247    .debug_macro:0000000000000000 .Ldebug_macro0
C:\Users\CYMR90~1\AppData\Local\Temp\cc9MzFEW.s:3585   .debug_str:000000000000133e .LASF873
C:\Users\CYMR90~1\AppData\Local\Temp\cc9MzFEW.s:3909   .debug_str:0000000000002478 .LASF874
C:\Users\CYMR90~1\AppData\Local\Temp\cc9MzFEW.s:4669   .debug_str:0000000000004c9b .LASF875
C:\Users\CYMR90~1\AppData\Local\Temp\cc9MzFEW.s:4887   .debug_str:0000000000005935 .LASF876
C:\Users\CYMR90~1\AppData\Local\Temp\cc9MzFEW.s:3481   .debug_str:0000000000000e33 .LASF877
C:\Users\CYMR90~1\AppData\Local\Temp\cc9MzFEW.s:3943   .debug_str:0000000000002629 .LASF878
C:\Users\CYMR90~1\AppData\Local\Temp\cc9MzFEW.s:4833   .debug_str:0000000000005689 .LASF879
C:\Users\CYMR90~1\AppData\Local\Temp\cc9MzFEW.s:4465   .debug_str:0000000000004198 .LASF880
C:\Users\CYMR90~1\AppData\Local\Temp\cc9MzFEW.s:4199   .debug_str:000000000000330e .LASF881
C:\Users\CYMR90~1\AppData\Local\Temp\cc9MzFEW.s:3709   .debug_str:0000000000001ac4 .LASF882
C:\Users\CYMR90~1\AppData\Local\Temp\cc9MzFEW.s:4367   .debug_str:0000000000003b9c .LASF883
C:\Users\CYMR90~1\AppData\Local\Temp\cc9MzFEW.s:3573   .debug_str:000000000000128b .LASF887
C:\Users\CYMR90~1\AppData\Local\Temp\cc9MzFEW.s:14     .text._isatty:0000000000000000 .LFB0
C:\Users\CYMR90~1\AppData\Local\Temp\cc9MzFEW.s:50     .text._isatty:000000000000002c .LFE0
C:\Users\CYMR90~1\AppData\Local\Temp\cc9MzFEW.s:55     .debug_info:0000000000000000 .Ldebug_info0
C:\Users\CYMR90~1\AppData\Local\Temp\cc9MzFEW.s:484    .debug_macro:0000000000000000 .Ldebug_macro2
C:\Users\CYMR90~1\AppData\Local\Temp\cc9MzFEW.s:3887   .debug_str:0000000000002379 .LASF314
C:\Users\CYMR90~1\AppData\Local\Temp\cc9MzFEW.s:3455   .debug_str:0000000000000c99 .LASF315
C:\Users\CYMR90~1\AppData\Local\Temp\cc9MzFEW.s:4585   .debug_str:000000000000484e .LASF316
C:\Users\CYMR90~1\AppData\Local\Temp\cc9MzFEW.s:3435   .debug_str:0000000000000b41 .LASF317
C:\Users\CYMR90~1\AppData\Local\Temp\cc9MzFEW.s:1431   .debug_macro:0000000000000000 .Ldebug_macro3
C:\Users\CYMR90~1\AppData\Local\Temp\cc9MzFEW.s:1451   .debug_macro:0000000000000000 .Ldebug_macro4
C:\Users\CYMR90~1\AppData\Local\Temp\cc9MzFEW.s:4137   .debug_str:0000000000002fff .LASF336
C:\Users\CYMR90~1\AppData\Local\Temp\cc9MzFEW.s:1495   .debug_macro:0000000000000000 .Ldebug_macro5
C:\Users\CYMR90~1\AppData\Local\Temp\cc9MzFEW.s:1509   .debug_macro:0000000000000000 .Ldebug_macro6
C:\Users\CYMR90~1\AppData\Local\Temp\cc9MzFEW.s:1577   .debug_macro:0000000000000000 .Ldebug_macro7
C:\Users\CYMR90~1\AppData\Local\Temp\cc9MzFEW.s:1603   .debug_macro:0000000000000000 .Ldebug_macro8
C:\Users\CYMR90~1\AppData\Local\Temp\cc9MzFEW.s:1632   .debug_macro:0000000000000000 .Ldebug_macro9
C:\Users\CYMR90~1\AppData\Local\Temp\cc9MzFEW.s:4793   .debug_str:000000000000542d .LASF378
C:\Users\CYMR90~1\AppData\Local\Temp\cc9MzFEW.s:1643   .debug_macro:0000000000000000 .Ldebug_macro10
C:\Users\CYMR90~1\AppData\Local\Temp\cc9MzFEW.s:1687   .debug_macro:0000000000000000 .Ldebug_macro11
C:\Users\CYMR90~1\AppData\Local\Temp\cc9MzFEW.s:1779   .debug_macro:0000000000000000 .Ldebug_macro12
C:\Users\CYMR90~1\AppData\Local\Temp\cc9MzFEW.s:4789   .debug_str:0000000000005402 .LASF543
C:\Users\CYMR90~1\AppData\Local\Temp\cc9MzFEW.s:2150   .debug_macro:0000000000000000 .Ldebug_macro13
C:\Users\CYMR90~1\AppData\Local\Temp\cc9MzFEW.s:2161   .debug_macro:0000000000000000 .Ldebug_macro14
C:\Users\CYMR90~1\AppData\Local\Temp\cc9MzFEW.s:2175   .debug_macro:0000000000000000 .Ldebug_macro15
C:\Users\CYMR90~1\AppData\Local\Temp\cc9MzFEW.s:2192   .debug_macro:0000000000000000 .Ldebug_macro16
C:\Users\CYMR90~1\AppData\Local\Temp\cc9MzFEW.s:2218   .debug_macro:0000000000000000 .Ldebug_macro17
C:\Users\CYMR90~1\AppData\Local\Temp\cc9MzFEW.s:4661   .debug_str:0000000000004c5f .LASF574
C:\Users\CYMR90~1\AppData\Local\Temp\cc9MzFEW.s:2274   .debug_macro:0000000000000000 .Ldebug_macro18
C:\Users\CYMR90~1\AppData\Local\Temp\cc9MzFEW.s:2291   .debug_macro:0000000000000000 .Ldebug_macro19
C:\Users\CYMR90~1\AppData\Local\Temp\cc9MzFEW.s:4263   .debug_str:0000000000003698 .LASF592
C:\Users\CYMR90~1\AppData\Local\Temp\cc9MzFEW.s:4643   .debug_str:0000000000004b5e .LASF593
C:\Users\CYMR90~1\AppData\Local\Temp\cc9MzFEW.s:2335   .debug_macro:0000000000000000 .Ldebug_macro20
C:\Users\CYMR90~1\AppData\Local\Temp\cc9MzFEW.s:3395   .debug_str:0000000000000943 .LASF599
C:\Users\CYMR90~1\AppData\Local\Temp\cc9MzFEW.s:3529   .debug_str:00000000000010ab .LASF600
C:\Users\CYMR90~1\AppData\Local\Temp\cc9MzFEW.s:2355   .debug_macro:0000000000000000 .Ldebug_macro21
C:\Users\CYMR90~1\AppData\Local\Temp\cc9MzFEW.s:2366   .debug_macro:0000000000000000 .Ldebug_macro22
C:\Users\CYMR90~1\AppData\Local\Temp\cc9MzFEW.s:2410   .debug_macro:0000000000000000 .Ldebug_macro23
C:\Users\CYMR90~1\AppData\Local\Temp\cc9MzFEW.s:4651   .debug_str:0000000000004bc4 .LASF648
C:\Users\CYMR90~1\AppData\Local\Temp\cc9MzFEW.s:2511   .debug_macro:0000000000000000 .Ldebug_macro24
C:\Users\CYMR90~1\AppData\Local\Temp\cc9MzFEW.s:2528   .debug_macro:0000000000000000 .Ldebug_macro25
C:\Users\CYMR90~1\AppData\Local\Temp\cc9MzFEW.s:4131   .debug_str:0000000000002fcd .LASF662
C:\Users\CYMR90~1\AppData\Local\Temp\cc9MzFEW.s:2560   .debug_macro:0000000000000000 .Ldebug_macro26
C:\Users\CYMR90~1\AppData\Local\Temp\cc9MzFEW.s:2646   .debug_macro:0000000000000000 .Ldebug_macro27
C:\Users\CYMR90~1\AppData\Local\Temp\cc9MzFEW.s:4775   .debug_str:000000000000532f .LASF0
C:\Users\CYMR90~1\AppData\Local\Temp\cc9MzFEW.s:3899   .debug_str:00000000000023fc .LASF1
C:\Users\CYMR90~1\AppData\Local\Temp\cc9MzFEW.s:3303   .debug_str:00000000000004a4 .LASF2
C:\Users\CYMR90~1\AppData\Local\Temp\cc9MzFEW.s:3633   .debug_str:000000000000166e .LASF3
C:\Users\CYMR90~1\AppData\Local\Temp\cc9MzFEW.s:3331   .debug_str:0000000000000623 .LASF4
C:\Users\CYMR90~1\AppData\Local\Temp\cc9MzFEW.s:4063   .debug_str:0000000000002cb9 .LASF5
C:\Users\CYMR90~1\AppData\Local\Temp\cc9MzFEW.s:4583   .debug_str:000000000000483d .LASF6
C:\Users\CYMR90~1\AppData\Local\Temp\cc9MzFEW.s:3603   .debug_str:000000000000147e .LASF7
C:\Users\CYMR90~1\AppData\Local\Temp\cc9MzFEW.s:3403   .debug_str:000000000000099c .LASF8
C:\Users\CYMR90~1\AppData\Local\Temp\cc9MzFEW.s:4695   .debug_str:0000000000004e33 .LASF9
C:\Users\CYMR90~1\AppData\Local\Temp\cc9MzFEW.s:3653   .debug_str:0000000000001777 .LASF10
C:\Users\CYMR90~1\AppData\Local\Temp\cc9MzFEW.s:3907   .debug_str:0000000000002465 .LASF11
C:\Users\CYMR90~1\AppData\Local\Temp\cc9MzFEW.s:4017   .debug_str:0000000000002a92 .LASF12
C:\Users\CYMR90~1\AppData\Local\Temp\cc9MzFEW.s:4951   .debug_str:0000000000005db1 .LASF13
C:\Users\CYMR90~1\AppData\Local\Temp\cc9MzFEW.s:3257   .debug_str:000000000000020b .LASF14
C:\Users\CYMR90~1\AppData\Local\Temp\cc9MzFEW.s:4041   .debug_str:0000000000002bc8 .LASF15
C:\Users\CYMR90~1\AppData\Local\Temp\cc9MzFEW.s:4829   .debug_str:000000000000566a .LASF16
C:\Users\CYMR90~1\AppData\Local\Temp\cc9MzFEW.s:3543   .debug_str:0000000000001159 .LASF17
C:\Users\CYMR90~1\AppData\Local\Temp\cc9MzFEW.s:4195   .debug_str:00000000000032e6 .LASF18
C:\Users\CYMR90~1\AppData\Local\Temp\cc9MzFEW.s:3687   .debug_str:0000000000001973 .LASF19
C:\Users\CYMR90~1\AppData\Local\Temp\cc9MzFEW.s:3635   .debug_str:0000000000001680 .LASF20
C:\Users\CYMR90~1\AppData\Local\Temp\cc9MzFEW.s:3551   .debug_str:00000000000011a1 .LASF21
C:\Users\CYMR90~1\AppData\Local\Temp\cc9MzFEW.s:4799   .debug_str:0000000000005468 .LASF22
C:\Users\CYMR90~1\AppData\Local\Temp\cc9MzFEW.s:4645   .debug_str:0000000000004b6f .LASF23
C:\Users\CYMR90~1\AppData\Local\Temp\cc9MzFEW.s:4153   .debug_str:00000000000030f5 .LASF24
C:\Users\CYMR90~1\AppData\Local\Temp\cc9MzFEW.s:3733   .debug_str:0000000000001bd0 .LASF25
C:\Users\CYMR90~1\AppData\Local\Temp\cc9MzFEW.s:4457   .debug_str:0000000000004144 .LASF26
C:\Users\CYMR90~1\AppData\Local\Temp\cc9MzFEW.s:3397   .debug_str:0000000000000955 .LASF27
C:\Users\CYMR90~1\AppData\Local\Temp\cc9MzFEW.s:3289   .debug_str:00000000000003e4 .LASF28
C:\Users\CYMR90~1\AppData\Local\Temp\cc9MzFEW.s:4179   .debug_str:00000000000031e8 .LASF29
C:\Users\CYMR90~1\AppData\Local\Temp\cc9MzFEW.s:4265   .debug_str:00000000000036a7 .LASF30
C:\Users\CYMR90~1\AppData\Local\Temp\cc9MzFEW.s:3511   .debug_str:0000000000000f8a .LASF31
C:\Users\CYMR90~1\AppData\Local\Temp\cc9MzFEW.s:3291   .debug_str:00000000000003fe .LASF32
C:\Users\CYMR90~1\AppData\Local\Temp\cc9MzFEW.s:4475   .debug_str:000000000000422f .LASF33
C:\Users\CYMR90~1\AppData\Local\Temp\cc9MzFEW.s:4183   .debug_str:0000000000003252 .LASF34
C:\Users\CYMR90~1\AppData\Local\Temp\cc9MzFEW.s:4189   .debug_str:0000000000003299 .LASF35
C:\Users\CYMR90~1\AppData\Local\Temp\cc9MzFEW.s:4593   .debug_str:00000000000048f1 .LASF36
C:\Users\CYMR90~1\AppData\Local\Temp\cc9MzFEW.s:4223   .debug_str:0000000000003471 .LASF37
C:\Users\CYMR90~1\AppData\Local\Temp\cc9MzFEW.s:4495   .debug_str:0000000000004336 .LASF38
C:\Users\CYMR90~1\AppData\Local\Temp\cc9MzFEW.s:3533   .debug_str:00000000000010c8 .LASF39
C:\Users\CYMR90~1\AppData\Local\Temp\cc9MzFEW.s:4275   .debug_str:000000000000373a .LASF40
C:\Users\CYMR90~1\AppData\Local\Temp\cc9MzFEW.s:3295   .debug_str:0000000000000449 .LASF41
C:\Users\CYMR90~1\AppData\Local\Temp\cc9MzFEW.s:3313   .debug_str:0000000000000529 .LASF42
C:\Users\CYMR90~1\AppData\Local\Temp\cc9MzFEW.s:4955   .debug_str:0000000000005dd3 .LASF43
C:\Users\CYMR90~1\AppData\Local\Temp\cc9MzFEW.s:4149   .debug_str:0000000000003085 .LASF44
C:\Users\CYMR90~1\AppData\Local\Temp\cc9MzFEW.s:4923   .debug_str:0000000000005b32 .LASF45
C:\Users\CYMR90~1\AppData\Local\Temp\cc9MzFEW.s:3957   .debug_str:0000000000002715 .LASF46
C:\Users\CYMR90~1\AppData\Local\Temp\cc9MzFEW.s:4809   .debug_str:0000000000005536 .LASF47
C:\Users\CYMR90~1\AppData\Local\Temp\cc9MzFEW.s:3913   .debug_str:0000000000002496 .LASF48
C:\Users\CYMR90~1\AppData\Local\Temp\cc9MzFEW.s:3513   .debug_str:0000000000000f9f .LASF49
C:\Users\CYMR90~1\AppData\Local\Temp\cc9MzFEW.s:4883   .debug_str:00000000000058fa .LASF50
C:\Users\CYMR90~1\AppData\Local\Temp\cc9MzFEW.s:4437   .debug_str:000000000000401c .LASF51
C:\Users\CYMR90~1\AppData\Local\Temp\cc9MzFEW.s:3429   .debug_str:0000000000000af1 .LASF52
C:\Users\CYMR90~1\AppData\Local\Temp\cc9MzFEW.s:3475   .debug_str:0000000000000db2 .LASF53
C:\Users\CYMR90~1\AppData\Local\Temp\cc9MzFEW.s:4489   .debug_str:00000000000042e9 .LASF54
C:\Users\CYMR90~1\AppData\Local\Temp\cc9MzFEW.s:4587   .debug_str:000000000000485c .LASF55
C:\Users\CYMR90~1\AppData\Local\Temp\cc9MzFEW.s:4001   .debug_str:00000000000029b5 .LASF56
C:\Users\CYMR90~1\AppData\Local\Temp\cc9MzFEW.s:3497   .debug_str:0000000000000ee7 .LASF57
C:\Users\CYMR90~1\AppData\Local\Temp\cc9MzFEW.s:3937   .debug_str:00000000000025e1 .LASF58
C:\Users\CYMR90~1\AppData\Local\Temp\cc9MzFEW.s:4025   .debug_str:0000000000002ae3 .LASF59
C:\Users\CYMR90~1\AppData\Local\Temp\cc9MzFEW.s:3333   .debug_str:0000000000000635 .LASF60
C:\Users\CYMR90~1\AppData\Local\Temp\cc9MzFEW.s:3973   .debug_str:00000000000027f7 .LASF61
C:\Users\CYMR90~1\AppData\Local\Temp\cc9MzFEW.s:3947   .debug_str:000000000000267a .LASF62
C:\Users\CYMR90~1\AppData\Local\Temp\cc9MzFEW.s:3629   .debug_str:000000000000163b .LASF63
C:\Users\CYMR90~1\AppData\Local\Temp\cc9MzFEW.s:3719   .debug_str:0000000000001b3c .LASF64
C:\Users\CYMR90~1\AppData\Local\Temp\cc9MzFEW.s:4623   .debug_str:0000000000004a88 .LASF65
C:\Users\CYMR90~1\AppData\Local\Temp\cc9MzFEW.s:4625   .debug_str:0000000000004a9c .LASF66
C:\Users\CYMR90~1\AppData\Local\Temp\cc9MzFEW.s:3771   .debug_str:0000000000001dc4 .LASF67
C:\Users\CYMR90~1\AppData\Local\Temp\cc9MzFEW.s:4235   .debug_str:000000000000352d .LASF68
C:\Users\CYMR90~1\AppData\Local\Temp\cc9MzFEW.s:4473   .debug_str:000000000000421b .LASF69
C:\Users\CYMR90~1\AppData\Local\Temp\cc9MzFEW.s:4983   .debug_str:0000000000005fb6 .LASF70
C:\Users\CYMR90~1\AppData\Local\Temp\cc9MzFEW.s:4913   .debug_str:0000000000005aab .LASF71
C:\Users\CYMR90~1\AppData\Local\Temp\cc9MzFEW.s:4361   .debug_str:0000000000003b49 .LASF72
C:\Users\CYMR90~1\AppData\Local\Temp\cc9MzFEW.s:4575   .debug_str:00000000000047e5 .LASF73
C:\Users\CYMR90~1\AppData\Local\Temp\cc9MzFEW.s:3825   .debug_str:0000000000002058 .LASF74
C:\Users\CYMR90~1\AppData\Local\Temp\cc9MzFEW.s:4479   .debug_str:0000000000004255 .LASF75
C:\Users\CYMR90~1\AppData\Local\Temp\cc9MzFEW.s:4869   .debug_str:0000000000005846 .LASF76
C:\Users\CYMR90~1\AppData\Local\Temp\cc9MzFEW.s:3239   .debug_str:0000000000000143 .LASF77
C:\Users\CYMR90~1\AppData\Local\Temp\cc9MzFEW.s:4907   .debug_str:0000000000005a67 .LASF78
C:\Users\CYMR90~1\AppData\Local\Temp\cc9MzFEW.s:3433   .debug_str:0000000000000b2f .LASF79
C:\Users\CYMR90~1\AppData\Local\Temp\cc9MzFEW.s:4281   .debug_str:0000000000003786 .LASF80
C:\Users\CYMR90~1\AppData\Local\Temp\cc9MzFEW.s:4451   .debug_str:0000000000004103 .LASF81
C:\Users\CYMR90~1\AppData\Local\Temp\cc9MzFEW.s:4073   .debug_str:0000000000002d1c .LASF82
C:\Users\CYMR90~1\AppData\Local\Temp\cc9MzFEW.s:4117   .debug_str:0000000000002f22 .LASF83
C:\Users\CYMR90~1\AppData\Local\Temp\cc9MzFEW.s:4927   .debug_str:0000000000005b66 .LASF84
C:\Users\CYMR90~1\AppData\Local\Temp\cc9MzFEW.s:4147   .debug_str:0000000000003073 .LASF85
C:\Users\CYMR90~1\AppData\Local\Temp\cc9MzFEW.s:3415   .debug_str:0000000000000a28 .LASF86
C:\Users\CYMR90~1\AppData\Local\Temp\cc9MzFEW.s:4861   .debug_str:00000000000057f7 .LASF87
C:\Users\CYMR90~1\AppData\Local\Temp\cc9MzFEW.s:3247   .debug_str:00000000000001a1 .LASF88
C:\Users\CYMR90~1\AppData\Local\Temp\cc9MzFEW.s:3243   .debug_str:0000000000000177 .LASF89
C:\Users\CYMR90~1\AppData\Local\Temp\cc9MzFEW.s:4973   .debug_str:0000000000005f49 .LASF90
C:\Users\CYMR90~1\AppData\Local\Temp\cc9MzFEW.s:3507   .debug_str:0000000000000f5c .LASF91
C:\Users\CYMR90~1\AppData\Local\Temp\cc9MzFEW.s:3287   .debug_str:00000000000003d0 .LASF92
C:\Users\CYMR90~1\AppData\Local\Temp\cc9MzFEW.s:4703   .debug_str:0000000000004ec5 .LASF93
C:\Users\CYMR90~1\AppData\Local\Temp\cc9MzFEW.s:3845   .debug_str:000000000000214d .LASF94
C:\Users\CYMR90~1\AppData\Local\Temp\cc9MzFEW.s:4757   .debug_str:0000000000005230 .LASF95
C:\Users\CYMR90~1\AppData\Local\Temp\cc9MzFEW.s:3935   .debug_str:00000000000025cf .LASF96
C:\Users\CYMR90~1\AppData\Local\Temp\cc9MzFEW.s:4735   .debug_str:00000000000050bf .LASF97
C:\Users\CYMR90~1\AppData\Local\Temp\cc9MzFEW.s:3981   .debug_str:000000000000287a .LASF98
C:\Users\CYMR90~1\AppData\Local\Temp\cc9MzFEW.s:4049   .debug_str:0000000000002c1c .LASF99
C:\Users\CYMR90~1\AppData\Local\Temp\cc9MzFEW.s:3749   .debug_str:0000000000001c98 .LASF100
C:\Users\CYMR90~1\AppData\Local\Temp\cc9MzFEW.s:3673   .debug_str:00000000000018b8 .LASF101
C:\Users\CYMR90~1\AppData\Local\Temp\cc9MzFEW.s:3893   .debug_str:00000000000023c1 .LASF102
C:\Users\CYMR90~1\AppData\Local\Temp\cc9MzFEW.s:3891   .debug_str:000000000000239c .LASF103
C:\Users\CYMR90~1\AppData\Local\Temp\cc9MzFEW.s:3901   .debug_str:0000000000002415 .LASF104
C:\Users\CYMR90~1\AppData\Local\Temp\cc9MzFEW.s:4381   .debug_str:0000000000003c4d .LASF105
C:\Users\CYMR90~1\AppData\Local\Temp\cc9MzFEW.s:4879   .debug_str:00000000000058c7 .LASF106
C:\Users\CYMR90~1\AppData\Local\Temp\cc9MzFEW.s:3775   .debug_str:0000000000001df6 .LASF107
C:\Users\CYMR90~1\AppData\Local\Temp\cc9MzFEW.s:4937   .debug_str:0000000000005bdf .LASF108
C:\Users\CYMR90~1\AppData\Local\Temp\cc9MzFEW.s:3873   .debug_str:00000000000022e7 .LASF109
C:\Users\CYMR90~1\AppData\Local\Temp\cc9MzFEW.s:4773   .debug_str:000000000000530f .LASF110
C:\Users\CYMR90~1\AppData\Local\Temp\cc9MzFEW.s:4709   .debug_str:0000000000004f0f .LASF111
C:\Users\CYMR90~1\AppData\Local\Temp\cc9MzFEW.s:3553   .debug_str:00000000000011b5 .LASF112
C:\Users\CYMR90~1\AppData\Local\Temp\cc9MzFEW.s:3987   .debug_str:00000000000028bf .LASF113
C:\Users\CYMR90~1\AppData\Local\Temp\cc9MzFEW.s:4653   .debug_str:0000000000004bdb .LASF114
C:\Users\CYMR90~1\AppData\Local\Temp\cc9MzFEW.s:3929   .debug_str:0000000000002585 .LASF115
C:\Users\CYMR90~1\AppData\Local\Temp\cc9MzFEW.s:4525   .debug_str:000000000000451a .LASF116
C:\Users\CYMR90~1\AppData\Local\Temp\cc9MzFEW.s:3311   .debug_str:000000000000051a .LASF117
C:\Users\CYMR90~1\AppData\Local\Temp\cc9MzFEW.s:3611   .debug_str:00000000000014f9 .LASF118
C:\Users\CYMR90~1\AppData\Local\Temp\cc9MzFEW.s:4679   .debug_str:0000000000004d2c .LASF119
C:\Users\CYMR90~1\AppData\Local\Temp\cc9MzFEW.s:3923   .debug_str:0000000000002527 .LASF120
C:\Users\CYMR90~1\AppData\Local\Temp\cc9MzFEW.s:3791   .debug_str:0000000000001ed3 .LASF121
C:\Users\CYMR90~1\AppData\Local\Temp\cc9MzFEW.s:4443   .debug_str:0000000000004083 .LASF122
C:\Users\CYMR90~1\AppData\Local\Temp\cc9MzFEW.s:4429   .debug_str:0000000000003fb8 .LASF123
C:\Users\CYMR90~1\AppData\Local\Temp\cc9MzFEW.s:4781   .debug_str:00000000000053a6 .LASF124
C:\Users\CYMR90~1\AppData\Local\Temp\cc9MzFEW.s:4239   .debug_str:0000000000003546 .LASF125
C:\Users\CYMR90~1\AppData\Local\Temp\cc9MzFEW.s:4509   .debug_str:000000000000443e .LASF126
C:\Users\CYMR90~1\AppData\Local\Temp\cc9MzFEW.s:3437   .debug_str:0000000000000b50 .LASF127
C:\Users\CYMR90~1\AppData\Local\Temp\cc9MzFEW.s:3651   .debug_str:0000000000001759 .LASF128
C:\Users\CYMR90~1\AppData\Local\Temp\cc9MzFEW.s:4791   .debug_str:0000000000005415 .LASF129
C:\Users\CYMR90~1\AppData\Local\Temp\cc9MzFEW.s:3485   .debug_str:0000000000000e4e .LASF130
C:\Users\CYMR90~1\AppData\Local\Temp\cc9MzFEW.s:3383   .debug_str:00000000000008c7 .LASF131
C:\Users\CYMR90~1\AppData\Local\Temp\cc9MzFEW.s:3421   .debug_str:0000000000000aa5 .LASF132
C:\Users\CYMR90~1\AppData\Local\Temp\cc9MzFEW.s:3451   .debug_str:0000000000000c69 .LASF133
C:\Users\CYMR90~1\AppData\Local\Temp\cc9MzFEW.s:3539   .debug_str:0000000000001125 .LASF134
C:\Users\CYMR90~1\AppData\Local\Temp\cc9MzFEW.s:4447   .debug_str:00000000000040c8 .LASF135
C:\Users\CYMR90~1\AppData\Local\Temp\cc9MzFEW.s:3443   .debug_str:0000000000000b8e .LASF136
C:\Users\CYMR90~1\AppData\Local\Temp\cc9MzFEW.s:4125   .debug_str:0000000000002f7b .LASF137
C:\Users\CYMR90~1\AppData\Local\Temp\cc9MzFEW.s:3361   .debug_str:00000000000007c1 .LASF138
C:\Users\CYMR90~1\AppData\Local\Temp\cc9MzFEW.s:4251   .debug_str:00000000000035e7 .LASF139
C:\Users\CYMR90~1\AppData\Local\Temp\cc9MzFEW.s:3951   .debug_str:00000000000026c9 .LASF140
C:\Users\CYMR90~1\AppData\Local\Temp\cc9MzFEW.s:4231   .debug_str:00000000000034e0 .LASF141
C:\Users\CYMR90~1\AppData\Local\Temp\cc9MzFEW.s:3969   .debug_str:000000000000279a .LASF142
C:\Users\CYMR90~1\AppData\Local\Temp\cc9MzFEW.s:3875   .debug_str:0000000000002300 .LASF143
C:\Users\CYMR90~1\AppData\Local\Temp\cc9MzFEW.s:4103   .debug_str:0000000000002e99 .LASF144
C:\Users\CYMR90~1\AppData\Local\Temp\cc9MzFEW.s:4023   .debug_str:0000000000002acf .LASF145
C:\Users\CYMR90~1\AppData\Local\Temp\cc9MzFEW.s:4221   .debug_str:0000000000003463 .LASF146
C:\Users\CYMR90~1\AppData\Local\Temp\cc9MzFEW.s:4207   .debug_str:0000000000003351 .LASF147
C:\Users\CYMR90~1\AppData\Local\Temp\cc9MzFEW.s:3575   .debug_str:0000000000001293 .LASF148
C:\Users\CYMR90~1\AppData\Local\Temp\cc9MzFEW.s:3541   .debug_str:0000000000001145 .LASF149
C:\Users\CYMR90~1\AppData\Local\Temp\cc9MzFEW.s:4581   .debug_str:0000000000004827 .LASF150
C:\Users\CYMR90~1\AppData\Local\Temp\cc9MzFEW.s:3579   .debug_str:00000000000012ed .LASF151
C:\Users\CYMR90~1\AppData\Local\Temp\cc9MzFEW.s:4233   .debug_str:00000000000034f6 .LASF152
C:\Users\CYMR90~1\AppData\Local\Temp\cc9MzFEW.s:3357   .debug_str:0000000000000766 .LASF153
C:\Users\CYMR90~1\AppData\Local\Temp\cc9MzFEW.s:4877   .debug_str:0000000000005890 .LASF154
C:\Users\CYMR90~1\AppData\Local\Temp\cc9MzFEW.s:3753   .debug_str:0000000000001cc0 .LASF155
C:\Users\CYMR90~1\AppData\Local\Temp\cc9MzFEW.s:4295   .debug_str:000000000000380f .LASF156
C:\Users\CYMR90~1\AppData\Local\Temp\cc9MzFEW.s:4085   .debug_str:0000000000002df7 .LASF157
C:\Users\CYMR90~1\AppData\Local\Temp\cc9MzFEW.s:3931   .debug_str:000000000000259e .LASF158
C:\Users\CYMR90~1\AppData\Local\Temp\cc9MzFEW.s:3601   .debug_str:0000000000001466 .LASF159
C:\Users\CYMR90~1\AppData\Local\Temp\cc9MzFEW.s:4975   .debug_str:0000000000005f6f .LASF160
C:\Users\CYMR90~1\AppData\Local\Temp\cc9MzFEW.s:4633   .debug_str:0000000000004afd .LASF161
C:\Users\CYMR90~1\AppData\Local\Temp\cc9MzFEW.s:4391   .debug_str:0000000000003d45 .LASF162
C:\Users\CYMR90~1\AppData\Local\Temp\cc9MzFEW.s:3393   .debug_str:0000000000000929 .LASF163
C:\Users\CYMR90~1\AppData\Local\Temp\cc9MzFEW.s:4015   .debug_str:0000000000002a7d .LASF164
C:\Users\CYMR90~1\AppData\Local\Temp\cc9MzFEW.s:3277   .debug_str:000000000000030c .LASF165
C:\Users\CYMR90~1\AppData\Local\Temp\cc9MzFEW.s:4717   .debug_str:0000000000004fb1 .LASF166
C:\Users\CYMR90~1\AppData\Local\Temp\cc9MzFEW.s:3863   .debug_str:0000000000002255 .LASF167
C:\Users\CYMR90~1\AppData\Local\Temp\cc9MzFEW.s:4731   .debug_str:0000000000005064 .LASF168
C:\Users\CYMR90~1\AppData\Local\Temp\cc9MzFEW.s:4565   .debug_str:000000000000472b .LASF169
C:\Users\CYMR90~1\AppData\Local\Temp\cc9MzFEW.s:4319   .debug_str:0000000000003942 .LASF170
C:\Users\CYMR90~1\AppData\Local\Temp\cc9MzFEW.s:4965   .debug_str:0000000000005e53 .LASF171
C:\Users\CYMR90~1\AppData\Local\Temp\cc9MzFEW.s:3761   .debug_str:0000000000001d56 .LASF172
C:\Users\CYMR90~1\AppData\Local\Temp\cc9MzFEW.s:4701   .debug_str:0000000000004eae .LASF173
C:\Users\CYMR90~1\AppData\Local\Temp\cc9MzFEW.s:4607   .debug_str:00000000000049ac .LASF174
C:\Users\CYMR90~1\AppData\Local\Temp\cc9MzFEW.s:4339   .debug_str:0000000000003a49 .LASF175
C:\Users\CYMR90~1\AppData\Local\Temp\cc9MzFEW.s:4967   .debug_str:0000000000005e9c .LASF176
C:\Users\CYMR90~1\AppData\Local\Temp\cc9MzFEW.s:3665   .debug_str:00000000000017f1 .LASF177
C:\Users\CYMR90~1\AppData\Local\Temp\cc9MzFEW.s:4589   .debug_str:0000000000004884 .LASF178
C:\Users\CYMR90~1\AppData\Local\Temp\cc9MzFEW.s:3683   .debug_str:000000000000194a .LASF179
C:\Users\CYMR90~1\AppData\Local\Temp\cc9MzFEW.s:3559   .debug_str:00000000000011ff .LASF180
C:\Users\CYMR90~1\AppData\Local\Temp\cc9MzFEW.s:3327   .debug_str:00000000000005fc .LASF181
C:\Users\CYMR90~1\AppData\Local\Temp\cc9MzFEW.s:3961   .debug_str:0000000000002746 .LASF182
C:\Users\CYMR90~1\AppData\Local\Temp\cc9MzFEW.s:4271   .debug_str:00000000000036f6 .LASF183
C:\Users\CYMR90~1\AppData\Local\Temp\cc9MzFEW.s:3677   .debug_str:00000000000018e4 .LASF184
C:\Users\CYMR90~1\AppData\Local\Temp\cc9MzFEW.s:4849   .debug_str:0000000000005731 .LASF185
C:\Users\CYMR90~1\AppData\Local\Temp\cc9MzFEW.s:3971   .debug_str:00000000000027bb .LASF186
C:\Users\CYMR90~1\AppData\Local\Temp\cc9MzFEW.s:3525   .debug_str:000000000000105c .LASF187
C:\Users\CYMR90~1\AppData\Local\Temp\cc9MzFEW.s:4421   .debug_str:0000000000003f30 .LASF188
C:\Users\CYMR90~1\AppData\Local\Temp\cc9MzFEW.s:3833   .debug_str:00000000000020cd .LASF189
C:\Users\CYMR90~1\AppData\Local\Temp\cc9MzFEW.s:4115   .debug_str:0000000000002f09 .LASF190
C:\Users\CYMR90~1\AppData\Local\Temp\cc9MzFEW.s:4365   .debug_str:0000000000003b86 .LASF191
C:\Users\CYMR90~1\AppData\Local\Temp\cc9MzFEW.s:4841   .debug_str:00000000000056d6 .LASF192
C:\Users\CYMR90~1\AppData\Local\Temp\cc9MzFEW.s:4497   .debug_str:0000000000004359 .LASF193
C:\Users\CYMR90~1\AppData\Local\Temp\cc9MzFEW.s:4051   .debug_str:0000000000002c3f .LASF194
C:\Users\CYMR90~1\AppData\Local\Temp\cc9MzFEW.s:4171   .debug_str:00000000000031a4 .LASF195
C:\Users\CYMR90~1\AppData\Local\Temp\cc9MzFEW.s:4083   .debug_str:0000000000002de0 .LASF196
C:\Users\CYMR90~1\AppData\Local\Temp\cc9MzFEW.s:3805   .debug_str:0000000000001f6c .LASF197
C:\Users\CYMR90~1\AppData\Local\Temp\cc9MzFEW.s:3305   .debug_str:00000000000004b6 .LASF198
C:\Users\CYMR90~1\AppData\Local\Temp\cc9MzFEW.s:4403   .debug_str:0000000000003dd1 .LASF199
C:\Users\CYMR90~1\AppData\Local\Temp\cc9MzFEW.s:4681   .debug_str:0000000000004d3c .LASF200
C:\Users\CYMR90~1\AppData\Local\Temp\cc9MzFEW.s:3975   .debug_str:0000000000002818 .LASF201
C:\Users\CYMR90~1\AppData\Local\Temp\cc9MzFEW.s:4487   .debug_str:00000000000042a8 .LASF202
C:\Users\CYMR90~1\AppData\Local\Temp\cc9MzFEW.s:3769   .debug_str:0000000000001dad .LASF203
C:\Users\CYMR90~1\AppData\Local\Temp\cc9MzFEW.s:3371   .debug_str:0000000000000851 .LASF204
C:\Users\CYMR90~1\AppData\Local\Temp\cc9MzFEW.s:4943   .debug_str:0000000000005c68 .LASF205
C:\Users\CYMR90~1\AppData\Local\Temp\cc9MzFEW.s:4533   .debug_str:00000000000045e7 .LASF206
C:\Users\CYMR90~1\AppData\Local\Temp\cc9MzFEW.s:4405   .debug_str:0000000000003e10 .LASF207
C:\Users\CYMR90~1\AppData\Local\Temp\cc9MzFEW.s:3365   .debug_str:00000000000007ec .LASF208
C:\Users\CYMR90~1\AppData\Local\Temp\cc9MzFEW.s:4323   .debug_str:000000000000399a .LASF209
C:\Users\CYMR90~1\AppData\Local\Temp\cc9MzFEW.s:3519   .debug_str:0000000000000ff5 .LASF210
C:\Users\CYMR90~1\AppData\Local\Temp\cc9MzFEW.s:3345   .debug_str:00000000000006e6 .LASF211
C:\Users\CYMR90~1\AppData\Local\Temp\cc9MzFEW.s:3299   .debug_str:0000000000000472 .LASF212
C:\Users\CYMR90~1\AppData\Local\Temp\cc9MzFEW.s:4385   .debug_str:0000000000003cb8 .LASF213
C:\Users\CYMR90~1\AppData\Local\Temp\cc9MzFEW.s:4699   .debug_str:0000000000004e6e .LASF214
C:\Users\CYMR90~1\AppData\Local\Temp\cc9MzFEW.s:3339   .debug_str:000000000000067b .LASF215
C:\Users\CYMR90~1\AppData\Local\Temp\cc9MzFEW.s:3637   .debug_str:0000000000001693 .LASF216
C:\Users\CYMR90~1\AppData\Local\Temp\cc9MzFEW.s:3591   .debug_str:00000000000013b0 .LASF217
C:\Users\CYMR90~1\AppData\Local\Temp\cc9MzFEW.s:4783   .debug_str:00000000000053c3 .LASF218
C:\Users\CYMR90~1\AppData\Local\Temp\cc9MzFEW.s:4107   .debug_str:0000000000002eb5 .LASF219
C:\Users\CYMR90~1\AppData\Local\Temp\cc9MzFEW.s:3827   .debug_str:000000000000207b .LASF220
C:\Users\CYMR90~1\AppData\Local\Temp\cc9MzFEW.s:4705   .debug_str:0000000000004ee3 .LASF221
C:\Users\CYMR90~1\AppData\Local\Temp\cc9MzFEW.s:4871   .debug_str:0000000000005856 .LASF222
C:\Users\CYMR90~1\AppData\Local\Temp\cc9MzFEW.s:3411   .debug_str:00000000000009f3 .LASF223
C:\Users\CYMR90~1\AppData\Local\Temp\cc9MzFEW.s:3377   .debug_str:0000000000000896 .LASF224
C:\Users\CYMR90~1\AppData\Local\Temp\cc9MzFEW.s:4133   .debug_str:0000000000002fdd .LASF225
C:\Users\CYMR90~1\AppData\Local\Temp\cc9MzFEW.s:3621   .debug_str:00000000000015d7 .LASF226
C:\Users\CYMR90~1\AppData\Local\Temp\cc9MzFEW.s:3385   .debug_str:00000000000008df .LASF227
C:\Users\CYMR90~1\AppData\Local\Temp\cc9MzFEW.s:4815   .debug_str:000000000000558b .LASF228
C:\Users\CYMR90~1\AppData\Local\Temp\cc9MzFEW.s:3577   .debug_str:00000000000012ac .LASF229
C:\Users\CYMR90~1\AppData\Local\Temp\cc9MzFEW.s:4039   .debug_str:0000000000002b8c .LASF230
C:\Users\CYMR90~1\AppData\Local\Temp\cc9MzFEW.s:4657   .debug_str:0000000000004c13 .LASF231
C:\Users\CYMR90~1\AppData\Local\Temp\cc9MzFEW.s:4411   .debug_str:0000000000003e6c .LASF232
C:\Users\CYMR90~1\AppData\Local\Temp\cc9MzFEW.s:4219   .debug_str:000000000000344c .LASF233
C:\Users\CYMR90~1\AppData\Local\Temp\cc9MzFEW.s:3235   .debug_str:0000000000000114 .LASF234
C:\Users\CYMR90~1\AppData\Local\Temp\cc9MzFEW.s:4209   .debug_str:0000000000003368 .LASF235
C:\Users\CYMR90~1\AppData\Local\Temp\cc9MzFEW.s:4751   .debug_str:0000000000005193 .LASF236
C:\Users\CYMR90~1\AppData\Local\Temp\cc9MzFEW.s:4379   .debug_str:0000000000003c3b .LASF237
C:\Users\CYMR90~1\AppData\Local\Temp\cc9MzFEW.s:3505   .debug_str:0000000000000f40 .LASF238
C:\Users\CYMR90~1\AppData\Local\Temp\cc9MzFEW.s:3221   .debug_str:0000000000000066 .LASF239
C:\Users\CYMR90~1\AppData\Local\Temp\cc9MzFEW.s:3777   .debug_str:0000000000001e11 .LASF240
C:\Users\CYMR90~1\AppData\Local\Temp\cc9MzFEW.s:4249   .debug_str:00000000000035cc .LASF241
C:\Users\CYMR90~1\AppData\Local\Temp\cc9MzFEW.s:3233   .debug_str:00000000000000fa .LASF242
C:\Users\CYMR90~1\AppData\Local\Temp\cc9MzFEW.s:4807   .debug_str:00000000000054f7 .LASF243
C:\Users\CYMR90~1\AppData\Local\Temp\cc9MzFEW.s:3459   .debug_str:0000000000000cbc .LASF244
C:\Users\CYMR90~1\AppData\Local\Temp\cc9MzFEW.s:3705   .debug_str:0000000000001a69 .LASF245
C:\Users\CYMR90~1\AppData\Local\Temp\cc9MzFEW.s:4241   .debug_str:000000000000355d .LASF246
C:\Users\CYMR90~1\AppData\Local\Temp\cc9MzFEW.s:4617   .debug_str:0000000000004a1d .LASF247
C:\Users\CYMR90~1\AppData\Local\Temp\cc9MzFEW.s:4067   .debug_str:0000000000002cd9 .LASF248
C:\Users\CYMR90~1\AppData\Local\Temp\cc9MzFEW.s:4445   .debug_str:00000000000040ae .LASF249
C:\Users\CYMR90~1\AppData\Local\Temp\cc9MzFEW.s:3317   .debug_str:000000000000056f .LASF250
C:\Users\CYMR90~1\AppData\Local\Temp\cc9MzFEW.s:4925   .debug_str:0000000000005b4f .LASF251
C:\Users\CYMR90~1\AppData\Local\Temp\cc9MzFEW.s:4499   .debug_str:0000000000004371 .LASF252
C:\Users\CYMR90~1\AppData\Local\Temp\cc9MzFEW.s:4297   .debug_str:000000000000384d .LASF253
C:\Users\CYMR90~1\AppData\Local\Temp\cc9MzFEW.s:4055   .debug_str:0000000000002c6d .LASF254
C:\Users\CYMR90~1\AppData\Local\Temp\cc9MzFEW.s:3917   .debug_str:00000000000024e1 .LASF255
C:\Users\CYMR90~1\AppData\Local\Temp\cc9MzFEW.s:4081   .debug_str:0000000000002dc6 .LASF256
C:\Users\CYMR90~1\AppData\Local\Temp\cc9MzFEW.s:3487   .debug_str:0000000000000e76 .LASF257
C:\Users\CYMR90~1\AppData\Local\Temp\cc9MzFEW.s:4217   .debug_str:000000000000340e .LASF258
C:\Users\CYMR90~1\AppData\Local\Temp\cc9MzFEW.s:4181   .debug_str:000000000000320f .LASF259
C:\Users\CYMR90~1\AppData\Local\Temp\cc9MzFEW.s:4425   .debug_str:0000000000003f6b .LASF260
C:\Users\CYMR90~1\AppData\Local\Temp\cc9MzFEW.s:4599   .debug_str:000000000000493d .LASF261
C:\Users\CYMR90~1\AppData\Local\Temp\cc9MzFEW.s:3619   .debug_str:0000000000001592 .LASF262
C:\Users\CYMR90~1\AppData\Local\Temp\cc9MzFEW.s:4021   .debug_str:0000000000002ab7 .LASF263
C:\Users\CYMR90~1\AppData\Local\Temp\cc9MzFEW.s:3471   .debug_str:0000000000000d91 .LASF264
C:\Users\CYMR90~1\AppData\Local\Temp\cc9MzFEW.s:3489   .debug_str:0000000000000e90 .LASF265
C:\Users\CYMR90~1\AppData\Local\Temp\cc9MzFEW.s:4005   .debug_str:00000000000029f4 .LASF266
C:\Users\CYMR90~1\AppData\Local\Temp\cc9MzFEW.s:3261   .debug_str:000000000000022c .LASF267
C:\Users\CYMR90~1\AppData\Local\Temp\cc9MzFEW.s:4401   .debug_str:0000000000003db5 .LASF268
C:\Users\CYMR90~1\AppData\Local\Temp\cc9MzFEW.s:3963   .debug_str:000000000000275e .LASF269
C:\Users\CYMR90~1\AppData\Local\Temp\cc9MzFEW.s:3921   .debug_str:000000000000250e .LASF270
C:\Users\CYMR90~1\AppData\Local\Temp\cc9MzFEW.s:3431   .debug_str:0000000000000b14 .LASF271
C:\Users\CYMR90~1\AppData\Local\Temp\cc9MzFEW.s:3301   .debug_str:000000000000048a .LASF272
C:\Users\CYMR90~1\AppData\Local\Temp\cc9MzFEW.s:3325   .debug_str:00000000000005bd .LASF273
C:\Users\CYMR90~1\AppData\Local\Temp\cc9MzFEW.s:4211   .debug_str:0000000000003382 .LASF274
C:\Users\CYMR90~1\AppData\Local\Temp\cc9MzFEW.s:4569   .debug_str:000000000000477e .LASF275
C:\Users\CYMR90~1\AppData\Local\Temp\cc9MzFEW.s:3265   .debug_str:0000000000000262 .LASF276
C:\Users\CYMR90~1\AppData\Local\Temp\cc9MzFEW.s:4389   .debug_str:0000000000003cff .LASF277
C:\Users\CYMR90~1\AppData\Local\Temp\cc9MzFEW.s:3517   .debug_str:0000000000000fdd .LASF278
C:\Users\CYMR90~1\AppData\Local\Temp\cc9MzFEW.s:3857   .debug_str:00000000000021fa .LASF279
C:\Users\CYMR90~1\AppData\Local\Temp\cc9MzFEW.s:4377   .debug_str:0000000000003c20 .LASF280
C:\Users\CYMR90~1\AppData\Local\Temp\cc9MzFEW.s:3919   .debug_str:00000000000024f9 .LASF281
C:\Users\CYMR90~1\AppData\Local\Temp\cc9MzFEW.s:3889   .debug_str:0000000000002385 .LASF282
C:\Users\CYMR90~1\AppData\Local\Temp\cc9MzFEW.s:4855   .debug_str:00000000000057bf .LASF283
C:\Users\CYMR90~1\AppData\Local\Temp\cc9MzFEW.s:4689   .debug_str:0000000000004dfd .LASF284
C:\Users\CYMR90~1\AppData\Local\Temp\cc9MzFEW.s:4423   .debug_str:0000000000003f46 .LASF285
C:\Users\CYMR90~1\AppData\Local\Temp\cc9MzFEW.s:3515   .debug_str:0000000000000fbf .LASF286
C:\Users\CYMR90~1\AppData\Local\Temp\cc9MzFEW.s:4299   .debug_str:0000000000003868 .LASF287
C:\Users\CYMR90~1\AppData\Local\Temp\cc9MzFEW.s:4007   .debug_str:0000000000002a0c .LASF288
C:\Users\CYMR90~1\AppData\Local\Temp\cc9MzFEW.s:3605   .debug_str:0000000000001494 .LASF289
C:\Users\CYMR90~1\AppData\Local\Temp\cc9MzFEW.s:3227   .debug_str:00000000000000ae .LASF290
C:\Users\CYMR90~1\AppData\Local\Temp\cc9MzFEW.s:3809   .debug_str:0000000000001fa1 .LASF291
C:\Users\CYMR90~1\AppData\Local\Temp\cc9MzFEW.s:4595   .debug_str:000000000000490f .LASF292
C:\Users\CYMR90~1\AppData\Local\Temp\cc9MzFEW.s:4089   .debug_str:0000000000002e22 .LASF293
C:\Users\CYMR90~1\AppData\Local\Temp\cc9MzFEW.s:4127   .debug_str:0000000000002f8f .LASF294
C:\Users\CYMR90~1\AppData\Local\Temp\cc9MzFEW.s:4755   .debug_str:000000000000520c .LASF295
C:\Users\CYMR90~1\AppData\Local\Temp\cc9MzFEW.s:3903   .debug_str:000000000000242d .LASF296
C:\Users\CYMR90~1\AppData\Local\Temp\cc9MzFEW.s:3939   .debug_str:00000000000025f9 .LASF297
C:\Users\CYMR90~1\AppData\Local\Temp\cc9MzFEW.s:3707   .debug_str:0000000000001aa8 .LASF298
C:\Users\CYMR90~1\AppData\Local\Temp\cc9MzFEW.s:4155   .debug_str:0000000000003104 .LASF299
C:\Users\CYMR90~1\AppData\Local\Temp\cc9MzFEW.s:4771   .debug_str:00000000000052fb .LASF300
C:\Users\CYMR90~1\AppData\Local\Temp\cc9MzFEW.s:4257   .debug_str:0000000000003652 .LASF301
C:\Users\CYMR90~1\AppData\Local\Temp\cc9MzFEW.s:3219   .debug_str:000000000000005c .LASF302
C:\Users\CYMR90~1\AppData\Local\Temp\cc9MzFEW.s:4897   .debug_str:00000000000059b4 .LASF303
C:\Users\CYMR90~1\AppData\Local\Temp\cc9MzFEW.s:4567   .debug_str:000000000000476d .LASF304
C:\Users\CYMR90~1\AppData\Local\Temp\cc9MzFEW.s:3609   .debug_str:00000000000014eb .LASF305
C:\Users\CYMR90~1\AppData\Local\Temp\cc9MzFEW.s:3545   .debug_str:000000000000116b .LASF306
C:\Users\CYMR90~1\AppData\Local\Temp\cc9MzFEW.s:3479   .debug_str:0000000000000e22 .LASF307
C:\Users\CYMR90~1\AppData\Local\Temp\cc9MzFEW.s:4513   .debug_str:0000000000004470 .LASF308
C:\Users\CYMR90~1\AppData\Local\Temp\cc9MzFEW.s:3223   .debug_str:0000000000000084 .LASF309
C:\Users\CYMR90~1\AppData\Local\Temp\cc9MzFEW.s:3407   .debug_str:00000000000009cb .LASF310
C:\Users\CYMR90~1\AppData\Local\Temp\cc9MzFEW.s:3531   .debug_str:00000000000010be .LASF311
C:\Users\CYMR90~1\AppData\Local\Temp\cc9MzFEW.s:4061   .debug_str:0000000000002ca8 .LASF312
C:\Users\CYMR90~1\AppData\Local\Temp\cc9MzFEW.s:4747   .debug_str:000000000000516c .LASF313
C:\Users\CYMR90~1\AppData\Local\Temp\cc9MzFEW.s:4087   .debug_str:0000000000002e0c .LASF318
C:\Users\CYMR90~1\AppData\Local\Temp\cc9MzFEW.s:3641   .debug_str:00000000000016f1 .LASF319
C:\Users\CYMR90~1\AppData\Local\Temp\cc9MzFEW.s:3571   .debug_str:000000000000127e .LASF320
C:\Users\CYMR90~1\AppData\Local\Temp\cc9MzFEW.s:4203   .debug_str:000000000000332d .LASF321
C:\Users\CYMR90~1\AppData\Local\Temp\cc9MzFEW.s:4453   .debug_str:0000000000004114 .LASF322
C:\Users\CYMR90~1\AppData\Local\Temp\cc9MzFEW.s:4561   .debug_str:00000000000046ff .LASF323
C:\Users\CYMR90~1\AppData\Local\Temp\cc9MzFEW.s:3469   .debug_str:0000000000000d7c .LASF324
C:\Users\CYMR90~1\AppData\Local\Temp\cc9MzFEW.s:4737   .debug_str:00000000000050d4 .LASF325
C:\Users\CYMR90~1\AppData\Local\Temp\cc9MzFEW.s:4649   .debug_str:0000000000004bad .LASF326
C:\Users\CYMR90~1\AppData\Local\Temp\cc9MzFEW.s:4843   .debug_str:00000000000056e6 .LASF327
C:\Users\CYMR90~1\AppData\Local\Temp\cc9MzFEW.s:3767   .debug_str:0000000000001d9f .LASF328
C:\Users\CYMR90~1\AppData\Local\Temp\cc9MzFEW.s:3509   .debug_str:0000000000000f74 .LASF329
C:\Users\CYMR90~1\AppData\Local\Temp\cc9MzFEW.s:3595   .debug_str:0000000000001401 .LASF330
C:\Users\CYMR90~1\AppData\Local\Temp\cc9MzFEW.s:4145   .debug_str:0000000000003050 .LASF331
C:\Users\CYMR90~1\AppData\Local\Temp\cc9MzFEW.s:4225   .debug_str:0000000000003499 .LASF332
C:\Users\CYMR90~1\AppData\Local\Temp\cc9MzFEW.s:4363   .debug_str:0000000000003b70 .LASF333
C:\Users\CYMR90~1\AppData\Local\Temp\cc9MzFEW.s:4787   .debug_str:00000000000053f3 .LASF334
C:\Users\CYMR90~1\AppData\Local\Temp\cc9MzFEW.s:4285   .debug_str:00000000000037b4 .LASF335
C:\Users\CYMR90~1\AppData\Local\Temp\cc9MzFEW.s:4293   .debug_str:00000000000037f9 .LASF337
C:\Users\CYMR90~1\AppData\Local\Temp\cc9MzFEW.s:4277   .debug_str:0000000000003752 .LASF338
C:\Users\CYMR90~1\AppData\Local\Temp\cc9MzFEW.s:3831   .debug_str:00000000000020a5 .LASF339
C:\Users\CYMR90~1\AppData\Local\Temp\cc9MzFEW.s:3697   .debug_str:00000000000019f5 .LASF340
C:\Users\CYMR90~1\AppData\Local\Temp\cc9MzFEW.s:3463   .debug_str:0000000000000d0a .LASF341
C:\Users\CYMR90~1\AppData\Local\Temp\cc9MzFEW.s:4759   .debug_str:0000000000005248 .LASF342
C:\Users\CYMR90~1\AppData\Local\Temp\cc9MzFEW.s:4011   .debug_str:0000000000002a52 .LASF343
C:\Users\CYMR90~1\AppData\Local\Temp\cc9MzFEW.s:3993   .debug_str:000000000000292b .LASF344
C:\Users\CYMR90~1\AppData\Local\Temp\cc9MzFEW.s:3959   .debug_str:0000000000002738 .LASF345
C:\Users\CYMR90~1\AppData\Local\Temp\cc9MzFEW.s:4847   .debug_str:0000000000005721 .LASF346
C:\Users\CYMR90~1\AppData\Local\Temp\cc9MzFEW.s:4971   .debug_str:0000000000005f39 .LASF347
C:\Users\CYMR90~1\AppData\Local\Temp\cc9MzFEW.s:3535   .debug_str:00000000000010ea .LASF348
C:\Users\CYMR90~1\AppData\Local\Temp\cc9MzFEW.s:3897   .debug_str:00000000000023ed .LASF349
C:\Users\CYMR90~1\AppData\Local\Temp\cc9MzFEW.s:4175   .debug_str:00000000000031c2 .LASF350
C:\Users\CYMR90~1\AppData\Local\Temp\cc9MzFEW.s:4301   .debug_str:0000000000003886 .LASF351
C:\Users\CYMR90~1\AppData\Local\Temp\cc9MzFEW.s:4159   .debug_str:000000000000312b .LASF352
C:\Users\CYMR90~1\AppData\Local\Temp\cc9MzFEW.s:4481   .debug_str:000000000000426e .LASF353
C:\Users\CYMR90~1\AppData\Local\Temp\cc9MzFEW.s:4327   .debug_str:00000000000039cb .LASF354
C:\Users\CYMR90~1\AppData\Local\Temp\cc9MzFEW.s:3567   .debug_str:0000000000001259 .LASF355
C:\Users\CYMR90~1\AppData\Local\Temp\cc9MzFEW.s:4413   .debug_str:0000000000003eaf .LASF356
C:\Users\CYMR90~1\AppData\Local\Temp\cc9MzFEW.s:3283   .debug_str:0000000000000356 .LASF357
C:\Users\CYMR90~1\AppData\Local\Temp\cc9MzFEW.s:3217   .debug_str:000000000000004b .LASF358
C:\Users\CYMR90~1\AppData\Local\Temp\cc9MzFEW.s:4749   .debug_str:0000000000005183 .LASF359
C:\Users\CYMR90~1\AppData\Local\Temp\cc9MzFEW.s:4743   .debug_str:000000000000513a .LASF360
C:\Users\CYMR90~1\AppData\Local\Temp\cc9MzFEW.s:4729   .debug_str:0000000000005043 .LASF361
C:\Users\CYMR90~1\AppData\Local\Temp\cc9MzFEW.s:4315   .debug_str:000000000000391f .LASF362
C:\Users\CYMR90~1\AppData\Local\Temp\cc9MzFEW.s:3447   .debug_str:0000000000000c17 .LASF363
C:\Users\CYMR90~1\AppData\Local\Temp\cc9MzFEW.s:4325   .debug_str:00000000000039b5 .LASF364
C:\Users\CYMR90~1\AppData\Local\Temp\cc9MzFEW.s:4273   .debug_str:0000000000003730 .LASF365
C:\Users\CYMR90~1\AppData\Local\Temp\cc9MzFEW.s:4287   .debug_str:00000000000037c8 .LASF366
C:\Users\CYMR90~1\AppData\Local\Temp\cc9MzFEW.s:3549   .debug_str:0000000000001184 .LASF367
C:\Users\CYMR90~1\AppData\Local\Temp\cc9MzFEW.s:4309   .debug_str:00000000000038d8 .LASF368
C:\Users\CYMR90~1\AppData\Local\Temp\cc9MzFEW.s:3785   .debug_str:0000000000001ea3 .LASF369
C:\Users\CYMR90~1\AppData\Local\Temp\cc9MzFEW.s:3423   .debug_str:0000000000000ac4 .LASF370
C:\Users\CYMR90~1\AppData\Local\Temp\cc9MzFEW.s:3241   .debug_str:000000000000015e .LASF371
C:\Users\CYMR90~1\AppData\Local\Temp\cc9MzFEW.s:4697   .debug_str:0000000000004e46 .LASF372
C:\Users\CYMR90~1\AppData\Local\Temp\cc9MzFEW.s:3815   .debug_str:0000000000001fe0 .LASF373
C:\Users\CYMR90~1\AppData\Local\Temp\cc9MzFEW.s:3499   .debug_str:0000000000000efe .LASF374
C:\Users\CYMR90~1\AppData\Local\Temp\cc9MzFEW.s:4611   .debug_str:00000000000049d0 .LASF375
C:\Users\CYMR90~1\AppData\Local\Temp\cc9MzFEW.s:3727   .debug_str:0000000000001bac .LASF376
C:\Users\CYMR90~1\AppData\Local\Temp\cc9MzFEW.s:4639   .debug_str:0000000000004b39 .LASF377
C:\Users\CYMR90~1\AppData\Local\Temp\cc9MzFEW.s:4335   .debug_str:0000000000003a1e .LASF379
C:\Users\CYMR90~1\AppData\Local\Temp\cc9MzFEW.s:3341   .debug_str:00000000000006b6 .LASF380
C:\Users\CYMR90~1\AppData\Local\Temp\cc9MzFEW.s:4511   .debug_str:000000000000445c .LASF381
C:\Users\CYMR90~1\AppData\Local\Temp\cc9MzFEW.s:4721   .debug_str:0000000000004fd7 .LASF382
C:\Users\CYMR90~1\AppData\Local\Temp\cc9MzFEW.s:3941   .debug_str:0000000000002615 .LASF383
C:\Users\CYMR90~1\AppData\Local\Temp\cc9MzFEW.s:4557   .debug_str:00000000000046d5 .LASF384
C:\Users\CYMR90~1\AppData\Local\Temp\cc9MzFEW.s:4143   .debug_str:000000000000303b .LASF385
C:\Users\CYMR90~1\AppData\Local\Temp\cc9MzFEW.s:4419   .debug_str:0000000000003f1b .LASF386
C:\Users\CYMR90~1\AppData\Local\Temp\cc9MzFEW.s:4261   .debug_str:000000000000367e .LASF387
C:\Users\CYMR90~1\AppData\Local\Temp\cc9MzFEW.s:3491   .debug_str:0000000000000eab .LASF388
C:\Users\CYMR90~1\AppData\Local\Temp\cc9MzFEW.s:3883   .debug_str:0000000000002352 .LASF389
C:\Users\CYMR90~1\AppData\Local\Temp\cc9MzFEW.s:4167   .debug_str:0000000000003177 .LASF390
C:\Users\CYMR90~1\AppData\Local\Temp\cc9MzFEW.s:4237   .debug_str:0000000000003540 .LASF391
C:\Users\CYMR90~1\AppData\Local\Temp\cc9MzFEW.s:4119   .debug_str:0000000000002f39 .LASF392
C:\Users\CYMR90~1\AppData\Local\Temp\cc9MzFEW.s:4043   .debug_str:0000000000002bdf .LASF393
C:\Users\CYMR90~1\AppData\Local\Temp\cc9MzFEW.s:4247   .debug_str:00000000000035c0 .LASF394
C:\Users\CYMR90~1\AppData\Local\Temp\cc9MzFEW.s:4483   .debug_str:000000000000427e .LASF395
C:\Users\CYMR90~1\AppData\Local\Temp\cc9MzFEW.s:3501   .debug_str:0000000000000f27 .LASF396
C:\Users\CYMR90~1\AppData\Local\Temp\cc9MzFEW.s:3369   .debug_str:0000000000000840 .LASF397
C:\Users\CYMR90~1\AppData\Local\Temp\cc9MzFEW.s:4027   .debug_str:0000000000002afb .LASF398
C:\Users\CYMR90~1\AppData\Local\Temp\cc9MzFEW.s:4337   .debug_str:0000000000003a39 .LASF399
C:\Users\CYMR90~1\AppData\Local\Temp\cc9MzFEW.s:4259   .debug_str:0000000000003669 .LASF400
C:\Users\CYMR90~1\AppData\Local\Temp\cc9MzFEW.s:4069   .debug_str:0000000000002cf1 .LASF401
C:\Users\CYMR90~1\AppData\Local\Temp\cc9MzFEW.s:3503   .debug_str:0000000000000f34 .LASF402
C:\Users\CYMR90~1\AppData\Local\Temp\cc9MzFEW.s:3337   .debug_str:000000000000066f .LASF403
C:\Users\CYMR90~1\AppData\Local\Temp\cc9MzFEW.s:4345   .debug_str:0000000000003a97 .LASF404
C:\Users\CYMR90~1\AppData\Local\Temp\cc9MzFEW.s:4109   .debug_str:0000000000002ece .LASF405
C:\Users\CYMR90~1\AppData\Local\Temp\cc9MzFEW.s:3967   .debug_str:0000000000002790 .LASF406
C:\Users\CYMR90~1\AppData\Local\Temp\cc9MzFEW.s:3391   .debug_str:0000000000000920 .LASF407
C:\Users\CYMR90~1\AppData\Local\Temp\cc9MzFEW.s:4393   .debug_str:0000000000003d5d .LASF408
C:\Users\CYMR90~1\AppData\Local\Temp\cc9MzFEW.s:4101   .debug_str:0000000000002e8f .LASF409
C:\Users\CYMR90~1\AppData\Local\Temp\cc9MzFEW.s:4529   .debug_str:00000000000045bf .LASF410
C:\Users\CYMR90~1\AppData\Local\Temp\cc9MzFEW.s:4201   .debug_str:000000000000331b .LASF411
C:\Users\CYMR90~1\AppData\Local\Temp\cc9MzFEW.s:4477   .debug_str:0000000000004244 .LASF412
C:\Users\CYMR90~1\AppData\Local\Temp\cc9MzFEW.s:3627   .debug_str:0000000000001625 .LASF413
C:\Users\CYMR90~1\AppData\Local\Temp\cc9MzFEW.s:4805   .debug_str:00000000000054e5 .LASF414
C:\Users\CYMR90~1\AppData\Local\Temp\cc9MzFEW.s:3631   .debug_str:000000000000165d .LASF415
C:\Users\CYMR90~1\AppData\Local\Temp\cc9MzFEW.s:4817   .debug_str:00000000000055c7 .LASF416
C:\Users\CYMR90~1\AppData\Local\Temp\cc9MzFEW.s:4605   .debug_str:00000000000049a3 .LASF417
C:\Users\CYMR90~1\AppData\Local\Temp\cc9MzFEW.s:3379   .debug_str:00000000000008b2 .LASF418
C:\Users\CYMR90~1\AppData\Local\Temp\cc9MzFEW.s:3813   .debug_str:0000000000001fd2 .LASF419
C:\Users\CYMR90~1\AppData\Local\Temp\cc9MzFEW.s:3885   .debug_str:000000000000236d .LASF420
C:\Users\CYMR90~1\AppData\Local\Temp\cc9MzFEW.s:3643   .debug_str:0000000000001709 .LASF421
C:\Users\CYMR90~1\AppData\Local\Temp\cc9MzFEW.s:4463   .debug_str:000000000000418b .LASF422
C:\Users\CYMR90~1\AppData\Local\Temp\cc9MzFEW.s:4173   .debug_str:00000000000031b9 .LASF423
C:\Users\CYMR90~1\AppData\Local\Temp\cc9MzFEW.s:4355   .debug_str:0000000000003ae9 .LASF424
C:\Users\CYMR90~1\AppData\Local\Temp\cc9MzFEW.s:3593   .debug_str:00000000000013f2 .LASF425
C:\Users\CYMR90~1\AppData\Local\Temp\cc9MzFEW.s:4881   .debug_str:00000000000058de .LASF426
C:\Users\CYMR90~1\AppData\Local\Temp\cc9MzFEW.s:4079   .debug_str:0000000000002db0 .LASF427
C:\Users\CYMR90~1\AppData\Local\Temp\cc9MzFEW.s:3457   .debug_str:0000000000000ca8 .LASF428
C:\Users\CYMR90~1\AppData\Local\Temp\cc9MzFEW.s:3625   .debug_str:0000000000001602 .LASF429
C:\Users\CYMR90~1\AppData\Local\Temp\cc9MzFEW.s:4725   .debug_str:0000000000005021 .LASF430
C:\Users\CYMR90~1\AppData\Local\Temp\cc9MzFEW.s:3381   .debug_str:00000000000008bc .LASF431
C:\Users\CYMR90~1\AppData\Local\Temp\cc9MzFEW.s:4977   .debug_str:0000000000005f83 .LASF432
C:\Users\CYMR90~1\AppData\Local\Temp\cc9MzFEW.s:4609   .debug_str:00000000000049c4 .LASF433
C:\Users\CYMR90~1\AppData\Local\Temp\cc9MzFEW.s:3425   .debug_str:0000000000000ace .LASF434
C:\Users\CYMR90~1\AppData\Local\Temp\cc9MzFEW.s:3755   .debug_str:0000000000001cfa .LASF435
C:\Users\CYMR90~1\AppData\Local\Temp\cc9MzFEW.s:4427   .debug_str:0000000000003fa9 .LASF436
C:\Users\CYMR90~1\AppData\Local\Temp\cc9MzFEW.s:4659   .debug_str:0000000000004c52 .LASF437
C:\Users\CYMR90~1\AppData\Local\Temp\cc9MzFEW.s:3843   .debug_str:000000000000213c .LASF438
C:\Users\CYMR90~1\AppData\Local\Temp\cc9MzFEW.s:4037   .debug_str:0000000000002b69 .LASF439
C:\Users\CYMR90~1\AppData\Local\Temp\cc9MzFEW.s:3269   .debug_str:00000000000002bf .LASF440
C:\Users\CYMR90~1\AppData\Local\Temp\cc9MzFEW.s:4677   .debug_str:0000000000004d14 .LASF441
C:\Users\CYMR90~1\AppData\Local\Temp\cc9MzFEW.s:3211   .debug_str:0000000000000000 .LASF442
C:\Users\CYMR90~1\AppData\Local\Temp\cc9MzFEW.s:4655   .debug_str:0000000000004bf0 .LASF443
C:\Users\CYMR90~1\AppData\Local\Temp\cc9MzFEW.s:4471   .debug_str:00000000000041fb .LASF444
C:\Users\CYMR90~1\AppData\Local\Temp\cc9MzFEW.s:3807   .debug_str:0000000000001f84 .LASF445
C:\Users\CYMR90~1\AppData\Local\Temp\cc9MzFEW.s:4745   .debug_str:0000000000005150 .LASF446
C:\Users\CYMR90~1\AppData\Local\Temp\cc9MzFEW.s:4797   .debug_str:000000000000544b .LASF447
C:\Users\CYMR90~1\AppData\Local\Temp\cc9MzFEW.s:4141   .debug_str:000000000000301c .LASF448
C:\Users\CYMR90~1\AppData\Local\Temp\cc9MzFEW.s:4901   .debug_str:0000000000005a07 .LASF449
C:\Users\CYMR90~1\AppData\Local\Temp\cc9MzFEW.s:3703   .debug_str:0000000000001a4b .LASF450
C:\Users\CYMR90~1\AppData\Local\Temp\cc9MzFEW.s:3639   .debug_str:00000000000016d1 .LASF451
C:\Users\CYMR90~1\AppData\Local\Temp\cc9MzFEW.s:4191   .debug_str:00000000000032b4 .LASF452
C:\Users\CYMR90~1\AppData\Local\Temp\cc9MzFEW.s:3837   .debug_str:00000000000020f9 .LASF453
C:\Users\CYMR90~1\AppData\Local\Temp\cc9MzFEW.s:3765   .debug_str:0000000000001d86 .LASF454
C:\Users\CYMR90~1\AppData\Local\Temp\cc9MzFEW.s:4683   .debug_str:0000000000004d76 .LASF455
C:\Users\CYMR90~1\AppData\Local\Temp\cc9MzFEW.s:4031   .debug_str:0000000000002b20 .LASF456
C:\Users\CYMR90~1\AppData\Local\Temp\cc9MzFEW.s:4819   .debug_str:00000000000055d4 .LASF457
C:\Users\CYMR90~1\AppData\Local\Temp\cc9MzFEW.s:4835   .debug_str:0000000000005697 .LASF458
C:\Users\CYMR90~1\AppData\Local\Temp\cc9MzFEW.s:3537   .debug_str:0000000000001102 .LASF459
C:\Users\CYMR90~1\AppData\Local\Temp\cc9MzFEW.s:3689   .debug_str:0000000000001986 .LASF460
C:\Users\CYMR90~1\AppData\Local\Temp\cc9MzFEW.s:3389   .debug_str:000000000000090a .LASF461
C:\Users\CYMR90~1\AppData\Local\Temp\cc9MzFEW.s:4933   .debug_str:0000000000005bb2 .LASF462
C:\Users\CYMR90~1\AppData\Local\Temp\cc9MzFEW.s:4313   .debug_str:0000000000003910 .LASF463
C:\Users\CYMR90~1\AppData\Local\Temp\cc9MzFEW.s:3801   .debug_str:0000000000001f3f .LASF464
C:\Users\CYMR90~1\AppData\Local\Temp\cc9MzFEW.s:3527   .debug_str:000000000000109d .LASF465
C:\Users\CYMR90~1\AppData\Local\Temp\cc9MzFEW.s:4501   .debug_str:0000000000004383 .LASF466
C:\Users\CYMR90~1\AppData\Local\Temp\cc9MzFEW.s:4291   .debug_str:00000000000037e5 .LASF467
C:\Users\CYMR90~1\AppData\Local\Temp\cc9MzFEW.s:4713   .debug_str:0000000000004f6f .LASF468
C:\Users\CYMR90~1\AppData\Local\Temp\cc9MzFEW.s:4407   .debug_str:0000000000003e20 .LASF469
C:\Users\CYMR90~1\AppData\Local\Temp\cc9MzFEW.s:4761   .debug_str:0000000000005275 .LASF470
C:\Users\CYMR90~1\AppData\Local\Temp\cc9MzFEW.s:4779   .debug_str:0000000000005381 .LASF471
C:\Users\CYMR90~1\AppData\Local\Temp\cc9MzFEW.s:4461   .debug_str:000000000000416a .LASF472
C:\Users\CYMR90~1\AppData\Local\Temp\cc9MzFEW.s:4957   .debug_str:0000000000005deb .LASF473
C:\Users\CYMR90~1\AppData\Local\Temp\cc9MzFEW.s:3315   .debug_str:0000000000000542 .LASF474
C:\Users\CYMR90~1\AppData\Local\Temp\cc9MzFEW.s:3927   .debug_str:0000000000002558 .LASF475
C:\Users\CYMR90~1\AppData\Local\Temp\cc9MzFEW.s:4467   .debug_str:00000000000041af .LASF476
C:\Users\CYMR90~1\AppData\Local\Temp\cc9MzFEW.s:3671   .debug_str:000000000000187f .LASF477
C:\Users\CYMR90~1\AppData\Local\Temp\cc9MzFEW.s:3607   .debug_str:00000000000014b6 .LASF478
C:\Users\CYMR90~1\AppData\Local\Temp\cc9MzFEW.s:3847   .debug_str:000000000000217a .LASF479
C:\Users\CYMR90~1\AppData\Local\Temp\cc9MzFEW.s:3983   .debug_str:0000000000002894 .LASF480
C:\Users\CYMR90~1\AppData\Local\Temp\cc9MzFEW.s:4311   .debug_str:00000000000038e6 .LASF481
C:\Users\CYMR90~1\AppData\Local\Temp\cc9MzFEW.s:4813   .debug_str:000000000000556a .LASF482
C:\Users\CYMR90~1\AppData\Local\Temp\cc9MzFEW.s:4985   .debug_str:0000000000005fcd .LASF483
C:\Users\CYMR90~1\AppData\Local\Temp\cc9MzFEW.s:3699   .debug_str:0000000000001a06 .LASF484
C:\Users\CYMR90~1\AppData\Local\Temp\cc9MzFEW.s:4917   .debug_str:0000000000005ae1 .LASF485
C:\Users\CYMR90~1\AppData\Local\Temp\cc9MzFEW.s:3955   .debug_str:00000000000026ea .LASF486
C:\Users\CYMR90~1\AppData\Local\Temp\cc9MzFEW.s:3995   .debug_str:000000000000293d .LASF487
C:\Users\CYMR90~1\AppData\Local\Temp\cc9MzFEW.s:3367   .debug_str:0000000000000805 .LASF488
C:\Users\CYMR90~1\AppData\Local\Temp\cc9MzFEW.s:3859   .debug_str:0000000000002214 .LASF489
C:\Users\CYMR90~1\AppData\Local\Temp\cc9MzFEW.s:4767   .debug_str:00000000000052bc .LASF490
C:\Users\CYMR90~1\AppData\Local\Temp\cc9MzFEW.s:3803   .debug_str:0000000000001f58 .LASF491
C:\Users\CYMR90~1\AppData\Local\Temp\cc9MzFEW.s:3615   .debug_str:0000000000001552 .LASF492
C:\Users\CYMR90~1\AppData\Local\Temp\cc9MzFEW.s:3293   .debug_str:0000000000000419 .LASF493
C:\Users\CYMR90~1\AppData\Local\Temp\cc9MzFEW.s:3989   .debug_str:00000000000028e8 .LASF494
C:\Users\CYMR90~1\AppData\Local\Temp\cc9MzFEW.s:3757   .debug_str:0000000000001d0d .LASF495
C:\Users\CYMR90~1\AppData\Local\Temp\cc9MzFEW.s:3715   .debug_str:0000000000001aec .LASF496
C:\Users\CYMR90~1\AppData\Local\Temp\cc9MzFEW.s:3949   .debug_str:000000000000269c .LASF497
C:\Users\CYMR90~1\AppData\Local\Temp\cc9MzFEW.s:4711   .debug_str:0000000000004f23 .LASF498
C:\Users\CYMR90~1\AppData\Local\Temp\cc9MzFEW.s:4527   .debug_str:0000000000004533 .LASF499
C:\Users\CYMR90~1\AppData\Local\Temp\cc9MzFEW.s:4687   .debug_str:0000000000004d9e .LASF500
C:\Users\CYMR90~1\AppData\Local\Temp\cc9MzFEW.s:4383   .debug_str:0000000000003c5b .LASF501
C:\Users\CYMR90~1\AppData\Local\Temp\cc9MzFEW.s:4899   .debug_str:00000000000059c9 .LASF502
C:\Users\CYMR90~1\AppData\Local\Temp\cc9MzFEW.s:4753   .debug_str:00000000000051ab .LASF503
C:\Users\CYMR90~1\AppData\Local\Temp\cc9MzFEW.s:4941   .debug_str:0000000000005c05 .LASF504
C:\Users\CYMR90~1\AppData\Local\Temp\cc9MzFEW.s:4397   .debug_str:0000000000003d7f .LASF505
C:\Users\CYMR90~1\AppData\Local\Temp\cc9MzFEW.s:3285   .debug_str:000000000000036d .LASF506
C:\Users\CYMR90~1\AppData\Local\Temp\cc9MzFEW.s:3419   .debug_str:0000000000000a4d .LASF507
C:\Users\CYMR90~1\AppData\Local\Temp\cc9MzFEW.s:4077   .debug_str:0000000000002d39 .LASF508
C:\Users\CYMR90~1\AppData\Local\Temp\cc9MzFEW.s:4801   .debug_str:0000000000005482 .LASF509
C:\Users\CYMR90~1\AppData\Local\Temp\cc9MzFEW.s:3667   .debug_str:000000000000180b .LASF510
C:\Users\CYMR90~1\AppData\Local\Temp\cc9MzFEW.s:4331   .debug_str:00000000000039ea .LASF511
C:\Users\CYMR90~1\AppData\Local\Temp\cc9MzFEW.s:4637   .debug_str:0000000000004b20 .LASF512
C:\Users\CYMR90~1\AppData\Local\Temp\cc9MzFEW.s:3279   .debug_str:0000000000000323 .LASF513
C:\Users\CYMR90~1\AppData\Local\Temp\cc9MzFEW.s:4279   .debug_str:000000000000376c .LASF514
C:\Users\CYMR90~1\AppData\Local\Temp\cc9MzFEW.s:4373   .debug_str:0000000000003beb .LASF515
C:\Users\CYMR90~1\AppData\Local\Temp\cc9MzFEW.s:4853   .debug_str:0000000000005782 .LASF516
C:\Users\CYMR90~1\AppData\Local\Temp\cc9MzFEW.s:4739   .debug_str:00000000000050ea .LASF517
C:\Users\CYMR90~1\AppData\Local\Temp\cc9MzFEW.s:4947   .debug_str:0000000000005d4f .LASF518
C:\Users\CYMR90~1\AppData\Local\Temp\cc9MzFEW.s:3461   .debug_str:0000000000000d00 .LASF519
C:\Users\CYMR90~1\AppData\Local\Temp\cc9MzFEW.s:3495   .debug_str:0000000000000edc .LASF520
C:\Users\CYMR90~1\AppData\Local\Temp\cc9MzFEW.s:3795   .debug_str:0000000000001efe .LASF521
C:\Users\CYMR90~1\AppData\Local\Temp\cc9MzFEW.s:4013   .debug_str:0000000000002a62 .LASF522
C:\Users\CYMR90~1\AppData\Local\Temp\cc9MzFEW.s:4631   .debug_str:0000000000004ae3 .LASF523
C:\Users\CYMR90~1\AppData\Local\Temp\cc9MzFEW.s:4369   .debug_str:0000000000003ba8 .LASF524
C:\Users\CYMR90~1\AppData\Local\Temp\cc9MzFEW.s:4905   .debug_str:0000000000005a47 .LASF525
C:\Users\CYMR90~1\AppData\Local\Temp\cc9MzFEW.s:4693   .debug_str:0000000000004e1f .LASF526
C:\Users\CYMR90~1\AppData\Local\Temp\cc9MzFEW.s:4845   .debug_str:00000000000056fc .LASF527
C:\Users\CYMR90~1\AppData\Local\Temp\cc9MzFEW.s:3477   .debug_str:0000000000000dd5 .LASF528
C:\Users\CYMR90~1\AppData\Local\Temp\cc9MzFEW.s:4777   .debug_str:000000000000533a .LASF529
C:\Users\CYMR90~1\AppData\Local\Temp\cc9MzFEW.s:4151   .debug_str:00000000000030a2 .LASF530
C:\Users\CYMR90~1\AppData\Local\Temp\cc9MzFEW.s:4521   .debug_str:00000000000044ba .LASF531
C:\Users\CYMR90~1\AppData\Local\Temp\cc9MzFEW.s:3613   .debug_str:0000000000001515 .LASF532
C:\Users\CYMR90~1\AppData\Local\Temp\cc9MzFEW.s:3587   .debug_str:000000000000134a .LASF533
C:\Users\CYMR90~1\AppData\Local\Temp\cc9MzFEW.s:4823   .debug_str:00000000000055ff .LASF534
C:\Users\CYMR90~1\AppData\Local\Temp\cc9MzFEW.s:4591   .debug_str:00000000000048a0 .LASF535
C:\Users\CYMR90~1\AppData\Local\Temp\cc9MzFEW.s:3783   .debug_str:0000000000001e58 .LASF536
C:\Users\CYMR90~1\AppData\Local\Temp\cc9MzFEW.s:4253   .debug_str:00000000000035f7 .LASF537
C:\Users\CYMR90~1\AppData\Local\Temp\cc9MzFEW.s:3597   .debug_str:0000000000001415 .LASF538
C:\Users\CYMR90~1\AppData\Local\Temp\cc9MzFEW.s:3855   .debug_str:00000000000021e5 .LASF539
C:\Users\CYMR90~1\AppData\Local\Temp\cc9MzFEW.s:4979   .debug_str:0000000000005f90 .LASF540
C:\Users\CYMR90~1\AppData\Local\Temp\cc9MzFEW.s:4675   .debug_str:0000000000004ce5 .LASF541
C:\Users\CYMR90~1\AppData\Local\Temp\cc9MzFEW.s:4673   .debug_str:0000000000004cb0 .LASF542
C:\Users\CYMR90~1\AppData\Local\Temp\cc9MzFEW.s:3335   .debug_str:0000000000000657 .LASF544
C:\Users\CYMR90~1\AppData\Local\Temp\cc9MzFEW.s:3789   .debug_str:0000000000001ec5 .LASF545
C:\Users\CYMR90~1\AppData\Local\Temp\cc9MzFEW.s:3821   .debug_str:0000000000002031 .LASF546
C:\Users\CYMR90~1\AppData\Local\Temp\cc9MzFEW.s:4857   .debug_str:00000000000057d6 .LASF547
C:\Users\CYMR90~1\AppData\Local\Temp\cc9MzFEW.s:3721   .debug_str:0000000000001b68 .LASF548
C:\Users\CYMR90~1\AppData\Local\Temp\cc9MzFEW.s:4059   .debug_str:0000000000002c9a .LASF549
C:\Users\CYMR90~1\AppData\Local\Temp\cc9MzFEW.s:4459   .debug_str:0000000000004161 .LASF550
C:\Users\CYMR90~1\AppData\Local\Temp\cc9MzFEW.s:3911   .debug_str:0000000000002486 .LASF551
C:\Users\CYMR90~1\AppData\Local\Temp\cc9MzFEW.s:4665   .debug_str:0000000000004c84 .LASF552
C:\Users\CYMR90~1\AppData\Local\Temp\cc9MzFEW.s:3555   .debug_str:00000000000011ce .LASF553
C:\Users\CYMR90~1\AppData\Local\Temp\cc9MzFEW.s:3557   .debug_str:00000000000011e6 .LASF554
C:\Users\CYMR90~1\AppData\Local\Temp\cc9MzFEW.s:4549   .debug_str:000000000000467f .LASF555
C:\Users\CYMR90~1\AppData\Local\Temp\cc9MzFEW.s:4375   .debug_str:0000000000003c08 .LASF556
C:\Users\CYMR90~1\AppData\Local\Temp\cc9MzFEW.s:3409   .debug_str:00000000000009e3 .LASF557
C:\Users\CYMR90~1\AppData\Local\Temp\cc9MzFEW.s:4825   .debug_str:0000000000005646 .LASF558
C:\Users\CYMR90~1\AppData\Local\Temp\cc9MzFEW.s:3581   .debug_str:0000000000001303 .LASF559
C:\Users\CYMR90~1\AppData\Local\Temp\cc9MzFEW.s:3759   .debug_str:0000000000001d43 .LASF560
C:\Users\CYMR90~1\AppData\Local\Temp\cc9MzFEW.s:3865   .debug_str:0000000000002297 .LASF561
C:\Users\CYMR90~1\AppData\Local\Temp\cc9MzFEW.s:4635   .debug_str:0000000000004b0c .LASF562
C:\Users\CYMR90~1\AppData\Local\Temp\cc9MzFEW.s:4053   .debug_str:0000000000002c59 .LASF563
C:\Users\CYMR90~1\AppData\Local\Temp\cc9MzFEW.s:3253   .debug_str:00000000000001e0 .LASF564
C:\Users\CYMR90~1\AppData\Local\Temp\cc9MzFEW.s:3245   .debug_str:000000000000018d .LASF565
C:\Users\CYMR90~1\AppData\Local\Temp\cc9MzFEW.s:3965   .debug_str:000000000000277c .LASF566
C:\Users\CYMR90~1\AppData\Local\Temp\cc9MzFEW.s:4537   .debug_str:0000000000004608 .LASF567
C:\Users\CYMR90~1\AppData\Local\Temp\cc9MzFEW.s:4765   .debug_str:00000000000052a8 .LASF568
C:\Users\CYMR90~1\AppData\Local\Temp\cc9MzFEW.s:4733   .debug_str:00000000000050ab .LASF569
C:\Users\CYMR90~1\AppData\Local\Temp\cc9MzFEW.s:4493   .debug_str:0000000000004322 .LASF570
C:\Users\CYMR90~1\AppData\Local\Temp\cc9MzFEW.s:3751   .debug_str:0000000000001cab .LASF571
C:\Users\CYMR90~1\AppData\Local\Temp\cc9MzFEW.s:3467   .debug_str:0000000000000d68 .LASF572
C:\Users\CYMR90~1\AppData\Local\Temp\cc9MzFEW.s:4517   .debug_str:0000000000004493 .LASF573
C:\Users\CYMR90~1\AppData\Local\Temp\cc9MzFEW.s:4065   .debug_str:0000000000002cc5 .LASF575
C:\Users\CYMR90~1\AppData\Local\Temp\cc9MzFEW.s:4895   .debug_str:00000000000059a3 .LASF576
C:\Users\CYMR90~1\AppData\Local\Temp\cc9MzFEW.s:3231   .debug_str:00000000000000e9 .LASF577
C:\Users\CYMR90~1\AppData\Local\Temp\cc9MzFEW.s:4415   .debug_str:0000000000003ec0 .LASF578
C:\Users\CYMR90~1\AppData\Local\Temp\cc9MzFEW.s:4317   .debug_str:0000000000003931 .LASF579
C:\Users\CYMR90~1\AppData\Local\Temp\cc9MzFEW.s:3249   .debug_str:00000000000001c5 .LASF580
C:\Users\CYMR90~1\AppData\Local\Temp\cc9MzFEW.s:4929   .debug_str:0000000000005b79 .LASF581
C:\Users\CYMR90~1\AppData\Local\Temp\cc9MzFEW.s:3521   .debug_str:000000000000100b .LASF582
C:\Users\CYMR90~1\AppData\Local\Temp\cc9MzFEW.s:4769   .debug_str:00000000000052e4 .LASF583
C:\Users\CYMR90~1\AppData\Local\Temp\cc9MzFEW.s:3905   .debug_str:000000000000244e .LASF584
C:\Users\CYMR90~1\AppData\Local\Temp\cc9MzFEW.s:4009   .debug_str:0000000000002a2e .LASF585
C:\Users\CYMR90~1\AppData\Local\Temp\cc9MzFEW.s:3781   .debug_str:0000000000001e34 .LASF586
C:\Users\CYMR90~1\AppData\Local\Temp\cc9MzFEW.s:3915   .debug_str:00000000000024bd .LASF587
C:\Users\CYMR90~1\AppData\Local\Temp\cc9MzFEW.s:3649   .debug_str:000000000000173f .LASF588
C:\Users\CYMR90~1\AppData\Local\Temp\cc9MzFEW.s:4553   .debug_str:00000000000046aa .LASF589
C:\Users\CYMR90~1\AppData\Local\Temp\cc9MzFEW.s:3405   .debug_str:00000000000009b1 .LASF590
C:\Users\CYMR90~1\AppData\Local\Temp\cc9MzFEW.s:4333   .debug_str:0000000000003a04 .LASF591
C:\Users\CYMR90~1\AppData\Local\Temp\cc9MzFEW.s:3811   .debug_str:0000000000001fc0 .LASF594
C:\Users\CYMR90~1\AppData\Local\Temp\cc9MzFEW.s:4615   .debug_str:0000000000004a06 .LASF595
C:\Users\CYMR90~1\AppData\Local\Temp\cc9MzFEW.s:4351   .debug_str:0000000000003abb .LASF596
C:\Users\CYMR90~1\AppData\Local\Temp\cc9MzFEW.s:4169   .debug_str:0000000000003192 .LASF597
C:\Users\CYMR90~1\AppData\Local\Temp\cc9MzFEW.s:3797   .debug_str:0000000000001f11 .LASF598
C:\Users\CYMR90~1\AppData\Local\Temp\cc9MzFEW.s:4503   .debug_str:0000000000004393 .LASF601
C:\Users\CYMR90~1\AppData\Local\Temp\cc9MzFEW.s:3445   .debug_str:0000000000000ba8 .LASF602
C:\Users\CYMR90~1\AppData\Local\Temp\cc9MzFEW.s:3329   .debug_str:000000000000060f .LASF603
C:\Users\CYMR90~1\AppData\Local\Temp\cc9MzFEW.s:3739   .debug_str:0000000000001c32 .LASF604
C:\Users\CYMR90~1\AppData\Local\Temp\cc9MzFEW.s:3259   .debug_str:000000000000021e .LASF605
C:\Users\CYMR90~1\AppData\Local\Temp\cc9MzFEW.s:3669   .debug_str:0000000000001859 .LASF606
C:\Users\CYMR90~1\AppData\Local\Temp\cc9MzFEW.s:3723   .debug_str:0000000000001b71 .LASF607
C:\Users\CYMR90~1\AppData\Local\Temp\cc9MzFEW.s:4507   .debug_str:0000000000004416 .LASF608
C:\Users\CYMR90~1\AppData\Local\Temp\cc9MzFEW.s:4867   .debug_str:0000000000005832 .LASF609
C:\Users\CYMR90~1\AppData\Local\Temp\cc9MzFEW.s:3693   .debug_str:00000000000019a0 .LASF610
C:\Users\CYMR90~1\AppData\Local\Temp\cc9MzFEW.s:4417   .debug_str:0000000000003edb .LASF611
C:\Users\CYMR90~1\AppData\Local\Temp\cc9MzFEW.s:4441   .debug_str:0000000000004062 .LASF612
C:\Users\CYMR90~1\AppData\Local\Temp\cc9MzFEW.s:3449   .debug_str:0000000000000c22 .LASF613
C:\Users\CYMR90~1\AppData\Local\Temp\cc9MzFEW.s:3945   .debug_str:000000000000263b .LASF614
C:\Users\CYMR90~1\AppData\Local\Temp\cc9MzFEW.s:4969   .debug_str:0000000000005eac .LASF615
C:\Users\CYMR90~1\AppData\Local\Temp\cc9MzFEW.s:3985   .debug_str:00000000000028ad .LASF616
C:\Users\CYMR90~1\AppData\Local\Temp\cc9MzFEW.s:3681   .debug_str:000000000000193e .LASF617
C:\Users\CYMR90~1\AppData\Local\Temp\cc9MzFEW.s:4909   .debug_str:0000000000005a80 .LASF618
C:\Users\CYMR90~1\AppData\Local\Temp\cc9MzFEW.s:3645   .debug_str:000000000000171a .LASF619
C:\Users\CYMR90~1\AppData\Local\Temp\cc9MzFEW.s:3623   .debug_str:00000000000015f0 .LASF620
C:\Users\CYMR90~1\AppData\Local\Temp\cc9MzFEW.s:4289   .debug_str:00000000000037d2 .LASF621
C:\Users\CYMR90~1\AppData\Local\Temp\cc9MzFEW.s:4029   .debug_str:0000000000002b0f .LASF622
C:\Users\CYMR90~1\AppData\Local\Temp\cc9MzFEW.s:4981   .debug_str:0000000000005fa4 .LASF623
C:\Users\CYMR90~1\AppData\Local\Temp\cc9MzFEW.s:4821   .debug_str:00000000000055ec .LASF624
C:\Users\CYMR90~1\AppData\Local\Temp\cc9MzFEW.s:4505   .debug_str:0000000000004402 .LASF625
C:\Users\CYMR90~1\AppData\Local\Temp\cc9MzFEW.s:3851   .debug_str:00000000000021c6 .LASF626
C:\Users\CYMR90~1\AppData\Local\Temp\cc9MzFEW.s:4515   .debug_str:0000000000004480 .LASF627
C:\Users\CYMR90~1\AppData\Local\Temp\cc9MzFEW.s:4359   .debug_str:0000000000003b36 .LASF628
C:\Users\CYMR90~1\AppData\Local\Temp\cc9MzFEW.s:3355   .debug_str:0000000000000753 .LASF629
C:\Users\CYMR90~1\AppData\Local\Temp\cc9MzFEW.s:3819   .debug_str:000000000000201e .LASF630
C:\Users\CYMR90~1\AppData\Local\Temp\cc9MzFEW.s:3869   .debug_str:00000000000022c0 .LASF631
C:\Users\CYMR90~1\AppData\Local\Temp\cc9MzFEW.s:4491   .debug_str:0000000000004312 .LASF632
C:\Users\CYMR90~1\AppData\Local\Temp\cc9MzFEW.s:4197   .debug_str:00000000000032fd .LASF633
C:\Users\CYMR90~1\AppData\Local\Temp\cc9MzFEW.s:3347   .debug_str:00000000000006fe .LASF634
C:\Users\CYMR90~1\AppData\Local\Temp\cc9MzFEW.s:3659   .debug_str:00000000000017bf .LASF635
C:\Users\CYMR90~1\AppData\Local\Temp\cc9MzFEW.s:4205   .debug_str:0000000000003340 .LASF636
C:\Users\CYMR90~1\AppData\Local\Temp\cc9MzFEW.s:4551   .debug_str:0000000000004699 .LASF637
C:\Users\CYMR90~1\AppData\Local\Temp\cc9MzFEW.s:3323   .debug_str:00000000000005ac .LASF638
C:\Users\CYMR90~1\AppData\Local\Temp\cc9MzFEW.s:4449   .debug_str:00000000000040f2 .LASF639
C:\Users\CYMR90~1\AppData\Local\Temp\cc9MzFEW.s:4601   .debug_str:000000000000497e .LASF640
C:\Users\CYMR90~1\AppData\Local\Temp\cc9MzFEW.s:3373   .debug_str:000000000000086a .LASF641
C:\Users\CYMR90~1\AppData\Local\Temp\cc9MzFEW.s:3351   .debug_str:000000000000072a .LASF642
C:\Users\CYMR90~1\AppData\Local\Temp\cc9MzFEW.s:4177   .debug_str:00000000000031d3 .LASF643
C:\Users\CYMR90~1\AppData\Local\Temp\cc9MzFEW.s:4875   .debug_str:000000000000587b .LASF644
C:\Users\CYMR90~1\AppData\Local\Temp\cc9MzFEW.s:4321   .debug_str:0000000000003987 .LASF645
C:\Users\CYMR90~1\AppData\Local\Temp\cc9MzFEW.s:4839   .debug_str:00000000000056c3 .LASF646
C:\Users\CYMR90~1\AppData\Local\Temp\cc9MzFEW.s:3237   .debug_str:000000000000012d .LASF647
C:\Users\CYMR90~1\AppData\Local\Temp\cc9MzFEW.s:4349   .debug_str:0000000000003aac .LASF649
C:\Users\CYMR90~1\AppData\Local\Temp\cc9MzFEW.s:4667   .debug_str:0000000000004c8d .LASF650
C:\Users\CYMR90~1\AppData\Local\Temp\cc9MzFEW.s:4045   .debug_str:0000000000002bec .LASF651
C:\Users\CYMR90~1\AppData\Local\Temp\cc9MzFEW.s:4921   .debug_str:0000000000005b27 .LASF652
C:\Users\CYMR90~1\AppData\Local\Temp\cc9MzFEW.s:3743   .debug_str:0000000000001c5e .LASF653
C:\Users\CYMR90~1\AppData\Local\Temp\cc9MzFEW.s:4431   .debug_str:0000000000003fcf .LASF654
C:\Users\CYMR90~1\AppData\Local\Temp\cc9MzFEW.s:3255   .debug_str:00000000000001f3 .LASF655
C:\Users\CYMR90~1\AppData\Local\Temp\cc9MzFEW.s:3589   .debug_str:0000000000001397 .LASF656
C:\Users\CYMR90~1\AppData\Local\Temp\cc9MzFEW.s:4715   .debug_str:0000000000004f97 .LASF657
C:\Users\CYMR90~1\AppData\Local\Temp\cc9MzFEW.s:3933   .debug_str:00000000000025b5 .LASF658
C:\Users\CYMR90~1\AppData\Local\Temp\cc9MzFEW.s:4723   .debug_str:0000000000004fe7 .LASF659
C:\Users\CYMR90~1\AppData\Local\Temp\cc9MzFEW.s:3735   .debug_str:0000000000001be9 .LASF660
C:\Users\CYMR90~1\AppData\Local\Temp\cc9MzFEW.s:3215   .debug_str:000000000000002f .LASF661
C:\Users\CYMR90~1\AppData\Local\Temp\cc9MzFEW.s:4671   .debug_str:0000000000004ca5 .LASF663
C:\Users\CYMR90~1\AppData\Local\Temp\cc9MzFEW.s:4387   .debug_str:0000000000003cf3 .LASF664
C:\Users\CYMR90~1\AppData\Local\Temp\cc9MzFEW.s:4057   .debug_str:0000000000002c8a .LASF665
C:\Users\CYMR90~1\AppData\Local\Temp\cc9MzFEW.s:4889   .debug_str:0000000000005948 .LASF666
C:\Users\CYMR90~1\AppData\Local\Temp\cc9MzFEW.s:4741   .debug_str:000000000000512d .LASF667
C:\Users\CYMR90~1\AppData\Local\Temp\cc9MzFEW.s:4329   .debug_str:00000000000039e0 .LASF668
C:\Users\CYMR90~1\AppData\Local\Temp\cc9MzFEW.s:4075   .debug_str:0000000000002d2e .LASF669
C:\Users\CYMR90~1\AppData\Local\Temp\cc9MzFEW.s:3465   .debug_str:0000000000000d5e .LASF670
C:\Users\CYMR90~1\AppData\Local\Temp\cc9MzFEW.s:4135   .debug_str:0000000000002ff4 .LASF671
C:\Users\CYMR90~1\AppData\Local\Temp\cc9MzFEW.s:4535   .debug_str:00000000000045fd .LASF672
C:\Users\CYMR90~1\AppData\Local\Temp\cc9MzFEW.s:3849   .debug_str:00000000000021b7 .LASF673
C:\Users\CYMR90~1\AppData\Local\Temp\cc9MzFEW.s:4959   .debug_str:0000000000005e10 .LASF674
C:\Users\CYMR90~1\AppData\Local\Temp\cc9MzFEW.s:4519   .debug_str:00000000000044a8 .LASF675
C:\Users\CYMR90~1\AppData\Local\Temp\cc9MzFEW.s:4347   .debug_str:0000000000003aa0 .LASF676
C:\Users\CYMR90~1\AppData\Local\Temp\cc9MzFEW.s:3387   .debug_str:00000000000008f8 .LASF677
C:\Users\CYMR90~1\AppData\Local\Temp\cc9MzFEW.s:4555   .debug_str:00000000000046c4 .LASF678
C:\Users\CYMR90~1\AppData\Local\Temp\cc9MzFEW.s:4267   .debug_str:00000000000036d4 .LASF679
C:\Users\CYMR90~1\AppData\Local\Temp\cc9MzFEW.s:4227   .debug_str:00000000000034b0 .LASF680
C:\Users\CYMR90~1\AppData\Local\Temp\cc9MzFEW.s:4831   .debug_str:000000000000567b .LASF681
C:\Users\CYMR90~1\AppData\Local\Temp\cc9MzFEW.s:3363   .debug_str:00000000000007dd .LASF682
C:\Users\CYMR90~1\AppData\Local\Temp\cc9MzFEW.s:3427   .debug_str:0000000000000aec .LASF683
C:\Users\CYMR90~1\AppData\Local\Temp\cc9MzFEW.s:3881   .debug_str:0000000000002341 .LASF684
C:\Users\CYMR90~1\AppData\Local\Temp\cc9MzFEW.s:3999   .debug_str:000000000000297d .LASF685
C:\Users\CYMR90~1\AppData\Local\Temp\cc9MzFEW.s:4603   .debug_str:0000000000004991 .LASF686
C:\Users\CYMR90~1\AppData\Local\Temp\cc9MzFEW.s:3853   .debug_str:00000000000021db .LASF687
C:\Users\CYMR90~1\AppData\Local\Temp\cc9MzFEW.s:4099   .debug_str:0000000000002e86 .LASF688
C:\Users\CYMR90~1\AppData\Local\Temp\cc9MzFEW.s:3779   .debug_str:0000000000001e2a .LASF689
C:\Users\CYMR90~1\AppData\Local\Temp\cc9MzFEW.s:3953   .debug_str:00000000000026e1 .LASF690
C:\Users\CYMR90~1\AppData\Local\Temp\cc9MzFEW.s:3691   .debug_str:0000000000001999 .LASF691
C:\Users\CYMR90~1\AppData\Local\Temp\cc9MzFEW.s:4903   .debug_str:0000000000005a40 .LASF692
C:\Users\CYMR90~1\AppData\Local\Temp\cc9MzFEW.s:3473   .debug_str:0000000000000dab .LASF693
C:\Users\CYMR90~1\AppData\Local\Temp\cc9MzFEW.s:3731   .debug_str:0000000000001bc9 .LASF694
C:\Users\CYMR90~1\AppData\Local\Temp\cc9MzFEW.s:3251   .debug_str:00000000000001d5 .LASF695
C:\Users\CYMR90~1\AppData\Local\Temp\cc9MzFEW.s:3547   .debug_str:0000000000001179 .LASF696
C:\Users\CYMR90~1\AppData\Local\Temp\cc9MzFEW.s:4139   .debug_str:0000000000003011 .LASF697
C:\Users\CYMR90~1\AppData\Local\Temp\cc9MzFEW.s:3401   .debug_str:000000000000098d .LASF698
C:\Users\CYMR90~1\AppData\Local\Temp\cc9MzFEW.s:3417   .debug_str:0000000000000a3d .LASF699
C:\Users\CYMR90~1\AppData\Local\Temp\cc9MzFEW.s:4763   .debug_str:0000000000005298 .LASF700
C:\Users\CYMR90~1\AppData\Local\Temp\cc9MzFEW.s:3861   .debug_str:0000000000002247 .LASF701
C:\Users\CYMR90~1\AppData\Local\Temp\cc9MzFEW.s:3829   .debug_str:0000000000002095 .LASF702
C:\Users\CYMR90~1\AppData\Local\Temp\cc9MzFEW.s:4097   .debug_str:0000000000002e78 .LASF703
C:\Users\CYMR90~1\AppData\Local\Temp\cc9MzFEW.s:4811   .debug_str:0000000000005558 .LASF704
C:\Users\CYMR90~1\AppData\Local\Temp\cc9MzFEW.s:4953   .debug_str:0000000000005dc4 .LASF705
C:\Users\CYMR90~1\AppData\Local\Temp\cc9MzFEW.s:4859   .debug_str:00000000000057e5 .LASF706
C:\Users\CYMR90~1\AppData\Local\Temp\cc9MzFEW.s:3439   .debug_str:0000000000000b68 .LASF707
C:\Users\CYMR90~1\AppData\Local\Temp\cc9MzFEW.s:3729   .debug_str:0000000000001bbb .LASF708
C:\Users\CYMR90~1\AppData\Local\Temp\cc9MzFEW.s:3569   .debug_str:000000000000126f .LASF709
C:\Users\CYMR90~1\AppData\Local\Temp\cc9MzFEW.s:3307   .debug_str:00000000000004f0 .LASF710
C:\Users\CYMR90~1\AppData\Local\Temp\cc9MzFEW.s:3655   .debug_str:000000000000178a .LASF711
C:\Users\CYMR90~1\AppData\Local\Temp\cc9MzFEW.s:4455   .debug_str:000000000000412c .LASF712
C:\Users\CYMR90~1\AppData\Local\Temp\cc9MzFEW.s:4093   .debug_str:0000000000002e57 .LASF713
C:\Users\CYMR90~1\AppData\Local\Temp\cc9MzFEW.s:4727   .debug_str:000000000000502f .LASF714
C:\Users\CYMR90~1\AppData\Local\Temp\cc9MzFEW.s:4863   .debug_str:0000000000005809 .LASF715
C:\Users\CYMR90~1\AppData\Local\Temp\cc9MzFEW.s:3321   .debug_str:0000000000000599 .LASF716
C:\Users\CYMR90~1\AppData\Local\Temp\cc9MzFEW.s:3871   .debug_str:00000000000022d6 .LASF717
C:\Users\CYMR90~1\AppData\Local\Temp\cc9MzFEW.s:4563   .debug_str:0000000000004716 .LASF718
C:\Users\CYMR90~1\AppData\Local\Temp\cc9MzFEW.s:3711   .debug_str:0000000000001ac9 .LASF719
C:\Users\CYMR90~1\AppData\Local\Temp\cc9MzFEW.s:3835   .debug_str:00000000000020e5 .LASF720
C:\Users\CYMR90~1\AppData\Local\Temp\cc9MzFEW.s:3225   .debug_str:000000000000009d .LASF721
C:\Users\CYMR90~1\AppData\Local\Temp\cc9MzFEW.s:3483   .debug_str:0000000000000e3c .LASF722
C:\Users\CYMR90~1\AppData\Local\Temp\cc9MzFEW.s:4803   .debug_str:00000000000054ce .LASF723
C:\Users\CYMR90~1\AppData\Local\Temp\cc9MzFEW.s:3663   .debug_str:00000000000017e4 .LASF724
C:\Users\CYMR90~1\AppData\Local\Temp\cc9MzFEW.s:4269   .debug_str:00000000000036e2 .LASF725
C:\Users\CYMR90~1\AppData\Local\Temp\cc9MzFEW.s:4663   .debug_str:0000000000004c75 .LASF726
C:\Users\CYMR90~1\AppData\Local\Temp\cc9MzFEW.s:4559   .debug_str:00000000000046ea .LASF727
C:\Users\CYMR90~1\AppData\Local\Temp\cc9MzFEW.s:4469   .debug_str:00000000000041e2 .LASF728
C:\Users\CYMR90~1\AppData\Local\Temp\cc9MzFEW.s:4091   .debug_str:0000000000002e40 .LASF729
C:\Users\CYMR90~1\AppData\Local\Temp\cc9MzFEW.s:3441   .debug_str:0000000000000b78 .LASF730
C:\Users\CYMR90~1\AppData\Local\Temp\cc9MzFEW.s:3213   .debug_str:0000000000000017 .LASF731
C:\Users\CYMR90~1\AppData\Local\Temp\cc9MzFEW.s:3275   .debug_str:00000000000002fa .LASF732
C:\Users\CYMR90~1\AppData\Local\Temp\cc9MzFEW.s:3717   .debug_str:0000000000001b1f .LASF733
C:\Users\CYMR90~1\AppData\Local\Temp\cc9MzFEW.s:4961   .debug_str:0000000000005e23 .LASF734
C:\Users\CYMR90~1\AppData\Local\Temp\cc9MzFEW.s:3565   .debug_str:000000000000124b .LASF735
C:\Users\CYMR90~1\AppData\Local\Temp\cc9MzFEW.s:3493   .debug_str:0000000000000ec6 .LASF736
C:\Users\CYMR90~1\AppData\Local\Temp\cc9MzFEW.s:3925   .debug_str:0000000000002549 .LASF737
C:\Users\CYMR90~1\AppData\Local\Temp\cc9MzFEW.s:4531   .debug_str:00000000000045cd .LASF738
C:\Users\CYMR90~1\AppData\Local\Temp\cc9MzFEW.s:4865   .debug_str:000000000000581c .LASF739
C:\Users\CYMR90~1\AppData\Local\Temp\cc9MzFEW.s:4851   .debug_str:000000000000576b .LASF740
C:\Users\CYMR90~1\AppData\Local\Temp\cc9MzFEW.s:3823   .debug_str:0000000000002040 .LASF741
C:\Users\CYMR90~1\AppData\Local\Temp\cc9MzFEW.s:3375   .debug_str:000000000000087c .LASF742
C:\Users\CYMR90~1\AppData\Local\Temp\cc9MzFEW.s:4613   .debug_str:00000000000049f2 .LASF743
C:\Users\CYMR90~1\AppData\Local\Temp\cc9MzFEW.s:3563   .debug_str:000000000000123c .LASF744
C:\Users\CYMR90~1\AppData\Local\Temp\cc9MzFEW.s:4229   .debug_str:00000000000034c3 .LASF745
C:\Users\CYMR90~1\AppData\Local\Temp\cc9MzFEW.s:4185   .debug_str:0000000000003265 .LASF746
C:\Users\CYMR90~1\AppData\Local\Temp\cc9MzFEW.s:3695   .debug_str:00000000000019d3 .LASF747
C:\Users\CYMR90~1\AppData\Local\Temp\cc9MzFEW.s:3763   .debug_str:0000000000001d6b .LASF748
C:\Users\CYMR90~1\AppData\Local\Temp\cc9MzFEW.s:3349   .debug_str:000000000000070f .LASF749
C:\Users\CYMR90~1\AppData\Local\Temp\cc9MzFEW.s:4215   .debug_str:00000000000033de .LASF750
C:\Users\CYMR90~1\AppData\Local\Temp\cc9MzFEW.s:4485   .debug_str:000000000000428b .LASF751
C:\Users\CYMR90~1\AppData\Local\Temp\cc9MzFEW.s:4915   .debug_str:0000000000005ac4 .LASF752
C:\Users\CYMR90~1\AppData\Local\Temp\cc9MzFEW.s:4395   .debug_str:0000000000003d67 .LASF753
C:\Users\CYMR90~1\AppData\Local\Temp\cc9MzFEW.s:4305   .debug_str:00000000000038ad .LASF754
C:\Users\CYMR90~1\AppData\Local\Temp\cc9MzFEW.s:4193   .debug_str:00000000000032d0 .LASF755
C:\Users\CYMR90~1\AppData\Local\Temp\cc9MzFEW.s:3561   .debug_str:0000000000001218 .LASF756
C:\Users\CYMR90~1\AppData\Local\Temp\cc9MzFEW.s:3991   .debug_str:0000000000002916 .LASF757
C:\Users\CYMR90~1\AppData\Local\Temp\cc9MzFEW.s:4691   .debug_str:0000000000004e0d .LASF758
C:\Users\CYMR90~1\AppData\Local\Temp\cc9MzFEW.s:3453   .debug_str:0000000000000c89 .LASF759
C:\Users\CYMR90~1\AppData\Local\Temp\cc9MzFEW.s:4523   .debug_str:0000000000004507 .LASF760
C:\Users\CYMR90~1\AppData\Local\Temp\cc9MzFEW.s:4019   .debug_str:0000000000002aa5 .LASF761
C:\Users\CYMR90~1\AppData\Local\Temp\cc9MzFEW.s:4371   .debug_str:0000000000003bd7 .LASF762
C:\Users\CYMR90~1\AppData\Local\Temp\cc9MzFEW.s:4243   .debug_str:000000000000359e .LASF763
C:\Users\CYMR90~1\AppData\Local\Temp\cc9MzFEW.s:4187   .debug_str:0000000000003282 .LASF764
C:\Users\CYMR90~1\AppData\Local\Temp\cc9MzFEW.s:4213   .debug_str:00000000000033c6 .LASF765
C:\Users\CYMR90~1\AppData\Local\Temp\cc9MzFEW.s:4545   .debug_str:000000000000465a .LASF766
C:\Users\CYMR90~1\AppData\Local\Temp\cc9MzFEW.s:3793   .debug_str:0000000000001ee9 .LASF767
C:\Users\CYMR90~1\AppData\Local\Temp\cc9MzFEW.s:4255   .debug_str:000000000000363d .LASF768
C:\Users\CYMR90~1\AppData\Local\Temp\cc9MzFEW.s:4719   .debug_str:0000000000004fc8 .LASF769
C:\Users\CYMR90~1\AppData\Local\Temp\cc9MzFEW.s:4105   .debug_str:0000000000002ea9 .LASF770
C:\Users\CYMR90~1\AppData\Local\Temp\cc9MzFEW.s:3647   .debug_str:000000000000172f .LASF771
C:\Users\CYMR90~1\AppData\Local\Temp\cc9MzFEW.s:4033   .debug_str:0000000000002b39 .LASF772
C:\Users\CYMR90~1\AppData\Local\Temp\cc9MzFEW.s:3599   .debug_str:0000000000001453 .LASF773
C:\Users\CYMR90~1\AppData\Local\Temp\cc9MzFEW.s:3701   .debug_str:0000000000001a30 .LASF774
C:\Users\CYMR90~1\AppData\Local\Temp\cc9MzFEW.s:3713   .debug_str:0000000000001ade .LASF775
C:\Users\CYMR90~1\AppData\Local\Temp\cc9MzFEW.s:4157   .debug_str:0000000000003119 .LASF776
C:\Users\CYMR90~1\AppData\Local\Temp\cc9MzFEW.s:4245   .debug_str:00000000000035b3 .LASF777
C:\Users\CYMR90~1\AppData\Local\Temp\cc9MzFEW.s:4113   .debug_str:0000000000002efc .LASF778
C:\Users\CYMR90~1\AppData\Local\Temp\cc9MzFEW.s:4003   .debug_str:00000000000029e2 .LASF779
C:\Users\CYMR90~1\AppData\Local\Temp\cc9MzFEW.s:4163   .debug_str:000000000000314d .LASF780
C:\Users\CYMR90~1\AppData\Local\Temp\cc9MzFEW.s:4165   .debug_str:0000000000003164 .LASF781
C:\Users\CYMR90~1\AppData\Local\Temp\cc9MzFEW.s:4399   .debug_str:0000000000003da2 .LASF782
C:\Users\CYMR90~1\AppData\Local\Temp\cc9MzFEW.s:4547   .debug_str:0000000000004669 .LASF783
C:\Users\CYMR90~1\AppData\Local\Temp\cc9MzFEW.s:4543   .debug_str:000000000000463c .LASF784
C:\Users\CYMR90~1\AppData\Local\Temp\cc9MzFEW.s:4627   .debug_str:0000000000004aba .LASF785
C:\Users\CYMR90~1\AppData\Local\Temp\cc9MzFEW.s:4685   .debug_str:0000000000004d91 .LASF786
C:\Users\CYMR90~1\AppData\Local\Temp\cc9MzFEW.s:3229   .debug_str:00000000000000cf .LASF787
C:\Users\CYMR90~1\AppData\Local\Temp\cc9MzFEW.s:3799   .debug_str:0000000000001f23 .LASF788
C:\Users\CYMR90~1\AppData\Local\Temp\cc9MzFEW.s:4573   .debug_str:00000000000047d0 .LASF789
C:\Users\CYMR90~1\AppData\Local\Temp\cc9MzFEW.s:4597   .debug_str:000000000000492c .LASF790
C:\Users\CYMR90~1\AppData\Local\Temp\cc9MzFEW.s:3787   .debug_str:0000000000001eaf .LASF791
C:\Users\CYMR90~1\AppData\Local\Temp\cc9MzFEW.s:4579   .debug_str:0000000000004812 .LASF792
C:\Users\CYMR90~1\AppData\Local\Temp\cc9MzFEW.s:4283   .debug_str:0000000000003798 .LASF793
C:\Users\CYMR90~1\AppData\Local\Temp\cc9MzFEW.s:3267   .debug_str:00000000000002a3 .LASF794
C:\Users\CYMR90~1\AppData\Local\Temp\cc9MzFEW.s:3271   .debug_str:00000000000002d5 .LASF795
C:\Users\CYMR90~1\AppData\Local\Temp\cc9MzFEW.s:4893   .debug_str:000000000000597d .LASF796
C:\Users\CYMR90~1\AppData\Local\Temp\cc9MzFEW.s:4891   .debug_str:0000000000005955 .LASF797
C:\Users\CYMR90~1\AppData\Local\Temp\cc9MzFEW.s:3997   .debug_str:0000000000002966 .LASF798
C:\Users\CYMR90~1\AppData\Local\Temp\cc9MzFEW.s:4439   .debug_str:000000000000403a .LASF799
C:\Users\CYMR90~1\AppData\Local\Temp\cc9MzFEW.s:3725   .debug_str:0000000000001b82 .LASF800
C:\Users\CYMR90~1\AppData\Local\Temp\cc9MzFEW.s:3841   .debug_str:0000000000002127 .LASF801
C:\Users\CYMR90~1\AppData\Local\Temp\cc9MzFEW.s:3263   .debug_str:000000000000023e .LASF802
C:\Users\CYMR90~1\AppData\Local\Temp\cc9MzFEW.s:4409   .debug_str:0000000000003e46 .LASF803
C:\Users\CYMR90~1\AppData\Local\Temp\cc9MzFEW.s:4939   .debug_str:0000000000005bee .LASF804
C:\Users\CYMR90~1\AppData\Local\Temp\cc9MzFEW.s:3583   .debug_str:0000000000001316 .LASF805
C:\Users\CYMR90~1\AppData\Local\Temp\cc9MzFEW.s:4647   .debug_str:0000000000004b83 .LASF806
C:\Users\CYMR90~1\AppData\Local\Temp\cc9MzFEW.s:4541   .debug_str:0000000000004629 .LASF807
C:\Users\CYMR90~1\AppData\Local\Temp\cc9MzFEW.s:4911   .debug_str:0000000000005a95 .LASF808
C:\Users\CYMR90~1\AppData\Local\Temp\cc9MzFEW.s:4577   .debug_str:00000000000047fe .LASF809
C:\Users\CYMR90~1\AppData\Local\Temp\cc9MzFEW.s:4707   .debug_str:0000000000004ef9 .LASF810
C:\Users\CYMR90~1\AppData\Local\Temp\cc9MzFEW.s:3745   .debug_str:0000000000001c76 .LASF811
C:\Users\CYMR90~1\AppData\Local\Temp\cc9MzFEW.s:4353   .debug_str:0000000000003acd .LASF812
C:\Users\CYMR90~1\AppData\Local\Temp\cc9MzFEW.s:4111   .debug_str:0000000000002edd .LASF813
C:\Users\CYMR90~1\AppData\Local\Temp\cc9MzFEW.s:4161   .debug_str:000000000000313b .LASF814
C:\Users\CYMR90~1\AppData\Local\Temp\cc9MzFEW.s:4619   .debug_str:0000000000004a63 .LASF815
C:\Users\CYMR90~1\AppData\Local\Temp\cc9MzFEW.s:4641   .debug_str:0000000000004b4b .LASF816
C:\Users\CYMR90~1\AppData\Local\Temp\cc9MzFEW.s:3867   .debug_str:00000000000022aa .LASF817
C:\Users\CYMR90~1\AppData\Local\Temp\cc9MzFEW.s:4873   .debug_str:0000000000005867 .LASF818
C:\Users\CYMR90~1\AppData\Local\Temp\cc9MzFEW.s:3737   .debug_str:0000000000001c21 .LASF819
C:\Users\CYMR90~1\AppData\Local\Temp\cc9MzFEW.s:3895   .debug_str:00000000000023dd .LASF820
C:\Users\CYMR90~1\AppData\Local\Temp\cc9MzFEW.s:3281   .debug_str:0000000000000343 .LASF821
C:\Users\CYMR90~1\AppData\Local\Temp\cc9MzFEW.s:4571   .debug_str:00000000000047bd .LASF822
C:\Users\CYMR90~1\AppData\Local\Temp\cc9MzFEW.s:4303   .debug_str:0000000000003899 .LASF823
C:\Users\CYMR90~1\AppData\Local\Temp\cc9MzFEW.s:4539   .debug_str:000000000000461b .LASF824
C:\Users\CYMR90~1\AppData\Local\Temp\cc9MzFEW.s:4035   .debug_str:0000000000002b50 .LASF825
C:\Users\CYMR90~1\AppData\Local\Temp\cc9MzFEW.s:3741   .debug_str:0000000000001c45 .LASF826
C:\Users\CYMR90~1\AppData\Local\Temp\cc9MzFEW.s:4435   .debug_str:0000000000004007 .LASF827
C:\Users\CYMR90~1\AppData\Local\Temp\cc9MzFEW.s:3979   .debug_str:0000000000002864 .LASF828
C:\Users\CYMR90~1\AppData\Local\Temp\cc9MzFEW.s:3661   .debug_str:00000000000017d0 .LASF829
C:\Users\CYMR90~1\AppData\Local\Temp\cc9MzFEW.s:3617   .debug_str:0000000000001581 .LASF830
C:\Users\CYMR90~1\AppData\Local\Temp\cc9MzFEW.s:3977   .debug_str:0000000000002856 .LASF831
C:\Users\CYMR90~1\AppData\Local\Temp\cc9MzFEW.s:3685   .debug_str:0000000000001961 .LASF832
C:\Users\CYMR90~1\AppData\Local\Temp\cc9MzFEW.s:4047   .debug_str:0000000000002bf9 .LASF833
C:\Users\CYMR90~1\AppData\Local\Temp\cc9MzFEW.s:4121   .debug_str:0000000000002f45 .LASF834
C:\Users\CYMR90~1\AppData\Local\Temp\cc9MzFEW.s:4123   .debug_str:0000000000002f68 .LASF835
C:\Users\CYMR90~1\AppData\Local\Temp\cc9MzFEW.s:3817   .debug_str:0000000000002003 .LASF836
C:\Users\CYMR90~1\AppData\Local\Temp\cc9MzFEW.s:4885   .debug_str:0000000000005919 .LASF837
C:\Users\CYMR90~1\AppData\Local\Temp\cc9MzFEW.s:4129   .debug_str:0000000000002fae .LASF838
C:\Users\CYMR90~1\AppData\Local\Temp\cc9MzFEW.s:3679   .debug_str:0000000000001923 .LASF839
C:\Users\CYMR90~1\AppData\Local\Temp\cc9MzFEW.s:4931   .debug_str:0000000000005b96 .LASF840
C:\Users\CYMR90~1\AppData\Local\Temp\cc9MzFEW.s:3359   .debug_str:00000000000007a2 .LASF841
C:\Users\CYMR90~1\AppData\Local\Temp\cc9MzFEW.s:4919   .debug_str:0000000000005b0d .LASF842
C:\Users\CYMR90~1\AppData\Local\Temp\cc9MzFEW.s:3773   .debug_str:0000000000001ddb .LASF843
C:\Users\CYMR90~1\AppData\Local\Temp\cc9MzFEW.s:3399   .debug_str:000000000000096f .LASF844
C:\Users\CYMR90~1\AppData\Local\Temp\cc9MzFEW.s:4949   .debug_str:0000000000005d97 .LASF845
C:\Users\CYMR90~1\AppData\Local\Temp\cc9MzFEW.s:3413   .debug_str:0000000000000a0d .LASF846
C:\Users\CYMR90~1\AppData\Local\Temp\cc9MzFEW.s:3657   .debug_str:00000000000017a1 .LASF847
C:\Users\CYMR90~1\AppData\Local\Temp\cc9MzFEW.s:4071   .debug_str:0000000000002d02 .LASF848
C:\Users\CYMR90~1\AppData\Local\Temp\cc9MzFEW.s:3343   .debug_str:00000000000006cb .LASF849
C:\Users\CYMR90~1\AppData\Local\Temp\cc9MzFEW.s:4341   .debug_str:0000000000003a5f .LASF850
C:\Users\CYMR90~1\AppData\Local\Temp\cc9MzFEW.s:4785   .debug_str:00000000000053da .LASF851
C:\Users\CYMR90~1\AppData\Local\Temp\cc9MzFEW.s:4621   .debug_str:0000000000004a79 .LASF852
C:\Users\CYMR90~1\AppData\Local\Temp\cc9MzFEW.s:4837   .debug_str:00000000000056b3 .LASF853
C:\Users\CYMR90~1\AppData\Local\Temp\cc9MzFEW.s:4935   .debug_str:0000000000005bcf .LASF854
C:\Users\CYMR90~1\AppData\Local\Temp\cc9MzFEW.s:3319   .debug_str:000000000000058a .LASF855
C:\Users\CYMR90~1\AppData\Local\Temp\cc9MzFEW.s:3747   .debug_str:0000000000001c89 .LASF856
C:\Users\CYMR90~1\AppData\Local\Temp\cc9MzFEW.s:4795   .debug_str:000000000000543c .LASF857
C:\Users\CYMR90~1\AppData\Local\Temp\cc9MzFEW.s:3839   .debug_str:0000000000002110 .LASF858
C:\Users\CYMR90~1\AppData\Local\Temp\cc9MzFEW.s:3309   .debug_str:000000000000050b .LASF859
C:\Users\CYMR90~1\AppData\Local\Temp\cc9MzFEW.s:3273   .debug_str:00000000000002eb .LASF860
C:\Users\CYMR90~1\AppData\Local\Temp\cc9MzFEW.s:3297   .debug_str:0000000000000463 .LASF861
C:\Users\CYMR90~1\AppData\Local\Temp\cc9MzFEW.s:3879   .debug_str:0000000000002332 .LASF862
C:\Users\CYMR90~1\AppData\Local\Temp\cc9MzFEW.s:4095   .debug_str:0000000000002e69 .LASF863
C:\Users\CYMR90~1\AppData\Local\Temp\cc9MzFEW.s:4357   .debug_str:0000000000003b22 .LASF864
C:\Users\CYMR90~1\AppData\Local\Temp\cc9MzFEW.s:4827   .debug_str:0000000000005658 .LASF865
C:\Users\CYMR90~1\AppData\Local\Temp\cc9MzFEW.s:4307   .debug_str:00000000000038c5 .LASF866
C:\Users\CYMR90~1\AppData\Local\Temp\cc9MzFEW.s:3675   .debug_str:00000000000018ce .LASF867
C:\Users\CYMR90~1\AppData\Local\Temp\cc9MzFEW.s:4343   .debug_str:0000000000003a7d .LASF868
C:\Users\CYMR90~1\AppData\Local\Temp\cc9MzFEW.s:4963   .debug_str:0000000000005e3a .LASF869
C:\Users\CYMR90~1\AppData\Local\Temp\cc9MzFEW.s:4629   .debug_str:0000000000004aca .LASF870
C:\Users\CYMR90~1\AppData\Local\Temp\cc9MzFEW.s:3353   .debug_str:000000000000073d .LASF871
C:\Users\CYMR90~1\AppData\Local\Temp\cc9MzFEW.s:3877   .debug_str:0000000000002316 .LASF872
                           .group:0000000000000000 wm4.0.10abbef32179bc1260444192115bdf5e
                           .group:0000000000000000 wm4._newlib_version.h.4.bfdf54b0af045d4a71376ae00f63a22c
                           .group:0000000000000000 wm4.newlib.h.18.08a2ecba46890ca2aa56bbe21686e6c3
                           .group:0000000000000000 wm4.ieeefp.h.202.4f2759f5758fd82153cfbf98692f2ced
                           .group:0000000000000000 wm4.features.h.22.fad1cec3bc7ff06488171438dbdcfd02
                           .group:0000000000000000 wm4.config.h.83.13bbc8852bfac55b724c9822481355b5
                           .group:0000000000000000 wm4._ansi.h.31.de524f58584151836e90d8620a16f8e8
                           .group:0000000000000000 wm4.unistd.h.9.2709ac388e61c5728907bf928c890ff7
                           .group:0000000000000000 wm4._default_types.h.6.959254cf5f09734ea7516c89e8bb21bd
                           .group:0000000000000000 wm4.stddef.h.131.4bcd5f6706d47fddd8bd0b3f4021f06e
                           .group:0000000000000000 wm4.cdefs.h.49.39045112216f6a021dbdffe3bf5accce
                           .group:0000000000000000 wm4.types.h.40.8b6acba56cefbb11746718204edc8f5e
                           .group:0000000000000000 wm4._types.h.20.dd0d04dca3800a0d2a6129b87f3adbb2
                           .group:0000000000000000 wm4.stddef.h.231.86faa330df73984d632afa8bd5898c3d
                           .group:0000000000000000 wm4._types.h.127.34941de1b2539d59d5cac00e0dd27a45
                           .group:0000000000000000 wm4._stdint.h.10.c24fa3af3bc1706662bb5593a907e841
                           .group:0000000000000000 wm4._endian.h.18.1bf9649e8e5bbc91042012680270b9ed
                           .group:0000000000000000 wm4.endian.h.9.49f3a4695c1b61e8a0808de3c4a106cb
                           .group:0000000000000000 wm4._timeval.h.32.bec3221fa7a9bb0bdde696c9c57e47d2
                           .group:0000000000000000 wm4.timespec.h.41.d855182eb0e690443ab8651bcedca6e1
                           .group:0000000000000000 wm4.select.h.19.40cd3f2bfc456b193b790c2754690ebf
                           .group:0000000000000000 wm4.types.h.51.5571ec98f267d17d3c670b7a3ba33afa
                           .group:0000000000000000 wm4.sched.h.22.c60982713a5c428609783c78f9c78d95
                           .group:0000000000000000 wm4._pthreadtypes.h.36.fcee9961c35163dde6267ef772ad1972
                           .group:0000000000000000 wm4.stddef.h.39.1fe24fa67d478b0e69be52d6872b379d
                           .group:0000000000000000 wm4.unistd.h.170.da6e816043042c61475c2b1f58468b37

NO UNDEFINED SYMBOLS
