   1              		.file	"sbrk.c"
   2              		.option nopic
   3              		.attribute arch, "rv32i2p0_m2p0_a2p0_c2p0"
   4              		.attribute unaligned_access, 0
   5              		.attribute stack_align, 16
   6              		.text
   7              	.Ltext0:
   8              		.cfi_sections	.debug_frame
   9              		.section	.sdata.curbrk.0,"aw"
  10              		.align	2
  13              	curbrk.0:
  14 0000 00000000 		.word	_end
  15              		.section	.text._sbrk,"ax",@progbits
  16              		.align	1
  17              		.globl	_sbrk
  19              	_sbrk:
  20              	.LFB0:
  21              		.file 1 "../Firmware/RISCV/stubs/sbrk.c"
   1:../Firmware/RISCV/stubs/sbrk.c **** /* See LICENSE of license details. */
   2:../Firmware/RISCV/stubs/sbrk.c **** 
   3:../Firmware/RISCV/stubs/sbrk.c **** #include <stddef.h>
   4:../Firmware/RISCV/stubs/sbrk.c **** 
   5:../Firmware/RISCV/stubs/sbrk.c **** void *_sbrk(ptrdiff_t incr)
   6:../Firmware/RISCV/stubs/sbrk.c **** {
  22              		.loc 1 6 1
  23              		.cfi_startproc
  24 0000 0111     		addi	sp,sp,-32
  25              		.cfi_def_cfa_offset 32
  26 0002 22CE     		sw	s0,28(sp)
  27              		.cfi_offset 8, -4
  28 0004 0010     		addi	s0,sp,32
  29              		.cfi_def_cfa 8, 0
  30 0006 2326A4FE 		sw	a0,-20(s0)
   7:../Firmware/RISCV/stubs/sbrk.c ****   extern char _end[];
   8:../Firmware/RISCV/stubs/sbrk.c ****   extern char _heap_end[];
   9:../Firmware/RISCV/stubs/sbrk.c ****   static char *curbrk = _end;
  10:../Firmware/RISCV/stubs/sbrk.c **** 
  11:../Firmware/RISCV/stubs/sbrk.c ****   if ((curbrk + incr < _end) || (curbrk + incr > _heap_end))
  31              		.loc 1 11 15
  32 000a 97070000 		lla	a5,curbrk.0
  32      93870700 
  33 0012 9843     		lw	a4,0(a5)
  34 0014 8327C4FE 		lw	a5,-20(s0)
  35 0018 3E97     		add	a4,a4,a5
  36              		.loc 1 11 6
  37 001a 97070000 		lla	a5,_end
  37      93870700 
  38 0022 6360F702 		bltu	a4,a5,.L2
  39              		.loc 1 11 41 discriminator 1
  40 0026 97070000 		lla	a5,curbrk.0
  40      93870700 
  41 002e 9843     		lw	a4,0(a5)
  42 0030 8327C4FE 		lw	a5,-20(s0)
  43 0034 3E97     		add	a4,a4,a5
  44              		.loc 1 11 30 discriminator 1
  45 0036 97070000 		lla	a5,_heap_end
  45      93870700 
  46 003e 63F4E700 		bleu	a4,a5,.L3
  47              	.L2:
  12:../Firmware/RISCV/stubs/sbrk.c ****     return NULL - 1;
  48              		.loc 1 12 17
  49 0042 FD57     		li	a5,-1
  50 0044 05A8     		j	.L4
  51              	.L3:
  13:../Firmware/RISCV/stubs/sbrk.c **** 
  14:../Firmware/RISCV/stubs/sbrk.c ****   curbrk += incr;
  52              		.loc 1 14 10
  53 0046 97070000 		lla	a5,curbrk.0
  53      93870700 
  54 004e 9843     		lw	a4,0(a5)
  55 0050 8327C4FE 		lw	a5,-20(s0)
  56 0054 3E97     		add	a4,a4,a5
  57 0056 97070000 		lla	a5,curbrk.0
  57      93870700 
  58 005e 98C3     		sw	a4,0(a5)
  15:../Firmware/RISCV/stubs/sbrk.c ****   return curbrk - incr;
  59              		.loc 1 15 17
  60 0060 97070000 		lla	a5,curbrk.0
  60      93870700 
  61 0068 9843     		lw	a4,0(a5)
  62 006a 8327C4FE 		lw	a5,-20(s0)
  63 006e B307F040 		neg	a5,a5
  64 0072 BA97     		add	a5,a4,a5
  65              	.L4:
  16:../Firmware/RISCV/stubs/sbrk.c **** }...
  66              		.loc 1 16 1
  67 0074 3E85     		mv	a0,a5
  68 0076 7244     		lw	s0,28(sp)
  69              		.cfi_restore 8
  70              		.cfi_def_cfa 2, 32
  71 0078 0561     		addi	sp,sp,32
  72              		.cfi_def_cfa_offset 0
  73 007a 8280     		jr	ra
  74              		.cfi_endproc
  75              	.LFE0:
  77              		.text
  78              	.Letext0:
  79              		.file 2 "e:\\gd32\\gd32embeddedbuilder_v1.5.2.30854\\tools\\nuclei_riscv_newlibc_prebuilt_win32_20
DEFINED SYMBOLS
                            *ABS*:0000000000000000 sbrk.c
C:\Users\CYMR90~1\AppData\Local\Temp\ccxpdq01.s:13     .sdata.curbrk.0:0000000000000000 curbrk.0
C:\Users\CYMR90~1\AppData\Local\Temp\ccxpdq01.s:19     .text._sbrk:0000000000000000 _sbrk
C:\Users\CYMR90~1\AppData\Local\Temp\ccxpdq01.s:23     .text._sbrk:0000000000000000 .L0 
C:\Users\CYMR90~1\AppData\Local\Temp\ccxpdq01.s:24     .text._sbrk:0000000000000000 .L0 
C:\Users\CYMR90~1\AppData\Local\Temp\ccxpdq01.s:25     .text._sbrk:0000000000000002 .L0 
C:\Users\CYMR90~1\AppData\Local\Temp\ccxpdq01.s:27     .text._sbrk:0000000000000004 .L0 
C:\Users\CYMR90~1\AppData\Local\Temp\ccxpdq01.s:29     .text._sbrk:0000000000000006 .L0 
C:\Users\CYMR90~1\AppData\Local\Temp\ccxpdq01.s:32     .text._sbrk:000000000000000a .L0 
C:\Users\CYMR90~1\AppData\Local\Temp\ccxpdq01.s:37     .text._sbrk:000000000000001a .L0 
C:\Users\CYMR90~1\AppData\Local\Temp\ccxpdq01.s:40     .text._sbrk:0000000000000026 .L0 
C:\Users\CYMR90~1\AppData\Local\Temp\ccxpdq01.s:45     .text._sbrk:0000000000000036 .L0 
C:\Users\CYMR90~1\AppData\Local\Temp\ccxpdq01.s:49     .text._sbrk:0000000000000042 .L0 
C:\Users\CYMR90~1\AppData\Local\Temp\ccxpdq01.s:53     .text._sbrk:0000000000000046 .L0 
C:\Users\CYMR90~1\AppData\Local\Temp\ccxpdq01.s:60     .text._sbrk:0000000000000060 .L0 
C:\Users\CYMR90~1\AppData\Local\Temp\ccxpdq01.s:67     .text._sbrk:0000000000000074 .L0 
C:\Users\CYMR90~1\AppData\Local\Temp\ccxpdq01.s:69     .text._sbrk:0000000000000078 .L0 
C:\Users\CYMR90~1\AppData\Local\Temp\ccxpdq01.s:70     .text._sbrk:0000000000000078 .L0 
C:\Users\CYMR90~1\AppData\Local\Temp\ccxpdq01.s:72     .text._sbrk:000000000000007a .L0 
C:\Users\CYMR90~1\AppData\Local\Temp\ccxpdq01.s:74     .text._sbrk:000000000000007c .L0 
C:\Users\CYMR90~1\AppData\Local\Temp\ccxpdq01.s:77     .text._sbrk:000000000000007c .L0 
                     .debug_frame:0000000000000000 .L0 
C:\Users\CYMR90~1\AppData\Local\Temp\ccxpdq01.s:32     .text._sbrk:000000000000000a .L0 
C:\Users\CYMR90~1\AppData\Local\Temp\ccxpdq01.s:37     .text._sbrk:000000000000001a .L0 
C:\Users\CYMR90~1\AppData\Local\Temp\ccxpdq01.s:40     .text._sbrk:0000000000000026 .L0 
C:\Users\CYMR90~1\AppData\Local\Temp\ccxpdq01.s:45     .text._sbrk:0000000000000036 .L0 
C:\Users\CYMR90~1\AppData\Local\Temp\ccxpdq01.s:53     .text._sbrk:0000000000000046 .L0 
C:\Users\CYMR90~1\AppData\Local\Temp\ccxpdq01.s:57     .text._sbrk:0000000000000056 .L0 
C:\Users\CYMR90~1\AppData\Local\Temp\ccxpdq01.s:60     .text._sbrk:0000000000000060 .L0 
C:\Users\CYMR90~1\AppData\Local\Temp\ccxpdq01.s:47     .text._sbrk:0000000000000042 .L2
C:\Users\CYMR90~1\AppData\Local\Temp\ccxpdq01.s:51     .text._sbrk:0000000000000046 .L3
C:\Users\CYMR90~1\AppData\Local\Temp\ccxpdq01.s:65     .text._sbrk:0000000000000074 .L4
C:\Users\CYMR90~1\AppData\Local\Temp\ccxpdq01.s:175    .debug_abbrev:0000000000000000 .Ldebug_abbrev0
C:\Users\CYMR90~1\AppData\Local\Temp\ccxpdq01.s:1787   .debug_str:0000000000001072 .LASF373
C:\Users\CYMR90~1\AppData\Local\Temp\ccxpdq01.s:1543   .debug_str:0000000000000296 .LASF374
C:\Users\CYMR90~1\AppData\Local\Temp\ccxpdq01.s:1821   .debug_str:0000000000001323 .LASF375
C:\Users\CYMR90~1\AppData\Local\Temp\ccxpdq01.s:360    .debug_ranges:0000000000000000 .Ldebug_ranges0
C:\Users\CYMR90~1\AppData\Local\Temp\ccxpdq01.s:1495   .debug_line:0000000000000000 .Ldebug_line0
C:\Users\CYMR90~1\AppData\Local\Temp\ccxpdq01.s:366    .debug_macro:0000000000000000 .Ldebug_macro0
C:\Users\CYMR90~1\AppData\Local\Temp\ccxpdq01.s:1853   .debug_str:00000000000014d9 .LASF376
C:\Users\CYMR90~1\AppData\Local\Temp\ccxpdq01.s:1751   .debug_str:0000000000000e7e .LASF367
C:\Users\CYMR90~1\AppData\Local\Temp\ccxpdq01.s:1737   .debug_str:0000000000000dcc .LASF368
C:\Users\CYMR90~1\AppData\Local\Temp\ccxpdq01.s:2065   .debug_str:0000000000001f8e .LASF369
C:\Users\CYMR90~1\AppData\Local\Temp\ccxpdq01.s:2249   .debug_str:0000000000002992 .LASF377
C:\Users\CYMR90~1\AppData\Local\Temp\ccxpdq01.s:20     .text._sbrk:0000000000000000 .LFB0
C:\Users\CYMR90~1\AppData\Local\Temp\ccxpdq01.s:75     .text._sbrk:000000000000007c .LFE0
C:\Users\CYMR90~1\AppData\Local\Temp\ccxpdq01.s:1711   .debug_str:0000000000000c6d .LASF378
C:\Users\CYMR90~1\AppData\Local\Temp\ccxpdq01.s:1827   .debug_str:0000000000001385 .LASF370
C:\Users\CYMR90~1\AppData\Local\Temp\ccxpdq01.s:2173   .debug_str:000000000000257d .LASF371
C:\Users\CYMR90~1\AppData\Local\Temp\ccxpdq01.s:1513   .debug_str:00000000000000ed .LASF379
C:\Users\CYMR90~1\AppData\Local\Temp\ccxpdq01.s:2067   .debug_str:0000000000001f9a .LASF372
C:\Users\CYMR90~1\AppData\Local\Temp\ccxpdq01.s:81     .debug_info:0000000000000000 .Ldebug_info0
C:\Users\CYMR90~1\AppData\Local\Temp\ccxpdq01.s:384    .debug_macro:0000000000000000 .Ldebug_macro2
C:\Users\CYMR90~1\AppData\Local\Temp\ccxpdq01.s:1331   .debug_macro:0000000000000000 .Ldebug_macro3
C:\Users\CYMR90~1\AppData\Local\Temp\ccxpdq01.s:2019   .debug_str:0000000000001cf3 .LASF0
C:\Users\CYMR90~1\AppData\Local\Temp\ccxpdq01.s:1523   .debug_str:0000000000000180 .LASF1
C:\Users\CYMR90~1\AppData\Local\Temp\ccxpdq01.s:2107   .debug_str:0000000000002190 .LASF2
C:\Users\CYMR90~1\AppData\Local\Temp\ccxpdq01.s:2133   .debug_str:000000000000230d .LASF3
C:\Users\CYMR90~1\AppData\Local\Temp\ccxpdq01.s:1587   .debug_str:000000000000057f .LASF4
C:\Users\CYMR90~1\AppData\Local\Temp\ccxpdq01.s:1777   .debug_str:0000000000001004 .LASF5
C:\Users\CYMR90~1\AppData\Local\Temp\ccxpdq01.s:1993   .debug_str:0000000000001b8c .LASF6
C:\Users\CYMR90~1\AppData\Local\Temp\ccxpdq01.s:1849   .debug_str:00000000000014a8 .LASF7
C:\Users\CYMR90~1\AppData\Local\Temp\ccxpdq01.s:1577   .debug_str:00000000000004bf .LASF8
C:\Users\CYMR90~1\AppData\Local\Temp\ccxpdq01.s:2033   .debug_str:0000000000001dbf .LASF9
C:\Users\CYMR90~1\AppData\Local\Temp\ccxpdq01.s:1545   .debug_str:00000000000002b5 .LASF10
C:\Users\CYMR90~1\AppData\Local\Temp\ccxpdq01.s:1925   .debug_str:0000000000001894 .LASF11
C:\Users\CYMR90~1\AppData\Local\Temp\ccxpdq01.s:1747   .debug_str:0000000000000e55 .LASF12
C:\Users\CYMR90~1\AppData\Local\Temp\ccxpdq01.s:2195   .debug_str:00000000000026b2 .LASF13
C:\Users\CYMR90~1\AppData\Local\Temp\ccxpdq01.s:2125   .debug_str:00000000000022c0 .LASF14
C:\Users\CYMR90~1\AppData\Local\Temp\ccxpdq01.s:2207   .debug_str:0000000000002742 .LASF15
C:\Users\CYMR90~1\AppData\Local\Temp\ccxpdq01.s:1867   .debug_str:0000000000001567 .LASF16
C:\Users\CYMR90~1\AppData\Local\Temp\ccxpdq01.s:2101   .debug_str:000000000000214e .LASF17
C:\Users\CYMR90~1\AppData\Local\Temp\ccxpdq01.s:1739   .debug_str:0000000000000dda .LASF18
C:\Users\CYMR90~1\AppData\Local\Temp\ccxpdq01.s:1817   .debug_str:00000000000012d9 .LASF19
C:\Users\CYMR90~1\AppData\Local\Temp\ccxpdq01.s:2011   .debug_str:0000000000001c75 .LASF20
C:\Users\CYMR90~1\AppData\Local\Temp\ccxpdq01.s:1701   .debug_str:0000000000000c14 .LASF21
C:\Users\CYMR90~1\AppData\Local\Temp\ccxpdq01.s:1757   .debug_str:0000000000000eae .LASF22
C:\Users\CYMR90~1\AppData\Local\Temp\ccxpdq01.s:1509   .debug_str:00000000000000bc .LASF23
C:\Users\CYMR90~1\AppData\Local\Temp\ccxpdq01.s:1569   .debug_str:000000000000043b .LASF24
C:\Users\CYMR90~1\AppData\Local\Temp\ccxpdq01.s:1865   .debug_str:000000000000154e .LASF25
C:\Users\CYMR90~1\AppData\Local\Temp\ccxpdq01.s:2025   .debug_str:0000000000001d59 .LASF26
C:\Users\CYMR90~1\AppData\Local\Temp\ccxpdq01.s:1805   .debug_str:0000000000001227 .LASF27
C:\Users\CYMR90~1\AppData\Local\Temp\ccxpdq01.s:2021   .debug_str:0000000000001cfe .LASF28
C:\Users\CYMR90~1\AppData\Local\Temp\ccxpdq01.s:1671   .debug_str:0000000000000a52 .LASF29
C:\Users\CYMR90~1\AppData\Local\Temp\ccxpdq01.s:1677   .debug_str:0000000000000aaa .LASF30
C:\Users\CYMR90~1\AppData\Local\Temp\ccxpdq01.s:1519   .debug_str:0000000000000143 .LASF31
C:\Users\CYMR90~1\AppData\Local\Temp\ccxpdq01.s:1607   .debug_str:00000000000006c7 .LASF32
C:\Users\CYMR90~1\AppData\Local\Temp\ccxpdq01.s:2113   .debug_str:00000000000021ff .LASF33
C:\Users\CYMR90~1\AppData\Local\Temp\ccxpdq01.s:2197   .debug_str:00000000000026c5 .LASF34
C:\Users\CYMR90~1\AppData\Local\Temp\ccxpdq01.s:2027   .debug_str:0000000000001d76 .LASF35
C:\Users\CYMR90~1\AppData\Local\Temp\ccxpdq01.s:1813   .debug_str:00000000000012a1 .LASF36
C:\Users\CYMR90~1\AppData\Local\Temp\ccxpdq01.s:1731   .debug_str:0000000000000d62 .LASF37
C:\Users\CYMR90~1\AppData\Local\Temp\ccxpdq01.s:1807   .debug_str:0000000000001241 .LASF38
C:\Users\CYMR90~1\AppData\Local\Temp\ccxpdq01.s:1561   .debug_str:00000000000003a8 .LASF39
C:\Users\CYMR90~1\AppData\Local\Temp\ccxpdq01.s:1635   .debug_str:000000000000084d .LASF40
C:\Users\CYMR90~1\AppData\Local\Temp\ccxpdq01.s:1669   .debug_str:0000000000000a38 .LASF41
C:\Users\CYMR90~1\AppData\Local\Temp\ccxpdq01.s:2099   .debug_str:0000000000002135 .LASF42
C:\Users\CYMR90~1\AppData\Local\Temp\ccxpdq01.s:1683   .debug_str:0000000000000b01 .LASF43
C:\Users\CYMR90~1\AppData\Local\Temp\ccxpdq01.s:1511   .debug_str:00000000000000d0 .LASF44
C:\Users\CYMR90~1\AppData\Local\Temp\ccxpdq01.s:1633   .debug_str:0000000000000830 .LASF45
C:\Users\CYMR90~1\AppData\Local\Temp\ccxpdq01.s:2135   .debug_str:000000000000231f .LASF46
C:\Users\CYMR90~1\AppData\Local\Temp\ccxpdq01.s:1965   .debug_str:0000000000001a30 .LASF47
C:\Users\CYMR90~1\AppData\Local\Temp\ccxpdq01.s:1535   .debug_str:0000000000000202 .LASF48
C:\Users\CYMR90~1\AppData\Local\Temp\ccxpdq01.s:2005   .debug_str:0000000000001c31 .LASF49
C:\Users\CYMR90~1\AppData\Local\Temp\ccxpdq01.s:1685   .debug_str:0000000000000b19 .LASF50
C:\Users\CYMR90~1\AppData\Local\Temp\ccxpdq01.s:1971   .debug_str:0000000000001a7f .LASF51
C:\Users\CYMR90~1\AppData\Local\Temp\ccxpdq01.s:2031   .debug_str:0000000000001d9c .LASF52
C:\Users\CYMR90~1\AppData\Local\Temp\ccxpdq01.s:2229   .debug_str:0000000000002861 .LASF53
C:\Users\CYMR90~1\AppData\Local\Temp\ccxpdq01.s:1913   .debug_str:00000000000017ce .LASF54
C:\Users\CYMR90~1\AppData\Local\Temp\ccxpdq01.s:1521   .debug_str:0000000000000158 .LASF55
C:\Users\CYMR90~1\AppData\Local\Temp\ccxpdq01.s:1619   .debug_str:0000000000000742 .LASF56
C:\Users\CYMR90~1\AppData\Local\Temp\ccxpdq01.s:1895   .debug_str:00000000000016eb .LASF57
C:\Users\CYMR90~1\AppData\Local\Temp\ccxpdq01.s:1687   .debug_str:0000000000000b38 .LASF58
C:\Users\CYMR90~1\AppData\Local\Temp\ccxpdq01.s:1939   .debug_str:0000000000001926 .LASF59
C:\Users\CYMR90~1\AppData\Local\Temp\ccxpdq01.s:1863   .debug_str:000000000000152c .LASF60
C:\Users\CYMR90~1\AppData\Local\Temp\ccxpdq01.s:2111   .debug_str:00000000000021de .LASF61
C:\Users\CYMR90~1\AppData\Local\Temp\ccxpdq01.s:2169   .debug_str:000000000000254a .LASF62
C:\Users\CYMR90~1\AppData\Local\Temp\ccxpdq01.s:1947   .debug_str:000000000000198b .LASF63
C:\Users\CYMR90~1\AppData\Local\Temp\ccxpdq01.s:2223   .debug_str:0000000000002814 .LASF64
C:\Users\CYMR90~1\AppData\Local\Temp\ccxpdq01.s:1623   .debug_str:00000000000007b1 .LASF65
C:\Users\CYMR90~1\AppData\Local\Temp\ccxpdq01.s:2073   .debug_str:0000000000001fd1 .LASF66
C:\Users\CYMR90~1\AppData\Local\Temp\ccxpdq01.s:2155   .debug_str:000000000000243a .LASF67
C:\Users\CYMR90~1\AppData\Local\Temp\ccxpdq01.s:1845   .debug_str:0000000000001483 .LASF68
C:\Users\CYMR90~1\AppData\Local\Temp\ccxpdq01.s:2009   .debug_str:0000000000001c61 .LASF69
C:\Users\CYMR90~1\AppData\Local\Temp\ccxpdq01.s:1839   .debug_str:0000000000001444 .LASF70
C:\Users\CYMR90~1\AppData\Local\Temp\ccxpdq01.s:2209   .debug_str:0000000000002759 .LASF71
C:\Users\CYMR90~1\AppData\Local\Temp\ccxpdq01.s:1775   .debug_str:0000000000000fdd .LASF72
C:\Users\CYMR90~1\AppData\Local\Temp\ccxpdq01.s:2015   .debug_str:0000000000001c94 .LASF73
C:\Users\CYMR90~1\AppData\Local\Temp\ccxpdq01.s:1981   .debug_str:0000000000001afd .LASF74
C:\Users\CYMR90~1\AppData\Local\Temp\ccxpdq01.s:1603   .debug_str:00000000000006a4 .LASF75
C:\Users\CYMR90~1\AppData\Local\Temp\ccxpdq01.s:1755   .debug_str:0000000000000e9e .LASF76
C:\Users\CYMR90~1\AppData\Local\Temp\ccxpdq01.s:1999   .debug_str:0000000000001bef .LASF77
C:\Users\CYMR90~1\AppData\Local\Temp\ccxpdq01.s:1709   .debug_str:0000000000000c54 .LASF78
C:\Users\CYMR90~1\AppData\Local\Temp\ccxpdq01.s:1613   .debug_str:0000000000000713 .LASF79
C:\Users\CYMR90~1\AppData\Local\Temp\ccxpdq01.s:1629   .debug_str:0000000000000804 .LASF80
C:\Users\CYMR90~1\AppData\Local\Temp\ccxpdq01.s:1887   .debug_str:000000000000169a .LASF81
C:\Users\CYMR90~1\AppData\Local\Temp\ccxpdq01.s:1673   .debug_str:0000000000000a79 .LASF82
C:\Users\CYMR90~1\AppData\Local\Temp\ccxpdq01.s:2091   .debug_str:00000000000020c1 .LASF83
C:\Users\CYMR90~1\AppData\Local\Temp\ccxpdq01.s:1527   .debug_str:00000000000001aa .LASF84
C:\Users\CYMR90~1\AppData\Local\Temp\ccxpdq01.s:1977   .debug_str:0000000000001ad1 .LASF85
C:\Users\CYMR90~1\AppData\Local\Temp\ccxpdq01.s:2213   .debug_str:0000000000002782 .LASF86
C:\Users\CYMR90~1\AppData\Local\Temp\ccxpdq01.s:1723   .debug_str:0000000000000ce3 .LASF87
C:\Users\CYMR90~1\AppData\Local\Temp\ccxpdq01.s:1691   .debug_str:0000000000000b59 .LASF88
C:\Users\CYMR90~1\AppData\Local\Temp\ccxpdq01.s:1995   .debug_str:0000000000001b9d .LASF89
C:\Users\CYMR90~1\AppData\Local\Temp\ccxpdq01.s:1933   .debug_str:00000000000018d8 .LASF90
C:\Users\CYMR90~1\AppData\Local\Temp\ccxpdq01.s:1531   .debug_str:00000000000001cd .LASF91
C:\Users\CYMR90~1\AppData\Local\Temp\ccxpdq01.s:1893   .debug_str:00000000000016d7 .LASF92
C:\Users\CYMR90~1\AppData\Local\Temp\ccxpdq01.s:2059   .debug_str:0000000000001f27 .LASF93
C:\Users\CYMR90~1\AppData\Local\Temp\ccxpdq01.s:2159   .debug_str:000000000000246f .LASF94
C:\Users\CYMR90~1\AppData\Local\Temp\ccxpdq01.s:1733   .debug_str:0000000000000d8a .LASF95
C:\Users\CYMR90~1\AppData\Local\Temp\ccxpdq01.s:2183   .debug_str:0000000000002614 .LASF96
C:\Users\CYMR90~1\AppData\Local\Temp\ccxpdq01.s:1875   .debug_str:00000000000015c0 .LASF97
C:\Users\CYMR90~1\AppData\Local\Temp\ccxpdq01.s:2233   .debug_str:000000000000289d .LASF98
C:\Users\CYMR90~1\AppData\Local\Temp\ccxpdq01.s:1791   .debug_str:0000000000001157 .LASF99
C:\Users\CYMR90~1\AppData\Local\Temp\ccxpdq01.s:1705   .debug_str:0000000000000c32 .LASF100
C:\Users\CYMR90~1\AppData\Local\Temp\ccxpdq01.s:1665   .debug_str:0000000000000a01 .LASF101
C:\Users\CYMR90~1\AppData\Local\Temp\ccxpdq01.s:1901   .debug_str:0000000000001739 .LASF102
C:\Users\CYMR90~1\AppData\Local\Temp\ccxpdq01.s:1599   .debug_str:0000000000000665 .LASF103
C:\Users\CYMR90~1\AppData\Local\Temp\ccxpdq01.s:2241   .debug_str:0000000000002917 .LASF104
C:\Users\CYMR90~1\AppData\Local\Temp\ccxpdq01.s:1763   .debug_str:0000000000000edf .LASF105
C:\Users\CYMR90~1\AppData\Local\Temp\ccxpdq01.s:1911   .debug_str:00000000000017b7 .LASF106
C:\Users\CYMR90~1\AppData\Local\Temp\ccxpdq01.s:1973   .debug_str:0000000000001a9d .LASF107
C:\Users\CYMR90~1\AppData\Local\Temp\ccxpdq01.s:1825   .debug_str:0000000000001376 .LASF108
C:\Users\CYMR90~1\AppData\Local\Temp\ccxpdq01.s:1647   .debug_str:00000000000008f8 .LASF109
C:\Users\CYMR90~1\AppData\Local\Temp\ccxpdq01.s:2039   .debug_str:0000000000001e01 .LASF110
C:\Users\CYMR90~1\AppData\Local\Temp\ccxpdq01.s:1717   .debug_str:0000000000000ca4 .LASF111
C:\Users\CYMR90~1\AppData\Local\Temp\ccxpdq01.s:1559   .debug_str:000000000000038f .LASF112
C:\Users\CYMR90~1\AppData\Local\Temp\ccxpdq01.s:1625   .debug_str:00000000000007c5 .LASF113
C:\Users\CYMR90~1\AppData\Local\Temp\ccxpdq01.s:1517   .debug_str:000000000000012e .LASF114
C:\Users\CYMR90~1\AppData\Local\Temp\ccxpdq01.s:2231   .debug_str:0000000000002884 .LASF115
C:\Users\CYMR90~1\AppData\Local\Temp\ccxpdq01.s:1869   .debug_str:0000000000001578 .LASF116
C:\Users\CYMR90~1\AppData\Local\Temp\ccxpdq01.s:2225   .debug_str:0000000000002840 .LASF117
C:\Users\CYMR90~1\AppData\Local\Temp\ccxpdq01.s:1679   .debug_str:0000000000000ad7 .LASF118
C:\Users\CYMR90~1\AppData\Local\Temp\ccxpdq01.s:2007   .debug_str:0000000000001c51 .LASF119
C:\Users\CYMR90~1\AppData\Local\Temp\ccxpdq01.s:2117   .debug_str:000000000000222a .LASF120
C:\Users\CYMR90~1\AppData\Local\Temp\ccxpdq01.s:1967   .debug_str:0000000000001a52 .LASF121
C:\Users\CYMR90~1\AppData\Local\Temp\ccxpdq01.s:2245   .debug_str:000000000000294d .LASF122
C:\Users\CYMR90~1\AppData\Local\Temp\ccxpdq01.s:2077   .debug_str:000000000000202e .LASF123
C:\Users\CYMR90~1\AppData\Local\Temp\ccxpdq01.s:1533   .debug_str:00000000000001e5 .LASF124
C:\Users\CYMR90~1\AppData\Local\Temp\ccxpdq01.s:2191   .debug_str:0000000000002661 .LASF125
C:\Users\CYMR90~1\AppData\Local\Temp\ccxpdq01.s:2157   .debug_str:0000000000002451 .LASF126
C:\Users\CYMR90~1\AppData\Local\Temp\ccxpdq01.s:1783   .debug_str:0000000000001044 .LASF127
C:\Users\CYMR90~1\AppData\Local\Temp\ccxpdq01.s:2121   .debug_str:000000000000228d .LASF128
C:\Users\CYMR90~1\AppData\Local\Temp\ccxpdq01.s:1501   .debug_str:0000000000000036 .LASF129
C:\Users\CYMR90~1\AppData\Local\Temp\ccxpdq01.s:1907   .debug_str:0000000000001778 .LASF130
C:\Users\CYMR90~1\AppData\Local\Temp\ccxpdq01.s:2161   .debug_str:000000000000249c .LASF131
C:\Users\CYMR90~1\AppData\Local\Temp\ccxpdq01.s:1497   .debug_str:0000000000000000 .LASF132
C:\Users\CYMR90~1\AppData\Local\Temp\ccxpdq01.s:1661   .debug_str:00000000000009c7 .LASF133
C:\Users\CYMR90~1\AppData\Local\Temp\ccxpdq01.s:2103   .debug_str:0000000000002160 .LASF134
C:\Users\CYMR90~1\AppData\Local\Temp\ccxpdq01.s:1735   .debug_str:0000000000000da2 .LASF135
C:\Users\CYMR90~1\AppData\Local\Temp\ccxpdq01.s:1663   .debug_str:00000000000009e7 .LASF136
C:\Users\CYMR90~1\AppData\Local\Temp\ccxpdq01.s:1721   .debug_str:0000000000000ccf .LASF137
C:\Users\CYMR90~1\AppData\Local\Temp\ccxpdq01.s:1917   .debug_str:000000000000180c .LASF138
C:\Users\CYMR90~1\AppData\Local\Temp\ccxpdq01.s:2041   .debug_str:0000000000001e21 .LASF139
C:\Users\CYMR90~1\AppData\Local\Temp\ccxpdq01.s:1921   .debug_str:000000000000183e .LASF140
C:\Users\CYMR90~1\AppData\Local\Temp\ccxpdq01.s:2003   .debug_str:0000000000001c1b .LASF141
C:\Users\CYMR90~1\AppData\Local\Temp\ccxpdq01.s:1591   .debug_str:00000000000005a2 .LASF142
C:\Users\CYMR90~1\AppData\Local\Temp\ccxpdq01.s:1773   .debug_str:0000000000000fc7 .LASF143
C:\Users\CYMR90~1\AppData\Local\Temp\ccxpdq01.s:1529   .debug_str:00000000000001bd .LASF144
C:\Users\CYMR90~1\AppData\Local\Temp\ccxpdq01.s:1891   .debug_str:00000000000016c3 .LASF145
C:\Users\CYMR90~1\AppData\Local\Temp\ccxpdq01.s:1741   .debug_str:0000000000000df1 .LASF146
C:\Users\CYMR90~1\AppData\Local\Temp\ccxpdq01.s:1793   .debug_str:000000000000117a .LASF147
C:\Users\CYMR90~1\AppData\Local\Temp\ccxpdq01.s:2189   .debug_str:0000000000002648 .LASF148
C:\Users\CYMR90~1\AppData\Local\Temp\ccxpdq01.s:1829   .debug_str:000000000000138a .LASF149
C:\Users\CYMR90~1\AppData\Local\Temp\ccxpdq01.s:1749   .debug_str:0000000000000e68 .LASF150
C:\Users\CYMR90~1\AppData\Local\Temp\ccxpdq01.s:1861   .debug_str:0000000000001516 .LASF151
C:\Users\CYMR90~1\AppData\Local\Temp\ccxpdq01.s:2239   .debug_str:00000000000028e0 .LASF152
C:\Users\CYMR90~1\AppData\Local\Temp\ccxpdq01.s:1997   .debug_str:0000000000001bb3 .LASF153
C:\Users\CYMR90~1\AppData\Local\Temp\ccxpdq01.s:1819   .debug_str:00000000000012ec .LASF154
C:\Users\CYMR90~1\AppData\Local\Temp\ccxpdq01.s:1515   .debug_str:00000000000000f4 .LASF155
C:\Users\CYMR90~1\AppData\Local\Temp\ccxpdq01.s:1695   .debug_str:0000000000000b89 .LASF156
C:\Users\CYMR90~1\AppData\Local\Temp\ccxpdq01.s:1657   .debug_str:0000000000000996 .LASF157
C:\Users\CYMR90~1\AppData\Local\Temp\ccxpdq01.s:2083   .debug_str:000000000000206b .LASF158
C:\Users\CYMR90~1\AppData\Local\Temp\ccxpdq01.s:1789   .debug_str:000000000000113f .LASF159
C:\Users\CYMR90~1\AppData\Local\Temp\ccxpdq01.s:1615   .debug_str:0000000000000725 .LASF160
C:\Users\CYMR90~1\AppData\Local\Temp\ccxpdq01.s:1857   .debug_str:00000000000014fa .LASF161
C:\Users\CYMR90~1\AppData\Local\Temp\ccxpdq01.s:1639   .debug_str:00000000000008a5 .LASF162
C:\Users\CYMR90~1\AppData\Local\Temp\ccxpdq01.s:2247   .debug_str:0000000000002978 .LASF163
C:\Users\CYMR90~1\AppData\Local\Temp\ccxpdq01.s:1915   .debug_str:00000000000017f7 .LASF164
C:\Users\CYMR90~1\AppData\Local\Temp\ccxpdq01.s:1551   .debug_str:0000000000000318 .LASF165
C:\Users\CYMR90~1\AppData\Local\Temp\ccxpdq01.s:1855   .debug_str:00000000000014e3 .LASF166
C:\Users\CYMR90~1\AppData\Local\Temp\ccxpdq01.s:2179   .debug_str:00000000000025c0 .LASF167
C:\Users\CYMR90~1\AppData\Local\Temp\ccxpdq01.s:1767   .debug_str:0000000000000f28 .LASF168
C:\Users\CYMR90~1\AppData\Local\Temp\ccxpdq01.s:1621   .debug_str:000000000000076f .LASF169
C:\Users\CYMR90~1\AppData\Local\Temp\ccxpdq01.s:1595   .debug_str:0000000000000602 .LASF170
C:\Users\CYMR90~1\AppData\Local\Temp\ccxpdq01.s:1745   .debug_str:0000000000000e0c .LASF171
C:\Users\CYMR90~1\AppData\Local\Temp\ccxpdq01.s:2165   .debug_str:00000000000024f3 .LASF172
C:\Users\CYMR90~1\AppData\Local\Temp\ccxpdq01.s:1571   .debug_str:000000000000044a .LASF173
C:\Users\CYMR90~1\AppData\Local\Temp\ccxpdq01.s:2187   .debug_str:0000000000002630 .LASF174
C:\Users\CYMR90~1\AppData\Local\Temp\ccxpdq01.s:1565   .debug_str:00000000000003e1 .LASF175
C:\Users\CYMR90~1\AppData\Local\Temp\ccxpdq01.s:2139   .debug_str:000000000000235d .LASF176
C:\Users\CYMR90~1\AppData\Local\Temp\ccxpdq01.s:1781   .debug_str:000000000000102a .LASF177
C:\Users\CYMR90~1\AppData\Local\Temp\ccxpdq01.s:1809   .debug_str:0000000000001264 .LASF178
C:\Users\CYMR90~1\AppData\Local\Temp\ccxpdq01.s:1987   .debug_str:0000000000001b5a .LASF179
C:\Users\CYMR90~1\AppData\Local\Temp\ccxpdq01.s:1541   .debug_str:000000000000027d .LASF180
C:\Users\CYMR90~1\AppData\Local\Temp\ccxpdq01.s:1801   .debug_str:00000000000011fb .LASF181
C:\Users\CYMR90~1\AppData\Local\Temp\ccxpdq01.s:2129   .debug_str:00000000000022e4 .LASF182
C:\Users\CYMR90~1\AppData\Local\Temp\ccxpdq01.s:1651   .debug_str:0000000000000935 .LASF183
C:\Users\CYMR90~1\AppData\Local\Temp\ccxpdq01.s:2075   .debug_str:0000000000001fef .LASF184
C:\Users\CYMR90~1\AppData\Local\Temp\ccxpdq01.s:1557   .debug_str:0000000000000355 .LASF185
C:\Users\CYMR90~1\AppData\Local\Temp\ccxpdq01.s:2109   .debug_str:00000000000021a2 .LASF186
C:\Users\CYMR90~1\AppData\Local\Temp\ccxpdq01.s:1697   .debug_str:0000000000000bc7 .LASF187
C:\Users\CYMR90~1\AppData\Local\Temp\ccxpdq01.s:2115   .debug_str:0000000000002214 .LASF188
C:\Users\CYMR90~1\AppData\Local\Temp\ccxpdq01.s:1653   .debug_str:000000000000096f .LASF189
C:\Users\CYMR90~1\AppData\Local\Temp\ccxpdq01.s:2057   .debug_str:0000000000001f0e .LASF190
C:\Users\CYMR90~1\AppData\Local\Temp\ccxpdq01.s:1919   .debug_str:0000000000001828 .LASF191
C:\Users\CYMR90~1\AppData\Local\Temp\ccxpdq01.s:1841   .debug_str:000000000000145b .LASF192
C:\Users\CYMR90~1\AppData\Local\Temp\ccxpdq01.s:2037   .debug_str:0000000000001de9 .LASF193
C:\Users\CYMR90~1\AppData\Local\Temp\ccxpdq01.s:1631   .debug_str:0000000000000816 .LASF194
C:\Users\CYMR90~1\AppData\Local\Temp\ccxpdq01.s:2145   .debug_str:00000000000023a3 .LASF195
C:\Users\CYMR90~1\AppData\Local\Temp\ccxpdq01.s:2035   .debug_str:0000000000001dd2 .LASF196
C:\Users\CYMR90~1\AppData\Local\Temp\ccxpdq01.s:1889   .debug_str:00000000000016ab .LASF197
C:\Users\CYMR90~1\AppData\Local\Temp\ccxpdq01.s:2193   .debug_str:0000000000002678 .LASF198
C:\Users\CYMR90~1\AppData\Local\Temp\ccxpdq01.s:2063   .debug_str:0000000000001f4f .LASF199
C:\Users\CYMR90~1\AppData\Local\Temp\ccxpdq01.s:2053   .debug_str:0000000000001eb9 .LASF200
C:\Users\CYMR90~1\AppData\Local\Temp\ccxpdq01.s:1879   .debug_str:00000000000015fa .LASF201
C:\Users\CYMR90~1\AppData\Local\Temp\ccxpdq01.s:1503   .debug_str:000000000000004e .LASF202
C:\Users\CYMR90~1\AppData\Local\Temp\ccxpdq01.s:1969   .debug_str:0000000000001a68 .LASF203
C:\Users\CYMR90~1\AppData\Local\Temp\ccxpdq01.s:1553   .debug_str:000000000000032f .LASF204
C:\Users\CYMR90~1\AppData\Local\Temp\ccxpdq01.s:1779   .debug_str:0000000000001010 .LASF205
C:\Users\CYMR90~1\AppData\Local\Temp\ccxpdq01.s:1785   .debug_str:000000000000105c .LASF206
C:\Users\CYMR90~1\AppData\Local\Temp\ccxpdq01.s:1507   .debug_str:00000000000000ac .LASF207
C:\Users\CYMR90~1\AppData\Local\Temp\ccxpdq01.s:2217   .debug_str:00000000000027ae .LASF208
C:\Users\CYMR90~1\AppData\Local\Temp\ccxpdq01.s:1851   .debug_str:00000000000014be .LASF209
C:\Users\CYMR90~1\AppData\Local\Temp\ccxpdq01.s:1715   .debug_str:0000000000000c8e .LASF210
C:\Users\CYMR90~1\AppData\Local\Temp\ccxpdq01.s:1897   .debug_str:0000000000001702 .LASF211
C:\Users\CYMR90~1\AppData\Local\Temp\ccxpdq01.s:1929   .debug_str:00000000000018b2 .LASF212
C:\Users\CYMR90~1\AppData\Local\Temp\ccxpdq01.s:2221   .debug_str:00000000000027d9 .LASF213
C:\Users\CYMR90~1\AppData\Local\Temp\ccxpdq01.s:1637   .debug_str:0000000000000865 .LASF214
C:\Users\CYMR90~1\AppData\Local\Temp\ccxpdq01.s:1765   .debug_str:0000000000000eed .LASF215
C:\Users\CYMR90~1\AppData\Local\Temp\ccxpdq01.s:1725   .debug_str:0000000000000cf5 .LASF216
C:\Users\CYMR90~1\AppData\Local\Temp\ccxpdq01.s:2167   .debug_str:0000000000002508 .LASF217
C:\Users\CYMR90~1\AppData\Local\Temp\ccxpdq01.s:1611   .debug_str:00000000000006fc .LASF218
C:\Users\CYMR90~1\AppData\Local\Temp\ccxpdq01.s:1769   .debug_str:0000000000000f6f .LASF219
C:\Users\CYMR90~1\AppData\Local\Temp\ccxpdq01.s:2143   .debug_str:0000000000002389 .LASF220
C:\Users\CYMR90~1\AppData\Local\Temp\ccxpdq01.s:2081   .debug_str:0000000000002055 .LASF221
C:\Users\CYMR90~1\AppData\Local\Temp\ccxpdq01.s:2171   .debug_str:000000000000256c .LASF222
C:\Users\CYMR90~1\AppData\Local\Temp\ccxpdq01.s:2255   .debug_str:00000000000029c8 .LASF223
C:\Users\CYMR90~1\AppData\Local\Temp\ccxpdq01.s:1951   .debug_str:00000000000019bb .LASF224
C:\Users\CYMR90~1\AppData\Local\Temp\ccxpdq01.s:1719   .debug_str:0000000000000cb8 .LASF225
C:\Users\CYMR90~1\AppData\Local\Temp\ccxpdq01.s:2253   .debug_str:00000000000029af .LASF226
C:\Users\CYMR90~1\AppData\Local\Temp\ccxpdq01.s:2085   .debug_str:0000000000002082 .LASF227
C:\Users\CYMR90~1\AppData\Local\Temp\ccxpdq01.s:1547   .debug_str:00000000000002c8 .LASF228
C:\Users\CYMR90~1\AppData\Local\Temp\ccxpdq01.s:2023   .debug_str:0000000000001d18 .LASF229
C:\Users\CYMR90~1\AppData\Local\Temp\ccxpdq01.s:1537   .debug_str:0000000000000229 .LASF230
C:\Users\CYMR90~1\AppData\Local\Temp\ccxpdq01.s:1593   .debug_str:00000000000005c3 .LASF231
C:\Users\CYMR90~1\AppData\Local\Temp\ccxpdq01.s:2093   .debug_str:00000000000020d8 .LASF232
C:\Users\CYMR90~1\AppData\Local\Temp\ccxpdq01.s:1499   .debug_str:000000000000001f .LASF233
C:\Users\CYMR90~1\AppData\Local\Temp\ccxpdq01.s:1823   .debug_str:000000000000135d .LASF234
C:\Users\CYMR90~1\AppData\Local\Temp\ccxpdq01.s:1609   .debug_str:00000000000006e2 .LASF235
C:\Users\CYMR90~1\AppData\Local\Temp\ccxpdq01.s:2071   .debug_str:0000000000001fb9 .LASF236
C:\Users\CYMR90~1\AppData\Local\Temp\ccxpdq01.s:2227   .debug_str:000000000000284f .LASF237
C:\Users\CYMR90~1\AppData\Local\Temp\ccxpdq01.s:1659   .debug_str:00000000000009ab .LASF238
C:\Users\CYMR90~1\AppData\Local\Temp\ccxpdq01.s:1837   .debug_str:0000000000001426 .LASF239
C:\Users\CYMR90~1\AppData\Local\Temp\ccxpdq01.s:1881   .debug_str:0000000000001638 .LASF240
C:\Users\CYMR90~1\AppData\Local\Temp\ccxpdq01.s:2175   .debug_str:0000000000002587 .LASF241
C:\Users\CYMR90~1\AppData\Local\Temp\ccxpdq01.s:1979   .debug_str:0000000000001ae3 .LASF242
C:\Users\CYMR90~1\AppData\Local\Temp\ccxpdq01.s:2149   .debug_str:00000000000023cf .LASF243
C:\Users\CYMR90~1\AppData\Local\Temp\ccxpdq01.s:2201   .debug_str:00000000000026e4 .LASF244
C:\Users\CYMR90~1\AppData\Local\Temp\ccxpdq01.s:2163   .debug_str:00000000000024b4 .LASF245
C:\Users\CYMR90~1\AppData\Local\Temp\ccxpdq01.s:1581   .debug_str:0000000000000515 .LASF246
C:\Users\CYMR90~1\AppData\Local\Temp\ccxpdq01.s:2017   .debug_str:0000000000001cad .LASF247
C:\Users\CYMR90~1\AppData\Local\Temp\ccxpdq01.s:1843   .debug_str:000000000000146b .LASF248
C:\Users\CYMR90~1\AppData\Local\Temp\ccxpdq01.s:1815   .debug_str:00000000000012bf .LASF249
C:\Users\CYMR90~1\AppData\Local\Temp\ccxpdq01.s:1573   .debug_str:0000000000000461 .LASF250
C:\Users\CYMR90~1\AppData\Local\Temp\ccxpdq01.s:1909   .debug_str:00000000000017a0 .LASF251
C:\Users\CYMR90~1\AppData\Local\Temp\ccxpdq01.s:1991   .debug_str:0000000000001b7a .LASF252
C:\Users\CYMR90~1\AppData\Local\Temp\ccxpdq01.s:2237   .debug_str:00000000000028c5 .LASF253
C:\Users\CYMR90~1\AppData\Local\Temp\ccxpdq01.s:1505   .debug_str:000000000000008f .LASF254
C:\Users\CYMR90~1\AppData\Local\Temp\ccxpdq01.s:1539   .debug_str:0000000000000265 .LASF255
C:\Users\CYMR90~1\AppData\Local\Temp\ccxpdq01.s:1871   .debug_str:0000000000001591 .LASF256
C:\Users\CYMR90~1\AppData\Local\Temp\ccxpdq01.s:1943   .debug_str:0000000000001953 .LASF257
C:\Users\CYMR90~1\AppData\Local\Temp\ccxpdq01.s:1923   .debug_str:0000000000001856 .LASF258
C:\Users\CYMR90~1\AppData\Local\Temp\ccxpdq01.s:1575   .debug_str:000000000000047c .LASF259
C:\Users\CYMR90~1\AppData\Local\Temp\ccxpdq01.s:1797   .debug_str:00000000000011a2 .LASF260
C:\Users\CYMR90~1\AppData\Local\Temp\ccxpdq01.s:1579   .debug_str:00000000000004d4 .LASF261
C:\Users\CYMR90~1\AppData\Local\Temp\ccxpdq01.s:2045   .debug_str:0000000000001e42 .LASF262
C:\Users\CYMR90~1\AppData\Local\Temp\ccxpdq01.s:1903   .debug_str:0000000000001755 .LASF263
C:\Users\CYMR90~1\AppData\Local\Temp\ccxpdq01.s:2069   .debug_str:0000000000001f9f .LASF264
C:\Users\CYMR90~1\AppData\Local\Temp\ccxpdq01.s:1799   .debug_str:00000000000011e0 .LASF265
C:\Users\CYMR90~1\AppData\Local\Temp\ccxpdq01.s:2049   .debug_str:0000000000001e93 .LASF266
C:\Users\CYMR90~1\AppData\Local\Temp\ccxpdq01.s:2181   .debug_str:0000000000002602 .LASF267
C:\Users\CYMR90~1\AppData\Local\Temp\ccxpdq01.s:2141   .debug_str:000000000000236d .LASF268
C:\Users\CYMR90~1\AppData\Local\Temp\ccxpdq01.s:1597   .debug_str:0000000000000647 .LASF269
C:\Users\CYMR90~1\AppData\Local\Temp\ccxpdq01.s:1975   .debug_str:0000000000001ab8 .LASF270
C:\Users\CYMR90~1\AppData\Local\Temp\ccxpdq01.s:2137   .debug_str:0000000000002342 .LASF271
C:\Users\CYMR90~1\AppData\Local\Temp\ccxpdq01.s:1601   .debug_str:000000000000068a .LASF272
C:\Users\CYMR90~1\AppData\Local\Temp\ccxpdq01.s:1885   .debug_str:000000000000165b .LASF273
C:\Users\CYMR90~1\AppData\Local\Temp\ccxpdq01.s:1567   .debug_str:00000000000003f7 .LASF274
C:\Users\CYMR90~1\AppData\Local\Temp\ccxpdq01.s:1771   .debug_str:0000000000000f88 .LASF275
C:\Users\CYMR90~1\AppData\Local\Temp\ccxpdq01.s:2119   .debug_str:000000000000224c .LASF276
C:\Users\CYMR90~1\AppData\Local\Temp\ccxpdq01.s:1835   .debug_str:00000000000013e0 .LASF277
C:\Users\CYMR90~1\AppData\Local\Temp\ccxpdq01.s:1583   .debug_str:0000000000000556 .LASF278
C:\Users\CYMR90~1\AppData\Local\Temp\ccxpdq01.s:2153   .debug_str:0000000000002420 .LASF279
C:\Users\CYMR90~1\AppData\Local\Temp\ccxpdq01.s:2055   .debug_str:0000000000001ef3 .LASF280
C:\Users\CYMR90~1\AppData\Local\Temp\ccxpdq01.s:2123   .debug_str:00000000000022ab .LASF281
C:\Users\CYMR90~1\AppData\Local\Temp\ccxpdq01.s:2215   .debug_str:0000000000002797 .LASF282
C:\Users\CYMR90~1\AppData\Local\Temp\ccxpdq01.s:2251   .debug_str:0000000000002998 .LASF283
C:\Users\CYMR90~1\AppData\Local\Temp\ccxpdq01.s:2079   .debug_str:0000000000002045 .LASF284
C:\Users\CYMR90~1\AppData\Local\Temp\ccxpdq01.s:1877   .debug_str:00000000000015d5 .LASF285
C:\Users\CYMR90~1\AppData\Local\Temp\ccxpdq01.s:2243   .debug_str:000000000000292f .LASF286
C:\Users\CYMR90~1\AppData\Local\Temp\ccxpdq01.s:1945   .debug_str:000000000000196d .LASF287
C:\Users\CYMR90~1\AppData\Local\Temp\ccxpdq01.s:1983   .debug_str:0000000000001b20 .LASF288
C:\Users\CYMR90~1\AppData\Local\Temp\ccxpdq01.s:1727   .debug_str:0000000000000d33 .LASF289
C:\Users\CYMR90~1\AppData\Local\Temp\ccxpdq01.s:1667   .debug_str:0000000000000a17 .LASF290
C:\Users\CYMR90~1\AppData\Local\Temp\ccxpdq01.s:1899   .debug_str:000000000000171a .LASF291
C:\Users\CYMR90~1\AppData\Local\Temp\ccxpdq01.s:1935   .debug_str:00000000000018fe .LASF292
C:\Users\CYMR90~1\AppData\Local\Temp\ccxpdq01.s:2177   .debug_str:00000000000025a2 .LASF293
C:\Users\CYMR90~1\AppData\Local\Temp\ccxpdq01.s:1675   .debug_str:0000000000000a8b .LASF294
C:\Users\CYMR90~1\AppData\Local\Temp\ccxpdq01.s:1649   .debug_str:0000000000000911 .LASF295
C:\Users\CYMR90~1\AppData\Local\Temp\ccxpdq01.s:1811   .debug_str:0000000000001280 .LASF296
C:\Users\CYMR90~1\AppData\Local\Temp\ccxpdq01.s:1713   .debug_str:0000000000000c72 .LASF297
C:\Users\CYMR90~1\AppData\Local\Temp\ccxpdq01.s:1645   .debug_str:00000000000008dc .LASF298
C:\Users\CYMR90~1\AppData\Local\Temp\ccxpdq01.s:1941   .debug_str:000000000000193e .LASF299
C:\Users\CYMR90~1\AppData\Local\Temp\ccxpdq01.s:1549   .debug_str:0000000000000304 .LASF300
C:\Users\CYMR90~1\AppData\Local\Temp\ccxpdq01.s:2147   .debug_str:00000000000023b8 .LASF301
C:\Users\CYMR90~1\AppData\Local\Temp\ccxpdq01.s:1605   .debug_str:00000000000006bd .LASF302
C:\Users\CYMR90~1\AppData\Local\Temp\ccxpdq01.s:1873   .debug_str:00000000000015ab .LASF303
C:\Users\CYMR90~1\AppData\Local\Temp\ccxpdq01.s:1585   .debug_str:000000000000056e .LASF304
C:\Users\CYMR90~1\AppData\Local\Temp\ccxpdq01.s:2051   .debug_str:0000000000001eab .LASF305
C:\Users\CYMR90~1\AppData\Local\Temp\ccxpdq01.s:1949   .debug_str:00000000000019ad .LASF306
C:\Users\CYMR90~1\AppData\Local\Temp\ccxpdq01.s:1525   .debug_str:0000000000000199 .LASF307
C:\Users\CYMR90~1\AppData\Local\Temp\ccxpdq01.s:2203   .debug_str:0000000000002728 .LASF308
C:\Users\CYMR90~1\AppData\Local\Temp\ccxpdq01.s:1803   .debug_str:000000000000120e .LASF309
C:\Users\CYMR90~1\AppData\Local\Temp\ccxpdq01.s:1985   .debug_str:0000000000001b42 .LASF310
C:\Users\CYMR90~1\AppData\Local\Temp\ccxpdq01.s:1703   .debug_str:0000000000000c28 .LASF311
C:\Users\CYMR90~1\AppData\Local\Temp\ccxpdq01.s:1641   .debug_str:00000000000008bd .LASF312
C:\Users\CYMR90~1\AppData\Local\Temp\ccxpdq01.s:1563   .debug_str:00000000000003ca .LASF313
C:\Users\CYMR90~1\AppData\Local\Temp\ccxpdq01.s:1905   .debug_str:000000000000176d .LASF314
C:\Users\CYMR90~1\AppData\Local\Temp\ccxpdq01.s:2199   .debug_str:00000000000026d8 .LASF315
C:\Users\CYMR90~1\AppData\Local\Temp\ccxpdq01.s:2105   .debug_str:0000000000002180 .LASF316
C:\Users\CYMR90~1\AppData\Local\Temp\ccxpdq01.s:1957   .debug_str:00000000000019f3 .LASF317
C:\Users\CYMR90~1\AppData\Local\Temp\ccxpdq01.s:1761   .debug_str:0000000000000ed2 .LASF318
C:\Users\CYMR90~1\AppData\Local\Temp\ccxpdq01.s:2047   .debug_str:0000000000001e87 .LASF319
C:\Users\CYMR90~1\AppData\Local\Temp\ccxpdq01.s:1555   .debug_str:0000000000000348 .LASF320
C:\Users\CYMR90~1\AppData\Local\Temp\ccxpdq01.s:1859   .debug_str:0000000000001509 .LASF321
C:\Users\CYMR90~1\AppData\Local\Temp\ccxpdq01.s:2001   .debug_str:0000000000001c0a .LASF322
C:\Users\CYMR90~1\AppData\Local\Temp\ccxpdq01.s:2087   .debug_str:000000000000209b .LASF323
C:\Users\CYMR90~1\AppData\Local\Temp\ccxpdq01.s:2211   .debug_str:0000000000002772 .LASF324
C:\Users\CYMR90~1\AppData\Local\Temp\ccxpdq01.s:2095   .debug_str:000000000000211b .LASF325
C:\Users\CYMR90~1\AppData\Local\Temp\ccxpdq01.s:1795   .debug_str:0000000000001191 .LASF326
C:\Users\CYMR90~1\AppData\Local\Temp\ccxpdq01.s:1699   .debug_str:0000000000000c08 .LASF327
C:\Users\CYMR90~1\AppData\Local\Temp\ccxpdq01.s:1693   .debug_str:0000000000000b7d .LASF328
C:\Users\CYMR90~1\AppData\Local\Temp\ccxpdq01.s:1989   .debug_str:0000000000001b71 .LASF329
C:\Users\CYMR90~1\AppData\Local\Temp\ccxpdq01.s:1707   .debug_str:0000000000000c45 .LASF330
C:\Users\CYMR90~1\AppData\Local\Temp\ccxpdq01.s:1833   .debug_str:00000000000013d6 .LASF331
C:\Users\CYMR90~1\AppData\Local\Temp\ccxpdq01.s:1689   .debug_str:0000000000000b50 .LASF332
C:\Users\CYMR90~1\AppData\Local\Temp\ccxpdq01.s:1759   .debug_str:0000000000000ec8 .LASF333
C:\Users\CYMR90~1\AppData\Local\Temp\ccxpdq01.s:2205   .debug_str:0000000000002738 .LASF334
C:\Users\CYMR90~1\AppData\Local\Temp\ccxpdq01.s:1931   .debug_str:00000000000018ca .LASF335
C:\Users\CYMR90~1\AppData\Local\Temp\ccxpdq01.s:2089   .debug_str:00000000000020af .LASF336
C:\Users\CYMR90~1\AppData\Local\Temp\ccxpdq01.s:1589   .debug_str:0000000000000591 .LASF337
C:\Users\CYMR90~1\AppData\Local\Temp\ccxpdq01.s:1627   .debug_str:00000000000007ee .LASF338
C:\Users\CYMR90~1\AppData\Local\Temp\ccxpdq01.s:1847   .debug_str:0000000000001496 .LASF339
C:\Users\CYMR90~1\AppData\Local\Temp\ccxpdq01.s:2127   .debug_str:00000000000022d3 .LASF340
C:\Users\CYMR90~1\AppData\Local\Temp\ccxpdq01.s:1729   .debug_str:0000000000000d55 .LASF341
C:\Users\CYMR90~1\AppData\Local\Temp\ccxpdq01.s:1617   .debug_str:0000000000000739 .LASF342
C:\Users\CYMR90~1\AppData\Local\Temp\ccxpdq01.s:2185   .debug_str:0000000000002626 .LASF343
C:\Users\CYMR90~1\AppData\Local\Temp\ccxpdq01.s:2235   .debug_str:00000000000028b7 .LASF344
C:\Users\CYMR90~1\AppData\Local\Temp\ccxpdq01.s:1953   .debug_str:00000000000019d7 .LASF345
C:\Users\CYMR90~1\AppData\Local\Temp\ccxpdq01.s:1743   .debug_str:0000000000000dff .LASF346
C:\Users\CYMR90~1\AppData\Local\Temp\ccxpdq01.s:1883   .debug_str:0000000000001651 .LASF347
C:\Users\CYMR90~1\AppData\Local\Temp\ccxpdq01.s:1937   .debug_str:000000000000191b .LASF348
C:\Users\CYMR90~1\AppData\Local\Temp\ccxpdq01.s:2061   .debug_str:0000000000001f45 .LASF349
C:\Users\CYMR90~1\AppData\Local\Temp\ccxpdq01.s:2029   .debug_str:0000000000001d91 .LASF350
C:\Users\CYMR90~1\AppData\Local\Temp\ccxpdq01.s:1927   .debug_str:00000000000018a7 .LASF351
C:\Users\CYMR90~1\AppData\Local\Temp\ccxpdq01.s:1655   .debug_str:0000000000000987 .LASF352
C:\Users\CYMR90~1\AppData\Local\Temp\ccxpdq01.s:1961   .debug_str:0000000000001a11 .LASF353
C:\Users\CYMR90~1\AppData\Local\Temp\ccxpdq01.s:2219   .debug_str:00000000000027c7 .LASF354
C:\Users\CYMR90~1\AppData\Local\Temp\ccxpdq01.s:2013   .debug_str:0000000000001c88 .LASF355
C:\Users\CYMR90~1\AppData\Local\Temp\ccxpdq01.s:2151   .debug_str:000000000000240e .LASF356
C:\Users\CYMR90~1\AppData\Local\Temp\ccxpdq01.s:2131   .debug_str:00000000000022fc .LASF357
C:\Users\CYMR90~1\AppData\Local\Temp\ccxpdq01.s:1643   .debug_str:00000000000008ce .LASF358
C:\Users\CYMR90~1\AppData\Local\Temp\ccxpdq01.s:1753   .debug_str:0000000000000e8b .LASF359
C:\Users\CYMR90~1\AppData\Local\Temp\ccxpdq01.s:1681   .debug_str:0000000000000af3 .LASF360
C:\Users\CYMR90~1\AppData\Local\Temp\ccxpdq01.s:1955   .debug_str:00000000000019e4 .LASF361
C:\Users\CYMR90~1\AppData\Local\Temp\ccxpdq01.s:2097   .debug_str:0000000000002130 .LASF362
C:\Users\CYMR90~1\AppData\Local\Temp\ccxpdq01.s:2043   .debug_str:0000000000001e31 .LASF363
C:\Users\CYMR90~1\AppData\Local\Temp\ccxpdq01.s:1963   .debug_str:0000000000001a24 .LASF364
C:\Users\CYMR90~1\AppData\Local\Temp\ccxpdq01.s:1831   .debug_str:000000000000139e .LASF365
C:\Users\CYMR90~1\AppData\Local\Temp\ccxpdq01.s:1959   .debug_str:00000000000019ff .LASF366
                           .group:0000000000000000 wm4.0.10abbef32179bc1260444192115bdf5e
                           .group:0000000000000000 wm4.stddef.h.39.144cf5ddcd53cbfdac30259dc1a6c87f

UNDEFINED SYMBOLS
_end
_heap_end
