   1              		.file	"your_printf.c"
   2              		.option nopic
   3              		.attribute arch, "rv32i2p0_m2p0_a2p0_c2p0"
   4              		.attribute unaligned_access, 0
   5              		.attribute stack_align, 16
   6              		.text
   7              	.Ltext0:
   8              		.cfi_sections	.debug_frame
   9              		.section	.text.__wrap_printf,"ax",@progbits
  10              		.align	1
  11              		.globl	__wrap_printf
  13              	__wrap_printf:
  14              	.LFB0:
  15              		.file 1 "../Firmware/RISCV/env_Eclipse/your_printf.c"
   1:../Firmware/RISCV/env_Eclipse/your_printf.c **** /*
   2:../Firmware/RISCV/env_Eclipse/your_printf.c ****  * Copyright (c) 2019 Nuclei Limited. All rights reserved.
   3:../Firmware/RISCV/env_Eclipse/your_printf.c ****  * Copyright (c) 2025, GigaDevice Semiconductor Inc.
   4:../Firmware/RISCV/env_Eclipse/your_printf.c ****  *
   5:../Firmware/RISCV/env_Eclipse/your_printf.c ****  * SPDX-License-Identifier: Apache-2.0
   6:../Firmware/RISCV/env_Eclipse/your_printf.c ****  *
   7:../Firmware/RISCV/env_Eclipse/your_printf.c ****  * Licensed under the Apache License, Version 2.0 (the License); you may
   8:../Firmware/RISCV/env_Eclipse/your_printf.c ****  * not use this file except in compliance with the License.
   9:../Firmware/RISCV/env_Eclipse/your_printf.c ****  * You may obtain a copy of the License at
  10:../Firmware/RISCV/env_Eclipse/your_printf.c ****  *
  11:../Firmware/RISCV/env_Eclipse/your_printf.c ****  * www.apache.org/licenses/LICENSE-2.0
  12:../Firmware/RISCV/env_Eclipse/your_printf.c ****  *
  13:../Firmware/RISCV/env_Eclipse/your_printf.c ****  * Unless required by applicable law or agreed to in writing, software
  14:../Firmware/RISCV/env_Eclipse/your_printf.c ****  * distributed under the License is distributed on an AS IS BASIS, WITHOUT
  15:../Firmware/RISCV/env_Eclipse/your_printf.c ****  * WARRANTIES OR CONDITIONS OF ANY KIND, either express or implied.
  16:../Firmware/RISCV/env_Eclipse/your_printf.c ****  * See the License for the specific language governing permissions and
  17:../Firmware/RISCV/env_Eclipse/your_printf.c ****  * limitations under the License.
  18:../Firmware/RISCV/env_Eclipse/your_printf.c ****  */
  19:../Firmware/RISCV/env_Eclipse/your_printf.c **** 
  20:../Firmware/RISCV/env_Eclipse/your_printf.c **** /* This file refers the RISC-V standard, some adjustments are made according to GigaDevice chips */
  21:../Firmware/RISCV/env_Eclipse/your_printf.c **** 
  22:../Firmware/RISCV/env_Eclipse/your_printf.c **** int __wrap_printf(const char* fmt, ...)
  23:../Firmware/RISCV/env_Eclipse/your_printf.c **** {
  16              		.loc 1 23 1
  17              		.cfi_startproc
  18 0000 3971     		addi	sp,sp,-64
  19              		.cfi_def_cfa_offset 64
  20 0002 22CE     		sw	s0,28(sp)
  21              		.cfi_offset 8, -36
  22 0004 0010     		addi	s0,sp,32
  23              		.cfi_def_cfa 8, 32
  24 0006 2326A4FE 		sw	a0,-20(s0)
  25 000a 4CC0     		sw	a1,4(s0)
  26 000c 10C4     		sw	a2,8(s0)
  27 000e 54C4     		sw	a3,12(s0)
  28 0010 18C8     		sw	a4,16(s0)
  29 0012 5CC8     		sw	a5,20(s0)
  30 0014 232C0401 		sw	a6,24(s0)
  31 0018 232E1401 		sw	a7,28(s0)
  24:../Firmware/RISCV/env_Eclipse/your_printf.c ****     // You can implement your own printf to reduce the code size, because the printf is really a bi
  25:../Firmware/RISCV/env_Eclipse/your_printf.c **** }
  32              		.loc 1 25 1
  33 001c 0100     		nop
  34 001e 3E85     		mv	a0,a5
  35 0020 7244     		lw	s0,28(sp)
  36              		.cfi_restore 8
  37              		.cfi_def_cfa 2, 64
  38 0022 2161     		addi	sp,sp,64
  39              		.cfi_def_cfa_offset 0
  40 0024 8280     		jr	ra
  41              		.cfi_endproc
  42              	.LFE0:
  44              		.text
  45              	.Letext0:
DEFINED SYMBOLS
                            *ABS*:0000000000000000 your_printf.c
C:\Users\CYMR90~1\AppData\Local\Temp\cc4La2Hg.s:13     .text.__wrap_printf:0000000000000000 __wrap_printf
C:\Users\CYMR90~1\AppData\Local\Temp\cc4La2Hg.s:17     .text.__wrap_printf:0000000000000000 .L0 
C:\Users\CYMR90~1\AppData\Local\Temp\cc4La2Hg.s:18     .text.__wrap_printf:0000000000000000 .L0 
C:\Users\CYMR90~1\AppData\Local\Temp\cc4La2Hg.s:19     .text.__wrap_printf:0000000000000002 .L0 
C:\Users\CYMR90~1\AppData\Local\Temp\cc4La2Hg.s:21     .text.__wrap_printf:0000000000000004 .L0 
C:\Users\CYMR90~1\AppData\Local\Temp\cc4La2Hg.s:23     .text.__wrap_printf:0000000000000006 .L0 
C:\Users\CYMR90~1\AppData\Local\Temp\cc4La2Hg.s:33     .text.__wrap_printf:000000000000001c .L0 
C:\Users\CYMR90~1\AppData\Local\Temp\cc4La2Hg.s:36     .text.__wrap_printf:0000000000000022 .L0 
C:\Users\CYMR90~1\AppData\Local\Temp\cc4La2Hg.s:37     .text.__wrap_printf:0000000000000022 .L0 
C:\Users\CYMR90~1\AppData\Local\Temp\cc4La2Hg.s:39     .text.__wrap_printf:0000000000000024 .L0 
C:\Users\CYMR90~1\AppData\Local\Temp\cc4La2Hg.s:41     .text.__wrap_printf:0000000000000026 .L0 
C:\Users\CYMR90~1\AppData\Local\Temp\cc4La2Hg.s:44     .text.__wrap_printf:0000000000000026 .L0 
                     .debug_frame:0000000000000000 .L0 
C:\Users\CYMR90~1\AppData\Local\Temp\cc4La2Hg.s:98     .debug_abbrev:0000000000000000 .Ldebug_abbrev0
C:\Users\CYMR90~1\AppData\Local\Temp\cc4La2Hg.s:1438   .debug_str:0000000000000f43 .LASF315
C:\Users\CYMR90~1\AppData\Local\Temp\cc4La2Hg.s:1608   .debug_str:0000000000001984 .LASF316
C:\Users\CYMR90~1\AppData\Local\Temp\cc4La2Hg.s:1520   .debug_str:000000000000148a .LASF317
C:\Users\CYMR90~1\AppData\Local\Temp\cc4La2Hg.s:223    .debug_ranges:0000000000000000 .Ldebug_ranges0
C:\Users\CYMR90~1\AppData\Local\Temp\cc4La2Hg.s:1188   .debug_line:0000000000000000 .Ldebug_line0
C:\Users\CYMR90~1\AppData\Local\Temp\cc4La2Hg.s:229    .debug_macro:0000000000000000 .Ldebug_macro0
C:\Users\CYMR90~1\AppData\Local\Temp\cc4La2Hg.s:1640   .debug_str:0000000000001b87 .LASF318
C:\Users\CYMR90~1\AppData\Local\Temp\cc4La2Hg.s:14     .text.__wrap_printf:0000000000000000 .LFB0
C:\Users\CYMR90~1\AppData\Local\Temp\cc4La2Hg.s:42     .text.__wrap_printf:0000000000000026 .LFE0
C:\Users\CYMR90~1\AppData\Local\Temp\cc4La2Hg.s:1672   .debug_str:0000000000001d7e .LASF314
C:\Users\CYMR90~1\AppData\Local\Temp\cc4La2Hg.s:47     .debug_info:0000000000000000 .Ldebug_info0
C:\Users\CYMR90~1\AppData\Local\Temp\cc4La2Hg.s:241    .debug_macro:0000000000000000 .Ldebug_macro2
C:\Users\CYMR90~1\AppData\Local\Temp\cc4La2Hg.s:1630   .debug_str:0000000000001ae9 .LASF0
C:\Users\CYMR90~1\AppData\Local\Temp\cc4La2Hg.s:1214   .debug_str:000000000000019d .LASF1
C:\Users\CYMR90~1\AppData\Local\Temp\cc4La2Hg.s:1700   .debug_str:0000000000001f14 .LASF2
C:\Users\CYMR90~1\AppData\Local\Temp\cc4La2Hg.s:1722   .debug_str:0000000000002068 .LASF3
C:\Users\CYMR90~1\AppData\Local\Temp\cc4La2Hg.s:1274   .debug_str:0000000000000547 .LASF4
C:\Users\CYMR90~1\AppData\Local\Temp\cc4La2Hg.s:1430   .debug_str:0000000000000eef .LASF5
C:\Users\CYMR90~1\AppData\Local\Temp\cc4La2Hg.s:1420   .debug_str:0000000000000e49 .LASF6
C:\Users\CYMR90~1\AppData\Local\Temp\cc4La2Hg.s:1490   .debug_str:00000000000012f8 .LASF7
C:\Users\CYMR90~1\AppData\Local\Temp\cc4La2Hg.s:1820   .debug_str:000000000000263d .LASF8
C:\Users\CYMR90~1\AppData\Local\Temp\cc4La2Hg.s:1644   .debug_str:0000000000001bb8 .LASF9
C:\Users\CYMR90~1\AppData\Local\Temp\cc4La2Hg.s:1236   .debug_str:00000000000002c3 .LASF10
C:\Users\CYMR90~1\AppData\Local\Temp\cc4La2Hg.s:1558   .debug_str:00000000000016d7 .LASF11
C:\Users\CYMR90~1\AppData\Local\Temp\cc4La2Hg.s:1406   .debug_str:0000000000000d9d .LASF12
C:\Users\CYMR90~1\AppData\Local\Temp\cc4La2Hg.s:1778   .debug_str:00000000000023da .LASF13
C:\Users\CYMR90~1\AppData\Local\Temp\cc4La2Hg.s:1718   .debug_str:000000000000203d .LASF14
C:\Users\CYMR90~1\AppData\Local\Temp\cc4La2Hg.s:1786   .debug_str:0000000000002454 .LASF15
C:\Users\CYMR90~1\AppData\Local\Temp\cc4La2Hg.s:1504   .debug_str:00000000000013a0 .LASF16
C:\Users\CYMR90~1\AppData\Local\Temp\cc4La2Hg.s:1696   .debug_str:0000000000001ee2 .LASF17
C:\Users\CYMR90~1\AppData\Local\Temp\cc4La2Hg.s:1400   .debug_str:0000000000000d2f .LASF18
C:\Users\CYMR90~1\AppData\Local\Temp\cc4La2Hg.s:1464   .debug_str:000000000000117e .LASF19
C:\Users\CYMR90~1\AppData\Local\Temp\cc4La2Hg.s:1624   .debug_str:0000000000001a77 .LASF20
C:\Users\CYMR90~1\AppData\Local\Temp\cc4La2Hg.s:1368   .debug_str:0000000000000b7e .LASF21
C:\Users\CYMR90~1\AppData\Local\Temp\cc4La2Hg.s:1414   .debug_str:0000000000000de6 .LASF22
C:\Users\CYMR90~1\AppData\Local\Temp\cc4La2Hg.s:1200   .debug_str:000000000000009f .LASF23
C:\Users\CYMR90~1\AppData\Local\Temp\cc4La2Hg.s:1258   .debug_str:000000000000043c .LASF24
C:\Users\CYMR90~1\AppData\Local\Temp\cc4La2Hg.s:1502   .debug_str:0000000000001387 .LASF25
C:\Users\CYMR90~1\AppData\Local\Temp\cc4La2Hg.s:1636   .debug_str:0000000000001b4f .LASF26
C:\Users\CYMR90~1\AppData\Local\Temp\cc4La2Hg.s:1452   .debug_str:00000000000010cc .LASF27
C:\Users\CYMR90~1\AppData\Local\Temp\cc4La2Hg.s:1632   .debug_str:0000000000001af4 .LASF28
C:\Users\CYMR90~1\AppData\Local\Temp\cc4La2Hg.s:1346   .debug_str:00000000000009c3 .LASF29
C:\Users\CYMR90~1\AppData\Local\Temp\cc4La2Hg.s:1352   .debug_str:0000000000000a43 .LASF30
C:\Users\CYMR90~1\AppData\Local\Temp\cc4La2Hg.s:1210   .debug_str:0000000000000160 .LASF31
C:\Users\CYMR90~1\AppData\Local\Temp\cc4La2Hg.s:1290   .debug_str:0000000000000674 .LASF32
C:\Users\CYMR90~1\AppData\Local\Temp\cc4La2Hg.s:1706   .debug_str:0000000000001f83 .LASF33
C:\Users\CYMR90~1\AppData\Local\Temp\cc4La2Hg.s:1780   .debug_str:00000000000023ed .LASF34
C:\Users\CYMR90~1\AppData\Local\Temp\cc4La2Hg.s:1638   .debug_str:0000000000001b6c .LASF35
C:\Users\CYMR90~1\AppData\Local\Temp\cc4La2Hg.s:1460   .debug_str:0000000000001146 .LASF36
C:\Users\CYMR90~1\AppData\Local\Temp\cc4La2Hg.s:1392   .debug_str:0000000000000cab .LASF37
C:\Users\CYMR90~1\AppData\Local\Temp\cc4La2Hg.s:1454   .debug_str:00000000000010e6 .LASF38
C:\Users\CYMR90~1\AppData\Local\Temp\cc4La2Hg.s:1250   .debug_str:00000000000003a9 .LASF39
C:\Users\CYMR90~1\AppData\Local\Temp\cc4La2Hg.s:1314   .debug_str:00000000000007db .LASF40
C:\Users\CYMR90~1\AppData\Local\Temp\cc4La2Hg.s:1344   .debug_str:00000000000009a9 .LASF41
C:\Users\CYMR90~1\AppData\Local\Temp\cc4La2Hg.s:1694   .debug_str:0000000000001ec9 .LASF42
C:\Users\CYMR90~1\AppData\Local\Temp\cc4La2Hg.s:1356   .debug_str:0000000000000a8c .LASF43
C:\Users\CYMR90~1\AppData\Local\Temp\cc4La2Hg.s:1202   .debug_str:00000000000000b3 .LASF44
C:\Users\CYMR90~1\AppData\Local\Temp\cc4La2Hg.s:1312   .debug_str:00000000000007be .LASF45
C:\Users\CYMR90~1\AppData\Local\Temp\cc4La2Hg.s:1724   .debug_str:000000000000207a .LASF46
C:\Users\CYMR90~1\AppData\Local\Temp\cc4La2Hg.s:1580   .debug_str:0000000000001815 .LASF47
C:\Users\CYMR90~1\AppData\Local\Temp\cc4La2Hg.s:1226   .debug_str:000000000000021f .LASF48
C:\Users\CYMR90~1\AppData\Local\Temp\cc4La2Hg.s:1618   .debug_str:0000000000001a33 .LASF49
C:\Users\CYMR90~1\AppData\Local\Temp\cc4La2Hg.s:1358   .debug_str:0000000000000aa4 .LASF50
C:\Users\CYMR90~1\AppData\Local\Temp\cc4La2Hg.s:1654   .debug_str:0000000000001c2a .LASF51
C:\Users\CYMR90~1\AppData\Local\Temp\cc4La2Hg.s:1642   .debug_str:0000000000001b95 .LASF52
C:\Users\CYMR90~1\AppData\Local\Temp\cc4La2Hg.s:1804   .debug_str:0000000000002551 .LASF53
C:\Users\CYMR90~1\AppData\Local\Temp\cc4La2Hg.s:1546   .debug_str:0000000000001611 .LASF54
C:\Users\CYMR90~1\AppData\Local\Temp\cc4La2Hg.s:1212   .debug_str:0000000000000175 .LASF55
C:\Users\CYMR90~1\AppData\Local\Temp\cc4La2Hg.s:1300   .debug_str:00000000000006e6 .LASF56
C:\Users\CYMR90~1\AppData\Local\Temp\cc4La2Hg.s:1532   .debug_str:0000000000001551 .LASF57
C:\Users\CYMR90~1\AppData\Local\Temp\cc4La2Hg.s:1360   .debug_str:0000000000000ac3 .LASF58
C:\Users\CYMR90~1\AppData\Local\Temp\cc4La2Hg.s:1750   .debug_str:0000000000002222 .LASF59
C:\Users\CYMR90~1\AppData\Local\Temp\cc4La2Hg.s:1500   .debug_str:0000000000001365 .LASF60
C:\Users\CYMR90~1\AppData\Local\Temp\cc4La2Hg.s:1704   .debug_str:0000000000001f62 .LASF61
C:\Users\CYMR90~1\AppData\Local\Temp\cc4La2Hg.s:1754   .debug_str:000000000000227c .LASF62
C:\Users\CYMR90~1\AppData\Local\Temp\cc4La2Hg.s:1574   .debug_str:00000000000017c9 .LASF63
C:\Users\CYMR90~1\AppData\Local\Temp\cc4La2Hg.s:1798   .debug_str:0000000000002504 .LASF64
C:\Users\CYMR90~1\AppData\Local\Temp\cc4La2Hg.s:1304   .debug_str:0000000000000755 .LASF65
C:\Users\CYMR90~1\AppData\Local\Temp\cc4La2Hg.s:1678   .debug_str:0000000000001db5 .LASF66
C:\Users\CYMR90~1\AppData\Local\Temp\cc4La2Hg.s:1740   .debug_str:0000000000002169 .LASF67
C:\Users\CYMR90~1\AppData\Local\Temp\cc4La2Hg.s:1488   .debug_str:00000000000012e5 .LASF68
C:\Users\CYMR90~1\AppData\Local\Temp\cc4La2Hg.s:1622   .debug_str:0000000000001a63 .LASF69
C:\Users\CYMR90~1\AppData\Local\Temp\cc4La2Hg.s:1484   .debug_str:00000000000012b6 .LASF70
C:\Users\CYMR90~1\AppData\Local\Temp\cc4La2Hg.s:1788   .debug_str:000000000000246b .LASF71
C:\Users\CYMR90~1\AppData\Local\Temp\cc4La2Hg.s:1428   .debug_str:0000000000000ec8 .LASF72
C:\Users\CYMR90~1\AppData\Local\Temp\cc4La2Hg.s:1626   .debug_str:0000000000001a8a .LASF73
C:\Users\CYMR90~1\AppData\Local\Temp\cc4La2Hg.s:1596   .debug_str:00000000000018e6 .LASF74
C:\Users\CYMR90~1\AppData\Local\Temp\cc4La2Hg.s:1288   .debug_str:000000000000065b .LASF75
C:\Users\CYMR90~1\AppData\Local\Temp\cc4La2Hg.s:1412   .debug_str:0000000000000dd6 .LASF76
C:\Users\CYMR90~1\AppData\Local\Temp\cc4La2Hg.s:1614   .debug_str:0000000000001a02 .LASF77
C:\Users\CYMR90~1\AppData\Local\Temp\cc4La2Hg.s:1374   .debug_str:0000000000000baf .LASF78
C:\Users\CYMR90~1\AppData\Local\Temp\cc4La2Hg.s:1296   .debug_str:00000000000006c0 .LASF79
C:\Users\CYMR90~1\AppData\Local\Temp\cc4La2Hg.s:1308   .debug_str:0000000000000792 .LASF80
C:\Users\CYMR90~1\AppData\Local\Temp\cc4La2Hg.s:1524   .debug_str:0000000000001500 .LASF81
C:\Users\CYMR90~1\AppData\Local\Temp\cc4La2Hg.s:1348   .debug_str:00000000000009ea .LASF82
C:\Users\CYMR90~1\AppData\Local\Temp\cc4La2Hg.s:1690   .debug_str:0000000000001e6f .LASF83
C:\Users\CYMR90~1\AppData\Local\Temp\cc4La2Hg.s:1218   .debug_str:00000000000001c7 .LASF84
C:\Users\CYMR90~1\AppData\Local\Temp\cc4La2Hg.s:1592   .debug_str:00000000000018ba .LASF85
C:\Users\CYMR90~1\AppData\Local\Temp\cc4La2Hg.s:1790   .debug_str:0000000000002484 .LASF86
C:\Users\CYMR90~1\AppData\Local\Temp\cc4La2Hg.s:1386   .debug_str:0000000000000c39 .LASF87
C:\Users\CYMR90~1\AppData\Local\Temp\cc4La2Hg.s:1362   .debug_str:0000000000000adb .LASF88
C:\Users\CYMR90~1\AppData\Local\Temp\cc4La2Hg.s:1610   .debug_str:00000000000019b0 .LASF89
C:\Users\CYMR90~1\AppData\Local\Temp\cc4La2Hg.s:1562   .debug_str:0000000000001702 .LASF90
C:\Users\CYMR90~1\AppData\Local\Temp\cc4La2Hg.s:1222   .debug_str:00000000000001ea .LASF91
C:\Users\CYMR90~1\AppData\Local\Temp\cc4La2Hg.s:1530   .debug_str:000000000000153d .LASF92
C:\Users\CYMR90~1\AppData\Local\Temp\cc4La2Hg.s:1668   .debug_str:0000000000001d21 .LASF93
C:\Users\CYMR90~1\AppData\Local\Temp\cc4La2Hg.s:1744   .debug_str:000000000000219e .LASF94
C:\Users\CYMR90~1\AppData\Local\Temp\cc4La2Hg.s:1394   .debug_str:0000000000000cd3 .LASF95
C:\Users\CYMR90~1\AppData\Local\Temp\cc4La2Hg.s:1768   .debug_str:0000000000002346 .LASF96
C:\Users\CYMR90~1\AppData\Local\Temp\cc4La2Hg.s:1512   .debug_str:00000000000013f9 .LASF97
C:\Users\CYMR90~1\AppData\Local\Temp\cc4La2Hg.s:1808   .debug_str:000000000000258d .LASF98
C:\Users\CYMR90~1\AppData\Local\Temp\cc4La2Hg.s:1442   .debug_str:0000000000001028 .LASF99
C:\Users\CYMR90~1\AppData\Local\Temp\cc4La2Hg.s:1372   .debug_str:0000000000000b9c .LASF100
C:\Users\CYMR90~1\AppData\Local\Temp\cc4La2Hg.s:1340   .debug_str:0000000000000972 .LASF101
C:\Users\CYMR90~1\AppData\Local\Temp\cc4La2Hg.s:1538   .debug_str:000000000000159f .LASF102
C:\Users\CYMR90~1\AppData\Local\Temp\cc4La2Hg.s:1284   .debug_str:000000000000061c .LASF103
C:\Users\CYMR90~1\AppData\Local\Temp\cc4La2Hg.s:1812   .debug_str:00000000000025c2 .LASF104
C:\Users\CYMR90~1\AppData\Local\Temp\cc4La2Hg.s:1416   .debug_str:0000000000000e00 .LASF105
C:\Users\CYMR90~1\AppData\Local\Temp\cc4La2Hg.s:1544   .debug_str:00000000000015fa .LASF106
C:\Users\CYMR90~1\AppData\Local\Temp\cc4La2Hg.s:1588   .debug_str:0000000000001886 .LASF107
C:\Users\CYMR90~1\AppData\Local\Temp\cc4La2Hg.s:1472   .debug_str:0000000000001200 .LASF108
C:\Users\CYMR90~1\AppData\Local\Temp\cc4La2Hg.s:1324   .debug_str:0000000000000878 .LASF109
C:\Users\CYMR90~1\AppData\Local\Temp\cc4La2Hg.s:1650   .debug_str:0000000000001bfa .LASF110
C:\Users\CYMR90~1\AppData\Local\Temp\cc4La2Hg.s:1380   .debug_str:0000000000000bfa .LASF111
C:\Users\CYMR90~1\AppData\Local\Temp\cc4La2Hg.s:1248   .debug_str:0000000000000390 .LASF112
C:\Users\CYMR90~1\AppData\Local\Temp\cc4La2Hg.s:1306   .debug_str:0000000000000769 .LASF113
C:\Users\CYMR90~1\AppData\Local\Temp\cc4La2Hg.s:1208   .debug_str:000000000000014b .LASF114
C:\Users\CYMR90~1\AppData\Local\Temp\cc4La2Hg.s:1806   .debug_str:0000000000002574 .LASF115
C:\Users\CYMR90~1\AppData\Local\Temp\cc4La2Hg.s:1506   .debug_str:00000000000013b1 .LASF116
C:\Users\CYMR90~1\AppData\Local\Temp\cc4La2Hg.s:1800   .debug_str:0000000000002530 .LASF117
C:\Users\CYMR90~1\AppData\Local\Temp\cc4La2Hg.s:1354   .debug_str:0000000000000a70 .LASF118
C:\Users\CYMR90~1\AppData\Local\Temp\cc4La2Hg.s:1620   .debug_str:0000000000001a53 .LASF119
C:\Users\CYMR90~1\AppData\Local\Temp\cc4La2Hg.s:1586   .debug_str:0000000000001864 .LASF120
C:\Users\CYMR90~1\AppData\Local\Temp\cc4La2Hg.s:1582   .debug_str:0000000000001837 .LASF121
C:\Users\CYMR90~1\AppData\Local\Temp\cc4La2Hg.s:1816   .debug_str:00000000000025f8 .LASF122
C:\Users\CYMR90~1\AppData\Local\Temp\cc4La2Hg.s:1682   .debug_str:0000000000001e12 .LASF123
C:\Users\CYMR90~1\AppData\Local\Temp\cc4La2Hg.s:1224   .debug_str:0000000000000202 .LASF124
C:\Users\CYMR90~1\AppData\Local\Temp\cc4La2Hg.s:1774   .debug_str:0000000000002389 .LASF125
C:\Users\CYMR90~1\AppData\Local\Temp\cc4La2Hg.s:1742   .debug_str:0000000000002180 .LASF126
C:\Users\CYMR90~1\AppData\Local\Temp\cc4La2Hg.s:1434   .debug_str:0000000000000f15 .LASF127
C:\Users\CYMR90~1\AppData\Local\Temp\cc4La2Hg.s:1714   .debug_str:000000000000200a .LASF128
C:\Users\CYMR90~1\AppData\Local\Temp\cc4La2Hg.s:1194   .debug_str:0000000000000036 .LASF129
C:\Users\CYMR90~1\AppData\Local\Temp\cc4La2Hg.s:1540   .debug_str:00000000000015bb .LASF130
C:\Users\CYMR90~1\AppData\Local\Temp\cc4La2Hg.s:1746   .debug_str:00000000000021cb .LASF131
C:\Users\CYMR90~1\AppData\Local\Temp\cc4La2Hg.s:1190   .debug_str:0000000000000000 .LASF132
C:\Users\CYMR90~1\AppData\Local\Temp\cc4La2Hg.s:1336   .debug_str:0000000000000938 .LASF133
C:\Users\CYMR90~1\AppData\Local\Temp\cc4La2Hg.s:1698   .debug_str:0000000000001ef4 .LASF134
C:\Users\CYMR90~1\AppData\Local\Temp\cc4La2Hg.s:1396   .debug_str:0000000000000ceb .LASF135
C:\Users\CYMR90~1\AppData\Local\Temp\cc4La2Hg.s:1338   .debug_str:0000000000000958 .LASF136
C:\Users\CYMR90~1\AppData\Local\Temp\cc4La2Hg.s:1384   .debug_str:0000000000000c25 .LASF137
C:\Users\CYMR90~1\AppData\Local\Temp\cc4La2Hg.s:1550   .debug_str:000000000000164f .LASF138
C:\Users\CYMR90~1\AppData\Local\Temp\cc4La2Hg.s:1652   .debug_str:0000000000001c1a .LASF139
C:\Users\CYMR90~1\AppData\Local\Temp\cc4La2Hg.s:1554   .debug_str:0000000000001681 .LASF140
C:\Users\CYMR90~1\AppData\Local\Temp\cc4La2Hg.s:1616   .debug_str:0000000000001a1d .LASF141
C:\Users\CYMR90~1\AppData\Local\Temp\cc4La2Hg.s:1276   .debug_str:0000000000000559 .LASF142
C:\Users\CYMR90~1\AppData\Local\Temp\cc4La2Hg.s:1426   .debug_str:0000000000000eb2 .LASF143
C:\Users\CYMR90~1\AppData\Local\Temp\cc4La2Hg.s:1220   .debug_str:00000000000001da .LASF144
C:\Users\CYMR90~1\AppData\Local\Temp\cc4La2Hg.s:1528   .debug_str:0000000000001529 .LASF145
C:\Users\CYMR90~1\AppData\Local\Temp\cc4La2Hg.s:1402   .debug_str:0000000000000d46 .LASF146
C:\Users\CYMR90~1\AppData\Local\Temp\cc4La2Hg.s:1444   .debug_str:000000000000104b .LASF147
C:\Users\CYMR90~1\AppData\Local\Temp\cc4La2Hg.s:1772   .debug_str:0000000000002370 .LASF148
C:\Users\CYMR90~1\AppData\Local\Temp\cc4La2Hg.s:1476   .debug_str:0000000000001229 .LASF149
C:\Users\CYMR90~1\AppData\Local\Temp\cc4La2Hg.s:1408   .debug_str:0000000000000db0 .LASF150
C:\Users\CYMR90~1\AppData\Local\Temp\cc4La2Hg.s:1498   .debug_str:000000000000134f .LASF151
C:\Users\CYMR90~1\AppData\Local\Temp\cc4La2Hg.s:1566   .debug_str:0000000000001745 .LASF152
C:\Users\CYMR90~1\AppData\Local\Temp\cc4La2Hg.s:1612   .debug_str:00000000000019c6 .LASF153
C:\Users\CYMR90~1\AppData\Local\Temp\cc4La2Hg.s:1466   .debug_str:0000000000001191 .LASF154
C:\Users\CYMR90~1\AppData\Local\Temp\cc4La2Hg.s:1206   .debug_str:0000000000000111 .LASF155
C:\Users\CYMR90~1\AppData\Local\Temp\cc4La2Hg.s:1364   .debug_str:0000000000000aff .LASF156
C:\Users\CYMR90~1\AppData\Local\Temp\cc4La2Hg.s:1332   .debug_str:0000000000000907 .LASF157
C:\Users\CYMR90~1\AppData\Local\Temp\cc4La2Hg.s:1686   .debug_str:0000000000001e3f .LASF158
C:\Users\CYMR90~1\AppData\Local\Temp\cc4La2Hg.s:1440   .debug_str:0000000000001010 .LASF159
C:\Users\CYMR90~1\AppData\Local\Temp\cc4La2Hg.s:1298   .debug_str:00000000000006d2 .LASF160
C:\Users\CYMR90~1\AppData\Local\Temp\cc4La2Hg.s:1496   .debug_str:0000000000001340 .LASF161
C:\Users\CYMR90~1\AppData\Local\Temp\cc4La2Hg.s:1318   .debug_str:0000000000000833 .LASF162
C:\Users\CYMR90~1\AppData\Local\Temp\cc4La2Hg.s:1818   .debug_str:0000000000002623 .LASF163
C:\Users\CYMR90~1\AppData\Local\Temp\cc4La2Hg.s:1548   .debug_str:000000000000163a .LASF164
C:\Users\CYMR90~1\AppData\Local\Temp\cc4La2Hg.s:1242   .debug_str:0000000000000326 .LASF165
C:\Users\CYMR90~1\AppData\Local\Temp\cc4La2Hg.s:1494   .debug_str:0000000000001329 .LASF166
C:\Users\CYMR90~1\AppData\Local\Temp\cc4La2Hg.s:1764   .debug_str:00000000000022f2 .LASF167
C:\Users\CYMR90~1\AppData\Local\Temp\cc4La2Hg.s:1350   .debug_str:00000000000009fc .LASF168
C:\Users\CYMR90~1\AppData\Local\Temp\cc4La2Hg.s:1302   .debug_str:0000000000000713 .LASF169
C:\Users\CYMR90~1\AppData\Local\Temp\cc4La2Hg.s:1280   .debug_str:00000000000005b9 .LASF170
C:\Users\CYMR90~1\AppData\Local\Temp\cc4La2Hg.s:1404   .debug_str:0000000000000d54 .LASF171
C:\Users\CYMR90~1\AppData\Local\Temp\cc4La2Hg.s:1478   .debug_str:000000000000123d .LASF172
C:\Users\CYMR90~1\AppData\Local\Temp\cc4La2Hg.s:1260   .debug_str:000000000000044b .LASF173
C:\Users\CYMR90~1\AppData\Local\Temp\cc4La2Hg.s:1770   .debug_str:0000000000002358 .LASF174
C:\Users\CYMR90~1\AppData\Local\Temp\cc4La2Hg.s:1254   .debug_str:00000000000003e2 .LASF175
C:\Users\CYMR90~1\AppData\Local\Temp\cc4La2Hg.s:1728   .debug_str:00000000000020b8 .LASF176
C:\Users\CYMR90~1\AppData\Local\Temp\cc4La2Hg.s:1398   .debug_str:0000000000000d15 .LASF177
C:\Users\CYMR90~1\AppData\Local\Temp\cc4La2Hg.s:1456   .debug_str:0000000000001109 .LASF178
C:\Users\CYMR90~1\AppData\Local\Temp\cc4La2Hg.s:1602   .debug_str:0000000000001943 .LASF179
C:\Users\CYMR90~1\AppData\Local\Temp\cc4La2Hg.s:1232   .debug_str:000000000000029a .LASF180
C:\Users\CYMR90~1\AppData\Local\Temp\cc4La2Hg.s:1448   .debug_str:00000000000010a0 .LASF181
C:\Users\CYMR90~1\AppData\Local\Temp\cc4La2Hg.s:1720   .debug_str:0000000000002050 .LASF182
C:\Users\CYMR90~1\AppData\Local\Temp\cc4La2Hg.s:1328   .debug_str:00000000000008b5 .LASF183
C:\Users\CYMR90~1\AppData\Local\Temp\cc4La2Hg.s:1680   .debug_str:0000000000001dd3 .LASF184
C:\Users\CYMR90~1\AppData\Local\Temp\cc4La2Hg.s:1246   .debug_str:0000000000000356 .LASF185
C:\Users\CYMR90~1\AppData\Local\Temp\cc4La2Hg.s:1702   .debug_str:0000000000001f26 .LASF186
C:\Users\CYMR90~1\AppData\Local\Temp\cc4La2Hg.s:1366   .debug_str:0000000000000b3d .LASF187
C:\Users\CYMR90~1\AppData\Local\Temp\cc4La2Hg.s:1708   .debug_str:0000000000001f98 .LASF188
C:\Users\CYMR90~1\AppData\Local\Temp\cc4La2Hg.s:1330   .debug_str:00000000000008ef .LASF189
C:\Users\CYMR90~1\AppData\Local\Temp\cc4La2Hg.s:1666   .debug_str:0000000000001d08 .LASF190
C:\Users\CYMR90~1\AppData\Local\Temp\cc4La2Hg.s:1552   .debug_str:000000000000166b .LASF191
C:\Users\CYMR90~1\AppData\Local\Temp\cc4La2Hg.s:1234   .debug_str:00000000000002b3 .LASF192
C:\Users\CYMR90~1\AppData\Local\Temp\cc4La2Hg.s:1648   .debug_str:0000000000001be2 .LASF193
C:\Users\CYMR90~1\AppData\Local\Temp\cc4La2Hg.s:1310   .debug_str:00000000000007a4 .LASF194
C:\Users\CYMR90~1\AppData\Local\Temp\cc4La2Hg.s:1734   .debug_str:00000000000020fe .LASF195
C:\Users\CYMR90~1\AppData\Local\Temp\cc4La2Hg.s:1646   .debug_str:0000000000001bcb .LASF196
C:\Users\CYMR90~1\AppData\Local\Temp\cc4La2Hg.s:1526   .debug_str:0000000000001511 .LASF197
C:\Users\CYMR90~1\AppData\Local\Temp\cc4La2Hg.s:1776   .debug_str:00000000000023a0 .LASF198
C:\Users\CYMR90~1\AppData\Local\Temp\cc4La2Hg.s:1670   .debug_str:0000000000001d3f .LASF199
C:\Users\CYMR90~1\AppData\Local\Temp\cc4La2Hg.s:1662   .debug_str:0000000000001cb3 .LASF200
C:\Users\CYMR90~1\AppData\Local\Temp\cc4La2Hg.s:1516   .debug_str:0000000000001433 .LASF201
C:\Users\CYMR90~1\AppData\Local\Temp\cc4La2Hg.s:1196   .debug_str:000000000000004e .LASF202
C:\Users\CYMR90~1\AppData\Local\Temp\cc4La2Hg.s:1584   .debug_str:000000000000184d .LASF203
C:\Users\CYMR90~1\AppData\Local\Temp\cc4La2Hg.s:1244   .debug_str:000000000000033d .LASF204
C:\Users\CYMR90~1\AppData\Local\Temp\cc4La2Hg.s:1432   .debug_str:0000000000000efb .LASF205
C:\Users\CYMR90~1\AppData\Local\Temp\cc4La2Hg.s:1436   .debug_str:0000000000000f2d .LASF206
C:\Users\CYMR90~1\AppData\Local\Temp\cc4La2Hg.s:1198   .debug_str:000000000000008f .LASF207
C:\Users\CYMR90~1\AppData\Local\Temp\cc4La2Hg.s:1794   .debug_str:00000000000024b0 .LASF208
C:\Users\CYMR90~1\AppData\Local\Temp\cc4La2Hg.s:1492   .debug_str:000000000000130e .LASF209
C:\Users\CYMR90~1\AppData\Local\Temp\cc4La2Hg.s:1378   .debug_str:0000000000000be4 .LASF210
C:\Users\CYMR90~1\AppData\Local\Temp\cc4La2Hg.s:1534   .debug_str:0000000000001568 .LASF211
C:\Users\CYMR90~1\AppData\Local\Temp\cc4La2Hg.s:1560   .debug_str:00000000000016ea .LASF212
C:\Users\CYMR90~1\AppData\Local\Temp\cc4La2Hg.s:1796   .debug_str:00000000000024c9 .LASF213
C:\Users\CYMR90~1\AppData\Local\Temp\cc4La2Hg.s:1316   .debug_str:00000000000007f3 .LASF214
C:\Users\CYMR90~1\AppData\Local\Temp\cc4La2Hg.s:1418   .debug_str:0000000000000e0e .LASF215
C:\Users\CYMR90~1\AppData\Local\Temp\cc4La2Hg.s:1388   .debug_str:0000000000000c4b .LASF216
C:\Users\CYMR90~1\AppData\Local\Temp\cc4La2Hg.s:1752   .debug_str:000000000000223a .LASF217
C:\Users\CYMR90~1\AppData\Local\Temp\cc4La2Hg.s:1294   .debug_str:00000000000006a9 .LASF218
C:\Users\CYMR90~1\AppData\Local\Temp\cc4La2Hg.s:1422   .debug_str:0000000000000e5a .LASF219
C:\Users\CYMR90~1\AppData\Local\Temp\cc4La2Hg.s:1732   .debug_str:00000000000020e4 .LASF220
C:\Users\CYMR90~1\AppData\Local\Temp\cc4La2Hg.s:1684   .debug_str:0000000000001e29 .LASF221
C:\Users\CYMR90~1\AppData\Local\Temp\cc4La2Hg.s:1756   .debug_str:000000000000229e .LASF222
C:\Users\CYMR90~1\AppData\Local\Temp\cc4La2Hg.s:1826   .debug_str:0000000000002682 .LASF223
C:\Users\CYMR90~1\AppData\Local\Temp\cc4La2Hg.s:1578   .debug_str:00000000000017f9 .LASF224
C:\Users\CYMR90~1\AppData\Local\Temp\cc4La2Hg.s:1382   .debug_str:0000000000000c0e .LASF225
C:\Users\CYMR90~1\AppData\Local\Temp\cc4La2Hg.s:1824   .debug_str:0000000000002669 .LASF226
C:\Users\CYMR90~1\AppData\Local\Temp\cc4La2Hg.s:1688   .debug_str:0000000000001e56 .LASF227
C:\Users\CYMR90~1\AppData\Local\Temp\cc4La2Hg.s:1238   .debug_str:00000000000002d6 .LASF228
C:\Users\CYMR90~1\AppData\Local\Temp\cc4La2Hg.s:1634   .debug_str:0000000000001b0e .LASF229
C:\Users\CYMR90~1\AppData\Local\Temp\cc4La2Hg.s:1228   .debug_str:0000000000000246 .LASF230
C:\Users\CYMR90~1\AppData\Local\Temp\cc4La2Hg.s:1278   .debug_str:000000000000057a .LASF231
C:\Users\CYMR90~1\AppData\Local\Temp\cc4La2Hg.s:1692   .debug_str:0000000000001e86 .LASF232
C:\Users\CYMR90~1\AppData\Local\Temp\cc4La2Hg.s:1192   .debug_str:000000000000001f .LASF233
C:\Users\CYMR90~1\AppData\Local\Temp\cc4La2Hg.s:1468   .debug_str:00000000000011c8 .LASF234
C:\Users\CYMR90~1\AppData\Local\Temp\cc4La2Hg.s:1292   .debug_str:000000000000068f .LASF235
C:\Users\CYMR90~1\AppData\Local\Temp\cc4La2Hg.s:1676   .debug_str:0000000000001d9d .LASF236
C:\Users\CYMR90~1\AppData\Local\Temp\cc4La2Hg.s:1802   .debug_str:000000000000253f .LASF237
C:\Users\CYMR90~1\AppData\Local\Temp\cc4La2Hg.s:1334   .debug_str:000000000000091c .LASF238
C:\Users\CYMR90~1\AppData\Local\Temp\cc4La2Hg.s:1482   .debug_str:0000000000001298 .LASF239
C:\Users\CYMR90~1\AppData\Local\Temp\cc4La2Hg.s:1518   .debug_str:0000000000001471 .LASF240
C:\Users\CYMR90~1\AppData\Local\Temp\cc4La2Hg.s:1760   .debug_str:00000000000022b9 .LASF241
C:\Users\CYMR90~1\AppData\Local\Temp\cc4La2Hg.s:1594   .debug_str:00000000000018cc .LASF242
C:\Users\CYMR90~1\AppData\Local\Temp\cc4La2Hg.s:1738   .debug_str:000000000000212a .LASF243
C:\Users\CYMR90~1\AppData\Local\Temp\cc4La2Hg.s:1782   .debug_str:0000000000002400 .LASF244
C:\Users\CYMR90~1\AppData\Local\Temp\cc4La2Hg.s:1748   .debug_str:00000000000021e3 .LASF245
C:\Users\CYMR90~1\AppData\Local\Temp\cc4La2Hg.s:1204   .debug_str:00000000000000d0 .LASF246
C:\Users\CYMR90~1\AppData\Local\Temp\cc4La2Hg.s:1628   .debug_str:0000000000001aa3 .LASF247
C:\Users\CYMR90~1\AppData\Local\Temp\cc4La2Hg.s:1486   .debug_str:00000000000012cd .LASF248
C:\Users\CYMR90~1\AppData\Local\Temp\cc4La2Hg.s:1462   .debug_str:0000000000001164 .LASF249
C:\Users\CYMR90~1\AppData\Local\Temp\cc4La2Hg.s:1262   .debug_str:0000000000000462 .LASF250
C:\Users\CYMR90~1\AppData\Local\Temp\cc4La2Hg.s:1542   .debug_str:00000000000015e3 .LASF251
C:\Users\CYMR90~1\AppData\Local\Temp\cc4La2Hg.s:1604   .debug_str:000000000000195a .LASF252
C:\Users\CYMR90~1\AppData\Local\Temp\cc4La2Hg.s:1810   .debug_str:00000000000025a7 .LASF253
C:\Users\CYMR90~1\AppData\Local\Temp\cc4La2Hg.s:1266   .debug_str:00000000000004c0 .LASF254
C:\Users\CYMR90~1\AppData\Local\Temp\cc4La2Hg.s:1230   .debug_str:0000000000000282 .LASF255
C:\Users\CYMR90~1\AppData\Local\Temp\cc4La2Hg.s:1508   .debug_str:00000000000013ca .LASF256
C:\Users\CYMR90~1\AppData\Local\Temp\cc4La2Hg.s:1570   .debug_str:0000000000001791 .LASF257
C:\Users\CYMR90~1\AppData\Local\Temp\cc4La2Hg.s:1556   .debug_str:0000000000001699 .LASF258
C:\Users\CYMR90~1\AppData\Local\Temp\cc4La2Hg.s:1264   .debug_str:000000000000047d .LASF259
C:\Users\CYMR90~1\AppData\Local\Temp\cc4La2Hg.s:1446   .debug_str:0000000000001062 .LASF260
C:\Users\CYMR90~1\AppData\Local\Temp\cc4La2Hg.s:1268   .debug_str:00000000000004dd .LASF261
C:\Users\CYMR90~1\AppData\Local\Temp\cc4La2Hg.s:1656   .debug_str:0000000000001c48 .LASF262
C:\Users\CYMR90~1\AppData\Local\Temp\cc4La2Hg.s:1606   .debug_str:000000000000196c .LASF263
C:\Users\CYMR90~1\AppData\Local\Temp\cc4La2Hg.s:1674   .debug_str:0000000000001d83 .LASF264
C:\Users\CYMR90~1\AppData\Local\Temp\cc4La2Hg.s:1710   .debug_str:0000000000001fae .LASF265
C:\Users\CYMR90~1\AppData\Local\Temp\cc4La2Hg.s:1658   .debug_str:0000000000001c8d .LASF266
C:\Users\CYMR90~1\AppData\Local\Temp\cc4La2Hg.s:1766   .debug_str:0000000000002334 .LASF267
C:\Users\CYMR90~1\AppData\Local\Temp\cc4La2Hg.s:1730   .debug_str:00000000000020c8 .LASF268
C:\Users\CYMR90~1\AppData\Local\Temp\cc4La2Hg.s:1282   .debug_str:00000000000005fe .LASF269
C:\Users\CYMR90~1\AppData\Local\Temp\cc4La2Hg.s:1590   .debug_str:00000000000018a1 .LASF270
C:\Users\CYMR90~1\AppData\Local\Temp\cc4La2Hg.s:1726   .debug_str:000000000000209d .LASF271
C:\Users\CYMR90~1\AppData\Local\Temp\cc4La2Hg.s:1286   .debug_str:0000000000000641 .LASF272
C:\Users\CYMR90~1\AppData\Local\Temp\cc4La2Hg.s:1522   .debug_str:00000000000014c1 .LASF273
C:\Users\CYMR90~1\AppData\Local\Temp\cc4La2Hg.s:1256   .debug_str:00000000000003f8 .LASF274
C:\Users\CYMR90~1\AppData\Local\Temp\cc4La2Hg.s:1424   .debug_str:0000000000000e73 .LASF275
C:\Users\CYMR90~1\AppData\Local\Temp\cc4La2Hg.s:1712   .debug_str:0000000000001fc9 .LASF276
C:\Users\CYMR90~1\AppData\Local\Temp\cc4La2Hg.s:1480   .debug_str:0000000000001252 .LASF277
C:\Users\CYMR90~1\AppData\Local\Temp\cc4La2Hg.s:1270   .debug_str:000000000000051e .LASF278
C:\Users\CYMR90~1\AppData\Local\Temp\cc4La2Hg.s:1474   .debug_str:000000000000120f .LASF279
C:\Users\CYMR90~1\AppData\Local\Temp\cc4La2Hg.s:1664   .debug_str:0000000000001ced .LASF280
C:\Users\CYMR90~1\AppData\Local\Temp\cc4La2Hg.s:1716   .debug_str:0000000000002028 .LASF281
C:\Users\CYMR90~1\AppData\Local\Temp\cc4La2Hg.s:1792   .debug_str:0000000000002499 .LASF282
C:\Users\CYMR90~1\AppData\Local\Temp\cc4La2Hg.s:1822   .debug_str:0000000000002652 .LASF283
C:\Users\CYMR90~1\AppData\Local\Temp\cc4La2Hg.s:1410   .debug_str:0000000000000dc6 .LASF284
C:\Users\CYMR90~1\AppData\Local\Temp\cc4La2Hg.s:1514   .debug_str:000000000000140e .LASF285
C:\Users\CYMR90~1\AppData\Local\Temp\cc4La2Hg.s:1814   .debug_str:00000000000025da .LASF286
C:\Users\CYMR90~1\AppData\Local\Temp\cc4La2Hg.s:1572   .debug_str:00000000000017ab .LASF287
C:\Users\CYMR90~1\AppData\Local\Temp\cc4La2Hg.s:1598   .debug_str:0000000000001909 .LASF288
C:\Users\CYMR90~1\AppData\Local\Temp\cc4La2Hg.s:1390   .debug_str:0000000000000c89 .LASF289
C:\Users\CYMR90~1\AppData\Local\Temp\cc4La2Hg.s:1342   .debug_str:0000000000000988 .LASF290
C:\Users\CYMR90~1\AppData\Local\Temp\cc4La2Hg.s:1536   .debug_str:0000000000001580 .LASF291
C:\Users\CYMR90~1\AppData\Local\Temp\cc4La2Hg.s:1564   .debug_str:0000000000001728 .LASF292
C:\Users\CYMR90~1\AppData\Local\Temp\cc4La2Hg.s:1762   .debug_str:00000000000022d4 .LASF293
C:\Users\CYMR90~1\AppData\Local\Temp\cc4La2Hg.s:1470   .debug_str:00000000000011e1 .LASF294
C:\Users\CYMR90~1\AppData\Local\Temp\cc4La2Hg.s:1326   .debug_str:0000000000000891 .LASF295
C:\Users\CYMR90~1\AppData\Local\Temp\cc4La2Hg.s:1458   .debug_str:0000000000001125 .LASF296
C:\Users\CYMR90~1\AppData\Local\Temp\cc4La2Hg.s:1376   .debug_str:0000000000000bc8 .LASF297
C:\Users\CYMR90~1\AppData\Local\Temp\cc4La2Hg.s:1322   .debug_str:000000000000085c .LASF298
C:\Users\CYMR90~1\AppData\Local\Temp\cc4La2Hg.s:1568   .debug_str:000000000000177c .LASF299
C:\Users\CYMR90~1\AppData\Local\Temp\cc4La2Hg.s:1240   .debug_str:0000000000000312 .LASF300
C:\Users\CYMR90~1\AppData\Local\Temp\cc4La2Hg.s:1736   .debug_str:0000000000002113 .LASF301
C:\Users\CYMR90~1\AppData\Local\Temp\cc4La2Hg.s:1758   .debug_str:00000000000022af .LASF302
C:\Users\CYMR90~1\AppData\Local\Temp\cc4La2Hg.s:1510   .debug_str:00000000000013e4 .LASF303
C:\Users\CYMR90~1\AppData\Local\Temp\cc4La2Hg.s:1272   .debug_str:0000000000000536 .LASF304
C:\Users\CYMR90~1\AppData\Local\Temp\cc4La2Hg.s:1660   .debug_str:0000000000001ca5 .LASF305
C:\Users\CYMR90~1\AppData\Local\Temp\cc4La2Hg.s:1576   .debug_str:00000000000017eb .LASF306
C:\Users\CYMR90~1\AppData\Local\Temp\cc4La2Hg.s:1216   .debug_str:00000000000001b6 .LASF307
C:\Users\CYMR90~1\AppData\Local\Temp\cc4La2Hg.s:1784   .debug_str:0000000000002444 .LASF308
C:\Users\CYMR90~1\AppData\Local\Temp\cc4La2Hg.s:1450   .debug_str:00000000000010b3 .LASF309
C:\Users\CYMR90~1\AppData\Local\Temp\cc4La2Hg.s:1600   .debug_str:000000000000192b .LASF310
C:\Users\CYMR90~1\AppData\Local\Temp\cc4La2Hg.s:1370   .debug_str:0000000000000b92 .LASF311
C:\Users\CYMR90~1\AppData\Local\Temp\cc4La2Hg.s:1320   .debug_str:000000000000084b .LASF312
C:\Users\CYMR90~1\AppData\Local\Temp\cc4La2Hg.s:1252   .debug_str:00000000000003cb .LASF313
                           .group:0000000000000000 wm4.0.10abbef32179bc1260444192115bdf5e

NO UNDEFINED SYMBOLS
