   1              		.file	"isatty.c"
   2              		.option nopic
   3              		.attribute arch, "rv32i2p0_m2p0_a2p0_c2p0"
   4              		.attribute unaligned_access, 0
   5              		.attribute stack_align, 16
   6              		.text
   7              	.Ltext0:
   8              		.cfi_sections	.debug_frame
   9              		.section	.text._isatty,"ax",@progbits
  10              		.align	1
  11              		.globl	_isatty
  13              	_isatty:
  14              	.LFB0:
  15              		.file 1 "../Firmware/RISCV/stubs/isatty.c"
   1:../Firmware/RISCV/stubs/isatty.c **** /* See LICENSE of license details. */
   2:../Firmware/RISCV/stubs/isatty.c **** 
   3:../Firmware/RISCV/stubs/isatty.c **** #include <unistd.h>
   4:../Firmware/RISCV/stubs/isatty.c **** 
   5:../Firmware/RISCV/stubs/isatty.c **** int _isatty(int fd)
   6:../Firmware/RISCV/stubs/isatty.c **** {
  16              		.loc 1 6 1
  17              		.cfi_startproc
  18 0000 0111     		addi	sp,sp,-32
  19              		.cfi_def_cfa_offset 32
  20 0002 22CE     		sw	s0,28(sp)
  21              		.cfi_offset 8, -4
  22 0004 0010     		addi	s0,sp,32
  23              		.cfi_def_cfa 8, 0
  24 0006 2326A4FE 		sw	a0,-20(s0)
   7:../Firmware/RISCV/stubs/isatty.c ****   if (fd == STDOUT_FILENO || fd == STDERR_FILENO)
  25              		.loc 1 7 6
  26 000a 0327C4FE 		lw	a4,-20(s0)
  27 000e 8547     		li	a5,1
  28 0010 6307F700 		beq	a4,a5,.L2
  29              		.loc 1 7 27 discriminator 1
  30 0014 0327C4FE 		lw	a4,-20(s0)
  31 0018 8947     		li	a5,2
  32 001a 6314F700 		bne	a4,a5,.L3
  33              	.L2:
   8:../Firmware/RISCV/stubs/isatty.c ****     return 1;
  34              		.loc 1 8 12
  35 001e 8547     		li	a5,1
  36 0020 11A0     		j	.L4
  37              	.L3:
   9:../Firmware/RISCV/stubs/isatty.c **** 
  10:../Firmware/RISCV/stubs/isatty.c ****   return 0;
  38              		.loc 1 10 10
  39 0022 8147     		li	a5,0
  40              	.L4:
  11:../Firmware/RISCV/stubs/isatty.c **** }
  41              		.loc 1 11 1
  42 0024 3E85     		mv	a0,a5
  43 0026 7244     		lw	s0,28(sp)
  44              		.cfi_restore 8
  45              		.cfi_def_cfa 2, 32
  46 0028 0561     		addi	sp,sp,32
  47              		.cfi_def_cfa_offset 0
  48 002a 8280     		jr	ra
  49              		.cfi_endproc
  50              	.LFE0:
  52              		.text
  53              	.Letext0:
DEFINED SYMBOLS
                            *ABS*:0000000000000000 isatty.c
C:\Users\CYMR90~1\AppData\Local\Temp\cc078JfS.s:13     .text._isatty:0000000000000000 _isatty
C:\Users\CYMR90~1\AppData\Local\Temp\cc078JfS.s:17     .text._isatty:0000000000000000 .L0 
C:\Users\CYMR90~1\AppData\Local\Temp\cc078JfS.s:18     .text._isatty:0000000000000000 .L0 
C:\Users\CYMR90~1\AppData\Local\Temp\cc078JfS.s:19     .text._isatty:0000000000000002 .L0 
C:\Users\CYMR90~1\AppData\Local\Temp\cc078JfS.s:21     .text._isatty:0000000000000004 .L0 
C:\Users\CYMR90~1\AppData\Local\Temp\cc078JfS.s:23     .text._isatty:0000000000000006 .L0 
C:\Users\CYMR90~1\AppData\Local\Temp\cc078JfS.s:26     .text._isatty:000000000000000a .L0 
C:\Users\CYMR90~1\AppData\Local\Temp\cc078JfS.s:30     .text._isatty:0000000000000014 .L0 
C:\Users\CYMR90~1\AppData\Local\Temp\cc078JfS.s:35     .text._isatty:000000000000001e .L0 
C:\Users\CYMR90~1\AppData\Local\Temp\cc078JfS.s:39     .text._isatty:0000000000000022 .L0 
C:\Users\CYMR90~1\AppData\Local\Temp\cc078JfS.s:42     .text._isatty:0000000000000024 .L0 
C:\Users\CYMR90~1\AppData\Local\Temp\cc078JfS.s:44     .text._isatty:0000000000000028 .L0 
C:\Users\CYMR90~1\AppData\Local\Temp\cc078JfS.s:45     .text._isatty:0000000000000028 .L0 
C:\Users\CYMR90~1\AppData\Local\Temp\cc078JfS.s:47     .text._isatty:000000000000002a .L0 
C:\Users\CYMR90~1\AppData\Local\Temp\cc078JfS.s:49     .text._isatty:000000000000002c .L0 
C:\Users\CYMR90~1\AppData\Local\Temp\cc078JfS.s:52     .text._isatty:000000000000002c .L0 
                     .debug_frame:0000000000000000 .L0 
C:\Users\CYMR90~1\AppData\Local\Temp\cc078JfS.s:33     .text._isatty:000000000000001e .L2
C:\Users\CYMR90~1\AppData\Local\Temp\cc078JfS.s:37     .text._isatty:0000000000000022 .L3
C:\Users\CYMR90~1\AppData\Local\Temp\cc078JfS.s:40     .text._isatty:0000000000000024 .L4
C:\Users\CYMR90~1\AppData\Local\Temp\cc078JfS.s:139    .debug_abbrev:0000000000000000 .Ldebug_abbrev0
C:\Users\CYMR90~1\AppData\Local\Temp\cc078JfS.s:4945   .debug_str:0000000000005c7f .LASF884
C:\Users\CYMR90~1\AppData\Local\Temp\cc078JfS.s:4431   .debug_str:0000000000003fac .LASF885
C:\Users\CYMR90~1\AppData\Local\Temp\cc078JfS.s:4503   .debug_str:00000000000043c8 .LASF886
C:\Users\CYMR90~1\AppData\Local\Temp\cc078JfS.s:241    .debug_ranges:0000000000000000 .Ldebug_ranges0
C:\Users\CYMR90~1\AppData\Local\Temp\cc078JfS.s:3209   .debug_line:0000000000000000 .Ldebug_line0
C:\Users\CYMR90~1\AppData\Local\Temp\cc078JfS.s:247    .debug_macro:0000000000000000 .Ldebug_macro0
C:\Users\CYMR90~1\AppData\Local\Temp\cc078JfS.s:3583   .debug_str:0000000000001304 .LASF873
C:\Users\CYMR90~1\AppData\Local\Temp\cc078JfS.s:3907   .debug_str:000000000000243e .LASF874
C:\Users\CYMR90~1\AppData\Local\Temp\cc078JfS.s:4669   .debug_str:0000000000004c98 .LASF875
C:\Users\CYMR90~1\AppData\Local\Temp\cc078JfS.s:4887   .debug_str:0000000000005932 .LASF876
C:\Users\CYMR90~1\AppData\Local\Temp\cc078JfS.s:3481   .debug_str:0000000000000e33 .LASF877
C:\Users\CYMR90~1\AppData\Local\Temp\cc078JfS.s:3941   .debug_str:00000000000025ef .LASF878
C:\Users\CYMR90~1\AppData\Local\Temp\cc078JfS.s:4833   .debug_str:0000000000005686 .LASF879
C:\Users\CYMR90~1\AppData\Local\Temp\cc078JfS.s:4463   .debug_str:000000000000415e .LASF880
C:\Users\CYMR90~1\AppData\Local\Temp\cc078JfS.s:4197   .debug_str:00000000000032d4 .LASF881
C:\Users\CYMR90~1\AppData\Local\Temp\cc078JfS.s:3707   .debug_str:0000000000001a8a .LASF882
C:\Users\CYMR90~1\AppData\Local\Temp\cc078JfS.s:4365   .debug_str:0000000000003b62 .LASF883
C:\Users\CYMR90~1\AppData\Local\Temp\cc078JfS.s:3571   .debug_str:0000000000001251 .LASF887
C:\Users\CYMR90~1\AppData\Local\Temp\cc078JfS.s:14     .text._isatty:0000000000000000 .LFB0
C:\Users\CYMR90~1\AppData\Local\Temp\cc078JfS.s:50     .text._isatty:000000000000002c .LFE0
C:\Users\CYMR90~1\AppData\Local\Temp\cc078JfS.s:55     .debug_info:0000000000000000 .Ldebug_info0
C:\Users\CYMR90~1\AppData\Local\Temp\cc078JfS.s:484    .debug_macro:0000000000000000 .Ldebug_macro2
C:\Users\CYMR90~1\AppData\Local\Temp\cc078JfS.s:3885   .debug_str:000000000000233f .LASF314
C:\Users\CYMR90~1\AppData\Local\Temp\cc078JfS.s:3455   .debug_str:0000000000000c99 .LASF315
C:\Users\CYMR90~1\AppData\Local\Temp\cc078JfS.s:4585   .debug_str:000000000000484b .LASF316
C:\Users\CYMR90~1\AppData\Local\Temp\cc078JfS.s:3435   .debug_str:0000000000000b41 .LASF317
C:\Users\CYMR90~1\AppData\Local\Temp\cc078JfS.s:1431   .debug_macro:0000000000000000 .Ldebug_macro3
C:\Users\CYMR90~1\AppData\Local\Temp\cc078JfS.s:1451   .debug_macro:0000000000000000 .Ldebug_macro4
C:\Users\CYMR90~1\AppData\Local\Temp\cc078JfS.s:4135   .debug_str:0000000000002fc5 .LASF336
C:\Users\CYMR90~1\AppData\Local\Temp\cc078JfS.s:1495   .debug_macro:0000000000000000 .Ldebug_macro5
C:\Users\CYMR90~1\AppData\Local\Temp\cc078JfS.s:1509   .debug_macro:0000000000000000 .Ldebug_macro6
C:\Users\CYMR90~1\AppData\Local\Temp\cc078JfS.s:1577   .debug_macro:0000000000000000 .Ldebug_macro7
C:\Users\CYMR90~1\AppData\Local\Temp\cc078JfS.s:1603   .debug_macro:0000000000000000 .Ldebug_macro8
C:\Users\CYMR90~1\AppData\Local\Temp\cc078JfS.s:1632   .debug_macro:0000000000000000 .Ldebug_macro9
C:\Users\CYMR90~1\AppData\Local\Temp\cc078JfS.s:4793   .debug_str:000000000000542a .LASF378
C:\Users\CYMR90~1\AppData\Local\Temp\cc078JfS.s:1643   .debug_macro:0000000000000000 .Ldebug_macro10
C:\Users\CYMR90~1\AppData\Local\Temp\cc078JfS.s:1687   .debug_macro:0000000000000000 .Ldebug_macro11
C:\Users\CYMR90~1\AppData\Local\Temp\cc078JfS.s:1779   .debug_macro:0000000000000000 .Ldebug_macro12
C:\Users\CYMR90~1\AppData\Local\Temp\cc078JfS.s:4789   .debug_str:00000000000053ff .LASF543
C:\Users\CYMR90~1\AppData\Local\Temp\cc078JfS.s:2150   .debug_macro:0000000000000000 .Ldebug_macro13
C:\Users\CYMR90~1\AppData\Local\Temp\cc078JfS.s:2161   .debug_macro:0000000000000000 .Ldebug_macro14
C:\Users\CYMR90~1\AppData\Local\Temp\cc078JfS.s:2175   .debug_macro:0000000000000000 .Ldebug_macro15
C:\Users\CYMR90~1\AppData\Local\Temp\cc078JfS.s:2192   .debug_macro:0000000000000000 .Ldebug_macro16
C:\Users\CYMR90~1\AppData\Local\Temp\cc078JfS.s:2218   .debug_macro:0000000000000000 .Ldebug_macro17
C:\Users\CYMR90~1\AppData\Local\Temp\cc078JfS.s:4661   .debug_str:0000000000004c5c .LASF574
C:\Users\CYMR90~1\AppData\Local\Temp\cc078JfS.s:2274   .debug_macro:0000000000000000 .Ldebug_macro18
C:\Users\CYMR90~1\AppData\Local\Temp\cc078JfS.s:2291   .debug_macro:0000000000000000 .Ldebug_macro19
C:\Users\CYMR90~1\AppData\Local\Temp\cc078JfS.s:4261   .debug_str:000000000000365e .LASF592
C:\Users\CYMR90~1\AppData\Local\Temp\cc078JfS.s:4643   .debug_str:0000000000004b5b .LASF593
C:\Users\CYMR90~1\AppData\Local\Temp\cc078JfS.s:2335   .debug_macro:0000000000000000 .Ldebug_macro20
C:\Users\CYMR90~1\AppData\Local\Temp\cc078JfS.s:3395   .debug_str:0000000000000943 .LASF599
C:\Users\CYMR90~1\AppData\Local\Temp\cc078JfS.s:3527   .debug_str:0000000000001071 .LASF600
C:\Users\CYMR90~1\AppData\Local\Temp\cc078JfS.s:2355   .debug_macro:0000000000000000 .Ldebug_macro21
C:\Users\CYMR90~1\AppData\Local\Temp\cc078JfS.s:2366   .debug_macro:0000000000000000 .Ldebug_macro22
C:\Users\CYMR90~1\AppData\Local\Temp\cc078JfS.s:2410   .debug_macro:0000000000000000 .Ldebug_macro23
C:\Users\CYMR90~1\AppData\Local\Temp\cc078JfS.s:4651   .debug_str:0000000000004bc1 .LASF648
C:\Users\CYMR90~1\AppData\Local\Temp\cc078JfS.s:2511   .debug_macro:0000000000000000 .Ldebug_macro24
C:\Users\CYMR90~1\AppData\Local\Temp\cc078JfS.s:2528   .debug_macro:0000000000000000 .Ldebug_macro25
C:\Users\CYMR90~1\AppData\Local\Temp\cc078JfS.s:4129   .debug_str:0000000000002f93 .LASF662
C:\Users\CYMR90~1\AppData\Local\Temp\cc078JfS.s:2560   .debug_macro:0000000000000000 .Ldebug_macro26
C:\Users\CYMR90~1\AppData\Local\Temp\cc078JfS.s:2646   .debug_macro:0000000000000000 .Ldebug_macro27
C:\Users\CYMR90~1\AppData\Local\Temp\cc078JfS.s:4775   .debug_str:000000000000532c .LASF0
C:\Users\CYMR90~1\AppData\Local\Temp\cc078JfS.s:3897   .debug_str:00000000000023c2 .LASF1
C:\Users\CYMR90~1\AppData\Local\Temp\cc078JfS.s:3303   .debug_str:00000000000004a4 .LASF2
C:\Users\CYMR90~1\AppData\Local\Temp\cc078JfS.s:3631   .debug_str:0000000000001634 .LASF3
C:\Users\CYMR90~1\AppData\Local\Temp\cc078JfS.s:3331   .debug_str:0000000000000623 .LASF4
C:\Users\CYMR90~1\AppData\Local\Temp\cc078JfS.s:4061   .debug_str:0000000000002c7f .LASF5
C:\Users\CYMR90~1\AppData\Local\Temp\cc078JfS.s:4583   .debug_str:000000000000483a .LASF6
C:\Users\CYMR90~1\AppData\Local\Temp\cc078JfS.s:3601   .debug_str:0000000000001444 .LASF7
C:\Users\CYMR90~1\AppData\Local\Temp\cc078JfS.s:3403   .debug_str:000000000000099c .LASF8
C:\Users\CYMR90~1\AppData\Local\Temp\cc078JfS.s:4695   .debug_str:0000000000004e30 .LASF9
C:\Users\CYMR90~1\AppData\Local\Temp\cc078JfS.s:3651   .debug_str:000000000000173d .LASF10
C:\Users\CYMR90~1\AppData\Local\Temp\cc078JfS.s:3905   .debug_str:000000000000242b .LASF11
C:\Users\CYMR90~1\AppData\Local\Temp\cc078JfS.s:4015   .debug_str:0000000000002a58 .LASF12
C:\Users\CYMR90~1\AppData\Local\Temp\cc078JfS.s:4951   .debug_str:0000000000005dae .LASF13
C:\Users\CYMR90~1\AppData\Local\Temp\cc078JfS.s:3257   .debug_str:000000000000020b .LASF14
C:\Users\CYMR90~1\AppData\Local\Temp\cc078JfS.s:4039   .debug_str:0000000000002b8e .LASF15
C:\Users\CYMR90~1\AppData\Local\Temp\cc078JfS.s:4829   .debug_str:0000000000005667 .LASF16
C:\Users\CYMR90~1\AppData\Local\Temp\cc078JfS.s:3541   .debug_str:000000000000111f .LASF17
C:\Users\CYMR90~1\AppData\Local\Temp\cc078JfS.s:4193   .debug_str:00000000000032ac .LASF18
C:\Users\CYMR90~1\AppData\Local\Temp\cc078JfS.s:3685   .debug_str:0000000000001939 .LASF19
C:\Users\CYMR90~1\AppData\Local\Temp\cc078JfS.s:3633   .debug_str:0000000000001646 .LASF20
C:\Users\CYMR90~1\AppData\Local\Temp\cc078JfS.s:3549   .debug_str:0000000000001167 .LASF21
C:\Users\CYMR90~1\AppData\Local\Temp\cc078JfS.s:4799   .debug_str:0000000000005465 .LASF22
C:\Users\CYMR90~1\AppData\Local\Temp\cc078JfS.s:4645   .debug_str:0000000000004b6c .LASF23
C:\Users\CYMR90~1\AppData\Local\Temp\cc078JfS.s:4151   .debug_str:00000000000030bb .LASF24
C:\Users\CYMR90~1\AppData\Local\Temp\cc078JfS.s:3731   .debug_str:0000000000001b96 .LASF25
C:\Users\CYMR90~1\AppData\Local\Temp\cc078JfS.s:4455   .debug_str:000000000000410a .LASF26
C:\Users\CYMR90~1\AppData\Local\Temp\cc078JfS.s:3397   .debug_str:0000000000000955 .LASF27
C:\Users\CYMR90~1\AppData\Local\Temp\cc078JfS.s:3289   .debug_str:00000000000003e4 .LASF28
C:\Users\CYMR90~1\AppData\Local\Temp\cc078JfS.s:4177   .debug_str:00000000000031ae .LASF29
C:\Users\CYMR90~1\AppData\Local\Temp\cc078JfS.s:4263   .debug_str:000000000000366d .LASF30
C:\Users\CYMR90~1\AppData\Local\Temp\cc078JfS.s:3511   .debug_str:0000000000000f8a .LASF31
C:\Users\CYMR90~1\AppData\Local\Temp\cc078JfS.s:3291   .debug_str:00000000000003fe .LASF32
C:\Users\CYMR90~1\AppData\Local\Temp\cc078JfS.s:4473   .debug_str:00000000000041f5 .LASF33
C:\Users\CYMR90~1\AppData\Local\Temp\cc078JfS.s:4181   .debug_str:0000000000003218 .LASF34
C:\Users\CYMR90~1\AppData\Local\Temp\cc078JfS.s:4187   .debug_str:000000000000325f .LASF35
C:\Users\CYMR90~1\AppData\Local\Temp\cc078JfS.s:4593   .debug_str:00000000000048ee .LASF36
C:\Users\CYMR90~1\AppData\Local\Temp\cc078JfS.s:4221   .debug_str:0000000000003437 .LASF37
C:\Users\CYMR90~1\AppData\Local\Temp\cc078JfS.s:4493   .debug_str:00000000000042fc .LASF38
C:\Users\CYMR90~1\AppData\Local\Temp\cc078JfS.s:3531   .debug_str:000000000000108e .LASF39
C:\Users\CYMR90~1\AppData\Local\Temp\cc078JfS.s:4273   .debug_str:0000000000003700 .LASF40
C:\Users\CYMR90~1\AppData\Local\Temp\cc078JfS.s:3295   .debug_str:0000000000000449 .LASF41
C:\Users\CYMR90~1\AppData\Local\Temp\cc078JfS.s:3313   .debug_str:0000000000000529 .LASF42
C:\Users\CYMR90~1\AppData\Local\Temp\cc078JfS.s:4955   .debug_str:0000000000005dd0 .LASF43
C:\Users\CYMR90~1\AppData\Local\Temp\cc078JfS.s:4147   .debug_str:000000000000304b .LASF44
C:\Users\CYMR90~1\AppData\Local\Temp\cc078JfS.s:4923   .debug_str:0000000000005b2f .LASF45
C:\Users\CYMR90~1\AppData\Local\Temp\cc078JfS.s:3955   .debug_str:00000000000026db .LASF46
C:\Users\CYMR90~1\AppData\Local\Temp\cc078JfS.s:4809   .debug_str:0000000000005533 .LASF47
C:\Users\CYMR90~1\AppData\Local\Temp\cc078JfS.s:3911   .debug_str:000000000000245c .LASF48
C:\Users\CYMR90~1\AppData\Local\Temp\cc078JfS.s:3513   .debug_str:0000000000000f9f .LASF49
C:\Users\CYMR90~1\AppData\Local\Temp\cc078JfS.s:4883   .debug_str:00000000000058f7 .LASF50
C:\Users\CYMR90~1\AppData\Local\Temp\cc078JfS.s:4435   .debug_str:0000000000003fe2 .LASF51
C:\Users\CYMR90~1\AppData\Local\Temp\cc078JfS.s:3429   .debug_str:0000000000000af1 .LASF52
C:\Users\CYMR90~1\AppData\Local\Temp\cc078JfS.s:3475   .debug_str:0000000000000db2 .LASF53
C:\Users\CYMR90~1\AppData\Local\Temp\cc078JfS.s:4487   .debug_str:00000000000042af .LASF54
C:\Users\CYMR90~1\AppData\Local\Temp\cc078JfS.s:4587   .debug_str:0000000000004859 .LASF55
C:\Users\CYMR90~1\AppData\Local\Temp\cc078JfS.s:3999   .debug_str:000000000000297b .LASF56
C:\Users\CYMR90~1\AppData\Local\Temp\cc078JfS.s:3497   .debug_str:0000000000000ee7 .LASF57
C:\Users\CYMR90~1\AppData\Local\Temp\cc078JfS.s:3935   .debug_str:00000000000025a7 .LASF58
C:\Users\CYMR90~1\AppData\Local\Temp\cc078JfS.s:4023   .debug_str:0000000000002aa9 .LASF59
C:\Users\CYMR90~1\AppData\Local\Temp\cc078JfS.s:3333   .debug_str:0000000000000635 .LASF60
C:\Users\CYMR90~1\AppData\Local\Temp\cc078JfS.s:3971   .debug_str:00000000000027bd .LASF61
C:\Users\CYMR90~1\AppData\Local\Temp\cc078JfS.s:3945   .debug_str:0000000000002640 .LASF62
C:\Users\CYMR90~1\AppData\Local\Temp\cc078JfS.s:3627   .debug_str:0000000000001601 .LASF63
C:\Users\CYMR90~1\AppData\Local\Temp\cc078JfS.s:3717   .debug_str:0000000000001b02 .LASF64
C:\Users\CYMR90~1\AppData\Local\Temp\cc078JfS.s:4623   .debug_str:0000000000004a85 .LASF65
C:\Users\CYMR90~1\AppData\Local\Temp\cc078JfS.s:4625   .debug_str:0000000000004a99 .LASF66
C:\Users\CYMR90~1\AppData\Local\Temp\cc078JfS.s:3769   .debug_str:0000000000001d8a .LASF67
C:\Users\CYMR90~1\AppData\Local\Temp\cc078JfS.s:4233   .debug_str:00000000000034f3 .LASF68
C:\Users\CYMR90~1\AppData\Local\Temp\cc078JfS.s:4471   .debug_str:00000000000041e1 .LASF69
C:\Users\CYMR90~1\AppData\Local\Temp\cc078JfS.s:4983   .debug_str:0000000000005fb3 .LASF70
C:\Users\CYMR90~1\AppData\Local\Temp\cc078JfS.s:4913   .debug_str:0000000000005aa8 .LASF71
C:\Users\CYMR90~1\AppData\Local\Temp\cc078JfS.s:4359   .debug_str:0000000000003b0f .LASF72
C:\Users\CYMR90~1\AppData\Local\Temp\cc078JfS.s:4575   .debug_str:00000000000047e2 .LASF73
C:\Users\CYMR90~1\AppData\Local\Temp\cc078JfS.s:3823   .debug_str:000000000000201e .LASF74
C:\Users\CYMR90~1\AppData\Local\Temp\cc078JfS.s:4477   .debug_str:000000000000421b .LASF75
C:\Users\CYMR90~1\AppData\Local\Temp\cc078JfS.s:4869   .debug_str:0000000000005843 .LASF76
C:\Users\CYMR90~1\AppData\Local\Temp\cc078JfS.s:3239   .debug_str:0000000000000143 .LASF77
C:\Users\CYMR90~1\AppData\Local\Temp\cc078JfS.s:4907   .debug_str:0000000000005a64 .LASF78
C:\Users\CYMR90~1\AppData\Local\Temp\cc078JfS.s:3433   .debug_str:0000000000000b2f .LASF79
C:\Users\CYMR90~1\AppData\Local\Temp\cc078JfS.s:4279   .debug_str:000000000000374c .LASF80
C:\Users\CYMR90~1\AppData\Local\Temp\cc078JfS.s:4449   .debug_str:00000000000040c9 .LASF81
C:\Users\CYMR90~1\AppData\Local\Temp\cc078JfS.s:4071   .debug_str:0000000000002ce2 .LASF82
C:\Users\CYMR90~1\AppData\Local\Temp\cc078JfS.s:4115   .debug_str:0000000000002ee8 .LASF83
C:\Users\CYMR90~1\AppData\Local\Temp\cc078JfS.s:4927   .debug_str:0000000000005b63 .LASF84
C:\Users\CYMR90~1\AppData\Local\Temp\cc078JfS.s:4145   .debug_str:0000000000003039 .LASF85
C:\Users\CYMR90~1\AppData\Local\Temp\cc078JfS.s:3415   .debug_str:0000000000000a28 .LASF86
C:\Users\CYMR90~1\AppData\Local\Temp\cc078JfS.s:4861   .debug_str:00000000000057f4 .LASF87
C:\Users\CYMR90~1\AppData\Local\Temp\cc078JfS.s:3247   .debug_str:00000000000001a1 .LASF88
C:\Users\CYMR90~1\AppData\Local\Temp\cc078JfS.s:3243   .debug_str:0000000000000177 .LASF89
C:\Users\CYMR90~1\AppData\Local\Temp\cc078JfS.s:4973   .debug_str:0000000000005f46 .LASF90
C:\Users\CYMR90~1\AppData\Local\Temp\cc078JfS.s:3507   .debug_str:0000000000000f5c .LASF91
C:\Users\CYMR90~1\AppData\Local\Temp\cc078JfS.s:3287   .debug_str:00000000000003d0 .LASF92
C:\Users\CYMR90~1\AppData\Local\Temp\cc078JfS.s:4703   .debug_str:0000000000004ec2 .LASF93
C:\Users\CYMR90~1\AppData\Local\Temp\cc078JfS.s:3843   .debug_str:0000000000002113 .LASF94
C:\Users\CYMR90~1\AppData\Local\Temp\cc078JfS.s:4757   .debug_str:000000000000522d .LASF95
C:\Users\CYMR90~1\AppData\Local\Temp\cc078JfS.s:3933   .debug_str:0000000000002595 .LASF96
C:\Users\CYMR90~1\AppData\Local\Temp\cc078JfS.s:4735   .debug_str:00000000000050bc .LASF97
C:\Users\CYMR90~1\AppData\Local\Temp\cc078JfS.s:3979   .debug_str:0000000000002840 .LASF98
C:\Users\CYMR90~1\AppData\Local\Temp\cc078JfS.s:4047   .debug_str:0000000000002be2 .LASF99
C:\Users\CYMR90~1\AppData\Local\Temp\cc078JfS.s:3747   .debug_str:0000000000001c5e .LASF100
C:\Users\CYMR90~1\AppData\Local\Temp\cc078JfS.s:3671   .debug_str:000000000000187e .LASF101
C:\Users\CYMR90~1\AppData\Local\Temp\cc078JfS.s:3891   .debug_str:0000000000002387 .LASF102
C:\Users\CYMR90~1\AppData\Local\Temp\cc078JfS.s:3889   .debug_str:0000000000002362 .LASF103
C:\Users\CYMR90~1\AppData\Local\Temp\cc078JfS.s:3899   .debug_str:00000000000023db .LASF104
C:\Users\CYMR90~1\AppData\Local\Temp\cc078JfS.s:4379   .debug_str:0000000000003c13 .LASF105
C:\Users\CYMR90~1\AppData\Local\Temp\cc078JfS.s:4879   .debug_str:00000000000058c4 .LASF106
C:\Users\CYMR90~1\AppData\Local\Temp\cc078JfS.s:3773   .debug_str:0000000000001dbc .LASF107
C:\Users\CYMR90~1\AppData\Local\Temp\cc078JfS.s:4937   .debug_str:0000000000005bdc .LASF108
C:\Users\CYMR90~1\AppData\Local\Temp\cc078JfS.s:3871   .debug_str:00000000000022ad .LASF109
C:\Users\CYMR90~1\AppData\Local\Temp\cc078JfS.s:4773   .debug_str:000000000000530c .LASF110
C:\Users\CYMR90~1\AppData\Local\Temp\cc078JfS.s:4709   .debug_str:0000000000004f0c .LASF111
C:\Users\CYMR90~1\AppData\Local\Temp\cc078JfS.s:3551   .debug_str:000000000000117b .LASF112
C:\Users\CYMR90~1\AppData\Local\Temp\cc078JfS.s:3985   .debug_str:0000000000002885 .LASF113
C:\Users\CYMR90~1\AppData\Local\Temp\cc078JfS.s:4653   .debug_str:0000000000004bd8 .LASF114
C:\Users\CYMR90~1\AppData\Local\Temp\cc078JfS.s:3927   .debug_str:000000000000254b .LASF115
C:\Users\CYMR90~1\AppData\Local\Temp\cc078JfS.s:4525   .debug_str:0000000000004517 .LASF116
C:\Users\CYMR90~1\AppData\Local\Temp\cc078JfS.s:3311   .debug_str:000000000000051a .LASF117
C:\Users\CYMR90~1\AppData\Local\Temp\cc078JfS.s:3609   .debug_str:00000000000014bf .LASF118
C:\Users\CYMR90~1\AppData\Local\Temp\cc078JfS.s:4679   .debug_str:0000000000004d29 .LASF119
C:\Users\CYMR90~1\AppData\Local\Temp\cc078JfS.s:3921   .debug_str:00000000000024ed .LASF120
C:\Users\CYMR90~1\AppData\Local\Temp\cc078JfS.s:3789   .debug_str:0000000000001e99 .LASF121
C:\Users\CYMR90~1\AppData\Local\Temp\cc078JfS.s:4441   .debug_str:0000000000004049 .LASF122
C:\Users\CYMR90~1\AppData\Local\Temp\cc078JfS.s:4427   .debug_str:0000000000003f7e .LASF123
C:\Users\CYMR90~1\AppData\Local\Temp\cc078JfS.s:4781   .debug_str:00000000000053a3 .LASF124
C:\Users\CYMR90~1\AppData\Local\Temp\cc078JfS.s:4237   .debug_str:000000000000350c .LASF125
C:\Users\CYMR90~1\AppData\Local\Temp\cc078JfS.s:4509   .debug_str:000000000000443b .LASF126
C:\Users\CYMR90~1\AppData\Local\Temp\cc078JfS.s:3437   .debug_str:0000000000000b50 .LASF127
C:\Users\CYMR90~1\AppData\Local\Temp\cc078JfS.s:3649   .debug_str:000000000000171f .LASF128
C:\Users\CYMR90~1\AppData\Local\Temp\cc078JfS.s:4791   .debug_str:0000000000005412 .LASF129
C:\Users\CYMR90~1\AppData\Local\Temp\cc078JfS.s:3485   .debug_str:0000000000000e4e .LASF130
C:\Users\CYMR90~1\AppData\Local\Temp\cc078JfS.s:3383   .debug_str:00000000000008c7 .LASF131
C:\Users\CYMR90~1\AppData\Local\Temp\cc078JfS.s:3421   .debug_str:0000000000000aa5 .LASF132
C:\Users\CYMR90~1\AppData\Local\Temp\cc078JfS.s:3451   .debug_str:0000000000000c69 .LASF133
C:\Users\CYMR90~1\AppData\Local\Temp\cc078JfS.s:3537   .debug_str:00000000000010eb .LASF134
C:\Users\CYMR90~1\AppData\Local\Temp\cc078JfS.s:4445   .debug_str:000000000000408e .LASF135
C:\Users\CYMR90~1\AppData\Local\Temp\cc078JfS.s:3443   .debug_str:0000000000000b8e .LASF136
C:\Users\CYMR90~1\AppData\Local\Temp\cc078JfS.s:4123   .debug_str:0000000000002f41 .LASF137
C:\Users\CYMR90~1\AppData\Local\Temp\cc078JfS.s:3361   .debug_str:00000000000007c1 .LASF138
C:\Users\CYMR90~1\AppData\Local\Temp\cc078JfS.s:4249   .debug_str:00000000000035ad .LASF139
C:\Users\CYMR90~1\AppData\Local\Temp\cc078JfS.s:3949   .debug_str:000000000000268f .LASF140
C:\Users\CYMR90~1\AppData\Local\Temp\cc078JfS.s:4229   .debug_str:00000000000034a6 .LASF141
C:\Users\CYMR90~1\AppData\Local\Temp\cc078JfS.s:3967   .debug_str:0000000000002760 .LASF142
C:\Users\CYMR90~1\AppData\Local\Temp\cc078JfS.s:3873   .debug_str:00000000000022c6 .LASF143
C:\Users\CYMR90~1\AppData\Local\Temp\cc078JfS.s:4101   .debug_str:0000000000002e5f .LASF144
C:\Users\CYMR90~1\AppData\Local\Temp\cc078JfS.s:4021   .debug_str:0000000000002a95 .LASF145
C:\Users\CYMR90~1\AppData\Local\Temp\cc078JfS.s:4219   .debug_str:0000000000003429 .LASF146
C:\Users\CYMR90~1\AppData\Local\Temp\cc078JfS.s:4205   .debug_str:0000000000003317 .LASF147
C:\Users\CYMR90~1\AppData\Local\Temp\cc078JfS.s:3573   .debug_str:0000000000001259 .LASF148
C:\Users\CYMR90~1\AppData\Local\Temp\cc078JfS.s:3539   .debug_str:000000000000110b .LASF149
C:\Users\CYMR90~1\AppData\Local\Temp\cc078JfS.s:4581   .debug_str:0000000000004824 .LASF150
C:\Users\CYMR90~1\AppData\Local\Temp\cc078JfS.s:3577   .debug_str:00000000000012b3 .LASF151
C:\Users\CYMR90~1\AppData\Local\Temp\cc078JfS.s:4231   .debug_str:00000000000034bc .LASF152
C:\Users\CYMR90~1\AppData\Local\Temp\cc078JfS.s:3357   .debug_str:0000000000000766 .LASF153
C:\Users\CYMR90~1\AppData\Local\Temp\cc078JfS.s:4877   .debug_str:000000000000588d .LASF154
C:\Users\CYMR90~1\AppData\Local\Temp\cc078JfS.s:3751   .debug_str:0000000000001c86 .LASF155
C:\Users\CYMR90~1\AppData\Local\Temp\cc078JfS.s:4293   .debug_str:00000000000037d5 .LASF156
C:\Users\CYMR90~1\AppData\Local\Temp\cc078JfS.s:4083   .debug_str:0000000000002dbd .LASF157
C:\Users\CYMR90~1\AppData\Local\Temp\cc078JfS.s:3929   .debug_str:0000000000002564 .LASF158
C:\Users\CYMR90~1\AppData\Local\Temp\cc078JfS.s:3599   .debug_str:000000000000142c .LASF159
C:\Users\CYMR90~1\AppData\Local\Temp\cc078JfS.s:4975   .debug_str:0000000000005f6c .LASF160
C:\Users\CYMR90~1\AppData\Local\Temp\cc078JfS.s:4633   .debug_str:0000000000004afa .LASF161
C:\Users\CYMR90~1\AppData\Local\Temp\cc078JfS.s:4389   .debug_str:0000000000003d0b .LASF162
C:\Users\CYMR90~1\AppData\Local\Temp\cc078JfS.s:3393   .debug_str:0000000000000929 .LASF163
C:\Users\CYMR90~1\AppData\Local\Temp\cc078JfS.s:4013   .debug_str:0000000000002a43 .LASF164
C:\Users\CYMR90~1\AppData\Local\Temp\cc078JfS.s:3277   .debug_str:000000000000030c .LASF165
C:\Users\CYMR90~1\AppData\Local\Temp\cc078JfS.s:4717   .debug_str:0000000000004fae .LASF166
C:\Users\CYMR90~1\AppData\Local\Temp\cc078JfS.s:3861   .debug_str:000000000000221b .LASF167
C:\Users\CYMR90~1\AppData\Local\Temp\cc078JfS.s:4731   .debug_str:0000000000005061 .LASF168
C:\Users\CYMR90~1\AppData\Local\Temp\cc078JfS.s:4565   .debug_str:0000000000004728 .LASF169
C:\Users\CYMR90~1\AppData\Local\Temp\cc078JfS.s:4317   .debug_str:0000000000003908 .LASF170
C:\Users\CYMR90~1\AppData\Local\Temp\cc078JfS.s:4965   .debug_str:0000000000005e50 .LASF171
C:\Users\CYMR90~1\AppData\Local\Temp\cc078JfS.s:3759   .debug_str:0000000000001d1c .LASF172
C:\Users\CYMR90~1\AppData\Local\Temp\cc078JfS.s:4701   .debug_str:0000000000004eab .LASF173
C:\Users\CYMR90~1\AppData\Local\Temp\cc078JfS.s:4607   .debug_str:00000000000049a9 .LASF174
C:\Users\CYMR90~1\AppData\Local\Temp\cc078JfS.s:4337   .debug_str:0000000000003a0f .LASF175
C:\Users\CYMR90~1\AppData\Local\Temp\cc078JfS.s:4967   .debug_str:0000000000005e99 .LASF176
C:\Users\CYMR90~1\AppData\Local\Temp\cc078JfS.s:3663   .debug_str:00000000000017b7 .LASF177
C:\Users\CYMR90~1\AppData\Local\Temp\cc078JfS.s:4589   .debug_str:0000000000004881 .LASF178
C:\Users\CYMR90~1\AppData\Local\Temp\cc078JfS.s:3681   .debug_str:0000000000001910 .LASF179
C:\Users\CYMR90~1\AppData\Local\Temp\cc078JfS.s:3557   .debug_str:00000000000011c5 .LASF180
C:\Users\CYMR90~1\AppData\Local\Temp\cc078JfS.s:3327   .debug_str:00000000000005fc .LASF181
C:\Users\CYMR90~1\AppData\Local\Temp\cc078JfS.s:3959   .debug_str:000000000000270c .LASF182
C:\Users\CYMR90~1\AppData\Local\Temp\cc078JfS.s:4269   .debug_str:00000000000036bc .LASF183
C:\Users\CYMR90~1\AppData\Local\Temp\cc078JfS.s:3675   .debug_str:00000000000018aa .LASF184
C:\Users\CYMR90~1\AppData\Local\Temp\cc078JfS.s:4849   .debug_str:000000000000572e .LASF185
C:\Users\CYMR90~1\AppData\Local\Temp\cc078JfS.s:3969   .debug_str:0000000000002781 .LASF186
C:\Users\CYMR90~1\AppData\Local\Temp\cc078JfS.s:3523   .debug_str:0000000000001022 .LASF187
C:\Users\CYMR90~1\AppData\Local\Temp\cc078JfS.s:4419   .debug_str:0000000000003ef6 .LASF188
C:\Users\CYMR90~1\AppData\Local\Temp\cc078JfS.s:3831   .debug_str:0000000000002093 .LASF189
C:\Users\CYMR90~1\AppData\Local\Temp\cc078JfS.s:4113   .debug_str:0000000000002ecf .LASF190
C:\Users\CYMR90~1\AppData\Local\Temp\cc078JfS.s:4363   .debug_str:0000000000003b4c .LASF191
C:\Users\CYMR90~1\AppData\Local\Temp\cc078JfS.s:4841   .debug_str:00000000000056d3 .LASF192
C:\Users\CYMR90~1\AppData\Local\Temp\cc078JfS.s:4495   .debug_str:000000000000431f .LASF193
C:\Users\CYMR90~1\AppData\Local\Temp\cc078JfS.s:4049   .debug_str:0000000000002c05 .LASF194
C:\Users\CYMR90~1\AppData\Local\Temp\cc078JfS.s:4169   .debug_str:000000000000316a .LASF195
C:\Users\CYMR90~1\AppData\Local\Temp\cc078JfS.s:4081   .debug_str:0000000000002da6 .LASF196
C:\Users\CYMR90~1\AppData\Local\Temp\cc078JfS.s:3803   .debug_str:0000000000001f32 .LASF197
C:\Users\CYMR90~1\AppData\Local\Temp\cc078JfS.s:3305   .debug_str:00000000000004b6 .LASF198
C:\Users\CYMR90~1\AppData\Local\Temp\cc078JfS.s:4401   .debug_str:0000000000003d97 .LASF199
C:\Users\CYMR90~1\AppData\Local\Temp\cc078JfS.s:4681   .debug_str:0000000000004d39 .LASF200
C:\Users\CYMR90~1\AppData\Local\Temp\cc078JfS.s:3973   .debug_str:00000000000027de .LASF201
C:\Users\CYMR90~1\AppData\Local\Temp\cc078JfS.s:4485   .debug_str:000000000000426e .LASF202
C:\Users\CYMR90~1\AppData\Local\Temp\cc078JfS.s:3767   .debug_str:0000000000001d73 .LASF203
C:\Users\CYMR90~1\AppData\Local\Temp\cc078JfS.s:3371   .debug_str:0000000000000851 .LASF204
C:\Users\CYMR90~1\AppData\Local\Temp\cc078JfS.s:4943   .debug_str:0000000000005c65 .LASF205
C:\Users\CYMR90~1\AppData\Local\Temp\cc078JfS.s:4533   .debug_str:00000000000045e4 .LASF206
C:\Users\CYMR90~1\AppData\Local\Temp\cc078JfS.s:4403   .debug_str:0000000000003dd6 .LASF207
C:\Users\CYMR90~1\AppData\Local\Temp\cc078JfS.s:3365   .debug_str:00000000000007ec .LASF208
C:\Users\CYMR90~1\AppData\Local\Temp\cc078JfS.s:4321   .debug_str:0000000000003960 .LASF209
C:\Users\CYMR90~1\AppData\Local\Temp\cc078JfS.s:3519   .debug_str:0000000000000ff5 .LASF210
C:\Users\CYMR90~1\AppData\Local\Temp\cc078JfS.s:3345   .debug_str:00000000000006e6 .LASF211
C:\Users\CYMR90~1\AppData\Local\Temp\cc078JfS.s:3299   .debug_str:0000000000000472 .LASF212
C:\Users\CYMR90~1\AppData\Local\Temp\cc078JfS.s:4383   .debug_str:0000000000003c7e .LASF213
C:\Users\CYMR90~1\AppData\Local\Temp\cc078JfS.s:4699   .debug_str:0000000000004e6b .LASF214
C:\Users\CYMR90~1\AppData\Local\Temp\cc078JfS.s:3339   .debug_str:000000000000067b .LASF215
C:\Users\CYMR90~1\AppData\Local\Temp\cc078JfS.s:3635   .debug_str:0000000000001659 .LASF216
C:\Users\CYMR90~1\AppData\Local\Temp\cc078JfS.s:3589   .debug_str:0000000000001376 .LASF217
C:\Users\CYMR90~1\AppData\Local\Temp\cc078JfS.s:4783   .debug_str:00000000000053c0 .LASF218
C:\Users\CYMR90~1\AppData\Local\Temp\cc078JfS.s:4105   .debug_str:0000000000002e7b .LASF219
C:\Users\CYMR90~1\AppData\Local\Temp\cc078JfS.s:3825   .debug_str:0000000000002041 .LASF220
C:\Users\CYMR90~1\AppData\Local\Temp\cc078JfS.s:4705   .debug_str:0000000000004ee0 .LASF221
C:\Users\CYMR90~1\AppData\Local\Temp\cc078JfS.s:4871   .debug_str:0000000000005853 .LASF222
C:\Users\CYMR90~1\AppData\Local\Temp\cc078JfS.s:3411   .debug_str:00000000000009f3 .LASF223
C:\Users\CYMR90~1\AppData\Local\Temp\cc078JfS.s:3377   .debug_str:0000000000000896 .LASF224
C:\Users\CYMR90~1\AppData\Local\Temp\cc078JfS.s:4131   .debug_str:0000000000002fa3 .LASF225
C:\Users\CYMR90~1\AppData\Local\Temp\cc078JfS.s:3619   .debug_str:000000000000159d .LASF226
C:\Users\CYMR90~1\AppData\Local\Temp\cc078JfS.s:3385   .debug_str:00000000000008df .LASF227
C:\Users\CYMR90~1\AppData\Local\Temp\cc078JfS.s:4815   .debug_str:0000000000005588 .LASF228
C:\Users\CYMR90~1\AppData\Local\Temp\cc078JfS.s:3575   .debug_str:0000000000001272 .LASF229
C:\Users\CYMR90~1\AppData\Local\Temp\cc078JfS.s:4037   .debug_str:0000000000002b52 .LASF230
C:\Users\CYMR90~1\AppData\Local\Temp\cc078JfS.s:4657   .debug_str:0000000000004c10 .LASF231
C:\Users\CYMR90~1\AppData\Local\Temp\cc078JfS.s:4409   .debug_str:0000000000003e32 .LASF232
C:\Users\CYMR90~1\AppData\Local\Temp\cc078JfS.s:4217   .debug_str:0000000000003412 .LASF233
C:\Users\CYMR90~1\AppData\Local\Temp\cc078JfS.s:3235   .debug_str:0000000000000114 .LASF234
C:\Users\CYMR90~1\AppData\Local\Temp\cc078JfS.s:4207   .debug_str:000000000000332e .LASF235
C:\Users\CYMR90~1\AppData\Local\Temp\cc078JfS.s:4751   .debug_str:0000000000005190 .LASF236
C:\Users\CYMR90~1\AppData\Local\Temp\cc078JfS.s:4377   .debug_str:0000000000003c01 .LASF237
C:\Users\CYMR90~1\AppData\Local\Temp\cc078JfS.s:3505   .debug_str:0000000000000f40 .LASF238
C:\Users\CYMR90~1\AppData\Local\Temp\cc078JfS.s:3221   .debug_str:0000000000000066 .LASF239
C:\Users\CYMR90~1\AppData\Local\Temp\cc078JfS.s:3775   .debug_str:0000000000001dd7 .LASF240
C:\Users\CYMR90~1\AppData\Local\Temp\cc078JfS.s:4247   .debug_str:0000000000003592 .LASF241
C:\Users\CYMR90~1\AppData\Local\Temp\cc078JfS.s:3233   .debug_str:00000000000000fa .LASF242
C:\Users\CYMR90~1\AppData\Local\Temp\cc078JfS.s:4807   .debug_str:00000000000054f4 .LASF243
C:\Users\CYMR90~1\AppData\Local\Temp\cc078JfS.s:3459   .debug_str:0000000000000cbc .LASF244
C:\Users\CYMR90~1\AppData\Local\Temp\cc078JfS.s:3703   .debug_str:0000000000001a2f .LASF245
C:\Users\CYMR90~1\AppData\Local\Temp\cc078JfS.s:4239   .debug_str:0000000000003523 .LASF246
C:\Users\CYMR90~1\AppData\Local\Temp\cc078JfS.s:4617   .debug_str:0000000000004a1a .LASF247
C:\Users\CYMR90~1\AppData\Local\Temp\cc078JfS.s:4065   .debug_str:0000000000002c9f .LASF248
C:\Users\CYMR90~1\AppData\Local\Temp\cc078JfS.s:4443   .debug_str:0000000000004074 .LASF249
C:\Users\CYMR90~1\AppData\Local\Temp\cc078JfS.s:3317   .debug_str:000000000000056f .LASF250
C:\Users\CYMR90~1\AppData\Local\Temp\cc078JfS.s:4925   .debug_str:0000000000005b4c .LASF251
C:\Users\CYMR90~1\AppData\Local\Temp\cc078JfS.s:4497   .debug_str:0000000000004337 .LASF252
C:\Users\CYMR90~1\AppData\Local\Temp\cc078JfS.s:4295   .debug_str:0000000000003813 .LASF253
C:\Users\CYMR90~1\AppData\Local\Temp\cc078JfS.s:4053   .debug_str:0000000000002c33 .LASF254
C:\Users\CYMR90~1\AppData\Local\Temp\cc078JfS.s:3915   .debug_str:00000000000024a7 .LASF255
C:\Users\CYMR90~1\AppData\Local\Temp\cc078JfS.s:4079   .debug_str:0000000000002d8c .LASF256
C:\Users\CYMR90~1\AppData\Local\Temp\cc078JfS.s:3487   .debug_str:0000000000000e76 .LASF257
C:\Users\CYMR90~1\AppData\Local\Temp\cc078JfS.s:4215   .debug_str:00000000000033d4 .LASF258
C:\Users\CYMR90~1\AppData\Local\Temp\cc078JfS.s:4179   .debug_str:00000000000031d5 .LASF259
C:\Users\CYMR90~1\AppData\Local\Temp\cc078JfS.s:4423   .debug_str:0000000000003f31 .LASF260
C:\Users\CYMR90~1\AppData\Local\Temp\cc078JfS.s:4599   .debug_str:000000000000493a .LASF261
C:\Users\CYMR90~1\AppData\Local\Temp\cc078JfS.s:3617   .debug_str:0000000000001558 .LASF262
C:\Users\CYMR90~1\AppData\Local\Temp\cc078JfS.s:4019   .debug_str:0000000000002a7d .LASF263
C:\Users\CYMR90~1\AppData\Local\Temp\cc078JfS.s:3471   .debug_str:0000000000000d91 .LASF264
C:\Users\CYMR90~1\AppData\Local\Temp\cc078JfS.s:3489   .debug_str:0000000000000e90 .LASF265
C:\Users\CYMR90~1\AppData\Local\Temp\cc078JfS.s:4003   .debug_str:00000000000029ba .LASF266
C:\Users\CYMR90~1\AppData\Local\Temp\cc078JfS.s:3261   .debug_str:000000000000022c .LASF267
C:\Users\CYMR90~1\AppData\Local\Temp\cc078JfS.s:4399   .debug_str:0000000000003d7b .LASF268
C:\Users\CYMR90~1\AppData\Local\Temp\cc078JfS.s:3961   .debug_str:0000000000002724 .LASF269
C:\Users\CYMR90~1\AppData\Local\Temp\cc078JfS.s:3919   .debug_str:00000000000024d4 .LASF270
C:\Users\CYMR90~1\AppData\Local\Temp\cc078JfS.s:3431   .debug_str:0000000000000b14 .LASF271
C:\Users\CYMR90~1\AppData\Local\Temp\cc078JfS.s:3301   .debug_str:000000000000048a .LASF272
C:\Users\CYMR90~1\AppData\Local\Temp\cc078JfS.s:3325   .debug_str:00000000000005bd .LASF273
C:\Users\CYMR90~1\AppData\Local\Temp\cc078JfS.s:4209   .debug_str:0000000000003348 .LASF274
C:\Users\CYMR90~1\AppData\Local\Temp\cc078JfS.s:4569   .debug_str:000000000000477b .LASF275
C:\Users\CYMR90~1\AppData\Local\Temp\cc078JfS.s:3265   .debug_str:0000000000000262 .LASF276
C:\Users\CYMR90~1\AppData\Local\Temp\cc078JfS.s:4387   .debug_str:0000000000003cc5 .LASF277
C:\Users\CYMR90~1\AppData\Local\Temp\cc078JfS.s:3517   .debug_str:0000000000000fdd .LASF278
C:\Users\CYMR90~1\AppData\Local\Temp\cc078JfS.s:3855   .debug_str:00000000000021c0 .LASF279
C:\Users\CYMR90~1\AppData\Local\Temp\cc078JfS.s:4375   .debug_str:0000000000003be6 .LASF280
C:\Users\CYMR90~1\AppData\Local\Temp\cc078JfS.s:3917   .debug_str:00000000000024bf .LASF281
C:\Users\CYMR90~1\AppData\Local\Temp\cc078JfS.s:3887   .debug_str:000000000000234b .LASF282
C:\Users\CYMR90~1\AppData\Local\Temp\cc078JfS.s:4855   .debug_str:00000000000057bc .LASF283
C:\Users\CYMR90~1\AppData\Local\Temp\cc078JfS.s:4689   .debug_str:0000000000004dfa .LASF284
C:\Users\CYMR90~1\AppData\Local\Temp\cc078JfS.s:4421   .debug_str:0000000000003f0c .LASF285
C:\Users\CYMR90~1\AppData\Local\Temp\cc078JfS.s:3515   .debug_str:0000000000000fbf .LASF286
C:\Users\CYMR90~1\AppData\Local\Temp\cc078JfS.s:4297   .debug_str:000000000000382e .LASF287
C:\Users\CYMR90~1\AppData\Local\Temp\cc078JfS.s:4005   .debug_str:00000000000029d2 .LASF288
C:\Users\CYMR90~1\AppData\Local\Temp\cc078JfS.s:3603   .debug_str:000000000000145a .LASF289
C:\Users\CYMR90~1\AppData\Local\Temp\cc078JfS.s:3227   .debug_str:00000000000000ae .LASF290
C:\Users\CYMR90~1\AppData\Local\Temp\cc078JfS.s:3807   .debug_str:0000000000001f67 .LASF291
C:\Users\CYMR90~1\AppData\Local\Temp\cc078JfS.s:4595   .debug_str:000000000000490c .LASF292
C:\Users\CYMR90~1\AppData\Local\Temp\cc078JfS.s:4087   .debug_str:0000000000002de8 .LASF293
C:\Users\CYMR90~1\AppData\Local\Temp\cc078JfS.s:4125   .debug_str:0000000000002f55 .LASF294
C:\Users\CYMR90~1\AppData\Local\Temp\cc078JfS.s:4755   .debug_str:0000000000005209 .LASF295
C:\Users\CYMR90~1\AppData\Local\Temp\cc078JfS.s:3901   .debug_str:00000000000023f3 .LASF296
C:\Users\CYMR90~1\AppData\Local\Temp\cc078JfS.s:3937   .debug_str:00000000000025bf .LASF297
C:\Users\CYMR90~1\AppData\Local\Temp\cc078JfS.s:3705   .debug_str:0000000000001a6e .LASF298
C:\Users\CYMR90~1\AppData\Local\Temp\cc078JfS.s:4153   .debug_str:00000000000030ca .LASF299
C:\Users\CYMR90~1\AppData\Local\Temp\cc078JfS.s:4771   .debug_str:00000000000052f8 .LASF300
C:\Users\CYMR90~1\AppData\Local\Temp\cc078JfS.s:4255   .debug_str:0000000000003618 .LASF301
C:\Users\CYMR90~1\AppData\Local\Temp\cc078JfS.s:3219   .debug_str:000000000000005c .LASF302
C:\Users\CYMR90~1\AppData\Local\Temp\cc078JfS.s:4897   .debug_str:00000000000059b1 .LASF303
C:\Users\CYMR90~1\AppData\Local\Temp\cc078JfS.s:4567   .debug_str:000000000000476a .LASF304
C:\Users\CYMR90~1\AppData\Local\Temp\cc078JfS.s:3607   .debug_str:00000000000014b1 .LASF305
C:\Users\CYMR90~1\AppData\Local\Temp\cc078JfS.s:3543   .debug_str:0000000000001131 .LASF306
C:\Users\CYMR90~1\AppData\Local\Temp\cc078JfS.s:3479   .debug_str:0000000000000e22 .LASF307
C:\Users\CYMR90~1\AppData\Local\Temp\cc078JfS.s:4513   .debug_str:000000000000446d .LASF308
C:\Users\CYMR90~1\AppData\Local\Temp\cc078JfS.s:3223   .debug_str:0000000000000084 .LASF309
C:\Users\CYMR90~1\AppData\Local\Temp\cc078JfS.s:3407   .debug_str:00000000000009cb .LASF310
C:\Users\CYMR90~1\AppData\Local\Temp\cc078JfS.s:3529   .debug_str:0000000000001084 .LASF311
C:\Users\CYMR90~1\AppData\Local\Temp\cc078JfS.s:4059   .debug_str:0000000000002c6e .LASF312
C:\Users\CYMR90~1\AppData\Local\Temp\cc078JfS.s:4747   .debug_str:0000000000005169 .LASF313
C:\Users\CYMR90~1\AppData\Local\Temp\cc078JfS.s:4085   .debug_str:0000000000002dd2 .LASF318
C:\Users\CYMR90~1\AppData\Local\Temp\cc078JfS.s:3639   .debug_str:00000000000016b7 .LASF319
C:\Users\CYMR90~1\AppData\Local\Temp\cc078JfS.s:3569   .debug_str:0000000000001244 .LASF320
C:\Users\CYMR90~1\AppData\Local\Temp\cc078JfS.s:4201   .debug_str:00000000000032f3 .LASF321
C:\Users\CYMR90~1\AppData\Local\Temp\cc078JfS.s:4451   .debug_str:00000000000040da .LASF322
C:\Users\CYMR90~1\AppData\Local\Temp\cc078JfS.s:4561   .debug_str:00000000000046fc .LASF323
C:\Users\CYMR90~1\AppData\Local\Temp\cc078JfS.s:3469   .debug_str:0000000000000d7c .LASF324
C:\Users\CYMR90~1\AppData\Local\Temp\cc078JfS.s:4737   .debug_str:00000000000050d1 .LASF325
C:\Users\CYMR90~1\AppData\Local\Temp\cc078JfS.s:4649   .debug_str:0000000000004baa .LASF326
C:\Users\CYMR90~1\AppData\Local\Temp\cc078JfS.s:4843   .debug_str:00000000000056e3 .LASF327
C:\Users\CYMR90~1\AppData\Local\Temp\cc078JfS.s:3765   .debug_str:0000000000001d65 .LASF328
C:\Users\CYMR90~1\AppData\Local\Temp\cc078JfS.s:3509   .debug_str:0000000000000f74 .LASF329
C:\Users\CYMR90~1\AppData\Local\Temp\cc078JfS.s:3593   .debug_str:00000000000013c7 .LASF330
C:\Users\CYMR90~1\AppData\Local\Temp\cc078JfS.s:4143   .debug_str:0000000000003016 .LASF331
C:\Users\CYMR90~1\AppData\Local\Temp\cc078JfS.s:4223   .debug_str:000000000000345f .LASF332
C:\Users\CYMR90~1\AppData\Local\Temp\cc078JfS.s:4361   .debug_str:0000000000003b36 .LASF333
C:\Users\CYMR90~1\AppData\Local\Temp\cc078JfS.s:4787   .debug_str:00000000000053f0 .LASF334
C:\Users\CYMR90~1\AppData\Local\Temp\cc078JfS.s:4283   .debug_str:000000000000377a .LASF335
C:\Users\CYMR90~1\AppData\Local\Temp\cc078JfS.s:4291   .debug_str:00000000000037bf .LASF337
C:\Users\CYMR90~1\AppData\Local\Temp\cc078JfS.s:4275   .debug_str:0000000000003718 .LASF338
C:\Users\CYMR90~1\AppData\Local\Temp\cc078JfS.s:3829   .debug_str:000000000000206b .LASF339
C:\Users\CYMR90~1\AppData\Local\Temp\cc078JfS.s:3695   .debug_str:00000000000019bb .LASF340
C:\Users\CYMR90~1\AppData\Local\Temp\cc078JfS.s:3463   .debug_str:0000000000000d0a .LASF341
C:\Users\CYMR90~1\AppData\Local\Temp\cc078JfS.s:4759   .debug_str:0000000000005245 .LASF342
C:\Users\CYMR90~1\AppData\Local\Temp\cc078JfS.s:4009   .debug_str:0000000000002a18 .LASF343
C:\Users\CYMR90~1\AppData\Local\Temp\cc078JfS.s:3991   .debug_str:00000000000028f1 .LASF344
C:\Users\CYMR90~1\AppData\Local\Temp\cc078JfS.s:3957   .debug_str:00000000000026fe .LASF345
C:\Users\CYMR90~1\AppData\Local\Temp\cc078JfS.s:4847   .debug_str:000000000000571e .LASF346
C:\Users\CYMR90~1\AppData\Local\Temp\cc078JfS.s:4971   .debug_str:0000000000005f36 .LASF347
C:\Users\CYMR90~1\AppData\Local\Temp\cc078JfS.s:3533   .debug_str:00000000000010b0 .LASF348
C:\Users\CYMR90~1\AppData\Local\Temp\cc078JfS.s:3895   .debug_str:00000000000023b3 .LASF349
C:\Users\CYMR90~1\AppData\Local\Temp\cc078JfS.s:4173   .debug_str:0000000000003188 .LASF350
C:\Users\CYMR90~1\AppData\Local\Temp\cc078JfS.s:4299   .debug_str:000000000000384c .LASF351
C:\Users\CYMR90~1\AppData\Local\Temp\cc078JfS.s:4157   .debug_str:00000000000030f1 .LASF352
C:\Users\CYMR90~1\AppData\Local\Temp\cc078JfS.s:4479   .debug_str:0000000000004234 .LASF353
C:\Users\CYMR90~1\AppData\Local\Temp\cc078JfS.s:4325   .debug_str:0000000000003991 .LASF354
C:\Users\CYMR90~1\AppData\Local\Temp\cc078JfS.s:3565   .debug_str:000000000000121f .LASF355
C:\Users\CYMR90~1\AppData\Local\Temp\cc078JfS.s:4411   .debug_str:0000000000003e75 .LASF356
C:\Users\CYMR90~1\AppData\Local\Temp\cc078JfS.s:3283   .debug_str:0000000000000356 .LASF357
C:\Users\CYMR90~1\AppData\Local\Temp\cc078JfS.s:3217   .debug_str:000000000000004b .LASF358
C:\Users\CYMR90~1\AppData\Local\Temp\cc078JfS.s:4749   .debug_str:0000000000005180 .LASF359
C:\Users\CYMR90~1\AppData\Local\Temp\cc078JfS.s:4743   .debug_str:0000000000005137 .LASF360
C:\Users\CYMR90~1\AppData\Local\Temp\cc078JfS.s:4729   .debug_str:0000000000005040 .LASF361
C:\Users\CYMR90~1\AppData\Local\Temp\cc078JfS.s:4313   .debug_str:00000000000038e5 .LASF362
C:\Users\CYMR90~1\AppData\Local\Temp\cc078JfS.s:3447   .debug_str:0000000000000c17 .LASF363
C:\Users\CYMR90~1\AppData\Local\Temp\cc078JfS.s:4323   .debug_str:000000000000397b .LASF364
C:\Users\CYMR90~1\AppData\Local\Temp\cc078JfS.s:4271   .debug_str:00000000000036f6 .LASF365
C:\Users\CYMR90~1\AppData\Local\Temp\cc078JfS.s:4285   .debug_str:000000000000378e .LASF366
C:\Users\CYMR90~1\AppData\Local\Temp\cc078JfS.s:3547   .debug_str:000000000000114a .LASF367
C:\Users\CYMR90~1\AppData\Local\Temp\cc078JfS.s:4307   .debug_str:000000000000389e .LASF368
C:\Users\CYMR90~1\AppData\Local\Temp\cc078JfS.s:3783   .debug_str:0000000000001e69 .LASF369
C:\Users\CYMR90~1\AppData\Local\Temp\cc078JfS.s:3423   .debug_str:0000000000000ac4 .LASF370
C:\Users\CYMR90~1\AppData\Local\Temp\cc078JfS.s:3241   .debug_str:000000000000015e .LASF371
C:\Users\CYMR90~1\AppData\Local\Temp\cc078JfS.s:4697   .debug_str:0000000000004e43 .LASF372
C:\Users\CYMR90~1\AppData\Local\Temp\cc078JfS.s:3813   .debug_str:0000000000001fa6 .LASF373
C:\Users\CYMR90~1\AppData\Local\Temp\cc078JfS.s:3499   .debug_str:0000000000000efe .LASF374
C:\Users\CYMR90~1\AppData\Local\Temp\cc078JfS.s:4611   .debug_str:00000000000049cd .LASF375
C:\Users\CYMR90~1\AppData\Local\Temp\cc078JfS.s:3725   .debug_str:0000000000001b72 .LASF376
C:\Users\CYMR90~1\AppData\Local\Temp\cc078JfS.s:4639   .debug_str:0000000000004b36 .LASF377
C:\Users\CYMR90~1\AppData\Local\Temp\cc078JfS.s:4333   .debug_str:00000000000039e4 .LASF379
C:\Users\CYMR90~1\AppData\Local\Temp\cc078JfS.s:3341   .debug_str:00000000000006b6 .LASF380
C:\Users\CYMR90~1\AppData\Local\Temp\cc078JfS.s:4511   .debug_str:0000000000004459 .LASF381
C:\Users\CYMR90~1\AppData\Local\Temp\cc078JfS.s:4721   .debug_str:0000000000004fd4 .LASF382
C:\Users\CYMR90~1\AppData\Local\Temp\cc078JfS.s:3939   .debug_str:00000000000025db .LASF383
C:\Users\CYMR90~1\AppData\Local\Temp\cc078JfS.s:4557   .debug_str:00000000000046d2 .LASF384
C:\Users\CYMR90~1\AppData\Local\Temp\cc078JfS.s:4141   .debug_str:0000000000003001 .LASF385
C:\Users\CYMR90~1\AppData\Local\Temp\cc078JfS.s:4417   .debug_str:0000000000003ee1 .LASF386
C:\Users\CYMR90~1\AppData\Local\Temp\cc078JfS.s:4259   .debug_str:0000000000003644 .LASF387
C:\Users\CYMR90~1\AppData\Local\Temp\cc078JfS.s:3491   .debug_str:0000000000000eab .LASF388
C:\Users\CYMR90~1\AppData\Local\Temp\cc078JfS.s:3881   .debug_str:0000000000002318 .LASF389
C:\Users\CYMR90~1\AppData\Local\Temp\cc078JfS.s:4165   .debug_str:000000000000313d .LASF390
C:\Users\CYMR90~1\AppData\Local\Temp\cc078JfS.s:4235   .debug_str:0000000000003506 .LASF391
C:\Users\CYMR90~1\AppData\Local\Temp\cc078JfS.s:4117   .debug_str:0000000000002eff .LASF392
C:\Users\CYMR90~1\AppData\Local\Temp\cc078JfS.s:4041   .debug_str:0000000000002ba5 .LASF393
C:\Users\CYMR90~1\AppData\Local\Temp\cc078JfS.s:4245   .debug_str:0000000000003586 .LASF394
C:\Users\CYMR90~1\AppData\Local\Temp\cc078JfS.s:4481   .debug_str:0000000000004244 .LASF395
C:\Users\CYMR90~1\AppData\Local\Temp\cc078JfS.s:3501   .debug_str:0000000000000f27 .LASF396
C:\Users\CYMR90~1\AppData\Local\Temp\cc078JfS.s:3369   .debug_str:0000000000000840 .LASF397
C:\Users\CYMR90~1\AppData\Local\Temp\cc078JfS.s:4025   .debug_str:0000000000002ac1 .LASF398
C:\Users\CYMR90~1\AppData\Local\Temp\cc078JfS.s:4335   .debug_str:00000000000039ff .LASF399
C:\Users\CYMR90~1\AppData\Local\Temp\cc078JfS.s:4257   .debug_str:000000000000362f .LASF400
C:\Users\CYMR90~1\AppData\Local\Temp\cc078JfS.s:4067   .debug_str:0000000000002cb7 .LASF401
C:\Users\CYMR90~1\AppData\Local\Temp\cc078JfS.s:3503   .debug_str:0000000000000f34 .LASF402
C:\Users\CYMR90~1\AppData\Local\Temp\cc078JfS.s:3337   .debug_str:000000000000066f .LASF403
C:\Users\CYMR90~1\AppData\Local\Temp\cc078JfS.s:4343   .debug_str:0000000000003a5d .LASF404
C:\Users\CYMR90~1\AppData\Local\Temp\cc078JfS.s:4107   .debug_str:0000000000002e94 .LASF405
C:\Users\CYMR90~1\AppData\Local\Temp\cc078JfS.s:3965   .debug_str:0000000000002756 .LASF406
C:\Users\CYMR90~1\AppData\Local\Temp\cc078JfS.s:3391   .debug_str:0000000000000920 .LASF407
C:\Users\CYMR90~1\AppData\Local\Temp\cc078JfS.s:4391   .debug_str:0000000000003d23 .LASF408
C:\Users\CYMR90~1\AppData\Local\Temp\cc078JfS.s:4099   .debug_str:0000000000002e55 .LASF409
C:\Users\CYMR90~1\AppData\Local\Temp\cc078JfS.s:4529   .debug_str:00000000000045bc .LASF410
C:\Users\CYMR90~1\AppData\Local\Temp\cc078JfS.s:4199   .debug_str:00000000000032e1 .LASF411
C:\Users\CYMR90~1\AppData\Local\Temp\cc078JfS.s:4475   .debug_str:000000000000420a .LASF412
C:\Users\CYMR90~1\AppData\Local\Temp\cc078JfS.s:3625   .debug_str:00000000000015eb .LASF413
C:\Users\CYMR90~1\AppData\Local\Temp\cc078JfS.s:4805   .debug_str:00000000000054e2 .LASF414
C:\Users\CYMR90~1\AppData\Local\Temp\cc078JfS.s:3629   .debug_str:0000000000001623 .LASF415
C:\Users\CYMR90~1\AppData\Local\Temp\cc078JfS.s:4817   .debug_str:00000000000055c4 .LASF416
C:\Users\CYMR90~1\AppData\Local\Temp\cc078JfS.s:4605   .debug_str:00000000000049a0 .LASF417
C:\Users\CYMR90~1\AppData\Local\Temp\cc078JfS.s:3379   .debug_str:00000000000008b2 .LASF418
C:\Users\CYMR90~1\AppData\Local\Temp\cc078JfS.s:3811   .debug_str:0000000000001f98 .LASF419
C:\Users\CYMR90~1\AppData\Local\Temp\cc078JfS.s:3883   .debug_str:0000000000002333 .LASF420
C:\Users\CYMR90~1\AppData\Local\Temp\cc078JfS.s:3641   .debug_str:00000000000016cf .LASF421
C:\Users\CYMR90~1\AppData\Local\Temp\cc078JfS.s:4461   .debug_str:0000000000004151 .LASF422
C:\Users\CYMR90~1\AppData\Local\Temp\cc078JfS.s:4171   .debug_str:000000000000317f .LASF423
C:\Users\CYMR90~1\AppData\Local\Temp\cc078JfS.s:4353   .debug_str:0000000000003aaf .LASF424
C:\Users\CYMR90~1\AppData\Local\Temp\cc078JfS.s:3591   .debug_str:00000000000013b8 .LASF425
C:\Users\CYMR90~1\AppData\Local\Temp\cc078JfS.s:4881   .debug_str:00000000000058db .LASF426
C:\Users\CYMR90~1\AppData\Local\Temp\cc078JfS.s:4077   .debug_str:0000000000002d76 .LASF427
C:\Users\CYMR90~1\AppData\Local\Temp\cc078JfS.s:3457   .debug_str:0000000000000ca8 .LASF428
C:\Users\CYMR90~1\AppData\Local\Temp\cc078JfS.s:3623   .debug_str:00000000000015c8 .LASF429
C:\Users\CYMR90~1\AppData\Local\Temp\cc078JfS.s:4725   .debug_str:000000000000501e .LASF430
C:\Users\CYMR90~1\AppData\Local\Temp\cc078JfS.s:3381   .debug_str:00000000000008bc .LASF431
C:\Users\CYMR90~1\AppData\Local\Temp\cc078JfS.s:4977   .debug_str:0000000000005f80 .LASF432
C:\Users\CYMR90~1\AppData\Local\Temp\cc078JfS.s:4609   .debug_str:00000000000049c1 .LASF433
C:\Users\CYMR90~1\AppData\Local\Temp\cc078JfS.s:3425   .debug_str:0000000000000ace .LASF434
C:\Users\CYMR90~1\AppData\Local\Temp\cc078JfS.s:3753   .debug_str:0000000000001cc0 .LASF435
C:\Users\CYMR90~1\AppData\Local\Temp\cc078JfS.s:4425   .debug_str:0000000000003f6f .LASF436
C:\Users\CYMR90~1\AppData\Local\Temp\cc078JfS.s:4659   .debug_str:0000000000004c4f .LASF437
C:\Users\CYMR90~1\AppData\Local\Temp\cc078JfS.s:3841   .debug_str:0000000000002102 .LASF438
C:\Users\CYMR90~1\AppData\Local\Temp\cc078JfS.s:4035   .debug_str:0000000000002b2f .LASF439
C:\Users\CYMR90~1\AppData\Local\Temp\cc078JfS.s:3269   .debug_str:00000000000002bf .LASF440
C:\Users\CYMR90~1\AppData\Local\Temp\cc078JfS.s:4677   .debug_str:0000000000004d11 .LASF441
C:\Users\CYMR90~1\AppData\Local\Temp\cc078JfS.s:3211   .debug_str:0000000000000000 .LASF442
C:\Users\CYMR90~1\AppData\Local\Temp\cc078JfS.s:4655   .debug_str:0000000000004bed .LASF443
C:\Users\CYMR90~1\AppData\Local\Temp\cc078JfS.s:4469   .debug_str:00000000000041c1 .LASF444
C:\Users\CYMR90~1\AppData\Local\Temp\cc078JfS.s:3805   .debug_str:0000000000001f4a .LASF445
C:\Users\CYMR90~1\AppData\Local\Temp\cc078JfS.s:4745   .debug_str:000000000000514d .LASF446
C:\Users\CYMR90~1\AppData\Local\Temp\cc078JfS.s:4797   .debug_str:0000000000005448 .LASF447
C:\Users\CYMR90~1\AppData\Local\Temp\cc078JfS.s:4139   .debug_str:0000000000002fe2 .LASF448
C:\Users\CYMR90~1\AppData\Local\Temp\cc078JfS.s:4901   .debug_str:0000000000005a04 .LASF449
C:\Users\CYMR90~1\AppData\Local\Temp\cc078JfS.s:3701   .debug_str:0000000000001a11 .LASF450
C:\Users\CYMR90~1\AppData\Local\Temp\cc078JfS.s:3637   .debug_str:0000000000001697 .LASF451
C:\Users\CYMR90~1\AppData\Local\Temp\cc078JfS.s:4189   .debug_str:000000000000327a .LASF452
C:\Users\CYMR90~1\AppData\Local\Temp\cc078JfS.s:3835   .debug_str:00000000000020bf .LASF453
C:\Users\CYMR90~1\AppData\Local\Temp\cc078JfS.s:3763   .debug_str:0000000000001d4c .LASF454
C:\Users\CYMR90~1\AppData\Local\Temp\cc078JfS.s:4683   .debug_str:0000000000004d73 .LASF455
C:\Users\CYMR90~1\AppData\Local\Temp\cc078JfS.s:4029   .debug_str:0000000000002ae6 .LASF456
C:\Users\CYMR90~1\AppData\Local\Temp\cc078JfS.s:4819   .debug_str:00000000000055d1 .LASF457
C:\Users\CYMR90~1\AppData\Local\Temp\cc078JfS.s:4835   .debug_str:0000000000005694 .LASF458
C:\Users\CYMR90~1\AppData\Local\Temp\cc078JfS.s:3535   .debug_str:00000000000010c8 .LASF459
C:\Users\CYMR90~1\AppData\Local\Temp\cc078JfS.s:3687   .debug_str:000000000000194c .LASF460
C:\Users\CYMR90~1\AppData\Local\Temp\cc078JfS.s:3389   .debug_str:000000000000090a .LASF461
C:\Users\CYMR90~1\AppData\Local\Temp\cc078JfS.s:4933   .debug_str:0000000000005baf .LASF462
C:\Users\CYMR90~1\AppData\Local\Temp\cc078JfS.s:4311   .debug_str:00000000000038d6 .LASF463
C:\Users\CYMR90~1\AppData\Local\Temp\cc078JfS.s:3799   .debug_str:0000000000001f05 .LASF464
C:\Users\CYMR90~1\AppData\Local\Temp\cc078JfS.s:3525   .debug_str:0000000000001063 .LASF465
C:\Users\CYMR90~1\AppData\Local\Temp\cc078JfS.s:4499   .debug_str:0000000000004349 .LASF466
C:\Users\CYMR90~1\AppData\Local\Temp\cc078JfS.s:4289   .debug_str:00000000000037ab .LASF467
C:\Users\CYMR90~1\AppData\Local\Temp\cc078JfS.s:4713   .debug_str:0000000000004f6c .LASF468
C:\Users\CYMR90~1\AppData\Local\Temp\cc078JfS.s:4405   .debug_str:0000000000003de6 .LASF469
C:\Users\CYMR90~1\AppData\Local\Temp\cc078JfS.s:4761   .debug_str:0000000000005272 .LASF470
C:\Users\CYMR90~1\AppData\Local\Temp\cc078JfS.s:4779   .debug_str:000000000000537e .LASF471
C:\Users\CYMR90~1\AppData\Local\Temp\cc078JfS.s:4459   .debug_str:0000000000004130 .LASF472
C:\Users\CYMR90~1\AppData\Local\Temp\cc078JfS.s:4957   .debug_str:0000000000005de8 .LASF473
C:\Users\CYMR90~1\AppData\Local\Temp\cc078JfS.s:3315   .debug_str:0000000000000542 .LASF474
C:\Users\CYMR90~1\AppData\Local\Temp\cc078JfS.s:3925   .debug_str:000000000000251e .LASF475
C:\Users\CYMR90~1\AppData\Local\Temp\cc078JfS.s:4465   .debug_str:0000000000004175 .LASF476
C:\Users\CYMR90~1\AppData\Local\Temp\cc078JfS.s:3669   .debug_str:0000000000001845 .LASF477
C:\Users\CYMR90~1\AppData\Local\Temp\cc078JfS.s:3605   .debug_str:000000000000147c .LASF478
C:\Users\CYMR90~1\AppData\Local\Temp\cc078JfS.s:3845   .debug_str:0000000000002140 .LASF479
C:\Users\CYMR90~1\AppData\Local\Temp\cc078JfS.s:3981   .debug_str:000000000000285a .LASF480
C:\Users\CYMR90~1\AppData\Local\Temp\cc078JfS.s:4309   .debug_str:00000000000038ac .LASF481
C:\Users\CYMR90~1\AppData\Local\Temp\cc078JfS.s:4813   .debug_str:0000000000005567 .LASF482
C:\Users\CYMR90~1\AppData\Local\Temp\cc078JfS.s:4985   .debug_str:0000000000005fca .LASF483
C:\Users\CYMR90~1\AppData\Local\Temp\cc078JfS.s:3697   .debug_str:00000000000019cc .LASF484
C:\Users\CYMR90~1\AppData\Local\Temp\cc078JfS.s:4917   .debug_str:0000000000005ade .LASF485
C:\Users\CYMR90~1\AppData\Local\Temp\cc078JfS.s:3953   .debug_str:00000000000026b0 .LASF486
C:\Users\CYMR90~1\AppData\Local\Temp\cc078JfS.s:3993   .debug_str:0000000000002903 .LASF487
C:\Users\CYMR90~1\AppData\Local\Temp\cc078JfS.s:3367   .debug_str:0000000000000805 .LASF488
C:\Users\CYMR90~1\AppData\Local\Temp\cc078JfS.s:3857   .debug_str:00000000000021da .LASF489
C:\Users\CYMR90~1\AppData\Local\Temp\cc078JfS.s:4767   .debug_str:00000000000052b9 .LASF490
C:\Users\CYMR90~1\AppData\Local\Temp\cc078JfS.s:3801   .debug_str:0000000000001f1e .LASF491
C:\Users\CYMR90~1\AppData\Local\Temp\cc078JfS.s:3613   .debug_str:0000000000001518 .LASF492
C:\Users\CYMR90~1\AppData\Local\Temp\cc078JfS.s:3293   .debug_str:0000000000000419 .LASF493
C:\Users\CYMR90~1\AppData\Local\Temp\cc078JfS.s:3987   .debug_str:00000000000028ae .LASF494
C:\Users\CYMR90~1\AppData\Local\Temp\cc078JfS.s:3755   .debug_str:0000000000001cd3 .LASF495
C:\Users\CYMR90~1\AppData\Local\Temp\cc078JfS.s:3713   .debug_str:0000000000001ab2 .LASF496
C:\Users\CYMR90~1\AppData\Local\Temp\cc078JfS.s:3947   .debug_str:0000000000002662 .LASF497
C:\Users\CYMR90~1\AppData\Local\Temp\cc078JfS.s:4711   .debug_str:0000000000004f20 .LASF498
C:\Users\CYMR90~1\AppData\Local\Temp\cc078JfS.s:4527   .debug_str:0000000000004530 .LASF499
C:\Users\CYMR90~1\AppData\Local\Temp\cc078JfS.s:4687   .debug_str:0000000000004d9b .LASF500
C:\Users\CYMR90~1\AppData\Local\Temp\cc078JfS.s:4381   .debug_str:0000000000003c21 .LASF501
C:\Users\CYMR90~1\AppData\Local\Temp\cc078JfS.s:4899   .debug_str:00000000000059c6 .LASF502
C:\Users\CYMR90~1\AppData\Local\Temp\cc078JfS.s:4753   .debug_str:00000000000051a8 .LASF503
C:\Users\CYMR90~1\AppData\Local\Temp\cc078JfS.s:4941   .debug_str:0000000000005c02 .LASF504
C:\Users\CYMR90~1\AppData\Local\Temp\cc078JfS.s:4395   .debug_str:0000000000003d45 .LASF505
C:\Users\CYMR90~1\AppData\Local\Temp\cc078JfS.s:3285   .debug_str:000000000000036d .LASF506
C:\Users\CYMR90~1\AppData\Local\Temp\cc078JfS.s:3419   .debug_str:0000000000000a4d .LASF507
C:\Users\CYMR90~1\AppData\Local\Temp\cc078JfS.s:4075   .debug_str:0000000000002cff .LASF508
C:\Users\CYMR90~1\AppData\Local\Temp\cc078JfS.s:4801   .debug_str:000000000000547f .LASF509
C:\Users\CYMR90~1\AppData\Local\Temp\cc078JfS.s:3665   .debug_str:00000000000017d1 .LASF510
C:\Users\CYMR90~1\AppData\Local\Temp\cc078JfS.s:4329   .debug_str:00000000000039b0 .LASF511
C:\Users\CYMR90~1\AppData\Local\Temp\cc078JfS.s:4637   .debug_str:0000000000004b1d .LASF512
C:\Users\CYMR90~1\AppData\Local\Temp\cc078JfS.s:3279   .debug_str:0000000000000323 .LASF513
C:\Users\CYMR90~1\AppData\Local\Temp\cc078JfS.s:4277   .debug_str:0000000000003732 .LASF514
C:\Users\CYMR90~1\AppData\Local\Temp\cc078JfS.s:4371   .debug_str:0000000000003bb1 .LASF515
C:\Users\CYMR90~1\AppData\Local\Temp\cc078JfS.s:4853   .debug_str:000000000000577f .LASF516
C:\Users\CYMR90~1\AppData\Local\Temp\cc078JfS.s:4739   .debug_str:00000000000050e7 .LASF517
C:\Users\CYMR90~1\AppData\Local\Temp\cc078JfS.s:4947   .debug_str:0000000000005d4c .LASF518
C:\Users\CYMR90~1\AppData\Local\Temp\cc078JfS.s:3461   .debug_str:0000000000000d00 .LASF519
C:\Users\CYMR90~1\AppData\Local\Temp\cc078JfS.s:3495   .debug_str:0000000000000edc .LASF520
C:\Users\CYMR90~1\AppData\Local\Temp\cc078JfS.s:3793   .debug_str:0000000000001ec4 .LASF521
C:\Users\CYMR90~1\AppData\Local\Temp\cc078JfS.s:4011   .debug_str:0000000000002a28 .LASF522
C:\Users\CYMR90~1\AppData\Local\Temp\cc078JfS.s:4631   .debug_str:0000000000004ae0 .LASF523
C:\Users\CYMR90~1\AppData\Local\Temp\cc078JfS.s:4367   .debug_str:0000000000003b6e .LASF524
C:\Users\CYMR90~1\AppData\Local\Temp\cc078JfS.s:4905   .debug_str:0000000000005a44 .LASF525
C:\Users\CYMR90~1\AppData\Local\Temp\cc078JfS.s:4693   .debug_str:0000000000004e1c .LASF526
C:\Users\CYMR90~1\AppData\Local\Temp\cc078JfS.s:4845   .debug_str:00000000000056f9 .LASF527
C:\Users\CYMR90~1\AppData\Local\Temp\cc078JfS.s:3477   .debug_str:0000000000000dd5 .LASF528
C:\Users\CYMR90~1\AppData\Local\Temp\cc078JfS.s:4777   .debug_str:0000000000005337 .LASF529
C:\Users\CYMR90~1\AppData\Local\Temp\cc078JfS.s:4149   .debug_str:0000000000003068 .LASF530
C:\Users\CYMR90~1\AppData\Local\Temp\cc078JfS.s:4521   .debug_str:00000000000044b7 .LASF531
C:\Users\CYMR90~1\AppData\Local\Temp\cc078JfS.s:3611   .debug_str:00000000000014db .LASF532
C:\Users\CYMR90~1\AppData\Local\Temp\cc078JfS.s:3585   .debug_str:0000000000001310 .LASF533
C:\Users\CYMR90~1\AppData\Local\Temp\cc078JfS.s:4823   .debug_str:00000000000055fc .LASF534
C:\Users\CYMR90~1\AppData\Local\Temp\cc078JfS.s:4591   .debug_str:000000000000489d .LASF535
C:\Users\CYMR90~1\AppData\Local\Temp\cc078JfS.s:3781   .debug_str:0000000000001e1e .LASF536
C:\Users\CYMR90~1\AppData\Local\Temp\cc078JfS.s:4251   .debug_str:00000000000035bd .LASF537
C:\Users\CYMR90~1\AppData\Local\Temp\cc078JfS.s:3595   .debug_str:00000000000013db .LASF538
C:\Users\CYMR90~1\AppData\Local\Temp\cc078JfS.s:3853   .debug_str:00000000000021ab .LASF539
C:\Users\CYMR90~1\AppData\Local\Temp\cc078JfS.s:4979   .debug_str:0000000000005f8d .LASF540
C:\Users\CYMR90~1\AppData\Local\Temp\cc078JfS.s:4675   .debug_str:0000000000004ce2 .LASF541
C:\Users\CYMR90~1\AppData\Local\Temp\cc078JfS.s:4673   .debug_str:0000000000004cad .LASF542
C:\Users\CYMR90~1\AppData\Local\Temp\cc078JfS.s:3335   .debug_str:0000000000000657 .LASF544
C:\Users\CYMR90~1\AppData\Local\Temp\cc078JfS.s:3787   .debug_str:0000000000001e8b .LASF545
C:\Users\CYMR90~1\AppData\Local\Temp\cc078JfS.s:3819   .debug_str:0000000000001ff7 .LASF546
C:\Users\CYMR90~1\AppData\Local\Temp\cc078JfS.s:4857   .debug_str:00000000000057d3 .LASF547
C:\Users\CYMR90~1\AppData\Local\Temp\cc078JfS.s:3719   .debug_str:0000000000001b2e .LASF548
C:\Users\CYMR90~1\AppData\Local\Temp\cc078JfS.s:4057   .debug_str:0000000000002c60 .LASF549
C:\Users\CYMR90~1\AppData\Local\Temp\cc078JfS.s:4457   .debug_str:0000000000004127 .LASF550
C:\Users\CYMR90~1\AppData\Local\Temp\cc078JfS.s:3909   .debug_str:000000000000244c .LASF551
C:\Users\CYMR90~1\AppData\Local\Temp\cc078JfS.s:4665   .debug_str:0000000000004c81 .LASF552
C:\Users\CYMR90~1\AppData\Local\Temp\cc078JfS.s:3553   .debug_str:0000000000001194 .LASF553
C:\Users\CYMR90~1\AppData\Local\Temp\cc078JfS.s:3555   .debug_str:00000000000011ac .LASF554
C:\Users\CYMR90~1\AppData\Local\Temp\cc078JfS.s:4549   .debug_str:000000000000467c .LASF555
C:\Users\CYMR90~1\AppData\Local\Temp\cc078JfS.s:4373   .debug_str:0000000000003bce .LASF556
C:\Users\CYMR90~1\AppData\Local\Temp\cc078JfS.s:3409   .debug_str:00000000000009e3 .LASF557
C:\Users\CYMR90~1\AppData\Local\Temp\cc078JfS.s:4825   .debug_str:0000000000005643 .LASF558
C:\Users\CYMR90~1\AppData\Local\Temp\cc078JfS.s:3579   .debug_str:00000000000012c9 .LASF559
C:\Users\CYMR90~1\AppData\Local\Temp\cc078JfS.s:3757   .debug_str:0000000000001d09 .LASF560
C:\Users\CYMR90~1\AppData\Local\Temp\cc078JfS.s:3863   .debug_str:000000000000225d .LASF561
C:\Users\CYMR90~1\AppData\Local\Temp\cc078JfS.s:4635   .debug_str:0000000000004b09 .LASF562
C:\Users\CYMR90~1\AppData\Local\Temp\cc078JfS.s:4051   .debug_str:0000000000002c1f .LASF563
C:\Users\CYMR90~1\AppData\Local\Temp\cc078JfS.s:3253   .debug_str:00000000000001e0 .LASF564
C:\Users\CYMR90~1\AppData\Local\Temp\cc078JfS.s:3245   .debug_str:000000000000018d .LASF565
C:\Users\CYMR90~1\AppData\Local\Temp\cc078JfS.s:3963   .debug_str:0000000000002742 .LASF566
C:\Users\CYMR90~1\AppData\Local\Temp\cc078JfS.s:4537   .debug_str:0000000000004605 .LASF567
C:\Users\CYMR90~1\AppData\Local\Temp\cc078JfS.s:4765   .debug_str:00000000000052a5 .LASF568
C:\Users\CYMR90~1\AppData\Local\Temp\cc078JfS.s:4733   .debug_str:00000000000050a8 .LASF569
C:\Users\CYMR90~1\AppData\Local\Temp\cc078JfS.s:4491   .debug_str:00000000000042e8 .LASF570
C:\Users\CYMR90~1\AppData\Local\Temp\cc078JfS.s:3749   .debug_str:0000000000001c71 .LASF571
C:\Users\CYMR90~1\AppData\Local\Temp\cc078JfS.s:3467   .debug_str:0000000000000d68 .LASF572
C:\Users\CYMR90~1\AppData\Local\Temp\cc078JfS.s:4517   .debug_str:0000000000004490 .LASF573
C:\Users\CYMR90~1\AppData\Local\Temp\cc078JfS.s:4063   .debug_str:0000000000002c8b .LASF575
C:\Users\CYMR90~1\AppData\Local\Temp\cc078JfS.s:4895   .debug_str:00000000000059a0 .LASF576
C:\Users\CYMR90~1\AppData\Local\Temp\cc078JfS.s:3231   .debug_str:00000000000000e9 .LASF577
C:\Users\CYMR90~1\AppData\Local\Temp\cc078JfS.s:4413   .debug_str:0000000000003e86 .LASF578
C:\Users\CYMR90~1\AppData\Local\Temp\cc078JfS.s:4315   .debug_str:00000000000038f7 .LASF579
C:\Users\CYMR90~1\AppData\Local\Temp\cc078JfS.s:3249   .debug_str:00000000000001c5 .LASF580
C:\Users\CYMR90~1\AppData\Local\Temp\cc078JfS.s:4929   .debug_str:0000000000005b76 .LASF581
C:\Users\CYMR90~1\AppData\Local\Temp\cc078JfS.s:3521   .debug_str:000000000000100b .LASF582
C:\Users\CYMR90~1\AppData\Local\Temp\cc078JfS.s:4769   .debug_str:00000000000052e1 .LASF583
C:\Users\CYMR90~1\AppData\Local\Temp\cc078JfS.s:3903   .debug_str:0000000000002414 .LASF584
C:\Users\CYMR90~1\AppData\Local\Temp\cc078JfS.s:4007   .debug_str:00000000000029f4 .LASF585
C:\Users\CYMR90~1\AppData\Local\Temp\cc078JfS.s:3779   .debug_str:0000000000001dfa .LASF586
C:\Users\CYMR90~1\AppData\Local\Temp\cc078JfS.s:3913   .debug_str:0000000000002483 .LASF587
C:\Users\CYMR90~1\AppData\Local\Temp\cc078JfS.s:3647   .debug_str:0000000000001705 .LASF588
C:\Users\CYMR90~1\AppData\Local\Temp\cc078JfS.s:4553   .debug_str:00000000000046a7 .LASF589
C:\Users\CYMR90~1\AppData\Local\Temp\cc078JfS.s:3405   .debug_str:00000000000009b1 .LASF590
C:\Users\CYMR90~1\AppData\Local\Temp\cc078JfS.s:4331   .debug_str:00000000000039ca .LASF591
C:\Users\CYMR90~1\AppData\Local\Temp\cc078JfS.s:3809   .debug_str:0000000000001f86 .LASF594
C:\Users\CYMR90~1\AppData\Local\Temp\cc078JfS.s:4615   .debug_str:0000000000004a03 .LASF595
C:\Users\CYMR90~1\AppData\Local\Temp\cc078JfS.s:4349   .debug_str:0000000000003a81 .LASF596
C:\Users\CYMR90~1\AppData\Local\Temp\cc078JfS.s:4167   .debug_str:0000000000003158 .LASF597
C:\Users\CYMR90~1\AppData\Local\Temp\cc078JfS.s:3795   .debug_str:0000000000001ed7 .LASF598
C:\Users\CYMR90~1\AppData\Local\Temp\cc078JfS.s:4501   .debug_str:0000000000004359 .LASF601
C:\Users\CYMR90~1\AppData\Local\Temp\cc078JfS.s:3445   .debug_str:0000000000000ba8 .LASF602
C:\Users\CYMR90~1\AppData\Local\Temp\cc078JfS.s:3329   .debug_str:000000000000060f .LASF603
C:\Users\CYMR90~1\AppData\Local\Temp\cc078JfS.s:3737   .debug_str:0000000000001bf8 .LASF604
C:\Users\CYMR90~1\AppData\Local\Temp\cc078JfS.s:3259   .debug_str:000000000000021e .LASF605
C:\Users\CYMR90~1\AppData\Local\Temp\cc078JfS.s:3667   .debug_str:000000000000181f .LASF606
C:\Users\CYMR90~1\AppData\Local\Temp\cc078JfS.s:3721   .debug_str:0000000000001b37 .LASF607
C:\Users\CYMR90~1\AppData\Local\Temp\cc078JfS.s:4507   .debug_str:0000000000004413 .LASF608
C:\Users\CYMR90~1\AppData\Local\Temp\cc078JfS.s:4867   .debug_str:000000000000582f .LASF609
C:\Users\CYMR90~1\AppData\Local\Temp\cc078JfS.s:3691   .debug_str:0000000000001966 .LASF610
C:\Users\CYMR90~1\AppData\Local\Temp\cc078JfS.s:4415   .debug_str:0000000000003ea1 .LASF611
C:\Users\CYMR90~1\AppData\Local\Temp\cc078JfS.s:4439   .debug_str:0000000000004028 .LASF612
C:\Users\CYMR90~1\AppData\Local\Temp\cc078JfS.s:3449   .debug_str:0000000000000c22 .LASF613
C:\Users\CYMR90~1\AppData\Local\Temp\cc078JfS.s:3943   .debug_str:0000000000002601 .LASF614
C:\Users\CYMR90~1\AppData\Local\Temp\cc078JfS.s:4969   .debug_str:0000000000005ea9 .LASF615
C:\Users\CYMR90~1\AppData\Local\Temp\cc078JfS.s:3983   .debug_str:0000000000002873 .LASF616
C:\Users\CYMR90~1\AppData\Local\Temp\cc078JfS.s:3679   .debug_str:0000000000001904 .LASF617
C:\Users\CYMR90~1\AppData\Local\Temp\cc078JfS.s:4909   .debug_str:0000000000005a7d .LASF618
C:\Users\CYMR90~1\AppData\Local\Temp\cc078JfS.s:3643   .debug_str:00000000000016e0 .LASF619
C:\Users\CYMR90~1\AppData\Local\Temp\cc078JfS.s:3621   .debug_str:00000000000015b6 .LASF620
C:\Users\CYMR90~1\AppData\Local\Temp\cc078JfS.s:4287   .debug_str:0000000000003798 .LASF621
C:\Users\CYMR90~1\AppData\Local\Temp\cc078JfS.s:4027   .debug_str:0000000000002ad5 .LASF622
C:\Users\CYMR90~1\AppData\Local\Temp\cc078JfS.s:4981   .debug_str:0000000000005fa1 .LASF623
C:\Users\CYMR90~1\AppData\Local\Temp\cc078JfS.s:4821   .debug_str:00000000000055e9 .LASF624
C:\Users\CYMR90~1\AppData\Local\Temp\cc078JfS.s:4505   .debug_str:00000000000043ff .LASF625
C:\Users\CYMR90~1\AppData\Local\Temp\cc078JfS.s:3849   .debug_str:000000000000218c .LASF626
C:\Users\CYMR90~1\AppData\Local\Temp\cc078JfS.s:4515   .debug_str:000000000000447d .LASF627
C:\Users\CYMR90~1\AppData\Local\Temp\cc078JfS.s:4357   .debug_str:0000000000003afc .LASF628
C:\Users\CYMR90~1\AppData\Local\Temp\cc078JfS.s:3355   .debug_str:0000000000000753 .LASF629
C:\Users\CYMR90~1\AppData\Local\Temp\cc078JfS.s:3817   .debug_str:0000000000001fe4 .LASF630
C:\Users\CYMR90~1\AppData\Local\Temp\cc078JfS.s:3867   .debug_str:0000000000002286 .LASF631
C:\Users\CYMR90~1\AppData\Local\Temp\cc078JfS.s:4489   .debug_str:00000000000042d8 .LASF632
C:\Users\CYMR90~1\AppData\Local\Temp\cc078JfS.s:4195   .debug_str:00000000000032c3 .LASF633
C:\Users\CYMR90~1\AppData\Local\Temp\cc078JfS.s:3347   .debug_str:00000000000006fe .LASF634
C:\Users\CYMR90~1\AppData\Local\Temp\cc078JfS.s:3657   .debug_str:0000000000001785 .LASF635
C:\Users\CYMR90~1\AppData\Local\Temp\cc078JfS.s:4203   .debug_str:0000000000003306 .LASF636
C:\Users\CYMR90~1\AppData\Local\Temp\cc078JfS.s:4551   .debug_str:0000000000004696 .LASF637
C:\Users\CYMR90~1\AppData\Local\Temp\cc078JfS.s:3323   .debug_str:00000000000005ac .LASF638
C:\Users\CYMR90~1\AppData\Local\Temp\cc078JfS.s:4447   .debug_str:00000000000040b8 .LASF639
C:\Users\CYMR90~1\AppData\Local\Temp\cc078JfS.s:4601   .debug_str:000000000000497b .LASF640
C:\Users\CYMR90~1\AppData\Local\Temp\cc078JfS.s:3373   .debug_str:000000000000086a .LASF641
C:\Users\CYMR90~1\AppData\Local\Temp\cc078JfS.s:3351   .debug_str:000000000000072a .LASF642
C:\Users\CYMR90~1\AppData\Local\Temp\cc078JfS.s:4175   .debug_str:0000000000003199 .LASF643
C:\Users\CYMR90~1\AppData\Local\Temp\cc078JfS.s:4875   .debug_str:0000000000005878 .LASF644
C:\Users\CYMR90~1\AppData\Local\Temp\cc078JfS.s:4319   .debug_str:000000000000394d .LASF645
C:\Users\CYMR90~1\AppData\Local\Temp\cc078JfS.s:4839   .debug_str:00000000000056c0 .LASF646
C:\Users\CYMR90~1\AppData\Local\Temp\cc078JfS.s:3237   .debug_str:000000000000012d .LASF647
C:\Users\CYMR90~1\AppData\Local\Temp\cc078JfS.s:4347   .debug_str:0000000000003a72 .LASF649
C:\Users\CYMR90~1\AppData\Local\Temp\cc078JfS.s:4667   .debug_str:0000000000004c8a .LASF650
C:\Users\CYMR90~1\AppData\Local\Temp\cc078JfS.s:4043   .debug_str:0000000000002bb2 .LASF651
C:\Users\CYMR90~1\AppData\Local\Temp\cc078JfS.s:4921   .debug_str:0000000000005b24 .LASF652
C:\Users\CYMR90~1\AppData\Local\Temp\cc078JfS.s:3741   .debug_str:0000000000001c24 .LASF653
C:\Users\CYMR90~1\AppData\Local\Temp\cc078JfS.s:4429   .debug_str:0000000000003f95 .LASF654
C:\Users\CYMR90~1\AppData\Local\Temp\cc078JfS.s:3255   .debug_str:00000000000001f3 .LASF655
C:\Users\CYMR90~1\AppData\Local\Temp\cc078JfS.s:3587   .debug_str:000000000000135d .LASF656
C:\Users\CYMR90~1\AppData\Local\Temp\cc078JfS.s:4715   .debug_str:0000000000004f94 .LASF657
C:\Users\CYMR90~1\AppData\Local\Temp\cc078JfS.s:3931   .debug_str:000000000000257b .LASF658
C:\Users\CYMR90~1\AppData\Local\Temp\cc078JfS.s:4723   .debug_str:0000000000004fe4 .LASF659
C:\Users\CYMR90~1\AppData\Local\Temp\cc078JfS.s:3733   .debug_str:0000000000001baf .LASF660
C:\Users\CYMR90~1\AppData\Local\Temp\cc078JfS.s:3215   .debug_str:000000000000002f .LASF661
C:\Users\CYMR90~1\AppData\Local\Temp\cc078JfS.s:4671   .debug_str:0000000000004ca2 .LASF663
C:\Users\CYMR90~1\AppData\Local\Temp\cc078JfS.s:4385   .debug_str:0000000000003cb9 .LASF664
C:\Users\CYMR90~1\AppData\Local\Temp\cc078JfS.s:4055   .debug_str:0000000000002c50 .LASF665
C:\Users\CYMR90~1\AppData\Local\Temp\cc078JfS.s:4889   .debug_str:0000000000005945 .LASF666
C:\Users\CYMR90~1\AppData\Local\Temp\cc078JfS.s:4741   .debug_str:000000000000512a .LASF667
C:\Users\CYMR90~1\AppData\Local\Temp\cc078JfS.s:4327   .debug_str:00000000000039a6 .LASF668
C:\Users\CYMR90~1\AppData\Local\Temp\cc078JfS.s:4073   .debug_str:0000000000002cf4 .LASF669
C:\Users\CYMR90~1\AppData\Local\Temp\cc078JfS.s:3465   .debug_str:0000000000000d5e .LASF670
C:\Users\CYMR90~1\AppData\Local\Temp\cc078JfS.s:4133   .debug_str:0000000000002fba .LASF671
C:\Users\CYMR90~1\AppData\Local\Temp\cc078JfS.s:4535   .debug_str:00000000000045fa .LASF672
C:\Users\CYMR90~1\AppData\Local\Temp\cc078JfS.s:3847   .debug_str:000000000000217d .LASF673
C:\Users\CYMR90~1\AppData\Local\Temp\cc078JfS.s:4959   .debug_str:0000000000005e0d .LASF674
C:\Users\CYMR90~1\AppData\Local\Temp\cc078JfS.s:4519   .debug_str:00000000000044a5 .LASF675
C:\Users\CYMR90~1\AppData\Local\Temp\cc078JfS.s:4345   .debug_str:0000000000003a66 .LASF676
C:\Users\CYMR90~1\AppData\Local\Temp\cc078JfS.s:3387   .debug_str:00000000000008f8 .LASF677
C:\Users\CYMR90~1\AppData\Local\Temp\cc078JfS.s:4555   .debug_str:00000000000046c1 .LASF678
C:\Users\CYMR90~1\AppData\Local\Temp\cc078JfS.s:4265   .debug_str:000000000000369a .LASF679
C:\Users\CYMR90~1\AppData\Local\Temp\cc078JfS.s:4225   .debug_str:0000000000003476 .LASF680
C:\Users\CYMR90~1\AppData\Local\Temp\cc078JfS.s:4831   .debug_str:0000000000005678 .LASF681
C:\Users\CYMR90~1\AppData\Local\Temp\cc078JfS.s:3363   .debug_str:00000000000007dd .LASF682
C:\Users\CYMR90~1\AppData\Local\Temp\cc078JfS.s:3427   .debug_str:0000000000000aec .LASF683
C:\Users\CYMR90~1\AppData\Local\Temp\cc078JfS.s:3879   .debug_str:0000000000002307 .LASF684
C:\Users\CYMR90~1\AppData\Local\Temp\cc078JfS.s:3997   .debug_str:0000000000002943 .LASF685
C:\Users\CYMR90~1\AppData\Local\Temp\cc078JfS.s:4603   .debug_str:000000000000498e .LASF686
C:\Users\CYMR90~1\AppData\Local\Temp\cc078JfS.s:3851   .debug_str:00000000000021a1 .LASF687
C:\Users\CYMR90~1\AppData\Local\Temp\cc078JfS.s:4097   .debug_str:0000000000002e4c .LASF688
C:\Users\CYMR90~1\AppData\Local\Temp\cc078JfS.s:3777   .debug_str:0000000000001df0 .LASF689
C:\Users\CYMR90~1\AppData\Local\Temp\cc078JfS.s:3951   .debug_str:00000000000026a7 .LASF690
C:\Users\CYMR90~1\AppData\Local\Temp\cc078JfS.s:3689   .debug_str:000000000000195f .LASF691
C:\Users\CYMR90~1\AppData\Local\Temp\cc078JfS.s:4903   .debug_str:0000000000005a3d .LASF692
C:\Users\CYMR90~1\AppData\Local\Temp\cc078JfS.s:3473   .debug_str:0000000000000dab .LASF693
C:\Users\CYMR90~1\AppData\Local\Temp\cc078JfS.s:3729   .debug_str:0000000000001b8f .LASF694
C:\Users\CYMR90~1\AppData\Local\Temp\cc078JfS.s:3251   .debug_str:00000000000001d5 .LASF695
C:\Users\CYMR90~1\AppData\Local\Temp\cc078JfS.s:3545   .debug_str:000000000000113f .LASF696
C:\Users\CYMR90~1\AppData\Local\Temp\cc078JfS.s:4137   .debug_str:0000000000002fd7 .LASF697
C:\Users\CYMR90~1\AppData\Local\Temp\cc078JfS.s:3401   .debug_str:000000000000098d .LASF698
C:\Users\CYMR90~1\AppData\Local\Temp\cc078JfS.s:3417   .debug_str:0000000000000a3d .LASF699
C:\Users\CYMR90~1\AppData\Local\Temp\cc078JfS.s:4763   .debug_str:0000000000005295 .LASF700
C:\Users\CYMR90~1\AppData\Local\Temp\cc078JfS.s:3859   .debug_str:000000000000220d .LASF701
C:\Users\CYMR90~1\AppData\Local\Temp\cc078JfS.s:3827   .debug_str:000000000000205b .LASF702
C:\Users\CYMR90~1\AppData\Local\Temp\cc078JfS.s:4095   .debug_str:0000000000002e3e .LASF703
C:\Users\CYMR90~1\AppData\Local\Temp\cc078JfS.s:4811   .debug_str:0000000000005555 .LASF704
C:\Users\CYMR90~1\AppData\Local\Temp\cc078JfS.s:4953   .debug_str:0000000000005dc1 .LASF705
C:\Users\CYMR90~1\AppData\Local\Temp\cc078JfS.s:4859   .debug_str:00000000000057e2 .LASF706
C:\Users\CYMR90~1\AppData\Local\Temp\cc078JfS.s:3439   .debug_str:0000000000000b68 .LASF707
C:\Users\CYMR90~1\AppData\Local\Temp\cc078JfS.s:3727   .debug_str:0000000000001b81 .LASF708
C:\Users\CYMR90~1\AppData\Local\Temp\cc078JfS.s:3567   .debug_str:0000000000001235 .LASF709
C:\Users\CYMR90~1\AppData\Local\Temp\cc078JfS.s:3307   .debug_str:00000000000004f0 .LASF710
C:\Users\CYMR90~1\AppData\Local\Temp\cc078JfS.s:3653   .debug_str:0000000000001750 .LASF711
C:\Users\CYMR90~1\AppData\Local\Temp\cc078JfS.s:4453   .debug_str:00000000000040f2 .LASF712
C:\Users\CYMR90~1\AppData\Local\Temp\cc078JfS.s:4091   .debug_str:0000000000002e1d .LASF713
C:\Users\CYMR90~1\AppData\Local\Temp\cc078JfS.s:4727   .debug_str:000000000000502c .LASF714
C:\Users\CYMR90~1\AppData\Local\Temp\cc078JfS.s:4863   .debug_str:0000000000005806 .LASF715
C:\Users\CYMR90~1\AppData\Local\Temp\cc078JfS.s:3321   .debug_str:0000000000000599 .LASF716
C:\Users\CYMR90~1\AppData\Local\Temp\cc078JfS.s:3869   .debug_str:000000000000229c .LASF717
C:\Users\CYMR90~1\AppData\Local\Temp\cc078JfS.s:4563   .debug_str:0000000000004713 .LASF718
C:\Users\CYMR90~1\AppData\Local\Temp\cc078JfS.s:3709   .debug_str:0000000000001a8f .LASF719
C:\Users\CYMR90~1\AppData\Local\Temp\cc078JfS.s:3833   .debug_str:00000000000020ab .LASF720
C:\Users\CYMR90~1\AppData\Local\Temp\cc078JfS.s:3225   .debug_str:000000000000009d .LASF721
C:\Users\CYMR90~1\AppData\Local\Temp\cc078JfS.s:3483   .debug_str:0000000000000e3c .LASF722
C:\Users\CYMR90~1\AppData\Local\Temp\cc078JfS.s:4803   .debug_str:00000000000054cb .LASF723
C:\Users\CYMR90~1\AppData\Local\Temp\cc078JfS.s:3661   .debug_str:00000000000017aa .LASF724
C:\Users\CYMR90~1\AppData\Local\Temp\cc078JfS.s:4267   .debug_str:00000000000036a8 .LASF725
C:\Users\CYMR90~1\AppData\Local\Temp\cc078JfS.s:4663   .debug_str:0000000000004c72 .LASF726
C:\Users\CYMR90~1\AppData\Local\Temp\cc078JfS.s:4559   .debug_str:00000000000046e7 .LASF727
C:\Users\CYMR90~1\AppData\Local\Temp\cc078JfS.s:4467   .debug_str:00000000000041a8 .LASF728
C:\Users\CYMR90~1\AppData\Local\Temp\cc078JfS.s:4089   .debug_str:0000000000002e06 .LASF729
C:\Users\CYMR90~1\AppData\Local\Temp\cc078JfS.s:3441   .debug_str:0000000000000b78 .LASF730
C:\Users\CYMR90~1\AppData\Local\Temp\cc078JfS.s:3213   .debug_str:0000000000000017 .LASF731
C:\Users\CYMR90~1\AppData\Local\Temp\cc078JfS.s:3275   .debug_str:00000000000002fa .LASF732
C:\Users\CYMR90~1\AppData\Local\Temp\cc078JfS.s:3715   .debug_str:0000000000001ae5 .LASF733
C:\Users\CYMR90~1\AppData\Local\Temp\cc078JfS.s:4961   .debug_str:0000000000005e20 .LASF734
C:\Users\CYMR90~1\AppData\Local\Temp\cc078JfS.s:3563   .debug_str:0000000000001211 .LASF735
C:\Users\CYMR90~1\AppData\Local\Temp\cc078JfS.s:3493   .debug_str:0000000000000ec6 .LASF736
C:\Users\CYMR90~1\AppData\Local\Temp\cc078JfS.s:3923   .debug_str:000000000000250f .LASF737
C:\Users\CYMR90~1\AppData\Local\Temp\cc078JfS.s:4531   .debug_str:00000000000045ca .LASF738
C:\Users\CYMR90~1\AppData\Local\Temp\cc078JfS.s:4865   .debug_str:0000000000005819 .LASF739
C:\Users\CYMR90~1\AppData\Local\Temp\cc078JfS.s:4851   .debug_str:0000000000005768 .LASF740
C:\Users\CYMR90~1\AppData\Local\Temp\cc078JfS.s:3821   .debug_str:0000000000002006 .LASF741
C:\Users\CYMR90~1\AppData\Local\Temp\cc078JfS.s:3375   .debug_str:000000000000087c .LASF742
C:\Users\CYMR90~1\AppData\Local\Temp\cc078JfS.s:4613   .debug_str:00000000000049ef .LASF743
C:\Users\CYMR90~1\AppData\Local\Temp\cc078JfS.s:3561   .debug_str:0000000000001202 .LASF744
C:\Users\CYMR90~1\AppData\Local\Temp\cc078JfS.s:4227   .debug_str:0000000000003489 .LASF745
C:\Users\CYMR90~1\AppData\Local\Temp\cc078JfS.s:4183   .debug_str:000000000000322b .LASF746
C:\Users\CYMR90~1\AppData\Local\Temp\cc078JfS.s:3693   .debug_str:0000000000001999 .LASF747
C:\Users\CYMR90~1\AppData\Local\Temp\cc078JfS.s:3761   .debug_str:0000000000001d31 .LASF748
C:\Users\CYMR90~1\AppData\Local\Temp\cc078JfS.s:3349   .debug_str:000000000000070f .LASF749
C:\Users\CYMR90~1\AppData\Local\Temp\cc078JfS.s:4213   .debug_str:00000000000033a4 .LASF750
C:\Users\CYMR90~1\AppData\Local\Temp\cc078JfS.s:4483   .debug_str:0000000000004251 .LASF751
C:\Users\CYMR90~1\AppData\Local\Temp\cc078JfS.s:4915   .debug_str:0000000000005ac1 .LASF752
C:\Users\CYMR90~1\AppData\Local\Temp\cc078JfS.s:4393   .debug_str:0000000000003d2d .LASF753
C:\Users\CYMR90~1\AppData\Local\Temp\cc078JfS.s:4303   .debug_str:0000000000003873 .LASF754
C:\Users\CYMR90~1\AppData\Local\Temp\cc078JfS.s:4191   .debug_str:0000000000003296 .LASF755
C:\Users\CYMR90~1\AppData\Local\Temp\cc078JfS.s:3559   .debug_str:00000000000011de .LASF756
C:\Users\CYMR90~1\AppData\Local\Temp\cc078JfS.s:3989   .debug_str:00000000000028dc .LASF757
C:\Users\CYMR90~1\AppData\Local\Temp\cc078JfS.s:4691   .debug_str:0000000000004e0a .LASF758
C:\Users\CYMR90~1\AppData\Local\Temp\cc078JfS.s:3453   .debug_str:0000000000000c89 .LASF759
C:\Users\CYMR90~1\AppData\Local\Temp\cc078JfS.s:4523   .debug_str:0000000000004504 .LASF760
C:\Users\CYMR90~1\AppData\Local\Temp\cc078JfS.s:4017   .debug_str:0000000000002a6b .LASF761
C:\Users\CYMR90~1\AppData\Local\Temp\cc078JfS.s:4369   .debug_str:0000000000003b9d .LASF762
C:\Users\CYMR90~1\AppData\Local\Temp\cc078JfS.s:4241   .debug_str:0000000000003564 .LASF763
C:\Users\CYMR90~1\AppData\Local\Temp\cc078JfS.s:4185   .debug_str:0000000000003248 .LASF764
C:\Users\CYMR90~1\AppData\Local\Temp\cc078JfS.s:4211   .debug_str:000000000000338c .LASF765
C:\Users\CYMR90~1\AppData\Local\Temp\cc078JfS.s:4545   .debug_str:0000000000004657 .LASF766
C:\Users\CYMR90~1\AppData\Local\Temp\cc078JfS.s:3791   .debug_str:0000000000001eaf .LASF767
C:\Users\CYMR90~1\AppData\Local\Temp\cc078JfS.s:4253   .debug_str:0000000000003603 .LASF768
C:\Users\CYMR90~1\AppData\Local\Temp\cc078JfS.s:4719   .debug_str:0000000000004fc5 .LASF769
C:\Users\CYMR90~1\AppData\Local\Temp\cc078JfS.s:4103   .debug_str:0000000000002e6f .LASF770
C:\Users\CYMR90~1\AppData\Local\Temp\cc078JfS.s:3645   .debug_str:00000000000016f5 .LASF771
C:\Users\CYMR90~1\AppData\Local\Temp\cc078JfS.s:4031   .debug_str:0000000000002aff .LASF772
C:\Users\CYMR90~1\AppData\Local\Temp\cc078JfS.s:3597   .debug_str:0000000000001419 .LASF773
C:\Users\CYMR90~1\AppData\Local\Temp\cc078JfS.s:3699   .debug_str:00000000000019f6 .LASF774
C:\Users\CYMR90~1\AppData\Local\Temp\cc078JfS.s:3711   .debug_str:0000000000001aa4 .LASF775
C:\Users\CYMR90~1\AppData\Local\Temp\cc078JfS.s:4155   .debug_str:00000000000030df .LASF776
C:\Users\CYMR90~1\AppData\Local\Temp\cc078JfS.s:4243   .debug_str:0000000000003579 .LASF777
C:\Users\CYMR90~1\AppData\Local\Temp\cc078JfS.s:4111   .debug_str:0000000000002ec2 .LASF778
C:\Users\CYMR90~1\AppData\Local\Temp\cc078JfS.s:4001   .debug_str:00000000000029a8 .LASF779
C:\Users\CYMR90~1\AppData\Local\Temp\cc078JfS.s:4161   .debug_str:0000000000003113 .LASF780
C:\Users\CYMR90~1\AppData\Local\Temp\cc078JfS.s:4163   .debug_str:000000000000312a .LASF781
C:\Users\CYMR90~1\AppData\Local\Temp\cc078JfS.s:4397   .debug_str:0000000000003d68 .LASF782
C:\Users\CYMR90~1\AppData\Local\Temp\cc078JfS.s:4547   .debug_str:0000000000004666 .LASF783
C:\Users\CYMR90~1\AppData\Local\Temp\cc078JfS.s:4543   .debug_str:0000000000004639 .LASF784
C:\Users\CYMR90~1\AppData\Local\Temp\cc078JfS.s:4627   .debug_str:0000000000004ab7 .LASF785
C:\Users\CYMR90~1\AppData\Local\Temp\cc078JfS.s:4685   .debug_str:0000000000004d8e .LASF786
C:\Users\CYMR90~1\AppData\Local\Temp\cc078JfS.s:3229   .debug_str:00000000000000cf .LASF787
C:\Users\CYMR90~1\AppData\Local\Temp\cc078JfS.s:3797   .debug_str:0000000000001ee9 .LASF788
C:\Users\CYMR90~1\AppData\Local\Temp\cc078JfS.s:4573   .debug_str:00000000000047cd .LASF789
C:\Users\CYMR90~1\AppData\Local\Temp\cc078JfS.s:4597   .debug_str:0000000000004929 .LASF790
C:\Users\CYMR90~1\AppData\Local\Temp\cc078JfS.s:3785   .debug_str:0000000000001e75 .LASF791
C:\Users\CYMR90~1\AppData\Local\Temp\cc078JfS.s:4579   .debug_str:000000000000480f .LASF792
C:\Users\CYMR90~1\AppData\Local\Temp\cc078JfS.s:4281   .debug_str:000000000000375e .LASF793
C:\Users\CYMR90~1\AppData\Local\Temp\cc078JfS.s:3267   .debug_str:00000000000002a3 .LASF794
C:\Users\CYMR90~1\AppData\Local\Temp\cc078JfS.s:3271   .debug_str:00000000000002d5 .LASF795
C:\Users\CYMR90~1\AppData\Local\Temp\cc078JfS.s:4893   .debug_str:000000000000597a .LASF796
C:\Users\CYMR90~1\AppData\Local\Temp\cc078JfS.s:4891   .debug_str:0000000000005952 .LASF797
C:\Users\CYMR90~1\AppData\Local\Temp\cc078JfS.s:3995   .debug_str:000000000000292c .LASF798
C:\Users\CYMR90~1\AppData\Local\Temp\cc078JfS.s:4437   .debug_str:0000000000004000 .LASF799
C:\Users\CYMR90~1\AppData\Local\Temp\cc078JfS.s:3723   .debug_str:0000000000001b48 .LASF800
C:\Users\CYMR90~1\AppData\Local\Temp\cc078JfS.s:3839   .debug_str:00000000000020ed .LASF801
C:\Users\CYMR90~1\AppData\Local\Temp\cc078JfS.s:3263   .debug_str:000000000000023e .LASF802
C:\Users\CYMR90~1\AppData\Local\Temp\cc078JfS.s:4407   .debug_str:0000000000003e0c .LASF803
C:\Users\CYMR90~1\AppData\Local\Temp\cc078JfS.s:4939   .debug_str:0000000000005beb .LASF804
C:\Users\CYMR90~1\AppData\Local\Temp\cc078JfS.s:3581   .debug_str:00000000000012dc .LASF805
C:\Users\CYMR90~1\AppData\Local\Temp\cc078JfS.s:4647   .debug_str:0000000000004b80 .LASF806
C:\Users\CYMR90~1\AppData\Local\Temp\cc078JfS.s:4541   .debug_str:0000000000004626 .LASF807
C:\Users\CYMR90~1\AppData\Local\Temp\cc078JfS.s:4911   .debug_str:0000000000005a92 .LASF808
C:\Users\CYMR90~1\AppData\Local\Temp\cc078JfS.s:4577   .debug_str:00000000000047fb .LASF809
C:\Users\CYMR90~1\AppData\Local\Temp\cc078JfS.s:4707   .debug_str:0000000000004ef6 .LASF810
C:\Users\CYMR90~1\AppData\Local\Temp\cc078JfS.s:3743   .debug_str:0000000000001c3c .LASF811
C:\Users\CYMR90~1\AppData\Local\Temp\cc078JfS.s:4351   .debug_str:0000000000003a93 .LASF812
C:\Users\CYMR90~1\AppData\Local\Temp\cc078JfS.s:4109   .debug_str:0000000000002ea3 .LASF813
C:\Users\CYMR90~1\AppData\Local\Temp\cc078JfS.s:4159   .debug_str:0000000000003101 .LASF814
C:\Users\CYMR90~1\AppData\Local\Temp\cc078JfS.s:4619   .debug_str:0000000000004a60 .LASF815
C:\Users\CYMR90~1\AppData\Local\Temp\cc078JfS.s:4641   .debug_str:0000000000004b48 .LASF816
C:\Users\CYMR90~1\AppData\Local\Temp\cc078JfS.s:3865   .debug_str:0000000000002270 .LASF817
C:\Users\CYMR90~1\AppData\Local\Temp\cc078JfS.s:4873   .debug_str:0000000000005864 .LASF818
C:\Users\CYMR90~1\AppData\Local\Temp\cc078JfS.s:3735   .debug_str:0000000000001be7 .LASF819
C:\Users\CYMR90~1\AppData\Local\Temp\cc078JfS.s:3893   .debug_str:00000000000023a3 .LASF820
C:\Users\CYMR90~1\AppData\Local\Temp\cc078JfS.s:3281   .debug_str:0000000000000343 .LASF821
C:\Users\CYMR90~1\AppData\Local\Temp\cc078JfS.s:4571   .debug_str:00000000000047ba .LASF822
C:\Users\CYMR90~1\AppData\Local\Temp\cc078JfS.s:4301   .debug_str:000000000000385f .LASF823
C:\Users\CYMR90~1\AppData\Local\Temp\cc078JfS.s:4539   .debug_str:0000000000004618 .LASF824
C:\Users\CYMR90~1\AppData\Local\Temp\cc078JfS.s:4033   .debug_str:0000000000002b16 .LASF825
C:\Users\CYMR90~1\AppData\Local\Temp\cc078JfS.s:3739   .debug_str:0000000000001c0b .LASF826
C:\Users\CYMR90~1\AppData\Local\Temp\cc078JfS.s:4433   .debug_str:0000000000003fcd .LASF827
C:\Users\CYMR90~1\AppData\Local\Temp\cc078JfS.s:3977   .debug_str:000000000000282a .LASF828
C:\Users\CYMR90~1\AppData\Local\Temp\cc078JfS.s:3659   .debug_str:0000000000001796 .LASF829
C:\Users\CYMR90~1\AppData\Local\Temp\cc078JfS.s:3615   .debug_str:0000000000001547 .LASF830
C:\Users\CYMR90~1\AppData\Local\Temp\cc078JfS.s:3975   .debug_str:000000000000281c .LASF831
C:\Users\CYMR90~1\AppData\Local\Temp\cc078JfS.s:3683   .debug_str:0000000000001927 .LASF832
C:\Users\CYMR90~1\AppData\Local\Temp\cc078JfS.s:4045   .debug_str:0000000000002bbf .LASF833
C:\Users\CYMR90~1\AppData\Local\Temp\cc078JfS.s:4119   .debug_str:0000000000002f0b .LASF834
C:\Users\CYMR90~1\AppData\Local\Temp\cc078JfS.s:4121   .debug_str:0000000000002f2e .LASF835
C:\Users\CYMR90~1\AppData\Local\Temp\cc078JfS.s:3815   .debug_str:0000000000001fc9 .LASF836
C:\Users\CYMR90~1\AppData\Local\Temp\cc078JfS.s:4885   .debug_str:0000000000005916 .LASF837
C:\Users\CYMR90~1\AppData\Local\Temp\cc078JfS.s:4127   .debug_str:0000000000002f74 .LASF838
C:\Users\CYMR90~1\AppData\Local\Temp\cc078JfS.s:3677   .debug_str:00000000000018e9 .LASF839
C:\Users\CYMR90~1\AppData\Local\Temp\cc078JfS.s:4931   .debug_str:0000000000005b93 .LASF840
C:\Users\CYMR90~1\AppData\Local\Temp\cc078JfS.s:3359   .debug_str:00000000000007a2 .LASF841
C:\Users\CYMR90~1\AppData\Local\Temp\cc078JfS.s:4919   .debug_str:0000000000005b0a .LASF842
C:\Users\CYMR90~1\AppData\Local\Temp\cc078JfS.s:3771   .debug_str:0000000000001da1 .LASF843
C:\Users\CYMR90~1\AppData\Local\Temp\cc078JfS.s:3399   .debug_str:000000000000096f .LASF844
C:\Users\CYMR90~1\AppData\Local\Temp\cc078JfS.s:4949   .debug_str:0000000000005d94 .LASF845
C:\Users\CYMR90~1\AppData\Local\Temp\cc078JfS.s:3413   .debug_str:0000000000000a0d .LASF846
C:\Users\CYMR90~1\AppData\Local\Temp\cc078JfS.s:3655   .debug_str:0000000000001767 .LASF847
C:\Users\CYMR90~1\AppData\Local\Temp\cc078JfS.s:4069   .debug_str:0000000000002cc8 .LASF848
C:\Users\CYMR90~1\AppData\Local\Temp\cc078JfS.s:3343   .debug_str:00000000000006cb .LASF849
C:\Users\CYMR90~1\AppData\Local\Temp\cc078JfS.s:4339   .debug_str:0000000000003a25 .LASF850
C:\Users\CYMR90~1\AppData\Local\Temp\cc078JfS.s:4785   .debug_str:00000000000053d7 .LASF851
C:\Users\CYMR90~1\AppData\Local\Temp\cc078JfS.s:4621   .debug_str:0000000000004a76 .LASF852
C:\Users\CYMR90~1\AppData\Local\Temp\cc078JfS.s:4837   .debug_str:00000000000056b0 .LASF853
C:\Users\CYMR90~1\AppData\Local\Temp\cc078JfS.s:4935   .debug_str:0000000000005bcc .LASF854
C:\Users\CYMR90~1\AppData\Local\Temp\cc078JfS.s:3319   .debug_str:000000000000058a .LASF855
C:\Users\CYMR90~1\AppData\Local\Temp\cc078JfS.s:3745   .debug_str:0000000000001c4f .LASF856
C:\Users\CYMR90~1\AppData\Local\Temp\cc078JfS.s:4795   .debug_str:0000000000005439 .LASF857
C:\Users\CYMR90~1\AppData\Local\Temp\cc078JfS.s:3837   .debug_str:00000000000020d6 .LASF858
C:\Users\CYMR90~1\AppData\Local\Temp\cc078JfS.s:3309   .debug_str:000000000000050b .LASF859
C:\Users\CYMR90~1\AppData\Local\Temp\cc078JfS.s:3273   .debug_str:00000000000002eb .LASF860
C:\Users\CYMR90~1\AppData\Local\Temp\cc078JfS.s:3297   .debug_str:0000000000000463 .LASF861
C:\Users\CYMR90~1\AppData\Local\Temp\cc078JfS.s:3877   .debug_str:00000000000022f8 .LASF862
C:\Users\CYMR90~1\AppData\Local\Temp\cc078JfS.s:4093   .debug_str:0000000000002e2f .LASF863
C:\Users\CYMR90~1\AppData\Local\Temp\cc078JfS.s:4355   .debug_str:0000000000003ae8 .LASF864
C:\Users\CYMR90~1\AppData\Local\Temp\cc078JfS.s:4827   .debug_str:0000000000005655 .LASF865
C:\Users\CYMR90~1\AppData\Local\Temp\cc078JfS.s:4305   .debug_str:000000000000388b .LASF866
C:\Users\CYMR90~1\AppData\Local\Temp\cc078JfS.s:3673   .debug_str:0000000000001894 .LASF867
C:\Users\CYMR90~1\AppData\Local\Temp\cc078JfS.s:4341   .debug_str:0000000000003a43 .LASF868
C:\Users\CYMR90~1\AppData\Local\Temp\cc078JfS.s:4963   .debug_str:0000000000005e37 .LASF869
C:\Users\CYMR90~1\AppData\Local\Temp\cc078JfS.s:4629   .debug_str:0000000000004ac7 .LASF870
C:\Users\CYMR90~1\AppData\Local\Temp\cc078JfS.s:3353   .debug_str:000000000000073d .LASF871
C:\Users\CYMR90~1\AppData\Local\Temp\cc078JfS.s:3875   .debug_str:00000000000022dc .LASF872
                           .group:0000000000000000 wm4.0.10abbef32179bc1260444192115bdf5e
                           .group:0000000000000000 wm4._newlib_version.h.4.bfdf54b0af045d4a71376ae00f63a22c
                           .group:0000000000000000 wm4.newlib.h.18.08a2ecba46890ca2aa56bbe21686e6c3
                           .group:0000000000000000 wm4.ieeefp.h.202.4f2759f5758fd82153cfbf98692f2ced
                           .group:0000000000000000 wm4.features.h.22.fad1cec3bc7ff06488171438dbdcfd02
                           .group:0000000000000000 wm4.config.h.83.13bbc8852bfac55b724c9822481355b5
                           .group:0000000000000000 wm4._ansi.h.31.de524f58584151836e90d8620a16f8e8
                           .group:0000000000000000 wm4.unistd.h.9.2709ac388e61c5728907bf928c890ff7
                           .group:0000000000000000 wm4._default_types.h.6.959254cf5f09734ea7516c89e8bb21bd
                           .group:0000000000000000 wm4.stddef.h.131.4bcd5f6706d47fddd8bd0b3f4021f06e
                           .group:0000000000000000 wm4.cdefs.h.49.39045112216f6a021dbdffe3bf5accce
                           .group:0000000000000000 wm4.types.h.40.8b6acba56cefbb11746718204edc8f5e
                           .group:0000000000000000 wm4._types.h.20.dd0d04dca3800a0d2a6129b87f3adbb2
                           .group:0000000000000000 wm4.stddef.h.231.86faa330df73984d632afa8bd5898c3d
                           .group:0000000000000000 wm4._types.h.127.34941de1b2539d59d5cac00e0dd27a45
                           .group:0000000000000000 wm4._stdint.h.10.c24fa3af3bc1706662bb5593a907e841
                           .group:0000000000000000 wm4._endian.h.18.1bf9649e8e5bbc91042012680270b9ed
                           .group:0000000000000000 wm4.endian.h.9.49f3a4695c1b61e8a0808de3c4a106cb
                           .group:0000000000000000 wm4._timeval.h.32.bec3221fa7a9bb0bdde696c9c57e47d2
                           .group:0000000000000000 wm4.timespec.h.41.d855182eb0e690443ab8651bcedca6e1
                           .group:0000000000000000 wm4.select.h.19.40cd3f2bfc456b193b790c2754690ebf
                           .group:0000000000000000 wm4.types.h.51.5571ec98f267d17d3c670b7a3ba33afa
                           .group:0000000000000000 wm4.sched.h.22.c60982713a5c428609783c78f9c78d95
                           .group:0000000000000000 wm4._pthreadtypes.h.36.fcee9961c35163dde6267ef772ad1972
                           .group:0000000000000000 wm4.stddef.h.39.1fe24fa67d478b0e69be52d6872b379d
                           .group:0000000000000000 wm4.unistd.h.170.da6e816043042c61475c2b1f58468b37

NO UNDEFINED SYMBOLS
