   1              		.file	"sbrk.c"
   2              		.option nopic
   3              		.attribute arch, "rv32i2p0_m2p0_a2p0_c2p0"
   4              		.attribute unaligned_access, 0
   5              		.attribute stack_align, 16
   6              		.text
   7              	.Ltext0:
   8              		.cfi_sections	.debug_frame
   9              		.section	.sdata.curbrk.0,"aw"
  10              		.align	2
  13              	curbrk.0:
  14 0000 00000000 		.word	_end
  15              		.section	.text._sbrk,"ax",@progbits
  16              		.align	1
  17              		.globl	_sbrk
  19              	_sbrk:
  20              	.LFB0:
  21              		.file 1 "../Firmware/RISCV/stubs/sbrk.c"
   1:../Firmware/RISCV/stubs/sbrk.c **** /* See LICENSE of license details. */
   2:../Firmware/RISCV/stubs/sbrk.c **** 
   3:../Firmware/RISCV/stubs/sbrk.c **** #include <stddef.h>
   4:../Firmware/RISCV/stubs/sbrk.c **** 
   5:../Firmware/RISCV/stubs/sbrk.c **** void *_sbrk(ptrdiff_t incr)
   6:../Firmware/RISCV/stubs/sbrk.c **** {
  22              		.loc 1 6 1
  23              		.cfi_startproc
  24 0000 0111     		addi	sp,sp,-32
  25              		.cfi_def_cfa_offset 32
  26 0002 22CE     		sw	s0,28(sp)
  27              		.cfi_offset 8, -4
  28 0004 0010     		addi	s0,sp,32
  29              		.cfi_def_cfa 8, 0
  30 0006 2326A4FE 		sw	a0,-20(s0)
   7:../Firmware/RISCV/stubs/sbrk.c ****   extern char _end[];
   8:../Firmware/RISCV/stubs/sbrk.c ****   extern char _heap_end[];
   9:../Firmware/RISCV/stubs/sbrk.c ****   static char *curbrk = _end;
  10:../Firmware/RISCV/stubs/sbrk.c **** 
  11:../Firmware/RISCV/stubs/sbrk.c ****   if ((curbrk + incr < _end) || (curbrk + incr > _heap_end))
  31              		.loc 1 11 15
  32 000a 97070000 		lla	a5,curbrk.0
  32      93870700 
  33 0012 9843     		lw	a4,0(a5)
  34 0014 8327C4FE 		lw	a5,-20(s0)
  35 0018 3E97     		add	a4,a4,a5
  36              		.loc 1 11 6
  37 001a 97070000 		lla	a5,_end
  37      93870700 
  38 0022 6360F702 		bltu	a4,a5,.L2
  39              		.loc 1 11 41 discriminator 1
  40 0026 97070000 		lla	a5,curbrk.0
  40      93870700 
  41 002e 9843     		lw	a4,0(a5)
  42 0030 8327C4FE 		lw	a5,-20(s0)
  43 0034 3E97     		add	a4,a4,a5
  44              		.loc 1 11 30 discriminator 1
  45 0036 97070000 		lla	a5,_heap_end
  45      93870700 
  46 003e 63F4E700 		bleu	a4,a5,.L3
  47              	.L2:
  12:../Firmware/RISCV/stubs/sbrk.c ****     return NULL - 1;
  48              		.loc 1 12 17
  49 0042 FD57     		li	a5,-1
  50 0044 05A8     		j	.L4
  51              	.L3:
  13:../Firmware/RISCV/stubs/sbrk.c **** 
  14:../Firmware/RISCV/stubs/sbrk.c ****   curbrk += incr;
  52              		.loc 1 14 10
  53 0046 97070000 		lla	a5,curbrk.0
  53      93870700 
  54 004e 9843     		lw	a4,0(a5)
  55 0050 8327C4FE 		lw	a5,-20(s0)
  56 0054 3E97     		add	a4,a4,a5
  57 0056 97070000 		lla	a5,curbrk.0
  57      93870700 
  58 005e 98C3     		sw	a4,0(a5)
  15:../Firmware/RISCV/stubs/sbrk.c ****   return curbrk - incr;
  59              		.loc 1 15 17
  60 0060 97070000 		lla	a5,curbrk.0
  60      93870700 
  61 0068 9843     		lw	a4,0(a5)
  62 006a 8327C4FE 		lw	a5,-20(s0)
  63 006e B307F040 		neg	a5,a5
  64 0072 BA97     		add	a5,a4,a5
  65              	.L4:
  16:../Firmware/RISCV/stubs/sbrk.c **** }...
  66              		.loc 1 16 1
  67 0074 3E85     		mv	a0,a5
  68 0076 7244     		lw	s0,28(sp)
  69              		.cfi_restore 8
  70              		.cfi_def_cfa 2, 32
  71 0078 0561     		addi	sp,sp,32
  72              		.cfi_def_cfa_offset 0
  73 007a 8280     		jr	ra
  74              		.cfi_endproc
  75              	.LFE0:
  77              		.text
  78              	.Letext0:
  79              		.file 2 "e:\\gd32\\gd32embeddedbuilder_v1.5.2.30854\\tools\\nuclei_riscv_newlibc_prebuilt_win32_20
DEFINED SYMBOLS
                            *ABS*:0000000000000000 sbrk.c
C:\Users\CYMR90~1\AppData\Local\Temp\cc8F39OY.s:13     .sdata.curbrk.0:0000000000000000 curbrk.0
C:\Users\CYMR90~1\AppData\Local\Temp\cc8F39OY.s:19     .text._sbrk:0000000000000000 _sbrk
C:\Users\CYMR90~1\AppData\Local\Temp\cc8F39OY.s:23     .text._sbrk:0000000000000000 .L0 
C:\Users\CYMR90~1\AppData\Local\Temp\cc8F39OY.s:24     .text._sbrk:0000000000000000 .L0 
C:\Users\CYMR90~1\AppData\Local\Temp\cc8F39OY.s:25     .text._sbrk:0000000000000002 .L0 
C:\Users\CYMR90~1\AppData\Local\Temp\cc8F39OY.s:27     .text._sbrk:0000000000000004 .L0 
C:\Users\CYMR90~1\AppData\Local\Temp\cc8F39OY.s:29     .text._sbrk:0000000000000006 .L0 
C:\Users\CYMR90~1\AppData\Local\Temp\cc8F39OY.s:32     .text._sbrk:000000000000000a .L0 
C:\Users\CYMR90~1\AppData\Local\Temp\cc8F39OY.s:37     .text._sbrk:000000000000001a .L0 
C:\Users\CYMR90~1\AppData\Local\Temp\cc8F39OY.s:40     .text._sbrk:0000000000000026 .L0 
C:\Users\CYMR90~1\AppData\Local\Temp\cc8F39OY.s:45     .text._sbrk:0000000000000036 .L0 
C:\Users\CYMR90~1\AppData\Local\Temp\cc8F39OY.s:49     .text._sbrk:0000000000000042 .L0 
C:\Users\CYMR90~1\AppData\Local\Temp\cc8F39OY.s:53     .text._sbrk:0000000000000046 .L0 
C:\Users\CYMR90~1\AppData\Local\Temp\cc8F39OY.s:60     .text._sbrk:0000000000000060 .L0 
C:\Users\CYMR90~1\AppData\Local\Temp\cc8F39OY.s:67     .text._sbrk:0000000000000074 .L0 
C:\Users\CYMR90~1\AppData\Local\Temp\cc8F39OY.s:69     .text._sbrk:0000000000000078 .L0 
C:\Users\CYMR90~1\AppData\Local\Temp\cc8F39OY.s:70     .text._sbrk:0000000000000078 .L0 
C:\Users\CYMR90~1\AppData\Local\Temp\cc8F39OY.s:72     .text._sbrk:000000000000007a .L0 
C:\Users\CYMR90~1\AppData\Local\Temp\cc8F39OY.s:74     .text._sbrk:000000000000007c .L0 
C:\Users\CYMR90~1\AppData\Local\Temp\cc8F39OY.s:77     .text._sbrk:000000000000007c .L0 
                     .debug_frame:0000000000000000 .L0 
C:\Users\CYMR90~1\AppData\Local\Temp\cc8F39OY.s:32     .text._sbrk:000000000000000a .L0 
C:\Users\CYMR90~1\AppData\Local\Temp\cc8F39OY.s:37     .text._sbrk:000000000000001a .L0 
C:\Users\CYMR90~1\AppData\Local\Temp\cc8F39OY.s:40     .text._sbrk:0000000000000026 .L0 
C:\Users\CYMR90~1\AppData\Local\Temp\cc8F39OY.s:45     .text._sbrk:0000000000000036 .L0 
C:\Users\CYMR90~1\AppData\Local\Temp\cc8F39OY.s:53     .text._sbrk:0000000000000046 .L0 
C:\Users\CYMR90~1\AppData\Local\Temp\cc8F39OY.s:57     .text._sbrk:0000000000000056 .L0 
C:\Users\CYMR90~1\AppData\Local\Temp\cc8F39OY.s:60     .text._sbrk:0000000000000060 .L0 
C:\Users\CYMR90~1\AppData\Local\Temp\cc8F39OY.s:47     .text._sbrk:0000000000000042 .L2
C:\Users\CYMR90~1\AppData\Local\Temp\cc8F39OY.s:51     .text._sbrk:0000000000000046 .L3
C:\Users\CYMR90~1\AppData\Local\Temp\cc8F39OY.s:65     .text._sbrk:0000000000000074 .L4
C:\Users\CYMR90~1\AppData\Local\Temp\cc8F39OY.s:175    .debug_abbrev:0000000000000000 .Ldebug_abbrev0
C:\Users\CYMR90~1\AppData\Local\Temp\cc8F39OY.s:1789   .debug_str:0000000000001085 .LASF373
C:\Users\CYMR90~1\AppData\Local\Temp\cc8F39OY.s:1545   .debug_str:00000000000002a4 .LASF374
C:\Users\CYMR90~1\AppData\Local\Temp\cc8F39OY.s:1885   .debug_str:0000000000001656 .LASF375
C:\Users\CYMR90~1\AppData\Local\Temp\cc8F39OY.s:360    .debug_ranges:0000000000000000 .Ldebug_ranges0
C:\Users\CYMR90~1\AppData\Local\Temp\cc8F39OY.s:1495   .debug_line:0000000000000000 .Ldebug_line0
C:\Users\CYMR90~1\AppData\Local\Temp\cc8F39OY.s:366    .debug_macro:0000000000000000 .Ldebug_macro0
C:\Users\CYMR90~1\AppData\Local\Temp\cc8F39OY.s:1855   .debug_str:00000000000014de .LASF376
C:\Users\CYMR90~1\AppData\Local\Temp\cc8F39OY.s:1753   .debug_str:0000000000000e8c .LASF367
C:\Users\CYMR90~1\AppData\Local\Temp\cc8F39OY.s:1805   .debug_str:0000000000001221 .LASF368
C:\Users\CYMR90~1\AppData\Local\Temp\cc8F39OY.s:2065   .debug_str:0000000000001fb5 .LASF369
C:\Users\CYMR90~1\AppData\Local\Temp\cc8F39OY.s:2249   .debug_str:000000000000298f .LASF377
C:\Users\CYMR90~1\AppData\Local\Temp\cc8F39OY.s:20     .text._sbrk:0000000000000000 .LFB0
C:\Users\CYMR90~1\AppData\Local\Temp\cc8F39OY.s:75     .text._sbrk:000000000000007c .LFE0
C:\Users\CYMR90~1\AppData\Local\Temp\cc8F39OY.s:1713   .debug_str:0000000000000c7b .LASF378
C:\Users\CYMR90~1\AppData\Local\Temp\cc8F39OY.s:1829   .debug_str:000000000000135e .LASF370
C:\Users\CYMR90~1\AppData\Local\Temp\cc8F39OY.s:2173   .debug_str:000000000000256f .LASF371
C:\Users\CYMR90~1\AppData\Local\Temp\cc8F39OY.s:1513   .debug_str:00000000000000ed .LASF379
C:\Users\CYMR90~1\AppData\Local\Temp\cc8F39OY.s:2067   .debug_str:0000000000001fc1 .LASF372
C:\Users\CYMR90~1\AppData\Local\Temp\cc8F39OY.s:81     .debug_info:0000000000000000 .Ldebug_info0
C:\Users\CYMR90~1\AppData\Local\Temp\cc8F39OY.s:384    .debug_macro:0000000000000000 .Ldebug_macro2
C:\Users\CYMR90~1\AppData\Local\Temp\cc8F39OY.s:1331   .debug_macro:0000000000000000 .Ldebug_macro3
C:\Users\CYMR90~1\AppData\Local\Temp\cc8F39OY.s:2019   .debug_str:0000000000001d1a .LASF0
C:\Users\CYMR90~1\AppData\Local\Temp\cc8F39OY.s:1523   .debug_str:0000000000000180 .LASF1
C:\Users\CYMR90~1\AppData\Local\Temp\cc8F39OY.s:2109   .debug_str:00000000000021c1 .LASF2
C:\Users\CYMR90~1\AppData\Local\Temp\cc8F39OY.s:2135   .debug_str:000000000000233e .LASF3
C:\Users\CYMR90~1\AppData\Local\Temp\cc8F39OY.s:1589   .debug_str:000000000000058d .LASF4
C:\Users\CYMR90~1\AppData\Local\Temp\cc8F39OY.s:1779   .debug_str:0000000000001017 .LASF5
C:\Users\CYMR90~1\AppData\Local\Temp\cc8F39OY.s:1993   .debug_str:0000000000001bb3 .LASF6
C:\Users\CYMR90~1\AppData\Local\Temp\cc8F39OY.s:1851   .debug_str:00000000000014ad .LASF7
C:\Users\CYMR90~1\AppData\Local\Temp\cc8F39OY.s:1579   .debug_str:00000000000004cd .LASF8
C:\Users\CYMR90~1\AppData\Local\Temp\cc8F39OY.s:2033   .debug_str:0000000000001de6 .LASF9
C:\Users\CYMR90~1\AppData\Local\Temp\cc8F39OY.s:1547   .debug_str:00000000000002c3 .LASF10
C:\Users\CYMR90~1\AppData\Local\Temp\cc8F39OY.s:1925   .debug_str:00000000000018bb .LASF11
C:\Users\CYMR90~1\AppData\Local\Temp\cc8F39OY.s:1749   .debug_str:0000000000000e63 .LASF12
C:\Users\CYMR90~1\AppData\Local\Temp\cc8F39OY.s:2195   .debug_str:00000000000026a4 .LASF13
C:\Users\CYMR90~1\AppData\Local\Temp\cc8F39OY.s:2127   .debug_str:00000000000022f1 .LASF14
C:\Users\CYMR90~1\AppData\Local\Temp\cc8F39OY.s:2207   .debug_str:0000000000002734 .LASF15
C:\Users\CYMR90~1\AppData\Local\Temp\cc8F39OY.s:1869   .debug_str:000000000000156c .LASF16
C:\Users\CYMR90~1\AppData\Local\Temp\cc8F39OY.s:2103   .debug_str:000000000000217f .LASF17
C:\Users\CYMR90~1\AppData\Local\Temp\cc8F39OY.s:1741   .debug_str:0000000000000de8 .LASF18
C:\Users\CYMR90~1\AppData\Local\Temp\cc8F39OY.s:1819   .debug_str:00000000000012e1 .LASF19
C:\Users\CYMR90~1\AppData\Local\Temp\cc8F39OY.s:2011   .debug_str:0000000000001c9c .LASF20
C:\Users\CYMR90~1\AppData\Local\Temp\cc8F39OY.s:1703   .debug_str:0000000000000c22 .LASF21
C:\Users\CYMR90~1\AppData\Local\Temp\cc8F39OY.s:1759   .debug_str:0000000000000ebc .LASF22
C:\Users\CYMR90~1\AppData\Local\Temp\cc8F39OY.s:1509   .debug_str:00000000000000bc .LASF23
C:\Users\CYMR90~1\AppData\Local\Temp\cc8F39OY.s:1571   .debug_str:0000000000000449 .LASF24
C:\Users\CYMR90~1\AppData\Local\Temp\cc8F39OY.s:1867   .debug_str:0000000000001553 .LASF25
C:\Users\CYMR90~1\AppData\Local\Temp\cc8F39OY.s:2025   .debug_str:0000000000001d80 .LASF26
C:\Users\CYMR90~1\AppData\Local\Temp\cc8F39OY.s:1807   .debug_str:000000000000122f .LASF27
C:\Users\CYMR90~1\AppData\Local\Temp\cc8F39OY.s:2021   .debug_str:0000000000001d25 .LASF28
C:\Users\CYMR90~1\AppData\Local\Temp\cc8F39OY.s:1673   .debug_str:0000000000000a60 .LASF29
C:\Users\CYMR90~1\AppData\Local\Temp\cc8F39OY.s:1679   .debug_str:0000000000000ab8 .LASF30
C:\Users\CYMR90~1\AppData\Local\Temp\cc8F39OY.s:1519   .debug_str:0000000000000143 .LASF31
C:\Users\CYMR90~1\AppData\Local\Temp\cc8F39OY.s:1609   .debug_str:00000000000006d5 .LASF32
C:\Users\CYMR90~1\AppData\Local\Temp\cc8F39OY.s:2115   .debug_str:0000000000002230 .LASF33
C:\Users\CYMR90~1\AppData\Local\Temp\cc8F39OY.s:2197   .debug_str:00000000000026b7 .LASF34
C:\Users\CYMR90~1\AppData\Local\Temp\cc8F39OY.s:2027   .debug_str:0000000000001d9d .LASF35
C:\Users\CYMR90~1\AppData\Local\Temp\cc8F39OY.s:1815   .debug_str:00000000000012a9 .LASF36
C:\Users\CYMR90~1\AppData\Local\Temp\cc8F39OY.s:1733   .debug_str:0000000000000d70 .LASF37
C:\Users\CYMR90~1\AppData\Local\Temp\cc8F39OY.s:1809   .debug_str:0000000000001249 .LASF38
C:\Users\CYMR90~1\AppData\Local\Temp\cc8F39OY.s:1563   .debug_str:00000000000003b6 .LASF39
C:\Users\CYMR90~1\AppData\Local\Temp\cc8F39OY.s:1637   .debug_str:000000000000085b .LASF40
C:\Users\CYMR90~1\AppData\Local\Temp\cc8F39OY.s:1671   .debug_str:0000000000000a46 .LASF41
C:\Users\CYMR90~1\AppData\Local\Temp\cc8F39OY.s:2101   .debug_str:0000000000002166 .LASF42
C:\Users\CYMR90~1\AppData\Local\Temp\cc8F39OY.s:1685   .debug_str:0000000000000b0f .LASF43
C:\Users\CYMR90~1\AppData\Local\Temp\cc8F39OY.s:1511   .debug_str:00000000000000d0 .LASF44
C:\Users\CYMR90~1\AppData\Local\Temp\cc8F39OY.s:1635   .debug_str:000000000000083e .LASF45
C:\Users\CYMR90~1\AppData\Local\Temp\cc8F39OY.s:2137   .debug_str:0000000000002350 .LASF46
C:\Users\CYMR90~1\AppData\Local\Temp\cc8F39OY.s:1965   .debug_str:0000000000001a57 .LASF47
C:\Users\CYMR90~1\AppData\Local\Temp\cc8F39OY.s:1537   .debug_str:0000000000000210 .LASF48
C:\Users\CYMR90~1\AppData\Local\Temp\cc8F39OY.s:2005   .debug_str:0000000000001c58 .LASF49
C:\Users\CYMR90~1\AppData\Local\Temp\cc8F39OY.s:1687   .debug_str:0000000000000b27 .LASF50
C:\Users\CYMR90~1\AppData\Local\Temp\cc8F39OY.s:1971   .debug_str:0000000000001aa6 .LASF51
C:\Users\CYMR90~1\AppData\Local\Temp\cc8F39OY.s:2031   .debug_str:0000000000001dc3 .LASF52
C:\Users\CYMR90~1\AppData\Local\Temp\cc8F39OY.s:2229   .debug_str:0000000000002853 .LASF53
C:\Users\CYMR90~1\AppData\Local\Temp\cc8F39OY.s:1913   .debug_str:00000000000017f5 .LASF54
C:\Users\CYMR90~1\AppData\Local\Temp\cc8F39OY.s:1521   .debug_str:0000000000000158 .LASF55
C:\Users\CYMR90~1\AppData\Local\Temp\cc8F39OY.s:1621   .debug_str:0000000000000750 .LASF56
C:\Users\CYMR90~1\AppData\Local\Temp\cc8F39OY.s:1897   .debug_str:000000000000171d .LASF57
C:\Users\CYMR90~1\AppData\Local\Temp\cc8F39OY.s:1689   .debug_str:0000000000000b46 .LASF58
C:\Users\CYMR90~1\AppData\Local\Temp\cc8F39OY.s:1939   .debug_str:000000000000194d .LASF59
C:\Users\CYMR90~1\AppData\Local\Temp\cc8F39OY.s:1865   .debug_str:0000000000001531 .LASF60
C:\Users\CYMR90~1\AppData\Local\Temp\cc8F39OY.s:2113   .debug_str:000000000000220f .LASF61
C:\Users\CYMR90~1\AppData\Local\Temp\cc8F39OY.s:2169   .debug_str:000000000000253c .LASF62
C:\Users\CYMR90~1\AppData\Local\Temp\cc8F39OY.s:1947   .debug_str:00000000000019b2 .LASF63
C:\Users\CYMR90~1\AppData\Local\Temp\cc8F39OY.s:2223   .debug_str:0000000000002806 .LASF64
C:\Users\CYMR90~1\AppData\Local\Temp\cc8F39OY.s:1625   .debug_str:00000000000007bf .LASF65
C:\Users\CYMR90~1\AppData\Local\Temp\cc8F39OY.s:2073   .debug_str:0000000000001ff8 .LASF66
C:\Users\CYMR90~1\AppData\Local\Temp\cc8F39OY.s:2157   .debug_str:000000000000246b .LASF67
C:\Users\CYMR90~1\AppData\Local\Temp\cc8F39OY.s:1765   .debug_str:0000000000000eed .LASF68
C:\Users\CYMR90~1\AppData\Local\Temp\cc8F39OY.s:2009   .debug_str:0000000000001c88 .LASF69
C:\Users\CYMR90~1\AppData\Local\Temp\cc8F39OY.s:1841   .debug_str:000000000000141d .LASF70
C:\Users\CYMR90~1\AppData\Local\Temp\cc8F39OY.s:2209   .debug_str:000000000000274b .LASF71
C:\Users\CYMR90~1\AppData\Local\Temp\cc8F39OY.s:1777   .debug_str:0000000000000ff0 .LASF72
C:\Users\CYMR90~1\AppData\Local\Temp\cc8F39OY.s:2015   .debug_str:0000000000001cbb .LASF73
C:\Users\CYMR90~1\AppData\Local\Temp\cc8F39OY.s:1981   .debug_str:0000000000001b24 .LASF74
C:\Users\CYMR90~1\AppData\Local\Temp\cc8F39OY.s:1605   .debug_str:00000000000006b2 .LASF75
C:\Users\CYMR90~1\AppData\Local\Temp\cc8F39OY.s:1757   .debug_str:0000000000000eac .LASF76
C:\Users\CYMR90~1\AppData\Local\Temp\cc8F39OY.s:1999   .debug_str:0000000000001c16 .LASF77
C:\Users\CYMR90~1\AppData\Local\Temp\cc8F39OY.s:1711   .debug_str:0000000000000c62 .LASF78
C:\Users\CYMR90~1\AppData\Local\Temp\cc8F39OY.s:1615   .debug_str:0000000000000721 .LASF79
C:\Users\CYMR90~1\AppData\Local\Temp\cc8F39OY.s:1631   .debug_str:0000000000000812 .LASF80
C:\Users\CYMR90~1\AppData\Local\Temp\cc8F39OY.s:1889   .debug_str:00000000000016cc .LASF81
C:\Users\CYMR90~1\AppData\Local\Temp\cc8F39OY.s:1675   .debug_str:0000000000000a87 .LASF82
C:\Users\CYMR90~1\AppData\Local\Temp\cc8F39OY.s:2093   .debug_str:00000000000020f2 .LASF83
C:\Users\CYMR90~1\AppData\Local\Temp\cc8F39OY.s:1527   .debug_str:00000000000001aa .LASF84
C:\Users\CYMR90~1\AppData\Local\Temp\cc8F39OY.s:1977   .debug_str:0000000000001af8 .LASF85
C:\Users\CYMR90~1\AppData\Local\Temp\cc8F39OY.s:2213   .debug_str:0000000000002774 .LASF86
C:\Users\CYMR90~1\AppData\Local\Temp\cc8F39OY.s:1725   .debug_str:0000000000000cf1 .LASF87
C:\Users\CYMR90~1\AppData\Local\Temp\cc8F39OY.s:1693   .debug_str:0000000000000b67 .LASF88
C:\Users\CYMR90~1\AppData\Local\Temp\cc8F39OY.s:1995   .debug_str:0000000000001bc4 .LASF89
C:\Users\CYMR90~1\AppData\Local\Temp\cc8F39OY.s:1933   .debug_str:00000000000018ff .LASF90
C:\Users\CYMR90~1\AppData\Local\Temp\cc8F39OY.s:1533   .debug_str:00000000000001db .LASF91
C:\Users\CYMR90~1\AppData\Local\Temp\cc8F39OY.s:1895   .debug_str:0000000000001709 .LASF92
C:\Users\CYMR90~1\AppData\Local\Temp\cc8F39OY.s:2059   .debug_str:0000000000001f4e .LASF93
C:\Users\CYMR90~1\AppData\Local\Temp\cc8F39OY.s:2161   .debug_str:00000000000024a0 .LASF94
C:\Users\CYMR90~1\AppData\Local\Temp\cc8F39OY.s:1735   .debug_str:0000000000000d98 .LASF95
C:\Users\CYMR90~1\AppData\Local\Temp\cc8F39OY.s:2183   .debug_str:0000000000002606 .LASF96
C:\Users\CYMR90~1\AppData\Local\Temp\cc8F39OY.s:1877   .debug_str:00000000000015c5 .LASF97
C:\Users\CYMR90~1\AppData\Local\Temp\cc8F39OY.s:2233   .debug_str:000000000000288f .LASF98
C:\Users\CYMR90~1\AppData\Local\Temp\cc8F39OY.s:1793   .debug_str:000000000000116a .LASF99
C:\Users\CYMR90~1\AppData\Local\Temp\cc8F39OY.s:1707   .debug_str:0000000000000c40 .LASF100
C:\Users\CYMR90~1\AppData\Local\Temp\cc8F39OY.s:1667   .debug_str:0000000000000a0f .LASF101
C:\Users\CYMR90~1\AppData\Local\Temp\cc8F39OY.s:1903   .debug_str:000000000000176b .LASF102
C:\Users\CYMR90~1\AppData\Local\Temp\cc8F39OY.s:1601   .debug_str:0000000000000673 .LASF103
C:\Users\CYMR90~1\AppData\Local\Temp\cc8F39OY.s:2241   .debug_str:0000000000002914 .LASF104
C:\Users\CYMR90~1\AppData\Local\Temp\cc8F39OY.s:1739   .debug_str:0000000000000dda .LASF105
C:\Users\CYMR90~1\AppData\Local\Temp\cc8F39OY.s:1911   .debug_str:00000000000017de .LASF106
C:\Users\CYMR90~1\AppData\Local\Temp\cc8F39OY.s:1973   .debug_str:0000000000001ac4 .LASF107
C:\Users\CYMR90~1\AppData\Local\Temp\cc8F39OY.s:1827   .debug_str:000000000000134f .LASF108
C:\Users\CYMR90~1\AppData\Local\Temp\cc8F39OY.s:1649   .debug_str:0000000000000906 .LASF109
C:\Users\CYMR90~1\AppData\Local\Temp\cc8F39OY.s:2039   .debug_str:0000000000001e28 .LASF110
C:\Users\CYMR90~1\AppData\Local\Temp\cc8F39OY.s:1719   .debug_str:0000000000000cb2 .LASF111
C:\Users\CYMR90~1\AppData\Local\Temp\cc8F39OY.s:1561   .debug_str:000000000000039d .LASF112
C:\Users\CYMR90~1\AppData\Local\Temp\cc8F39OY.s:1627   .debug_str:00000000000007d3 .LASF113
C:\Users\CYMR90~1\AppData\Local\Temp\cc8F39OY.s:1517   .debug_str:000000000000012e .LASF114
C:\Users\CYMR90~1\AppData\Local\Temp\cc8F39OY.s:2231   .debug_str:0000000000002876 .LASF115
C:\Users\CYMR90~1\AppData\Local\Temp\cc8F39OY.s:1871   .debug_str:000000000000157d .LASF116
C:\Users\CYMR90~1\AppData\Local\Temp\cc8F39OY.s:2225   .debug_str:0000000000002832 .LASF117
C:\Users\CYMR90~1\AppData\Local\Temp\cc8F39OY.s:1681   .debug_str:0000000000000ae5 .LASF118
C:\Users\CYMR90~1\AppData\Local\Temp\cc8F39OY.s:2007   .debug_str:0000000000001c78 .LASF119
C:\Users\CYMR90~1\AppData\Local\Temp\cc8F39OY.s:2119   .debug_str:000000000000225b .LASF120
C:\Users\CYMR90~1\AppData\Local\Temp\cc8F39OY.s:1967   .debug_str:0000000000001a79 .LASF121
C:\Users\CYMR90~1\AppData\Local\Temp\cc8F39OY.s:2245   .debug_str:000000000000294a .LASF122
C:\Users\CYMR90~1\AppData\Local\Temp\cc8F39OY.s:2077   .debug_str:0000000000002055 .LASF123
C:\Users\CYMR90~1\AppData\Local\Temp\cc8F39OY.s:1535   .debug_str:00000000000001f3 .LASF124
C:\Users\CYMR90~1\AppData\Local\Temp\cc8F39OY.s:2191   .debug_str:0000000000002653 .LASF125
C:\Users\CYMR90~1\AppData\Local\Temp\cc8F39OY.s:2159   .debug_str:0000000000002482 .LASF126
C:\Users\CYMR90~1\AppData\Local\Temp\cc8F39OY.s:1785   .debug_str:0000000000001057 .LASF127
C:\Users\CYMR90~1\AppData\Local\Temp\cc8F39OY.s:2123   .debug_str:00000000000022be .LASF128
C:\Users\CYMR90~1\AppData\Local\Temp\cc8F39OY.s:1501   .debug_str:0000000000000036 .LASF129
C:\Users\CYMR90~1\AppData\Local\Temp\cc8F39OY.s:1907   .debug_str:000000000000179f .LASF130
C:\Users\CYMR90~1\AppData\Local\Temp\cc8F39OY.s:2163   .debug_str:00000000000024cd .LASF131
C:\Users\CYMR90~1\AppData\Local\Temp\cc8F39OY.s:1497   .debug_str:0000000000000000 .LASF132
C:\Users\CYMR90~1\AppData\Local\Temp\cc8F39OY.s:1663   .debug_str:00000000000009d5 .LASF133
C:\Users\CYMR90~1\AppData\Local\Temp\cc8F39OY.s:2105   .debug_str:0000000000002191 .LASF134
C:\Users\CYMR90~1\AppData\Local\Temp\cc8F39OY.s:1737   .debug_str:0000000000000db0 .LASF135
C:\Users\CYMR90~1\AppData\Local\Temp\cc8F39OY.s:1665   .debug_str:00000000000009f5 .LASF136
C:\Users\CYMR90~1\AppData\Local\Temp\cc8F39OY.s:1723   .debug_str:0000000000000cdd .LASF137
C:\Users\CYMR90~1\AppData\Local\Temp\cc8F39OY.s:1917   .debug_str:0000000000001833 .LASF138
C:\Users\CYMR90~1\AppData\Local\Temp\cc8F39OY.s:2041   .debug_str:0000000000001e48 .LASF139
C:\Users\CYMR90~1\AppData\Local\Temp\cc8F39OY.s:1921   .debug_str:0000000000001865 .LASF140
C:\Users\CYMR90~1\AppData\Local\Temp\cc8F39OY.s:2003   .debug_str:0000000000001c42 .LASF141
C:\Users\CYMR90~1\AppData\Local\Temp\cc8F39OY.s:1593   .debug_str:00000000000005b0 .LASF142
C:\Users\CYMR90~1\AppData\Local\Temp\cc8F39OY.s:1775   .debug_str:0000000000000fda .LASF143
C:\Users\CYMR90~1\AppData\Local\Temp\cc8F39OY.s:1531   .debug_str:00000000000001cb .LASF144
C:\Users\CYMR90~1\AppData\Local\Temp\cc8F39OY.s:1893   .debug_str:00000000000016f5 .LASF145
C:\Users\CYMR90~1\AppData\Local\Temp\cc8F39OY.s:1743   .debug_str:0000000000000dff .LASF146
C:\Users\CYMR90~1\AppData\Local\Temp\cc8F39OY.s:1795   .debug_str:000000000000118d .LASF147
C:\Users\CYMR90~1\AppData\Local\Temp\cc8F39OY.s:2189   .debug_str:000000000000263a .LASF148
C:\Users\CYMR90~1\AppData\Local\Temp\cc8F39OY.s:1831   .debug_str:0000000000001363 .LASF149
C:\Users\CYMR90~1\AppData\Local\Temp\cc8F39OY.s:1751   .debug_str:0000000000000e76 .LASF150
C:\Users\CYMR90~1\AppData\Local\Temp\cc8F39OY.s:1863   .debug_str:000000000000151b .LASF151
C:\Users\CYMR90~1\AppData\Local\Temp\cc8F39OY.s:2239   .debug_str:00000000000028dd .LASF152
C:\Users\CYMR90~1\AppData\Local\Temp\cc8F39OY.s:1997   .debug_str:0000000000001bda .LASF153
C:\Users\CYMR90~1\AppData\Local\Temp\cc8F39OY.s:1821   .debug_str:00000000000012f4 .LASF154
C:\Users\CYMR90~1\AppData\Local\Temp\cc8F39OY.s:1515   .debug_str:00000000000000f4 .LASF155
C:\Users\CYMR90~1\AppData\Local\Temp\cc8F39OY.s:1697   .debug_str:0000000000000b97 .LASF156
C:\Users\CYMR90~1\AppData\Local\Temp\cc8F39OY.s:1659   .debug_str:00000000000009a4 .LASF157
C:\Users\CYMR90~1\AppData\Local\Temp\cc8F39OY.s:2083   .debug_str:0000000000002092 .LASF158
C:\Users\CYMR90~1\AppData\Local\Temp\cc8F39OY.s:1791   .debug_str:0000000000001152 .LASF159
C:\Users\CYMR90~1\AppData\Local\Temp\cc8F39OY.s:1617   .debug_str:0000000000000733 .LASF160
C:\Users\CYMR90~1\AppData\Local\Temp\cc8F39OY.s:1859   .debug_str:00000000000014ff .LASF161
C:\Users\CYMR90~1\AppData\Local\Temp\cc8F39OY.s:1641   .debug_str:00000000000008b3 .LASF162
C:\Users\CYMR90~1\AppData\Local\Temp\cc8F39OY.s:2247   .debug_str:0000000000002975 .LASF163
C:\Users\CYMR90~1\AppData\Local\Temp\cc8F39OY.s:1915   .debug_str:000000000000181e .LASF164
C:\Users\CYMR90~1\AppData\Local\Temp\cc8F39OY.s:1553   .debug_str:0000000000000326 .LASF165
C:\Users\CYMR90~1\AppData\Local\Temp\cc8F39OY.s:1857   .debug_str:00000000000014e8 .LASF166
C:\Users\CYMR90~1\AppData\Local\Temp\cc8F39OY.s:2179   .debug_str:00000000000025b2 .LASF167
C:\Users\CYMR90~1\AppData\Local\Temp\cc8F39OY.s:1769   .debug_str:0000000000000f3b .LASF168
C:\Users\CYMR90~1\AppData\Local\Temp\cc8F39OY.s:1623   .debug_str:000000000000077d .LASF169
C:\Users\CYMR90~1\AppData\Local\Temp\cc8F39OY.s:1597   .debug_str:0000000000000610 .LASF170
C:\Users\CYMR90~1\AppData\Local\Temp\cc8F39OY.s:1747   .debug_str:0000000000000e1a .LASF171
C:\Users\CYMR90~1\AppData\Local\Temp\cc8F39OY.s:2165   .debug_str:00000000000024e5 .LASF172
C:\Users\CYMR90~1\AppData\Local\Temp\cc8F39OY.s:1573   .debug_str:0000000000000458 .LASF173
C:\Users\CYMR90~1\AppData\Local\Temp\cc8F39OY.s:2187   .debug_str:0000000000002622 .LASF174
C:\Users\CYMR90~1\AppData\Local\Temp\cc8F39OY.s:1567   .debug_str:00000000000003ef .LASF175
C:\Users\CYMR90~1\AppData\Local\Temp\cc8F39OY.s:2141   .debug_str:000000000000238e .LASF176
C:\Users\CYMR90~1\AppData\Local\Temp\cc8F39OY.s:1783   .debug_str:000000000000103d .LASF177
C:\Users\CYMR90~1\AppData\Local\Temp\cc8F39OY.s:1811   .debug_str:000000000000126c .LASF178
C:\Users\CYMR90~1\AppData\Local\Temp\cc8F39OY.s:1987   .debug_str:0000000000001b81 .LASF179
C:\Users\CYMR90~1\AppData\Local\Temp\cc8F39OY.s:1543   .debug_str:000000000000028b .LASF180
C:\Users\CYMR90~1\AppData\Local\Temp\cc8F39OY.s:1803   .debug_str:000000000000120e .LASF181
C:\Users\CYMR90~1\AppData\Local\Temp\cc8F39OY.s:2131   .debug_str:0000000000002315 .LASF182
C:\Users\CYMR90~1\AppData\Local\Temp\cc8F39OY.s:1653   .debug_str:0000000000000943 .LASF183
C:\Users\CYMR90~1\AppData\Local\Temp\cc8F39OY.s:2075   .debug_str:0000000000002016 .LASF184
C:\Users\CYMR90~1\AppData\Local\Temp\cc8F39OY.s:1559   .debug_str:0000000000000363 .LASF185
C:\Users\CYMR90~1\AppData\Local\Temp\cc8F39OY.s:2111   .debug_str:00000000000021d3 .LASF186
C:\Users\CYMR90~1\AppData\Local\Temp\cc8F39OY.s:1699   .debug_str:0000000000000bd5 .LASF187
C:\Users\CYMR90~1\AppData\Local\Temp\cc8F39OY.s:2117   .debug_str:0000000000002245 .LASF188
C:\Users\CYMR90~1\AppData\Local\Temp\cc8F39OY.s:1655   .debug_str:000000000000097d .LASF189
C:\Users\CYMR90~1\AppData\Local\Temp\cc8F39OY.s:2057   .debug_str:0000000000001f35 .LASF190
C:\Users\CYMR90~1\AppData\Local\Temp\cc8F39OY.s:1919   .debug_str:000000000000184f .LASF191
C:\Users\CYMR90~1\AppData\Local\Temp\cc8F39OY.s:1843   .debug_str:0000000000001434 .LASF192
C:\Users\CYMR90~1\AppData\Local\Temp\cc8F39OY.s:2037   .debug_str:0000000000001e10 .LASF193
C:\Users\CYMR90~1\AppData\Local\Temp\cc8F39OY.s:1633   .debug_str:0000000000000824 .LASF194
C:\Users\CYMR90~1\AppData\Local\Temp\cc8F39OY.s:2147   .debug_str:00000000000023d4 .LASF195
C:\Users\CYMR90~1\AppData\Local\Temp\cc8F39OY.s:2035   .debug_str:0000000000001df9 .LASF196
C:\Users\CYMR90~1\AppData\Local\Temp\cc8F39OY.s:1891   .debug_str:00000000000016dd .LASF197
C:\Users\CYMR90~1\AppData\Local\Temp\cc8F39OY.s:2193   .debug_str:000000000000266a .LASF198
C:\Users\CYMR90~1\AppData\Local\Temp\cc8F39OY.s:2063   .debug_str:0000000000001f76 .LASF199
C:\Users\CYMR90~1\AppData\Local\Temp\cc8F39OY.s:2053   .debug_str:0000000000001ee0 .LASF200
C:\Users\CYMR90~1\AppData\Local\Temp\cc8F39OY.s:1881   .debug_str:00000000000015ff .LASF201
C:\Users\CYMR90~1\AppData\Local\Temp\cc8F39OY.s:1503   .debug_str:000000000000004e .LASF202
C:\Users\CYMR90~1\AppData\Local\Temp\cc8F39OY.s:1969   .debug_str:0000000000001a8f .LASF203
C:\Users\CYMR90~1\AppData\Local\Temp\cc8F39OY.s:1555   .debug_str:000000000000033d .LASF204
C:\Users\CYMR90~1\AppData\Local\Temp\cc8F39OY.s:1781   .debug_str:0000000000001023 .LASF205
C:\Users\CYMR90~1\AppData\Local\Temp\cc8F39OY.s:1787   .debug_str:000000000000106f .LASF206
C:\Users\CYMR90~1\AppData\Local\Temp\cc8F39OY.s:1507   .debug_str:00000000000000ac .LASF207
C:\Users\CYMR90~1\AppData\Local\Temp\cc8F39OY.s:2217   .debug_str:00000000000027a0 .LASF208
C:\Users\CYMR90~1\AppData\Local\Temp\cc8F39OY.s:1853   .debug_str:00000000000014c3 .LASF209
C:\Users\CYMR90~1\AppData\Local\Temp\cc8F39OY.s:1717   .debug_str:0000000000000c9c .LASF210
C:\Users\CYMR90~1\AppData\Local\Temp\cc8F39OY.s:1899   .debug_str:0000000000001734 .LASF211
C:\Users\CYMR90~1\AppData\Local\Temp\cc8F39OY.s:1929   .debug_str:00000000000018d9 .LASF212
C:\Users\CYMR90~1\AppData\Local\Temp\cc8F39OY.s:2221   .debug_str:00000000000027cb .LASF213
C:\Users\CYMR90~1\AppData\Local\Temp\cc8F39OY.s:1639   .debug_str:0000000000000873 .LASF214
C:\Users\CYMR90~1\AppData\Local\Temp\cc8F39OY.s:1767   .debug_str:0000000000000f00 .LASF215
C:\Users\CYMR90~1\AppData\Local\Temp\cc8F39OY.s:1727   .debug_str:0000000000000d03 .LASF216
C:\Users\CYMR90~1\AppData\Local\Temp\cc8F39OY.s:2167   .debug_str:00000000000024fa .LASF217
C:\Users\CYMR90~1\AppData\Local\Temp\cc8F39OY.s:1613   .debug_str:000000000000070a .LASF218
C:\Users\CYMR90~1\AppData\Local\Temp\cc8F39OY.s:1771   .debug_str:0000000000000f82 .LASF219
C:\Users\CYMR90~1\AppData\Local\Temp\cc8F39OY.s:2145   .debug_str:00000000000023ba .LASF220
C:\Users\CYMR90~1\AppData\Local\Temp\cc8F39OY.s:2081   .debug_str:000000000000207c .LASF221
C:\Users\CYMR90~1\AppData\Local\Temp\cc8F39OY.s:2171   .debug_str:000000000000255e .LASF222
C:\Users\CYMR90~1\AppData\Local\Temp\cc8F39OY.s:2255   .debug_str:00000000000029c5 .LASF223
C:\Users\CYMR90~1\AppData\Local\Temp\cc8F39OY.s:1951   .debug_str:00000000000019e2 .LASF224
C:\Users\CYMR90~1\AppData\Local\Temp\cc8F39OY.s:1721   .debug_str:0000000000000cc6 .LASF225
C:\Users\CYMR90~1\AppData\Local\Temp\cc8F39OY.s:2253   .debug_str:00000000000029ac .LASF226
C:\Users\CYMR90~1\AppData\Local\Temp\cc8F39OY.s:2087   .debug_str:00000000000020b3 .LASF227
C:\Users\CYMR90~1\AppData\Local\Temp\cc8F39OY.s:1549   .debug_str:00000000000002d6 .LASF228
C:\Users\CYMR90~1\AppData\Local\Temp\cc8F39OY.s:2023   .debug_str:0000000000001d3f .LASF229
C:\Users\CYMR90~1\AppData\Local\Temp\cc8F39OY.s:1539   .debug_str:0000000000000237 .LASF230
C:\Users\CYMR90~1\AppData\Local\Temp\cc8F39OY.s:1595   .debug_str:00000000000005d1 .LASF231
C:\Users\CYMR90~1\AppData\Local\Temp\cc8F39OY.s:2095   .debug_str:0000000000002109 .LASF232
C:\Users\CYMR90~1\AppData\Local\Temp\cc8F39OY.s:1499   .debug_str:000000000000001f .LASF233
C:\Users\CYMR90~1\AppData\Local\Temp\cc8F39OY.s:1825   .debug_str:0000000000001336 .LASF234
C:\Users\CYMR90~1\AppData\Local\Temp\cc8F39OY.s:1611   .debug_str:00000000000006f0 .LASF235
C:\Users\CYMR90~1\AppData\Local\Temp\cc8F39OY.s:2071   .debug_str:0000000000001fe0 .LASF236
C:\Users\CYMR90~1\AppData\Local\Temp\cc8F39OY.s:2227   .debug_str:0000000000002841 .LASF237
C:\Users\CYMR90~1\AppData\Local\Temp\cc8F39OY.s:1661   .debug_str:00000000000009b9 .LASF238
C:\Users\CYMR90~1\AppData\Local\Temp\cc8F39OY.s:1839   .debug_str:00000000000013ff .LASF239
C:\Users\CYMR90~1\AppData\Local\Temp\cc8F39OY.s:1883   .debug_str:000000000000163d .LASF240
C:\Users\CYMR90~1\AppData\Local\Temp\cc8F39OY.s:2175   .debug_str:0000000000002579 .LASF241
C:\Users\CYMR90~1\AppData\Local\Temp\cc8F39OY.s:1979   .debug_str:0000000000001b0a .LASF242
C:\Users\CYMR90~1\AppData\Local\Temp\cc8F39OY.s:2151   .debug_str:0000000000002400 .LASF243
C:\Users\CYMR90~1\AppData\Local\Temp\cc8F39OY.s:2201   .debug_str:00000000000026d6 .LASF244
C:\Users\CYMR90~1\AppData\Local\Temp\cc8F39OY.s:1847   .debug_str:000000000000145c .LASF245
C:\Users\CYMR90~1\AppData\Local\Temp\cc8F39OY.s:1583   .debug_str:0000000000000523 .LASF246
C:\Users\CYMR90~1\AppData\Local\Temp\cc8F39OY.s:2017   .debug_str:0000000000001cd4 .LASF247
C:\Users\CYMR90~1\AppData\Local\Temp\cc8F39OY.s:1845   .debug_str:0000000000001444 .LASF248
C:\Users\CYMR90~1\AppData\Local\Temp\cc8F39OY.s:1817   .debug_str:00000000000012c7 .LASF249
C:\Users\CYMR90~1\AppData\Local\Temp\cc8F39OY.s:1575   .debug_str:000000000000046f .LASF250
C:\Users\CYMR90~1\AppData\Local\Temp\cc8F39OY.s:1909   .debug_str:00000000000017c7 .LASF251
C:\Users\CYMR90~1\AppData\Local\Temp\cc8F39OY.s:1991   .debug_str:0000000000001ba1 .LASF252
C:\Users\CYMR90~1\AppData\Local\Temp\cc8F39OY.s:2237   .debug_str:00000000000028c2 .LASF253
C:\Users\CYMR90~1\AppData\Local\Temp\cc8F39OY.s:1505   .debug_str:000000000000008f .LASF254
C:\Users\CYMR90~1\AppData\Local\Temp\cc8F39OY.s:1541   .debug_str:0000000000000273 .LASF255
C:\Users\CYMR90~1\AppData\Local\Temp\cc8F39OY.s:1873   .debug_str:0000000000001596 .LASF256
C:\Users\CYMR90~1\AppData\Local\Temp\cc8F39OY.s:1943   .debug_str:000000000000197a .LASF257
C:\Users\CYMR90~1\AppData\Local\Temp\cc8F39OY.s:1923   .debug_str:000000000000187d .LASF258
C:\Users\CYMR90~1\AppData\Local\Temp\cc8F39OY.s:1577   .debug_str:000000000000048a .LASF259
C:\Users\CYMR90~1\AppData\Local\Temp\cc8F39OY.s:1799   .debug_str:00000000000011b5 .LASF260
C:\Users\CYMR90~1\AppData\Local\Temp\cc8F39OY.s:1581   .debug_str:00000000000004e2 .LASF261
C:\Users\CYMR90~1\AppData\Local\Temp\cc8F39OY.s:2045   .debug_str:0000000000001e69 .LASF262
C:\Users\CYMR90~1\AppData\Local\Temp\cc8F39OY.s:1905   .debug_str:0000000000001787 .LASF263
C:\Users\CYMR90~1\AppData\Local\Temp\cc8F39OY.s:2069   .debug_str:0000000000001fc6 .LASF264
C:\Users\CYMR90~1\AppData\Local\Temp\cc8F39OY.s:1801   .debug_str:00000000000011f3 .LASF265
C:\Users\CYMR90~1\AppData\Local\Temp\cc8F39OY.s:2049   .debug_str:0000000000001eba .LASF266
C:\Users\CYMR90~1\AppData\Local\Temp\cc8F39OY.s:2181   .debug_str:00000000000025f4 .LASF267
C:\Users\CYMR90~1\AppData\Local\Temp\cc8F39OY.s:2143   .debug_str:000000000000239e .LASF268
C:\Users\CYMR90~1\AppData\Local\Temp\cc8F39OY.s:1599   .debug_str:0000000000000655 .LASF269
C:\Users\CYMR90~1\AppData\Local\Temp\cc8F39OY.s:1975   .debug_str:0000000000001adf .LASF270
C:\Users\CYMR90~1\AppData\Local\Temp\cc8F39OY.s:2139   .debug_str:0000000000002373 .LASF271
C:\Users\CYMR90~1\AppData\Local\Temp\cc8F39OY.s:1603   .debug_str:0000000000000698 .LASF272
C:\Users\CYMR90~1\AppData\Local\Temp\cc8F39OY.s:1887   .debug_str:000000000000168d .LASF273
C:\Users\CYMR90~1\AppData\Local\Temp\cc8F39OY.s:1569   .debug_str:0000000000000405 .LASF274
C:\Users\CYMR90~1\AppData\Local\Temp\cc8F39OY.s:1773   .debug_str:0000000000000f9b .LASF275
C:\Users\CYMR90~1\AppData\Local\Temp\cc8F39OY.s:2121   .debug_str:000000000000227d .LASF276
C:\Users\CYMR90~1\AppData\Local\Temp\cc8F39OY.s:1837   .debug_str:00000000000013b9 .LASF277
C:\Users\CYMR90~1\AppData\Local\Temp\cc8F39OY.s:1585   .debug_str:0000000000000564 .LASF278
C:\Users\CYMR90~1\AppData\Local\Temp\cc8F39OY.s:2155   .debug_str:0000000000002451 .LASF279
C:\Users\CYMR90~1\AppData\Local\Temp\cc8F39OY.s:2055   .debug_str:0000000000001f1a .LASF280
C:\Users\CYMR90~1\AppData\Local\Temp\cc8F39OY.s:2125   .debug_str:00000000000022dc .LASF281
C:\Users\CYMR90~1\AppData\Local\Temp\cc8F39OY.s:2215   .debug_str:0000000000002789 .LASF282
C:\Users\CYMR90~1\AppData\Local\Temp\cc8F39OY.s:2251   .debug_str:0000000000002995 .LASF283
C:\Users\CYMR90~1\AppData\Local\Temp\cc8F39OY.s:2079   .debug_str:000000000000206c .LASF284
C:\Users\CYMR90~1\AppData\Local\Temp\cc8F39OY.s:1879   .debug_str:00000000000015da .LASF285
C:\Users\CYMR90~1\AppData\Local\Temp\cc8F39OY.s:2243   .debug_str:000000000000292c .LASF286
C:\Users\CYMR90~1\AppData\Local\Temp\cc8F39OY.s:1945   .debug_str:0000000000001994 .LASF287
C:\Users\CYMR90~1\AppData\Local\Temp\cc8F39OY.s:1983   .debug_str:0000000000001b47 .LASF288
C:\Users\CYMR90~1\AppData\Local\Temp\cc8F39OY.s:1729   .debug_str:0000000000000d41 .LASF289
C:\Users\CYMR90~1\AppData\Local\Temp\cc8F39OY.s:1669   .debug_str:0000000000000a25 .LASF290
C:\Users\CYMR90~1\AppData\Local\Temp\cc8F39OY.s:1901   .debug_str:000000000000174c .LASF291
C:\Users\CYMR90~1\AppData\Local\Temp\cc8F39OY.s:1935   .debug_str:0000000000001925 .LASF292
C:\Users\CYMR90~1\AppData\Local\Temp\cc8F39OY.s:2177   .debug_str:0000000000002594 .LASF293
C:\Users\CYMR90~1\AppData\Local\Temp\cc8F39OY.s:1677   .debug_str:0000000000000a99 .LASF294
C:\Users\CYMR90~1\AppData\Local\Temp\cc8F39OY.s:1651   .debug_str:000000000000091f .LASF295
C:\Users\CYMR90~1\AppData\Local\Temp\cc8F39OY.s:1813   .debug_str:0000000000001288 .LASF296
C:\Users\CYMR90~1\AppData\Local\Temp\cc8F39OY.s:1715   .debug_str:0000000000000c80 .LASF297
C:\Users\CYMR90~1\AppData\Local\Temp\cc8F39OY.s:1647   .debug_str:00000000000008ea .LASF298
C:\Users\CYMR90~1\AppData\Local\Temp\cc8F39OY.s:1941   .debug_str:0000000000001965 .LASF299
C:\Users\CYMR90~1\AppData\Local\Temp\cc8F39OY.s:1551   .debug_str:0000000000000312 .LASF300
C:\Users\CYMR90~1\AppData\Local\Temp\cc8F39OY.s:2149   .debug_str:00000000000023e9 .LASF301
C:\Users\CYMR90~1\AppData\Local\Temp\cc8F39OY.s:1607   .debug_str:00000000000006cb .LASF302
C:\Users\CYMR90~1\AppData\Local\Temp\cc8F39OY.s:1875   .debug_str:00000000000015b0 .LASF303
C:\Users\CYMR90~1\AppData\Local\Temp\cc8F39OY.s:1587   .debug_str:000000000000057c .LASF304
C:\Users\CYMR90~1\AppData\Local\Temp\cc8F39OY.s:2051   .debug_str:0000000000001ed2 .LASF305
C:\Users\CYMR90~1\AppData\Local\Temp\cc8F39OY.s:1949   .debug_str:00000000000019d4 .LASF306
C:\Users\CYMR90~1\AppData\Local\Temp\cc8F39OY.s:1525   .debug_str:0000000000000199 .LASF307
C:\Users\CYMR90~1\AppData\Local\Temp\cc8F39OY.s:2203   .debug_str:000000000000271a .LASF308
C:\Users\CYMR90~1\AppData\Local\Temp\cc8F39OY.s:2235   .debug_str:00000000000028a9 .LASF309
C:\Users\CYMR90~1\AppData\Local\Temp\cc8F39OY.s:1985   .debug_str:0000000000001b69 .LASF310
C:\Users\CYMR90~1\AppData\Local\Temp\cc8F39OY.s:1705   .debug_str:0000000000000c36 .LASF311
C:\Users\CYMR90~1\AppData\Local\Temp\cc8F39OY.s:1643   .debug_str:00000000000008cb .LASF312
C:\Users\CYMR90~1\AppData\Local\Temp\cc8F39OY.s:1565   .debug_str:00000000000003d8 .LASF313
C:\Users\CYMR90~1\AppData\Local\Temp\cc8F39OY.s:1823   .debug_str:000000000000132b .LASF314
C:\Users\CYMR90~1\AppData\Local\Temp\cc8F39OY.s:2199   .debug_str:00000000000026ca .LASF315
C:\Users\CYMR90~1\AppData\Local\Temp\cc8F39OY.s:2107   .debug_str:00000000000021b1 .LASF316
C:\Users\CYMR90~1\AppData\Local\Temp\cc8F39OY.s:1957   .debug_str:0000000000001a1a .LASF317
C:\Users\CYMR90~1\AppData\Local\Temp\cc8F39OY.s:1763   .debug_str:0000000000000ee0 .LASF318
C:\Users\CYMR90~1\AppData\Local\Temp\cc8F39OY.s:2047   .debug_str:0000000000001eae .LASF319
C:\Users\CYMR90~1\AppData\Local\Temp\cc8F39OY.s:1557   .debug_str:0000000000000356 .LASF320
C:\Users\CYMR90~1\AppData\Local\Temp\cc8F39OY.s:1861   .debug_str:000000000000150e .LASF321
C:\Users\CYMR90~1\AppData\Local\Temp\cc8F39OY.s:2001   .debug_str:0000000000001c31 .LASF322
C:\Users\CYMR90~1\AppData\Local\Temp\cc8F39OY.s:2089   .debug_str:00000000000020cc .LASF323
C:\Users\CYMR90~1\AppData\Local\Temp\cc8F39OY.s:2211   .debug_str:0000000000002764 .LASF324
C:\Users\CYMR90~1\AppData\Local\Temp\cc8F39OY.s:2097   .debug_str:000000000000214c .LASF325
C:\Users\CYMR90~1\AppData\Local\Temp\cc8F39OY.s:1797   .debug_str:00000000000011a4 .LASF326
C:\Users\CYMR90~1\AppData\Local\Temp\cc8F39OY.s:1701   .debug_str:0000000000000c16 .LASF327
C:\Users\CYMR90~1\AppData\Local\Temp\cc8F39OY.s:1695   .debug_str:0000000000000b8b .LASF328
C:\Users\CYMR90~1\AppData\Local\Temp\cc8F39OY.s:1989   .debug_str:0000000000001b98 .LASF329
C:\Users\CYMR90~1\AppData\Local\Temp\cc8F39OY.s:1709   .debug_str:0000000000000c53 .LASF330
C:\Users\CYMR90~1\AppData\Local\Temp\cc8F39OY.s:1835   .debug_str:00000000000013af .LASF331
C:\Users\CYMR90~1\AppData\Local\Temp\cc8F39OY.s:1691   .debug_str:0000000000000b5e .LASF332
C:\Users\CYMR90~1\AppData\Local\Temp\cc8F39OY.s:1761   .debug_str:0000000000000ed6 .LASF333
C:\Users\CYMR90~1\AppData\Local\Temp\cc8F39OY.s:2205   .debug_str:000000000000272a .LASF334
C:\Users\CYMR90~1\AppData\Local\Temp\cc8F39OY.s:1931   .debug_str:00000000000018f1 .LASF335
C:\Users\CYMR90~1\AppData\Local\Temp\cc8F39OY.s:2091   .debug_str:00000000000020e0 .LASF336
C:\Users\CYMR90~1\AppData\Local\Temp\cc8F39OY.s:1591   .debug_str:000000000000059f .LASF337
C:\Users\CYMR90~1\AppData\Local\Temp\cc8F39OY.s:1629   .debug_str:00000000000007fc .LASF338
C:\Users\CYMR90~1\AppData\Local\Temp\cc8F39OY.s:1849   .debug_str:000000000000149b .LASF339
C:\Users\CYMR90~1\AppData\Local\Temp\cc8F39OY.s:2129   .debug_str:0000000000002304 .LASF340
C:\Users\CYMR90~1\AppData\Local\Temp\cc8F39OY.s:1731   .debug_str:0000000000000d63 .LASF341
C:\Users\CYMR90~1\AppData\Local\Temp\cc8F39OY.s:1619   .debug_str:0000000000000747 .LASF342
C:\Users\CYMR90~1\AppData\Local\Temp\cc8F39OY.s:2185   .debug_str:0000000000002618 .LASF343
C:\Users\CYMR90~1\AppData\Local\Temp\cc8F39OY.s:1529   .debug_str:00000000000001bd .LASF344
C:\Users\CYMR90~1\AppData\Local\Temp\cc8F39OY.s:1953   .debug_str:00000000000019fe .LASF345
C:\Users\CYMR90~1\AppData\Local\Temp\cc8F39OY.s:1745   .debug_str:0000000000000e0d .LASF346
C:\Users\CYMR90~1\AppData\Local\Temp\cc8F39OY.s:2085   .debug_str:00000000000020a9 .LASF347
C:\Users\CYMR90~1\AppData\Local\Temp\cc8F39OY.s:1937   .debug_str:0000000000001942 .LASF348
C:\Users\CYMR90~1\AppData\Local\Temp\cc8F39OY.s:2061   .debug_str:0000000000001f6c .LASF349
C:\Users\CYMR90~1\AppData\Local\Temp\cc8F39OY.s:2029   .debug_str:0000000000001db8 .LASF350
C:\Users\CYMR90~1\AppData\Local\Temp\cc8F39OY.s:1927   .debug_str:00000000000018ce .LASF351
C:\Users\CYMR90~1\AppData\Local\Temp\cc8F39OY.s:1657   .debug_str:0000000000000995 .LASF352
C:\Users\CYMR90~1\AppData\Local\Temp\cc8F39OY.s:1961   .debug_str:0000000000001a38 .LASF353
C:\Users\CYMR90~1\AppData\Local\Temp\cc8F39OY.s:2219   .debug_str:00000000000027b9 .LASF354
C:\Users\CYMR90~1\AppData\Local\Temp\cc8F39OY.s:2013   .debug_str:0000000000001caf .LASF355
C:\Users\CYMR90~1\AppData\Local\Temp\cc8F39OY.s:2153   .debug_str:000000000000243f .LASF356
C:\Users\CYMR90~1\AppData\Local\Temp\cc8F39OY.s:2133   .debug_str:000000000000232d .LASF357
C:\Users\CYMR90~1\AppData\Local\Temp\cc8F39OY.s:1645   .debug_str:00000000000008dc .LASF358
C:\Users\CYMR90~1\AppData\Local\Temp\cc8F39OY.s:1755   .debug_str:0000000000000e99 .LASF359
C:\Users\CYMR90~1\AppData\Local\Temp\cc8F39OY.s:1683   .debug_str:0000000000000b01 .LASF360
C:\Users\CYMR90~1\AppData\Local\Temp\cc8F39OY.s:1955   .debug_str:0000000000001a0b .LASF361
C:\Users\CYMR90~1\AppData\Local\Temp\cc8F39OY.s:2099   .debug_str:0000000000002161 .LASF362
C:\Users\CYMR90~1\AppData\Local\Temp\cc8F39OY.s:2043   .debug_str:0000000000001e58 .LASF363
C:\Users\CYMR90~1\AppData\Local\Temp\cc8F39OY.s:1963   .debug_str:0000000000001a4b .LASF364
C:\Users\CYMR90~1\AppData\Local\Temp\cc8F39OY.s:1833   .debug_str:0000000000001377 .LASF365
C:\Users\CYMR90~1\AppData\Local\Temp\cc8F39OY.s:1959   .debug_str:0000000000001a26 .LASF366
                           .group:0000000000000000 wm4.0.10abbef32179bc1260444192115bdf5e
                           .group:0000000000000000 wm4.stddef.h.39.144cf5ddcd53cbfdac30259dc1a6c87f

UNDEFINED SYMBOLS
_end
_heap_end
