   1              		.file	"OLED_Data.c"
   2              		.option nopic
   3              		.attribute arch, "rv32i2p0_m2p0_a2p0_c2p0"
   4              		.attribute unaligned_access, 0
   5              		.attribute stack_align, 16
   6              		.text
   7              	.Ltext0:
   8              		.cfi_sections	.debug_frame
   9              		.globl	OLED_F8x16
  10              		.section	.rodata.OLED_F8x16,"a"
  11              		.align	2
  14              	OLED_F8x16:
  15 0000 00       		.string	""
  16 0001 00       		.string	""
  17 0002 00       		.string	""
  18 0003 00       		.string	""
  19 0004 00       		.string	""
  20 0005 00       		.string	""
  21 0006 00       		.string	""
  22 0007 00       		.string	""
  23 0008 00       		.string	""
  24 0009 00       		.string	""
  25 000a 00       		.string	""
  26 000b 00       		.string	""
  27 000c 00       		.string	""
  28 000d 00       		.string	""
  29 000e 00       		.string	""
  30 000f 00       		.string	""
  31 0010 00       		.string	""
  32 0011 00       		.string	""
  33 0012 00       		.string	""
  34 0013 F800     		.string	"\370"
  35 0015 00       		.string	""
  36 0016 00       		.string	""
  37 0017 00       		.string	""
  38 0018 00       		.string	""
  39 0019 00       		.string	""
  40 001a 00       		.string	""
  41 001b 333000   		.string	"30"
  42 001e 00       		.string	""
  43 001f 00       		.string	""
  44 0020 00       		.string	""
  45 0021 160E00   		.string	"\026\016"
  46 0024 160E00   		.string	"\026\016"
  47 0027 00       		.string	""
  48 0028 00       		.string	""
  49 0029 00       		.string	""
  50 002a 00       		.string	""
  51 002b 00       		.string	""
  52 002c 00       		.string	""
  53 002d 00       		.string	""
  54 002e 00       		.string	""
  55 002f 00       		.string	""
  56 0030 40C07840 		.string	"@\300x@\300x@"
  56      C0784000 
  57 0038 043F0404 		.string	"\004?\004\004?\004\004"
  57      3F040400 
  58 0040 00       		.string	""
  59 0041 7088FC08 		.string	"p\210\374\b0"
  59      3000
  60 0047 00       		.string	""
  61 0048 00       		.string	""
  62 0049 1820FF21 		.string	"\030 \377!\036"
  62      1E00
  63 004f 00       		.string	""
  64 0050 F008F000 		.string	"\360\b\360"
  65 0054 E01800   		.string	"\340\030"
  66 0057 00       		.string	""
  67 0058 00       		.string	""
  68 0059 211C031E 		.string	"!\034\003\036!\036"
  68      211E00
  69 0060 00       		.string	""
  70 0061 F0088870 		.string	"\360\b\210p"
  70      00
  71 0066 00       		.string	""
  72 0067 00       		.string	""
  73 0068 1E212324 		.ascii	"\036!#$\031'!\020"
  73      19272110 
  74 0070 00       		.string	""
  75 0071 00       		.string	""
  76 0072 00       		.string	""
  77 0073 160E00   		.string	"\026\016"
  78 0076 00       		.string	""
  79 0077 00       		.string	""
  80 0078 00       		.string	""
  81 0079 00       		.string	""
  82 007a 00       		.string	""
  83 007b 00       		.string	""
  84 007c 00       		.string	""
  85 007d 00       		.string	""
  86 007e 00       		.string	""
  87 007f 00       		.string	""
  88 0080 00       		.string	""
  89 0081 00       		.string	""
  90 0082 00       		.string	""
  91 0083 E0180402 		.string	"\340\030\004\002"
  91      00
  92 0088 00       		.string	""
  93 0089 00       		.string	""
  94 008a 00       		.string	""
  95 008b 07182040 		.string	"\007\030 @"
  95      00
  96 0090 00       		.string	""
  97 0091 020418E0 		.string	"\002\004\030\340"
  97      00
  98 0096 00       		.string	""
  99 0097 00       		.string	""
 100 0098 00       		.string	""
 101 0099 40201807 		.string	"@ \030\007"
 101      00
 102 009e 00       		.string	""
 103 009f 00       		.string	""
 104 00a0 404080F0 		.string	"@@\200\360\200@@"
 104      80404000 
 105 00a8 0202010F 		.string	"\002\002\001\017\001\002\002"
 105      01020200 
 106 00b0 00       		.string	""
 107 00b1 00       		.string	""
 108 00b2 00       		.string	""
 109 00b3 F000     		.string	"\360"
 110 00b5 00       		.string	""
 111 00b6 00       		.string	""
 112 00b7 00       		.string	""
 113 00b8 0101011F 		.string	"\001\001\001\037\001\001\001"
 113      01010100 
 114 00c0 00       		.string	""
 115 00c1 00       		.string	""
 116 00c2 00       		.string	""
 117 00c3 00       		.string	""
 118 00c4 00       		.string	""
 119 00c5 00       		.string	""
 120 00c6 00       		.string	""
 121 00c7 00       		.string	""
 122 00c8 00       		.string	""
 123 00c9 B07000   		.string	"\260p"
 124 00cc 00       		.string	""
 125 00cd 00       		.string	""
 126 00ce 00       		.string	""
 127 00cf 00       		.string	""
 128 00d0 00       		.string	""
 129 00d1 00       		.string	""
 130 00d2 00       		.string	""
 131 00d3 00       		.string	""
 132 00d4 00       		.string	""
 133 00d5 00       		.string	""
 134 00d6 00       		.string	""
 135 00d7 00       		.string	""
 136 00d8 00       		.string	""
 137 00d9 01010101 		.ascii	"\001\001\001\001\001\001\001"
 137      010101
 138 00e0 00       		.string	""
 139 00e1 00       		.string	""
 140 00e2 00       		.string	""
 141 00e3 00       		.string	""
 142 00e4 00       		.string	""
 143 00e5 00       		.string	""
 144 00e6 00       		.string	""
 145 00e7 00       		.string	""
 146 00e8 00       		.string	""
 147 00e9 303000   		.string	"00"
 148 00ec 00       		.string	""
 149 00ed 00       		.string	""
 150 00ee 00       		.string	""
 151 00ef 00       		.string	""
 152 00f0 00       		.string	""
 153 00f1 00       		.string	""
 154 00f2 00       		.string	""
 155 00f3 00       		.string	""
 156 00f4 80601804 		.string	"\200`\030\004"
 156      00
 157 00f9 60180601 		.string	"`\030\006\001"
 157      00
 158 00fe 00       		.string	""
 159 00ff 00       		.string	""
 160 0100 00       		.string	""
 161 0101 E0100808 		.string	"\340\020\b\b\020\340"
 161      10E000
 162 0108 00       		.string	""
 163 0109 0F102020 		.string	"\017\020  \020\017"
 163      100F00
 164 0110 00       		.string	""
 165 0111 1010F800 		.string	"\020\020\370"
 166 0115 00       		.string	""
 167 0116 00       		.string	""
 168 0117 00       		.string	""
 169 0118 00       		.string	""
 170 0119 20203F20 		.string	"  ?  "
 170      2000
 171 011f 00       		.string	""
 172 0120 00       		.string	""
 173 0121 70080808 		.string	"p\b\b\b\210p"
 173      887000
 174 0128 00       		.string	""
 175 0129 30282422 		.string	"0($\"!0"
 175      213000
 176 0130 00       		.string	""
 177 0131 30088888 		.string	"0\b\210\210H0"
 177      483000
 178 0138 00       		.string	""
 179 0139 18202020 		.string	"\030   \021\016"
 179      110E00
 180 0140 00       		.string	""
 181 0141 00       		.string	""
 182 0142 C02010F8 		.string	"\300 \020\370"
 182      00
 183 0147 00       		.string	""
 184 0148 00       		.string	""
 185 0149 07042424 		.string	"\007\004$$?$"
 185      3F2400
 186 0150 00       		.string	""
 187 0151 F8088888 		.string	"\370\b\210\210\b\b"
 187      080800
 188 0158 00       		.string	""
 189 0159 19212020 		.string	"\031!  \021\016"
 189      110E00
 190 0160 00       		.string	""
 191 0161 E0108888 		.string	"\340\020\210\210\030"
 191      1800
 192 0167 00       		.string	""
 193 0168 00       		.string	""
 194 0169 0F112020 		.string	"\017\021  \021\016"
 194      110E00
 195 0170 00       		.string	""
 196 0171 380808C8 		.string	"8\b\b\3108\b"
 196      380800
 197 0178 00       		.string	""
 198 0179 00       		.string	""
 199 017a 00       		.string	""
 200 017b 3F00     		.string	"?"
 201 017d 00       		.string	""
 202 017e 00       		.string	""
 203 017f 00       		.string	""
 204 0180 00       		.string	""
 205 0181 70880808 		.string	"p\210\b\b\210p"
 205      887000
 206 0188 00       		.string	""
 207 0189 1C222121 		.string	"\034\"!!\"\034"
 207      221C00
 208 0190 00       		.string	""
 209 0191 E0100808 		.string	"\340\020\b\b\020\340"
 209      10E000
 210 0198 00       		.string	""
 211 0199 00       		.string	""
 212 019a 31222211 		.string	"1\"\"\021\017"
 212      0F00
 213 01a0 00       		.string	""
 214 01a1 00       		.string	""
 215 01a2 00       		.string	""
 216 01a3 C0C000   		.string	"\300\300"
 217 01a6 00       		.string	""
 218 01a7 00       		.string	""
 219 01a8 00       		.string	""
 220 01a9 00       		.string	""
 221 01aa 00       		.string	""
 222 01ab 303000   		.string	"00"
 223 01ae 00       		.string	""
 224 01af 00       		.string	""
 225 01b0 00       		.string	""
 226 01b1 00       		.string	""
 227 01b2 00       		.string	""
 228 01b3 C0C000   		.string	"\300\300"
 229 01b6 00       		.string	""
 230 01b7 00       		.string	""
 231 01b8 00       		.string	""
 232 01b9 00       		.string	""
 233 01ba 80B07000 		.string	"\200\260p"
 234 01be 00       		.string	""
 235 01bf 00       		.string	""
 236 01c0 00       		.string	""
 237 01c1 00       		.string	""
 238 01c2 80402010 		.string	"\200@ \020\b"
 238      0800
 239 01c8 00       		.string	""
 240 01c9 01020408 		.string	"\001\002\004\b\020 "
 240      102000
 241 01d0 40404040 		.string	"@@@@@@@"
 241      40404000 
 242 01d8 04040404 		.string	"\004\004\004\004\004\004\004"
 242      04040400 
 243 01e0 00       		.string	""
 244 01e1 08102040 		.string	"\b\020 @\200"
 244      8000
 245 01e7 00       		.string	""
 246 01e8 00       		.string	""
 247 01e9 20100804 		.string	" \020\b\004\002\001"
 247      020100
 248 01f0 00       		.string	""
 249 01f1 70480808 		.string	"pH\b\b\b\360"
 249      08F000
 250 01f8 00       		.string	""
 251 01f9 00       		.string	""
 252 01fa 00       		.string	""
 253 01fb 30360100 		.string	"06\001"
 254 01ff 00       		.string	""
 255 0200 C030C828 		.string	"\3000\310(\350\020\340"
 255      E810E000 
 256 0208 07182724 		.string	"\007\030'$#\024\013"
 256      23140B00 
 257 0210 00       		.string	""
 258 0211 00       		.string	""
 259 0212 C038E000 		.string	"\3008\340"
 260 0216 00       		.string	""
 261 0217 00       		.string	""
 262 0218 203C2302 		.ascii	" <#\002\002'8 "
 262      02273820 
 263 0220 08F88888 		.string	"\b\370\210\210\210p"
 263      887000
 264 0227 00       		.string	""
 265 0228 203F2020 		.string	" ?   \021\016"
 265      20110E00 
 266 0230 C0300808 		.string	"\3000\b\b\b\b8"
 266      08083800 
 267 0238 07182020 		.string	"\007\030   \020\b"
 267      20100800 
 268 0240 08F80808 		.string	"\b\370\b\b\b\020\340"
 268      0810E000 
 269 0248 203F2020 		.string	" ?   \020\017"
 269      20100F00 
 270 0250 08F88888 		.string	"\b\370\210\210\350\b\020"
 270      E8081000 
 271 0258 203F2020 		.string	" ?  # \030"
 271      23201800 
 272 0260 08F88888 		.string	"\b\370\210\210\350\b\020"
 272      E8081000 
 273 0268 203F2000 		.string	" ? "
 274 026c 0300     		.string	"\003"
 275 026e 00       		.string	""
 276 026f 00       		.string	""
 277 0270 C0300808 		.string	"\3000\b\b\b8"
 277      083800
 278 0277 00       		.string	""
 279 0278 07182020 		.string	"\007\030  \"\036\002"
 279      221E0200 
 280 0280 08F80800 		.string	"\b\370\b"
 281 0284 00       		.string	""
 282 0285 08F80820 		.ascii	"\b\370\b ?!\001\001!? "
 282      3F210101 
 282      213F20
 283 0290 00       		.string	""
 284 0291 0808F808 		.string	"\b\b\370\b\b"
 284      0800
 285 0297 00       		.string	""
 286 0298 00       		.string	""
 287 0299 20203F20 		.string	"  ?  "
 287      2000
 288 029f 00       		.string	""
 289 02a0 00       		.string	""
 290 02a1 00       		.string	""
 291 02a2 0808F808 		.string	"\b\b\370\b\b"
 291      0800
 292 02a8 C0808080 		.string	"\300\200\200\200\177"
 292      7F00
 293 02ae 00       		.string	""
 294 02af 00       		.string	""
 295 02b0 08F888C0 		.string	"\b\370\210\300(\030\b"
 295      28180800 
 296 02b8 203F2001 		.string	" ? \001&8 "
 296      26382000 
 297 02c0 08F80800 		.string	"\b\370\b"
 298 02c4 00       		.string	""
 299 02c5 00       		.string	""
 300 02c6 00       		.string	""
 301 02c7 00       		.string	""
 302 02c8 203F2020 		.string	" ?    0"
 302      20203000 
 303 02d0 08F8F800 		.string	"\b\370\370"
 304 02d4 F8F80800 		.string	"\370\370\b"
 305 02d8 203F00   		.string	" ?"
 306 02db 3F00     		.string	"?"
 307 02dd 3F2000   		.string	"? "
 308 02e0 08F830C0 		.string	"\b\3700\300"
 308      00
 309 02e5 08F80820 		.string	"\b\370\b ? "
 309      3F2000
 310 02ec 07183F00 		.string	"\007\030?"
 311 02f0 E0100808 		.string	"\340\020\b\b\b\020\340"
 311      0810E000 
 312 02f8 0F102020 		.string	"\017\020   \020\017"
 312      20100F00 
 313 0300 08F80808 		.string	"\b\370\b\b\b\b\360"
 313      0808F000 
 314 0308 203F2101 		.string	" ?!\001\001\001"
 314      010100
 315 030f 00       		.string	""
 316 0310 E0100808 		.string	"\340\020\b\b\b\020\340"
 316      0810E000 
 317 0318 0F182424 		.string	"\017\030$$8PO"
 317      38504F00 
 318 0320 08F88888 		.string	"\b\370\210\210\210\210p"
 318      88887000 
 319 0328 203F2000 		.string	" ? "
 320 032c 030C3020 		.ascii	"\003\f0 "
 321 0330 00       		.string	""
 322 0331 70880808 		.string	"p\210\b\b\b8"
 322      083800
 323 0338 00       		.string	""
 324 0339 38202121 		.string	"8 !!\"\034"
 324      221C00
 325 0340 180808F8 		.string	"\030\b\b\370\b\b\030"
 325      08081800 
 326 0348 00       		.string	""
 327 0349 00       		.string	""
 328 034a 203F2000 		.string	" ? "
 329 034e 00       		.string	""
 330 034f 00       		.string	""
 331 0350 08F80800 		.string	"\b\370\b"
 332 0354 00       		.string	""
 333 0355 08F80800 		.string	"\b\370\b"
 334 0359 1F202020 		.string	"\037    \037"
 334      201F00
 335 0360 08788800 		.string	"\bx\210"
 336 0364 00       		.string	""
 337 0365 C8380800 		.string	"\3108\b"
 338 0369 00       		.string	""
 339 036a 07380E01 		.string	"\0078\016\001"
 339      00
 340 036f 00       		.string	""
 341 0370 F80800   		.string	"\370\b"
 342 0373 F800     		.string	"\370"
 343 0375 08F800   		.string	"\b\370"
 344 0378 033C0700 		.string	"\003<\007"
 345 037c 073C0300 		.string	"\007<\003"
 346 0380 08186880 		.ascii	"\b\030h\200\200h\030\b 0,\003\003,0 "
 346      80681808 
 346      20302C03 
 346      032C3020 
 347 0390 0838C800 		.string	"\b8\310"
 348 0394 C8380800 		.string	"\3108\b"
 349 0398 00       		.string	""
 350 0399 00       		.string	""
 351 039a 203F2000 		.string	" ? "
 352 039e 00       		.string	""
 353 039f 00       		.string	""
 354 03a0 10080808 		.string	"\020\b\b\b\3108\b"
 354      C8380800 
 355 03a8 20382621 		.string	" 8&!  \030"
 355      20201800 
 356 03b0 00       		.string	""
 357 03b1 00       		.string	""
 358 03b2 00       		.string	""
 359 03b3 FE020202 		.string	"\376\002\002\002"
 359      00
 360 03b8 00       		.string	""
 361 03b9 00       		.string	""
 362 03ba 00       		.string	""
 363 03bb 7F404040 		.string	"\177@@@"
 363      00
 364 03c0 00       		.string	""
 365 03c1 0C30C000 		.string	"\f0\300"
 366 03c5 00       		.string	""
 367 03c6 00       		.string	""
 368 03c7 00       		.string	""
 369 03c8 00       		.string	""
 370 03c9 00       		.string	""
 371 03ca 00       		.string	""
 372 03cb 010638C0 		.string	"\001\0068\300"
 372      00
 373 03d0 00       		.string	""
 374 03d1 020202FE 		.string	"\002\002\002\376"
 374      00
 375 03d6 00       		.string	""
 376 03d7 00       		.string	""
 377 03d8 00       		.string	""
 378 03d9 4040407F 		.string	"@@@\177"
 378      00
 379 03de 00       		.string	""
 380 03df 00       		.string	""
 381 03e0 00       		.string	""
 382 03e1 20100804 		.string	" \020\b\004\b\020 "
 382      08102000 
 383 03e9 00       		.string	""
 384 03ea 00       		.string	""
 385 03eb 00       		.string	""
 386 03ec 00       		.string	""
 387 03ed 00       		.string	""
 388 03ee 00       		.string	""
 389 03ef 00       		.string	""
 390 03f0 00       		.string	""
 391 03f1 00       		.string	""
 392 03f2 00       		.string	""
 393 03f3 00       		.string	""
 394 03f4 00       		.string	""
 395 03f5 00       		.string	""
 396 03f6 00       		.string	""
 397 03f7 00       		.string	""
 398 03f8 80808080 		.ascii	"\200\200\200\200\200\200\200\200"
 398      80808080 
 399 0400 00       		.string	""
 400 0401 02040800 		.string	"\002\004\b"
 401 0405 00       		.string	""
 402 0406 00       		.string	""
 403 0407 00       		.string	""
 404 0408 00       		.string	""
 405 0409 00       		.string	""
 406 040a 00       		.string	""
 407 040b 00       		.string	""
 408 040c 00       		.string	""
 409 040d 00       		.string	""
 410 040e 00       		.string	""
 411 040f 00       		.string	""
 412 0410 00       		.string	""
 413 0411 00       		.string	""
 414 0412 80808080 		.string	"\200\200\200\200"
 414      00
 415 0417 00       		.string	""
 416 0418 00       		.string	""
 417 0419 19242222 		.ascii	"\031$\"\"\"? "
 417      223F20
 418 0420 08F800   		.string	"\b\370"
 419 0423 808000   		.string	"\200\200"
 420 0426 00       		.string	""
 421 0427 00       		.string	""
 422 0428 00       		.string	""
 423 0429 3F112020 		.string	"?\021  \021\016"
 423      110E00
 424 0430 00       		.string	""
 425 0431 00       		.string	""
 426 0432 00       		.string	""
 427 0433 80808000 		.string	"\200\200\200"
 428 0437 00       		.string	""
 429 0438 00       		.string	""
 430 0439 0E112020 		.string	"\016\021   \021"
 430      201100
 431 0440 00       		.string	""
 432 0441 00       		.string	""
 433 0442 00       		.string	""
 434 0443 808088F8 		.string	"\200\200\210\370"
 434      00
 435 0448 00       		.string	""
 436 0449 0E112020 		.ascii	"\016\021  \020? "
 436      103F20
 437 0450 00       		.string	""
 438 0451 00       		.string	""
 439 0452 80808080 		.string	"\200\200\200\200"
 439      00
 440 0457 00       		.string	""
 441 0458 00       		.string	""
 442 0459 1F222222 		.string	"\037\"\"\"\"\023"
 442      221300
 443 0460 00       		.string	""
 444 0461 8080F088 		.string	"\200\200\360\210\210\210\030"
 444      88881800 
 445 0469 20203F20 		.string	"  ?  "
 445      2000
 446 046f 00       		.string	""
 447 0470 00       		.string	""
 448 0471 00       		.string	""
 449 0472 80808080 		.string	"\200\200\200\200\200"
 449      8000
 450 0478 00       		.string	""
 451 0479 6B949494 		.string	"k\224\224\224\223`"
 451      936000
 452 0480 08F800   		.string	"\b\370"
 453 0483 80808000 		.string	"\200\200\200"
 454 0487 00       		.string	""
 455 0488 203F2100 		.string	" ?!"
 456 048c 00       		.string	""
 457 048d 203F20   		.ascii	" ? "
 458 0490 00       		.string	""
 459 0491 80989800 		.string	"\200\230\230"
 460 0495 00       		.string	""
 461 0496 00       		.string	""
 462 0497 00       		.string	""
 463 0498 00       		.string	""
 464 0499 20203F20 		.string	"  ?  "
 464      2000
 465 049f 00       		.string	""
 466 04a0 00       		.string	""
 467 04a1 00       		.string	""
 468 04a2 00       		.string	""
 469 04a3 80989800 		.string	"\200\230\230"
 470 04a7 00       		.string	""
 471 04a8 00       		.string	""
 472 04a9 C0808080 		.string	"\300\200\200\200\177"
 472      7F00
 473 04af 00       		.string	""
 474 04b0 08F800   		.string	"\b\370"
 475 04b3 00       		.string	""
 476 04b4 80808000 		.string	"\200\200\200"
 477 04b8 203F2402 		.string	" ?$\002-0 "
 477      2D302000 
 478 04c0 00       		.string	""
 479 04c1 0808F800 		.string	"\b\b\370"
 480 04c5 00       		.string	""
 481 04c6 00       		.string	""
 482 04c7 00       		.string	""
 483 04c8 00       		.string	""
 484 04c9 20203F20 		.string	"  ?  "
 484      2000
 485 04cf 00       		.string	""
 486 04d0 80808080 		.string	"\200\200\200\200\200\200\200"
 486      80808000 
 487 04d8 203F2000 		.string	" ? "
 488 04dc 3F2000   		.string	"? "
 489 04df 3F       		.ascii	"?"
 490 04e0 00       		.string	""
 491 04e1 808000   		.string	"\200\200"
 492 04e4 808000   		.string	"\200\200"
 493 04e7 00       		.string	""
 494 04e8 00       		.string	""
 495 04e9 203F2100 		.string	" ?!"
 496 04ed 203F20   		.ascii	" ? "
 497 04f0 00       		.string	""
 498 04f1 00       		.string	""
 499 04f2 80808080 		.string	"\200\200\200\200"
 499      00
 500 04f7 00       		.string	""
 501 04f8 00       		.string	""
 502 04f9 1F202020 		.string	"\037    \037"
 502      201F00
 503 0500 808000   		.string	"\200\200"
 504 0503 808000   		.string	"\200\200"
 505 0506 00       		.string	""
 506 0507 00       		.string	""
 507 0508 80FFA120 		.string	"\200\377\241  \021\016"
 507      20110E00 
 508 0510 00       		.string	""
 509 0511 00       		.string	""
 510 0512 00       		.string	""
 511 0513 80808080 		.string	"\200\200\200\200"
 511      00
 512 0518 00       		.string	""
 513 0519 0E112020 		.ascii	"\016\021  \240\377\200"
 513      A0FF80
 514 0520 80808000 		.string	"\200\200\200"
 515 0524 80808000 		.string	"\200\200\200"
 516 0528 20203F21 		.string	"  ?! "
 516      2000
 517 052e 0100     		.string	"\001"
 518 0530 00       		.string	""
 519 0531 00       		.string	""
 520 0532 80808080 		.string	"\200\200\200\200\200"
 520      8000
 521 0538 00       		.string	""
 522 0539 33242424 		.string	"3$$$$\031"
 522      241900
 523 0540 00       		.string	""
 524 0541 8080E080 		.string	"\200\200\340\200\200"
 524      8000
 525 0547 00       		.string	""
 526 0548 00       		.string	""
 527 0549 00       		.string	""
 528 054a 00       		.string	""
 529 054b 1F202000 		.string	"\037  "
 530 054f 00       		.string	""
 531 0550 808000   		.string	"\200\200"
 532 0553 00       		.string	""
 533 0554 00       		.string	""
 534 0555 808000   		.string	"\200\200"
 535 0558 00       		.string	""
 536 0559 1F202020 		.ascii	"\037   \020? "
 536      103F20
 537 0560 80808000 		.string	"\200\200\200"
 538 0564 00       		.string	""
 539 0565 80808000 		.string	"\200\200\200"
 540 0569 010E3008 		.string	"\001\0160\b\006\001"
 540      060100
 541 0570 808000   		.string	"\200\200"
 542 0573 8000     		.string	"\200"
 543 0575 8080800F 		.string	"\200\200\200\0170\f\003\f0\017"
 543      300C030C 
 543      300F00
 544 0580 00       		.string	""
 545 0581 808000   		.string	"\200\200"
 546 0584 80808000 		.string	"\200\200\200"
 547 0588 00       		.string	""
 548 0589 20312E0E 		.string	" 1.\0161 "
 548      312000
 549 0590 80808000 		.string	"\200\200\200"
 550 0594 00       		.string	""
 551 0595 80808080 		.string	"\200\200\200\200\201\216p\030\006\001"
 551      818E7018 
 551      060100
 552 05a0 00       		.string	""
 553 05a1 80808080 		.string	"\200\200\200\200\200\200"
 553      808000
 554 05a8 00       		.string	""
 555 05a9 21302C22 		.string	"!0,\"!0"
 555      213000
 556 05b0 00       		.string	""
 557 05b1 00       		.string	""
 558 05b2 00       		.string	""
 559 05b3 00       		.string	""
 560 05b4 807C0202 		.string	"\200|\002\002"
 560      00
 561 05b9 00       		.string	""
 562 05ba 00       		.string	""
 563 05bb 00       		.string	""
 564 05bc 00       		.string	""
 565 05bd 3F4040   		.ascii	"?@@"
 566 05c0 00       		.string	""
 567 05c1 00       		.string	""
 568 05c2 00       		.string	""
 569 05c3 00       		.string	""
 570 05c4 FF00     		.string	"\377"
 571 05c6 00       		.string	""
 572 05c7 00       		.string	""
 573 05c8 00       		.string	""
 574 05c9 00       		.string	""
 575 05ca 00       		.string	""
 576 05cb 00       		.string	""
 577 05cc FF00     		.string	"\377"
 578 05ce 00       		.string	""
 579 05cf 00       		.string	""
 580 05d0 00       		.string	""
 581 05d1 02027C80 		.string	"\002\002|\200"
 581      00
 582 05d6 00       		.string	""
 583 05d7 00       		.string	""
 584 05d8 00       		.string	""
 585 05d9 40403F00 		.string	"@@?"
 586 05dd 00       		.string	""
 587 05de 00       		.string	""
 588 05df 00       		.string	""
 589 05e0 00       		.string	""
 590 05e1 80404080 		.string	"\200@@\200"
 590      00
 591 05e6 00       		.string	""
 592 05e7 8000     		.string	"\200"
 593 05e9 00       		.string	""
 594 05ea 00       		.string	""
 595 05eb 00       		.string	""
 596 05ec 00       		.string	""
 597 05ed 010100   		.string	"\001\001"
 598              		.globl	OLED_F6x8
 599              		.section	.rodata.OLED_F6x8,"a"
 600              		.align	2
 603              	OLED_F6x8:
 604 0000 00       		.string	""
 605 0001 00       		.string	""
 606 0002 00       		.string	""
 607 0003 00       		.string	""
 608 0004 00       		.string	""
 609 0005 00       		.string	""
 610 0006 00       		.string	""
 611 0007 00       		.string	""
 612 0008 00       		.string	""
 613 0009 2F00     		.string	"/"
 614 000b 00       		.string	""
 615 000c 00       		.string	""
 616 000d 00       		.string	""
 617 000e 0700     		.string	"\007"
 618 0010 0700     		.string	"\007"
 619 0012 00       		.string	""
 620 0013 147F147F 		.ascii	"\024\177\024\177\024"
 620      14
 621 0018 00       		.string	""
 622 0019 242A7F2A 		.ascii	"$*\177*\022"
 622      12
 623 001e 00       		.string	""
 624 001f 23130864 		.ascii	"#\023\bdb"
 624      62
 625 0024 00       		.string	""
 626 0025 36495522 		.ascii	"6IU\"P"
 626      50
 627 002a 00       		.string	""
 628 002b 00       		.string	""
 629 002c 00       		.string	""
 630 002d 0700     		.string	"\007"
 631 002f 00       		.string	""
 632 0030 00       		.string	""
 633 0031 00       		.string	""
 634 0032 1C224100 		.string	"\034\"A"
 635 0036 00       		.string	""
 636 0037 00       		.string	""
 637 0038 41221C00 		.string	"A\"\034"
 638 003c 00       		.string	""
 639 003d 14083E08 		.ascii	"\024\b>\b\024"
 639      14
 640 0042 00       		.string	""
 641 0043 08083E08 		.ascii	"\b\b>\b\b"
 641      08
 642 0048 00       		.string	""
 643 0049 00       		.string	""
 644 004a 00       		.string	""
 645 004b A06000   		.string	"\240`"
 646 004e 00       		.string	""
 647 004f 08080808 		.ascii	"\b\b\b\b\b"
 647      08
 648 0054 00       		.string	""
 649 0055 00       		.string	""
 650 0056 606000   		.string	"``"
 651 0059 00       		.string	""
 652 005a 00       		.string	""
 653 005b 20100804 		.ascii	" \020\b\004\002"
 653      02
 654 0060 00       		.string	""
 655 0061 3E514945 		.ascii	">QIE>"
 655      3E
 656 0066 00       		.string	""
 657 0067 00       		.string	""
 658 0068 427F4000 		.string	"B\177@"
 659 006c 00       		.string	""
 660 006d 42615149 		.ascii	"BaQIF"
 660      46
 661 0072 00       		.string	""
 662 0073 2141454B 		.ascii	"!AEK1"
 662      31
 663 0078 00       		.string	""
 664 0079 1814127F 		.ascii	"\030\024\022\177\020"
 664      10
 665 007e 00       		.string	""
 666 007f 27454545 		.ascii	"'EEE9"
 666      39
 667 0084 00       		.string	""
 668 0085 3C4A4949 		.ascii	"<JII0"
 668      30
 669 008a 00       		.string	""
 670 008b 01710905 		.ascii	"\001q\t\005\003"
 670      03
 671 0090 00       		.string	""
 672 0091 36494949 		.ascii	"6III6"
 672      36
 673 0096 00       		.string	""
 674 0097 06494929 		.ascii	"\006II)\036"
 674      1E
 675 009c 00       		.string	""
 676 009d 00       		.string	""
 677 009e 363600   		.string	"66"
 678 00a1 00       		.string	""
 679 00a2 00       		.string	""
 680 00a3 00       		.string	""
 681 00a4 563600   		.string	"V6"
 682 00a7 00       		.string	""
 683 00a8 00       		.string	""
 684 00a9 08142241 		.string	"\b\024\"A"
 684      00
 685 00ae 00       		.string	""
 686 00af 14141414 		.ascii	"\024\024\024\024\024"
 686      14
 687 00b4 00       		.string	""
 688 00b5 00       		.string	""
 689 00b6 41221408 		.ascii	"A\"\024\b"
 690 00ba 00       		.string	""
 691 00bb 02015109 		.ascii	"\002\001Q\t\006"
 691      06
 692 00c0 00       		.string	""
 693 00c1 3E495559 		.ascii	">IUY."
 693      2E
 694 00c6 00       		.string	""
 695 00c7 7C121112 		.ascii	"|\022\021\022|"
 695      7C
 696 00cc 00       		.string	""
 697 00cd 7F494949 		.ascii	"\177III6"
 697      36
 698 00d2 00       		.string	""
 699 00d3 3E414141 		.ascii	">AAA\""
 699      22
 700 00d8 00       		.string	""
 701 00d9 7F414122 		.ascii	"\177AA\"\034"
 701      1C
 702 00de 00       		.string	""
 703 00df 7F494949 		.ascii	"\177IIIA"
 703      41
 704 00e4 00       		.string	""
 705 00e5 7F090909 		.ascii	"\177\t\t\t\001"
 705      01
 706 00ea 00       		.string	""
 707 00eb 3E414949 		.ascii	">AIIz"
 707      7A
 708 00f0 00       		.string	""
 709 00f1 7F080808 		.ascii	"\177\b\b\b\177"
 709      7F
 710 00f6 00       		.string	""
 711 00f7 00       		.string	""
 712 00f8 417F4100 		.string	"A\177A"
 713 00fc 00       		.string	""
 714 00fd 2040413F 		.ascii	" @A?\001"
 714      01
 715 0102 00       		.string	""
 716 0103 7F081422 		.ascii	"\177\b\024\"A"
 716      41
 717 0108 00       		.string	""
 718 0109 7F404040 		.ascii	"\177@@@@"
 718      40
 719 010e 00       		.string	""
 720 010f 7F020C02 		.ascii	"\177\002\f\002\177"
 720      7F
 721 0114 00       		.string	""
 722 0115 7F040810 		.ascii	"\177\004\b\020\177"
 722      7F
 723 011a 00       		.string	""
 724 011b 3E414141 		.ascii	">AAA>"
 724      3E
 725 0120 00       		.string	""
 726 0121 7F090909 		.ascii	"\177\t\t\t\006"
 726      06
 727 0126 00       		.string	""
 728 0127 3E415121 		.ascii	">AQ!^"
 728      5E
 729 012c 00       		.string	""
 730 012d 7F091929 		.ascii	"\177\t\031)F"
 730      46
 731 0132 00       		.string	""
 732 0133 46494949 		.ascii	"FIII1"
 732      31
 733 0138 00       		.string	""
 734 0139 01017F01 		.ascii	"\001\001\177\001\001"
 734      01
 735 013e 00       		.string	""
 736 013f 3F404040 		.ascii	"?@@@?"
 736      3F
 737 0144 00       		.string	""
 738 0145 1F204020 		.ascii	"\037 @ \037"
 738      1F
 739 014a 00       		.string	""
 740 014b 3F403840 		.ascii	"?@8@?"
 740      3F
 741 0150 00       		.string	""
 742 0151 63140814 		.ascii	"c\024\b\024c"
 742      63
 743 0156 00       		.string	""
 744 0157 07087008 		.ascii	"\007\bp\b\007"
 744      07
 745 015c 00       		.string	""
 746 015d 61514945 		.ascii	"aQIEC"
 746      43
 747 0162 00       		.string	""
 748 0163 00       		.string	""
 749 0164 7F414100 		.string	"\177AA"
 750 0168 00       		.string	""
 751 0169 02040810 		.ascii	"\002\004\b\020 "
 751      20
 752 016e 00       		.string	""
 753 016f 00       		.string	""
 754 0170 41417F00 		.string	"AA\177"
 755 0174 00       		.string	""
 756 0175 04020102 		.ascii	"\004\002\001\002\004"
 756      04
 757 017a 00       		.string	""
 758 017b 40404040 		.ascii	"@@@@@"
 758      40
 759 0180 00       		.string	""
 760 0181 00       		.string	""
 761 0182 01020400 		.string	"\001\002\004"
 762 0186 00       		.string	""
 763 0187 20545454 		.ascii	" TTTx"
 763      78
 764 018c 00       		.string	""
 765 018d 7F484444 		.ascii	"\177HDD8"
 765      38
 766 0192 00       		.string	""
 767 0193 38444444 		.ascii	"8DDD "
 767      20
 768 0198 00       		.string	""
 769 0199 38444448 		.ascii	"8DDH\177"
 769      7F
 770 019e 00       		.string	""
 771 019f 38545454 		.ascii	"8TTT\030"
 771      18
 772 01a4 00       		.string	""
 773 01a5 087E0901 		.ascii	"\b~\t\001\002"
 773      02
 774 01aa 00       		.string	""
 775 01ab 18A4A4A4 		.ascii	"\030\244\244\244|"
 775      7C
 776 01b0 00       		.string	""
 777 01b1 7F080404 		.ascii	"\177\b\004\004x"
 777      78
 778 01b6 00       		.string	""
 779 01b7 00       		.string	""
 780 01b8 447D4000 		.string	"D}@"
 781 01bc 00       		.string	""
 782 01bd 4080847D 		.string	"@\200\204}"
 782      00
 783 01c2 00       		.string	""
 784 01c3 7F102844 		.string	"\177\020(D"
 784      00
 785 01c8 00       		.string	""
 786 01c9 00       		.string	""
 787 01ca 417F4000 		.string	"A\177@"
 788 01ce 00       		.string	""
 789 01cf 7C041804 		.ascii	"|\004\030\004x"
 789      78
 790 01d4 00       		.string	""
 791 01d5 7C080404 		.ascii	"|\b\004\004x"
 791      78
 792 01da 00       		.string	""
 793 01db 38444444 		.ascii	"8DDD8"
 793      38
 794 01e0 00       		.string	""
 795 01e1 FC242424 		.ascii	"\374$$$\030"
 795      18
 796 01e6 00       		.string	""
 797 01e7 18242418 		.ascii	"\030$$\030\374"
 797      FC
 798 01ec 00       		.string	""
 799 01ed 7C080404 		.ascii	"|\b\004\004\b"
 799      08
 800 01f2 00       		.string	""
 801 01f3 48545454 		.ascii	"HTTT "
 801      20
 802 01f8 00       		.string	""
 803 01f9 043F4440 		.ascii	"\004?D@ "
 803      20
 804 01fe 00       		.string	""
 805 01ff 3C404020 		.ascii	"<@@ |"
 805      7C
 806 0204 00       		.string	""
 807 0205 1C204020 		.ascii	"\034 @ \034"
 807      1C
 808 020a 00       		.string	""
 809 020b 3C403040 		.ascii	"<@0@<"
 809      3C
 810 0210 00       		.string	""
 811 0211 44281028 		.ascii	"D(\020(D"
 811      44
 812 0216 00       		.string	""
 813 0217 1CA0A0A0 		.ascii	"\034\240\240\240|"
 813      7C
 814 021c 00       		.string	""
 815 021d 4464544C 		.ascii	"DdTLD"
 815      44
 816 0222 00       		.string	""
 817 0223 00       		.string	""
 818 0224 087F4100 		.string	"\b\177A"
 819 0228 00       		.string	""
 820 0229 00       		.string	""
 821 022a 00       		.string	""
 822 022b 7F00     		.string	"\177"
 823 022d 00       		.string	""
 824 022e 00       		.string	""
 825 022f 00       		.string	""
 826 0230 417F0800 		.string	"A\177\b"
 827 0234 00       		.string	""
 828 0235 08040810 		.ascii	"\b\004\b\020\b"
 828      08
 829              		.globl	OLED_CF16x16
 830              		.section	.rodata.OLED_CF16x16,"a"
 831              		.align	2
 834              	OLED_CF16x16:
 835 0000 EFBC8C   		.ascii	"\357\274\214"
 836 0003 00       		.string	""
 837 0004 00       		.string	""
 838 0005 00       		.string	""
 839 0006 00       		.string	""
 840 0007 00       		.string	""
 841 0008 00       		.string	""
 842 0009 00       		.string	""
 843 000a 00       		.string	""
 844 000b 00       		.string	""
 845 000c 00       		.string	""
 846 000d 00       		.string	""
 847 000e 00       		.string	""
 848 000f 00       		.string	""
 849 0010 00       		.string	""
 850 0011 00       		.string	""
 851 0012 00       		.string	""
 852 0013 00       		.string	""
 853 0014 00       		.string	""
 854 0015 243800   		.string	"$8"
 855 0018 00       		.string	""
 856 0019 00       		.string	""
 857 001a 00       		.string	""
 858 001b 00       		.string	""
 859 001c 00       		.string	""
 860 001d 00       		.string	""
 861 001e 00       		.string	""
 862 001f 00       		.string	""
 863 0020 00       		.string	""
 864 0021 00       		.string	""
 865 0022 00       		.string	""
 866 0023 E38082   		.ascii	"\343\200\202"
 867 0026 00       		.string	""
 868 0027 00       		.string	""
 869 0028 00       		.string	""
 870 0029 00       		.string	""
 871 002a 00       		.string	""
 872 002b 00       		.string	""
 873 002c 00       		.string	""
 874 002d 00       		.string	""
 875 002e 00       		.string	""
 876 002f 00       		.string	""
 877 0030 00       		.string	""
 878 0031 00       		.string	""
 879 0032 00       		.string	""
 880 0033 00       		.string	""
 881 0034 00       		.string	""
 882 0035 00       		.string	""
 883 0036 00       		.string	""
 884 0037 00       		.string	""
 885 0038 38283800 		.string	"8(8"
 886 003c 00       		.string	""
 887 003d 00       		.string	""
 888 003e 00       		.string	""
 889 003f 00       		.string	""
 890 0040 00       		.string	""
 891 0041 00       		.string	""
 892 0042 00       		.string	""
 893 0043 00       		.string	""
 894 0044 00       		.string	""
 895 0045 00       		.string	""
 896 0046 E7A59D   		.ascii	"\347\245\235"
 897 0049 00       		.string	""
 898 004a 00       		.string	""
 899 004b 08291708 		.string	"\b)\027\b"
 899      00
 900 0050 1F111111 		.string	"\037\021\021\021\021\037"
 900      111F00
 901 0057 00       		.string	""
 902 0058 00       		.string	""
 903 0059 00       		.string	""
 904 005a 4080FC00 		.string	"@\200\374"
 905 005e C40418E0 		.string	"\304\004\030\340"
 905      00
 906 0063 FC04041C 		.string	"\374\004\004\034"
 906      00
 907 0068 00       		.string	""
 908 0069 E4BDA0   		.ascii	"\344\275\240"
 909 006c 00       		.string	""
 910 006d 01020F70 		.string	"\001\002\017p\001\006\030(\013\b\b\004\b"
 910      01061828 
 910      0B080804 
 910      0800
 911 007b 00       		.string	""
 912 007c 00       		.string	""
 913 007d 00       		.string	""
 914 007e 00       		.string	""
 915 007f FC00     		.string	"\374"
 916 0081 10608004 		.string	"\020`\200\004\374"
 916      FC00
 917 0087 80403000 		.string	"\200@0"
 918 008b 00       		.string	""
 919 008c E7949F   		.ascii	"\347\224\237"
 920 008f 00       		.string	""
 921 0090 01021C14 		.string	"\001\002\034\024\004\004?\004\004\004\004\004"
 921      04043F04 
 921      04040404 
 921      00
 922 009d 00       		.string	""
 923 009e 00       		.string	""
 924 009f 00       		.string	""
 925 00a0 04040444 		.string	"\004\004\004DDD\370DDD\204\004"
 925      4444F844 
 925      44448404 
 925      00
 926 00ad 00       		.string	""
 927 00ae 00       		.string	""
 928 00af E697A5   		.ascii	"\346\227\245"
 929 00b2 00       		.string	""
 930 00b3 00       		.string	""
 931 00b4 00       		.string	""
 932 00b5 3F212121 		.string	"?!!!!!!!?"
 932      21212121 
 932      3F00
 933 00bf 00       		.string	""
 934 00c0 00       		.string	""
 935 00c1 00       		.string	""
 936 00c2 00       		.string	""
 937 00c3 00       		.string	""
 938 00c4 00       		.string	""
 939 00c5 FC080808 		.string	"\374\b\b\b\b\b\b\b\374"
 939      08080808 
 939      FC00
 940 00cf 00       		.string	""
 941 00d0 00       		.string	""
 942 00d1 00       		.string	""
 943 00d2 E5BFAB   		.ascii	"\345\277\253"
 944 00d5 00       		.string	""
 945 00d6 0300     		.string	"\003"
 946 00d8 3F040208 		.string	"?\004\002\b\b?\b\b\b\017"
 946      083F0808 
 946      080F00
 947 00e3 00       		.string	""
 948 00e4 00       		.string	""
 949 00e5 00       		.string	""
 950 00e6 00       		.string	""
 951 00e7 00       		.string	""
 952 00e8 FC848488 		.string	"\374\204\204\210\260\300\300\260\210\204\204"
 952      B0C0C0B0 
 952      88848400 
 953 00f4 00       		.string	""
 954 00f5 E4B990   		.ascii	"\344\271\220"
 955 00f8 00       		.string	""
 956 00f9 00       		.string	""
 957 00fa 011F1111 		.string	"\001\037\021\021\021\021\037!!!\001\001"
 957      11111F21 
 957      21210101 
 957      00
 958 0107 00       		.string	""
 959 0108 00       		.string	""
 960 0109 00       		.string	""
 961 010a 08102040 		.string	"\b\020 @\004\004\370"
 961      0404F800 
 962 0112 40201800 		.string	"@ \030"
 963 0116 00       		.string	""
 964 0117 00       		.string	""
 965 0118 E5A5BD   		.ascii	"\345\245\275"
 966 011b 1010F01F 		.string	"\020\020\360\037\020\360"
 966      10F000
 967 0122 808282E2 		.string	"\200\202\202\342\222\212\206\200"
 967      928A8680 
 967      00
 968 012b 40221508 		.string	"@\"\025\b\026a"
 968      166100
 969 0132 00       		.string	""
 970 0133 40807F00 		.string	"@\200\177"
 971 0137 00       		.string	""
 972 0138 00       		.string	""
 973 0139 00       		.string	""
 974 013a 00       		.string	""
 975 013b E4B896   		.ascii	"\344\270\226"
 976 013e 202020FE 		.string	"   \376  \377   \377    "
 976      2020FF20 
 976      2020FF20 
 976      20202000 
 977 014e 00       		.string	""
 978 014f 00       		.string	""
 979 0150 00       		.string	""
 980 0151 7F404047 		.string	"\177@@GDDDG@@@"
 980      44444447 
 980      40404000 
 981 015d 00       		.string	""
 982 015e E7958C   		.ascii	"\347\225\214"
 983 0161 00       		.string	""
 984 0162 00       		.string	""
 985 0163 00       		.string	""
 986 0164 FE929292 		.string	"\376\222\222\222\376\222\222\222\376"
 986      FE929292 
 986      FE00
 987 016e 00       		.string	""
 988 016f 00       		.string	""
 989 0170 00       		.string	""
 990 0171 08080484 		.string	"\b\b\004\204b\036\001"
 990      621E0100 
 991 0179 01FE0204 		.string	"\001\376\002\004\004\b\b"
 991      04080800 
 992 0181 00       		.string	""
 993 0182 0000     		.zero	2
 994 0184 FF010101 		.ascii	"\377\001\001\0011\t\t\t\t\211q\001\001\001\001\377\377\200\200"
 994      31090909 
 994      09897101 
 994      010101FF 
 994      FF8080
 995 0197 80808080 		.ascii	"\200\200\200\200\226\201\200\200\200\200\200\200\377"
 995      96818080 
 995      80808080 
 995      FF
 996              		.globl	Diode
 997              		.section	.rodata.Diode,"a"
 998              		.align	2
 1001              	Diode:
 1002 0000 FF018181 		.ascii	"\377\001\201\201\201\375\211\221\241\301\375\201\201\201\001"
 1002      81FD8991 
 1002      A1C1FD81 
 1002      818101
 1003 000f FFFF8080 		.ascii	"\377\377\200\200\200\200\237\210\204\202\201\237\200\200\200"
 1003      80809F88 
 1003      8482819F 
 1003      808080
 1004 001e 80FF     		.ascii	"\200\377"
 1005              		.text
 1006              	.Letext0:
 1007              		.file 1 "e:\\gd32\\gd32embeddedbuilder_v1.5.2.30854\\tools\\nuclei_riscv_newlibc_prebuilt_win32_20
 1008              		.file 2 "e:\\gd32\\gd32embeddedbuilder_v1.5.2.30854\\tools\\nuclei_riscv_newlibc_prebuilt_win32_20
 1009              		.file 3 "../hardware/OLED_Data.h"
 1010              		.file 4 "../hardware/OLED_Data.c"
DEFINED SYMBOLS
                            *ABS*:0000000000000000 OLED_Data.c
C:\Users\CYMR90~1\AppData\Local\Temp\ccfF671k.s:14     .rodata.OLED_F8x16:0000000000000000 OLED_F8x16
C:\Users\CYMR90~1\AppData\Local\Temp\ccfF671k.s:603    .rodata.OLED_F6x8:0000000000000000 OLED_F6x8
C:\Users\CYMR90~1\AppData\Local\Temp\ccfF671k.s:834    .rodata.OLED_CF16x16:0000000000000000 OLED_CF16x16
C:\Users\CYMR90~1\AppData\Local\Temp\ccfF671k.s:1001   .rodata.Diode:0000000000000000 Diode
C:\Users\CYMR90~1\AppData\Local\Temp\ccfF671k.s:1262   .debug_abbrev:0000000000000000 .Ldebug_abbrev0
C:\Users\CYMR90~1\AppData\Local\Temp\ccfF671k.s:1452   .debug_str:0000000000000039 .LASF19
C:\Users\CYMR90~1\AppData\Local\Temp\ccfF671k.s:1446   .debug_str:000000000000000d .LASF20
C:\Users\CYMR90~1\AppData\Local\Temp\ccfF671k.s:1476   .debug_str:0000000000000191 .LASF21
C:\Users\CYMR90~1\AppData\Local\Temp\ccfF671k.s:1442   .debug_line:0000000000000000 .Ldebug_line0
C:\Users\CYMR90~1\AppData\Local\Temp\ccfF671k.s:1482   .debug_str:00000000000001dc .LASF0
C:\Users\CYMR90~1\AppData\Local\Temp\ccfF671k.s:1448   .debug_str:0000000000000025 .LASF9
C:\Users\CYMR90~1\AppData\Local\Temp\ccfF671k.s:1454   .debug_str:0000000000000105 .LASF1
C:\Users\CYMR90~1\AppData\Local\Temp\ccfF671k.s:1474   .debug_str:0000000000000187 .LASF2
C:\Users\CYMR90~1\AppData\Local\Temp\ccfF671k.s:1458   .debug_str:0000000000000125 .LASF3
C:\Users\CYMR90~1\AppData\Local\Temp\ccfF671k.s:1478   .debug_str:00000000000001cd .LASF4
C:\Users\CYMR90~1\AppData\Local\Temp\ccfF671k.s:1456   .debug_str:0000000000000113 .LASF5
C:\Users\CYMR90~1\AppData\Local\Temp\ccfF671k.s:1468   .debug_str:0000000000000169 .LASF6
C:\Users\CYMR90~1\AppData\Local\Temp\ccfF671k.s:1464   .debug_str:000000000000014a .LASF7
C:\Users\CYMR90~1\AppData\Local\Temp\ccfF671k.s:1462   .debug_str:000000000000013d .LASF8
C:\Users\CYMR90~1\AppData\Local\Temp\ccfF671k.s:1466   .debug_str:0000000000000161 .LASF10
C:\Users\CYMR90~1\AppData\Local\Temp\ccfF671k.s:1486   .debug_str:00000000000001f6 .LASF11
C:\Users\CYMR90~1\AppData\Local\Temp\ccfF671k.s:1460   .debug_str:0000000000000138 .LASF12
C:\Users\CYMR90~1\AppData\Local\Temp\ccfF671k.s:1470   .debug_str:0000000000000177 .LASF13
C:\Users\CYMR90~1\AppData\Local\Temp\ccfF671k.s:1484   .debug_str:00000000000001e8 .LASF14
C:\Users\CYMR90~1\AppData\Local\Temp\ccfF671k.s:1472   .debug_str:000000000000017c .LASF15
C:\Users\CYMR90~1\AppData\Local\Temp\ccfF671k.s:1450   .debug_str:000000000000002f .LASF16
C:\Users\CYMR90~1\AppData\Local\Temp\ccfF671k.s:1444   .debug_str:0000000000000000 .LASF17
C:\Users\CYMR90~1\AppData\Local\Temp\ccfF671k.s:1480   .debug_str:00000000000001d6 .LASF18
C:\Users\CYMR90~1\AppData\Local\Temp\ccfF671k.s:1012   .debug_info:0000000000000000 .Ldebug_info0

NO UNDEFINED SYMBOLS
